Full command: ./Simple_RooUnfold_SelfContained.py --background_source None --root "Unfolded_Parallel_SIDIS_epip_from_Only_3D_wFitIntegration_V4_WITHOUT_rho0_Subtraction.root" --single_file_input /w/hallb-scshelf2102/clas12/richcap/SIDIS_Analysis/Histo_Files_ROOT/DataFrames/hadd_ROOT_files_From_using_RDataFrames/Copy_for_no_rhoSub_SIDIS_epip_Response_Matrices_from_RDataFrames_Only_3D_wFitIntegration_V4_Response_Matrices_Final_Analysis_Iterations_I0_All.root --unfolding_3D --Apply_RC --fit --smear --save_json -em 'Ran in parallel using the histograms in the ROOT files from the newest Final_Analysis_Iterations files. Ran WITHOUT any rho0 subtraction (for comparison to the results with the subtraction). Saving the fits to the new JSON file formats. Ran in tmuxSIDIS_1.' -ti 'Without rho0 Subtraction' 17
TH1D::Sumw2:0: RuntimeWarning: Sum of squares of weights structure already created
Subtract 47078.4 fakes from measured distribution
Using response matrix priors
Priors:

Vector (915)  is as follows

     |        1  |
------------------
   0 |0 
   1 |0.620785 
   2 |0.00057456 
   3 |0.000565217 
   4 |0.000570369 
   5 |0.000566637 
   6 |0.000567599 
   7 |0.000575316 
   8 |0.000573255 
   9 |0.000576438 
  10 |0.000568698 
  11 |0.000568583 
  12 |0.000574079 
  13 |0.000574056 
  14 |0.000576025 
  15 |0.000568881 
  16 |0.000569499 
  17 |0.000565904 
  18 |0.000573323 
  19 |0.000568079 
  20 |0.000574216 
  21 |0.000573644 
  22 |0.00057014 
  23 |0.000569179 
  24 |0.000574858 
  25 |0.000571743 
  26 |0.000567095 
  27 |0.000557844 
  28 |0.000566499 
  29 |0.00056082 
  30 |0.000560683 
  31 |0.000561416 
  32 |0.000555622 
  33 |0.00056595 
  34 |0.000561439 
  35 |0.000563545 
  36 |0.000556561 
  37 |0.000561874 
  38 |0.000566545 
  39 |0.000561576 
  40 |0.000561782 
  41 |0.000560866 
  42 |0.000560088 
  43 |0.000559011 
  44 |0.000558347 
  45 |0.000560729 
  46 |0.000562767 
  47 |0.000565103 
  48 |0.000558668 
  49 |0.000557134 
  50 |0.000546165 
  51 |0.000545661 
  52 |0.000544722 
  53 |0.000543806 
  54 |0.000539341 
  55 |0.000537143 
  56 |0.000541814 
  57 |0.000543967 
  58 |0.000543692 
  59 |0.000542112 
  60 |0.000548478 
  61 |0.000547951 
  62 |0.000545501 
  63 |0.000545501 
  64 |0.00054644 
  65 |0.000543371 
  66 |0.000548592 
  67 |0.000542661 
  68 |0.000537624 
  69 |0.000547012 
  70 |0.000538265 
  71 |0.000542684 
  72 |0.000543921 
  73 |0.000545157 
  74 |0.000368194 
  75 |0.000371674 
  76 |0.000376208 
  77 |0.00037804 
  78 |0.000375521 
  79 |0.000371148 
  80 |0.000369636 
  81 |0.000377857 
  82 |0.000380788 
  83 |0.00037156 
  84 |0.000376208 
  85 |0.000375956 
  86 |0.000373323 
  87 |0.000374033 
  88 |0.000376346 
  89 |0.000377491 
  90 |0.000377124 
  91 |0.000377216 
  92 |0.000379895 
  93 |0.000374926 
  94 |0.000371331 
  95 |0.000373163 
  96 |0.000375109 
  97 |0.000374674 
  98 |0.000278773 
  99 |0.000276895 
 100 |0.000277124 
 101 |0.000283124 
 102 |0.000277239 
 103 |0.000280674 
 104 |0.000274353 
 105 |0.000278956 
 106 |0.000273552 
 107 |0.000279712 
 108 |0.000280399 
 109 |0.000278475 
 110 |0.000276849 
 111 |0.000279643 
 112 |0.000278017 
 113 |0.00028088 
 114 |0.000279277 
 115 |0.000279941 
 116 |0.000283605 
 117 |0.000283101 
 118 |0.000279895 
 119 |0.000277216 
 120 |0.000284383 
 121 |0.000280422 
 122 |0.000131853 
 123 |0.000132334 
 124 |0.000129151 
 125 |0.000130547 
 126 |0.000132929 
 127 |0.000130502 
 128 |0.000131509 
 129 |0.000134807 
 130 |0.000137486 
 131 |0.000134623 
 132 |0.00013412 
 133 |0.000131212 
 134 |0.000131578 
 135 |0.000134761 
 136 |0.000136272 
 137 |0.000130845 
 138 |0.000130685 
 139 |0.000131509 
 140 |0.000132654 
 141 |0.000129265 
 142 |0.000132334 
 143 |0.000132356 
 144 |0.000131853 
 145 |0.000131784 
 146 |0.00077685 
 147 |0.000774285 
 148 |0.000762515 
 149 |0.000770965 
 150 |0.000775339 
 151 |0.000779552 
 152 |0.000771034 
 153 |0.000767874 
 154 |0.000774308 
 155 |0.000771973 
 156 |0.000769293 
 157 |0.000766545 
 158 |0.000776209 
 159 |0.000775247 
 160 |0.000775407 
 161 |0.000778384 
 162 |0.000770484 
 163 |0.000774995 
 164 |0.000771744 
 165 |0.000767049 
 166 |0.000771515 
 167 |0.00077898 
 168 |0.000771812 
 169 |0.000777239 
 170 |0.00080442 
 171 |0.000811702 
 172 |0.00080671 
 173 |0.000817839 
 174 |0.000813191 
 175 |0.000809687 
 176 |0.000805749 
 177 |0.000808382 
 178 |0.000806413 
 179 |0.000808038 
 180 |0.000807489 
 181 |0.000811954 
 182 |0.000810077 
 183 |0.000814519 
 184 |0.000819305 
 185 |0.00081145 
 186 |0.000807168 
 187 |0.000813603 
 188 |0.000818847 
 189 |0.000801466 
 190 |0.000810054 
 191 |0.000815504 
 192 |0.000813924 
 193 |0.000821526 
 194 |0.000861485 
 195 |0.000853287 
 196 |0.00085505 
 197 |0.00085473 
 198 |0.000848913 
 199 |0.000850448 
 200 |0.000853974 
 201 |0.000849005 
 202 |0.000859355 
 203 |0.000851959 
 204 |0.000849394 
 205 |0.000862447 
 206 |0.000859287 
 207 |0.00085331 
 208 |0.000849325 
 209 |0.000858187 
 210 |0.000855256 
 211 |0.000855462 
 212 |0.000852508 
 213 |0.000856836 
 214 |0.00084857 
 215 |0.000855188 
 216 |0.000853195 
 217 |0.000855554 
 218 |0.000656722 
 219 |0.000655806 
 220 |0.000654592 
 221 |0.000652485 
 222 |0.00065047 
 223 |0.000652417 
 224 |0.00065189 
 225 |0.000653768 
 226 |0.000651867 
 227 |0.000652073 
 228 |0.000656653 
 229 |0.000656951 
 230 |0.000659973 
 231 |0.000651615 
 232 |0.000648043 
 233 |0.000654913 
 234 |0.000657752 
 235 |0.000658096 
 236 |0.000658828 
 237 |0.000654775 
 238 |0.000643875 
 239 |0.000658325 
 240 |0.000648799 
 241 |0.000652691 
 242 |0.000564805 
 243 |0.00056121 
 244 |0.000565629 
 245 |0.000564988 
 246 |0.000569018 
 247 |0.000562652 
 248 |0.00056153 
 249 |0.000565698 
 250 |0.000564324 
 251 |0.000558164 
 252 |0.000564026 
 253 |0.000571331 
 254 |0.000562698 
 255 |0.000559103 
 256 |0.000561347 
 257 |0.000557729 
 258 |0.000562126 
 259 |0.000558645 
 260 |0.000559126 
 261 |0.000569087 
 262 |0.000564393 
 263 |0.000566637 
 264 |0.000557912 
 265 |0.0005654 
 266 |0.000343669 
 267 |0.000348959 
 268 |0.000344974 
 269 |0.000343371 
 270 |0.000340806 
 271 |0.000347127 
 272 |0.000343554 
 273 |0.000347653 
 274 |0.000342364 
 275 |0.0003406 
 276 |0.000352096 
 277 |0.000345043 
 278 |0.000342135 
 279 |0.000345524 
 280 |0.000346165 
 281 |0.000348615 
 282 |0.000336112 
 283 |0.000348707 
 284 |0.000342615 
 285 |0.000355576 
 286 |0.000343371 
 287 |0.000340394 
 288 |0.000348272 
 289 |0.000342547 
 290 |0.000630823 
 291 |0.000622488 
 292 |0.000630892 
 293 |0.000630571 
 294 |0.000628121 
 295 |0.000629266 
 296 |0.000627434 
 297 |0.000626426 
 298 |0.000635586 
 299 |0.000628418 
 300 |0.000630044 
 301 |0.000630456 
 302 |0.000633044 
 303 |0.000630273 
 304 |0.000628785 
 305 |0.000627846 
 306 |0.000633159 
 307 |0.00063183 
 308 |0.000630731 
 309 |0.000629724 
 310 |0.000630319 
 311 |0.000630846 
 312 |0.00063254 
 313 |0.000629243 
 314 |0.000662469 
 315 |0.000659561 
 316 |0.000671537 
 317 |0.00066366 
 318 |0.000669453 
 319 |0.000662057 
 320 |0.000668789 
 321 |0.000670621 
 322 |0.000667553 
 323 |0.000672133 
 324 |0.000664507 
 325 |0.000666706 
 326 |0.000671263 
 327 |0.000675774 
 328 |0.00067385 
 329 |0.000667164 
 330 |0.000669866 
 331 |0.000666568 
 332 |0.000669316 
 333 |0.000673323 
 334 |0.000670576 
 335 |0.000670163 
 336 |0.000665355 
 337 |0.000662767 
 338 |0.000714061 
 339 |0.000709756 
 340 |0.000711931 
 341 |0.000701306 
 342 |0.000708702 
 343 |0.000710237 
 344 |0.000711611 
 345 |0.000710901 
 346 |0.000709985 
 347 |0.000716259 
 348 |0.000713397 
 349 |0.000710832 
 350 |0.000706435 
 351 |0.000712893 
 352 |0.000709344 
 353 |0.000716946 
 354 |0.000718068 
 355 |0.000717977 
 356 |0.000710443 
 357 |0.000714175 
 358 |0.000714816 
 359 |0.000714839 
 360 |0.000712 
 361 |0.000709481 
 362 |0.000537807 
 363 |0.000548157 
 364 |0.000542135 
 365 |0.000552188 
 366 |0.000540669 
 367 |0.000539593 
 368 |0.000540166 
 369 |0.00054431 
 370 |0.000547837 
 371 |0.000547676 
 372 |0.000536822 
 373 |0.00054241 
 374 |0.000542204 
 375 |0.000544356 
 376 |0.00054676 
 377 |0.000543898 
 378 |0.000544997 
 379 |0.000541631 
 380 |0.000546692 
 381 |0.000549623 
 382 |0.000549394 
 383 |0.000540807 
 384 |0.000543417 
 385 |0.00054344 
 386 |0.000472041 
 387 |0.000472087 
 388 |0.000466087 
 389 |0.000469385 
 390 |0.000470255 
 391 |0.000466431 
 392 |0.000466385 
 393 |0.000467736 
 394 |0.00046556 
 395 |0.000460889 
 396 |0.000469797 
 397 |0.000465011 
 398 |0.000464507 
 399 |0.000462011 
 400 |0.000468698 
 401 |0.000464118 
 402 |0.000471216 
 403 |0.000467003 
 404 |0.000472682 
 405 |0.000469957 
 406 |0.000472407 
 407 |0.000462927 
 408 |0.000467988 
 409 |0.000461026 
 410 |0.000292398 
 411 |0.000294848 
 412 |0.000294161 
 413 |0.000293772 
 414 |0.000297046 
 415 |0.000299107 
 416 |0.000295879 
 417 |0.000294184 
 418 |0.000296085 
 419 |0.000293772 
 420 |0.000294505 
 421 |0.000296634 
 422 |0.000296085 
 423 |0.000295787 
 424 |0.000293841 
 425 |0.000292856 
 426 |0.000294963 
 427 |0.000297665 
 428 |0.000296222 
 429 |0.000299611 
 430 |0.000292031 
 431 |0.000297939 
 432 |0.000294344 
 433 |0.000293932 
 434 |0.000678819 
 435 |0.000680697 
 436 |0.000684933 
 437 |0.000680582 
 438 |0.000686399 
 439 |0.000686307 
 440 |0.000685071 
 441 |0.000687086 
 442 |0.000680308 
 443 |0.000689467 
 444 |0.000681384 
 445 |0.000684475 
 446 |0.000683811 
 447 |0.000686719 
 448 |0.00068159 
 449 |0.000683353 
 450 |0.000682369 
 451 |0.000684636 
 452 |0.000682391 
 453 |0.000684933 
 454 |0.0006842 
 455 |0.000687498 
 456 |0.00068143 
 457 |0.000680056 
 458 |0.000721915 
 459 |0.000725923 
 460 |0.000724274 
 461 |0.00072235 
 462 |0.000728922 
 463 |0.000730273 
 464 |0.000728235 
 465 |0.000720953 
 466 |0.000725785 
 467 |0.000725923 
 468 |0.000725327 
 469 |0.00072551 
 470 |0.000725785 
 471 |0.000726587 
 472 |0.00072677 
 473 |0.000722923 
 474 |0.000724892 
 475 |0.000726449 
 476 |0.000724915 
 477 |0.000721297 
 478 |0.000719144 
 479 |0.000727159 
 480 |0.0007278 
 481 |0.000725052 
 482 |0.000755852 
 483 |0.000751157 
 484 |0.000757546 
 485 |0.00075086 
 486 |0.000756103 
 487 |0.000756081 
 488 |0.000750402 
 489 |0.000758233 
 490 |0.000763111 
 491 |0.000747631 
 492 |0.000762447 
 493 |0.000759928 
 494 |0.000760248 
 495 |0.000757752 
 496 |0.000751318 
 497 |0.000766339 
 498 |0.000759309 
 499 |0.000756699 
 500 |0.000757226 
 501 |0.000755577 
 502 |0.000756584 
 503 |0.000758348 
 504 |0.000756126 
 505 |0.000759813 
 506 |0.000564461 
 507 |0.000574239 
 508 |0.000565057 
 509 |0.000570621 
 510 |0.000558874 
 511 |0.000565332 
 512 |0.000567347 
 513 |0.000566499 
 514 |0.000561805 
 515 |0.00056469 
 516 |0.000563912 
 517 |0.000561759 
 518 |0.000562973 
 519 |0.000571858 
 520 |0.000566568 
 521 |0.0005684 
 522 |0.000563362 
 523 |0.000574468 
 524 |0.000566843 
 525 |0.000565698 
 526 |0.000565927 
 527 |0.000566568 
 528 |0.000563866 
 529 |0.000572201 
 530 |0.000475018 
 531 |0.00046611 
 532 |0.000470736 
 533 |0.000470621 
 534 |0.000469682 
 535 |0.000470003 
 536 |0.000472797 
 537 |0.000473163 
 538 |0.000468492 
 539 |0.000473392 
 540 |0.000474537 
 541 |0.000473163 
 542 |0.000473964 
 543 |0.000477056 
 544 |0.000473758 
 545 |0.000468766 
 546 |0.000466637 
 547 |0.000473506 
 548 |0.000474491 
 549 |0.000468766 
 550 |0.000469064 
 551 |0.00047575 
 552 |0.000474857 
 553 |0.000472728 
 554 |0 
 555 |0.00071674 
 556 |0.000716397 
 557 |0.000714885 
 558 |0.000713786 
 559 |0.000720541 
 560 |0.000714061 
 561 |0.000717061 
 562 |0.000717541 
 563 |0.000718618 
 564 |0.00071516 
 565 |0.000718068 
 566 |0.000712298 
 567 |0.000711656 
 568 |0.000717335 
 569 |0.000718801 
 570 |0.00071571 
 571 |0.000717862 
 572 |0.000704375 
 573 |0.000718847 
 574 |0.000711313 
 575 |0.00071516 
 576 |0.000709023 
 577 |0.000713282 
 578 |0.000706916 
 579 |0.000763843 
 580 |0.000766087 
 581 |0.000761943 
 582 |0.000763935 
 583 |0.000763179 
 584 |0.000762263 
 585 |0.000759882 
 586 |0.000768606 
 587 |0.00076579 
 588 |0.000766019 
 589 |0.000772637 
 590 |0.000769019 
 591 |0.000770186 
 592 |0.000768057 
 593 |0.000772041 
 594 |0.000763523 
 595 |0.000771515 
 596 |0.000772888 
 597 |0.000764485 
 598 |0.000763271 
 599 |0.000759401 
 600 |0.000766202 
 601 |0.000764576 
 602 |0.000766797 
 603 |0.000779575 
 604 |0.00078633 
 605 |0.000775362 
 606 |0.000771308 
 607 |0.000773232 
 608 |0.000772179 
 609 |0.000771721 
 610 |0.00077243 
 611 |0.000778613 
 612 |0.000779918 
 613 |0.000788826 
 614 |0.000775774 
 615 |0.000775934 
 616 |0.000776049 
 617 |0.000775522 
 618 |0.000775499 
 619 |0.000776552 
 620 |0.000785208 
 621 |0.000773003 
 622 |0.000780445 
 623 |0.000776071 
 624 |0.000784315 
 625 |0.000779941 
 626 |0.000781476 
 627 |0.000559378 
 628 |0.000553287 
 629 |0.00055434 
 630 |0.000557546 
 631 |0.000556836 
 632 |0.000550928 
 633 |0.00055876 
 634 |0.00056611 
 635 |0.000566179 
 636 |0.00055734 
 637 |0.000557546 
 638 |0.000552325 
 639 |0.00056034 
 640 |0.000556378 
 641 |0.00055805 
 642 |0.000553859 
 643 |0.000557179 
 644 |0.000560065 
 645 |0.000557889 
 646 |0.000559584 
 647 |0.000557935 
 648 |0.000562538 
 649 |0.000555141 
 650 |0.00055608 
 651 |0 
 652 |0 
 653 |0 
 654 |0 
 655 |0 
 656 |0 
 657 |0 
 658 |0 
 659 |0 
 660 |0 
 661 |0 
 662 |0 
 663 |0 
 664 |0 
 665 |0 
 666 |0 
 667 |0 
 668 |0 
 669 |0 
 670 |0 
 671 |0 
 672 |0 
 673 |0 
 674 |0 
 675 |0 
 676 |0 
 677 |0 
 678 |0 
 679 |0 
 680 |0 
 681 |0 
 682 |0 
 683 |0 
 684 |0 
 685 |0 
 686 |0 
 687 |0 
 688 |0 
 689 |0 
 690 |0 
 691 |0 
 692 |0 
 693 |0 
 694 |0 
 695 |0 
 696 |0 
 697 |0 
 698 |0 
 699 |0 
 700 |0 
 701 |0 
 702 |0 
 703 |0 
 704 |0 
 705 |0 
 706 |0 
 707 |0 
 708 |0 
 709 |0 
 710 |0 
 711 |0 
 712 |0 
 713 |0 
 714 |0 
 715 |0 
 716 |0 
 717 |0 
 718 |0 
 719 |0 
 720 |0 
 721 |0 
 722 |0 
 723 |0 
 724 |0 
 725 |0 
 726 |0 
 727 |0 
 728 |0 
 729 |0 
 730 |0 
 731 |0 
 732 |0 
 733 |0 
 734 |0 
 735 |0 
 736 |0 
 737 |0 
 738 |0 
 739 |0 
 740 |0 
 741 |0 
 742 |0 
 743 |0 
 744 |0 
 745 |0 
 746 |0 
 747 |0 
 748 |0 
 749 |0 
 750 |0 
 751 |0 
 752 |0 
 753 |0 
 754 |0 
 755 |0 
 756 |0 
 757 |0 
 758 |0 
 759 |0 
 760 |0 
 761 |0 
 762 |0 
 763 |0 
 764 |0 
 765 |0 
 766 |0 
 767 |0 
 768 |0 
 769 |0 
 770 |0 
 771 |0 
 772 |0 
 773 |0 
 774 |0 
 775 |0 
 776 |0 
 777 |0 
 778 |0 
 779 |0 
 780 |0 
 781 |0 
 782 |0 
 783 |0 
 784 |0 
 785 |0 
 786 |0 
 787 |0 
 788 |0 
 789 |0 
 790 |0 
 791 |0 
 792 |0 
 793 |0 
 794 |0 
 795 |0 
 796 |0 
 797 |0 
 798 |0 
 799 |0 
 800 |0 
 801 |0 
 802 |0 
 803 |0 
 804 |0 
 805 |0 
 806 |0 
 807 |0 
 808 |0 
 809 |0 
 810 |0 
 811 |0 
 812 |0 
 813 |0 
 814 |0 
 815 |0 
 816 |0 
 817 |0 
 818 |0 
 819 |0 
 820 |0 
 821 |0 
 822 |0 
 823 |0 
 824 |0 
 825 |0 
 826 |0 
 827 |0 
 828 |0 
 829 |0 
 830 |0 
 831 |0 
 832 |0 
 833 |0 
 834 |0 
 835 |0 
 836 |0 
 837 |0 
 838 |0 
 839 |0 
 840 |0 
 841 |0 
 842 |0 
 843 |0 
 844 |0 
 845 |0 
 846 |0 
 847 |0 
 848 |0 
 849 |0 
 850 |0 
 851 |0 
 852 |0 
 853 |0 
 854 |0 
 855 |0 
 856 |0 
 857 |0 
 858 |0 
 859 |0 
 860 |0 
 861 |0 
 862 |0 
 863 |0 
 864 |0 
 865 |0 
 866 |0 
 867 |0 
 868 |0 
 869 |0 
 870 |0 
 871 |0 
 872 |0 
 873 |0 
 874 |0 
 875 |0 
 876 |0 
 877 |0 
 878 |0 
 879 |0 
 880 |0 
 881 |0 
 882 |0 
 883 |0 
 884 |0 
 885 |0 
 886 |0 
 887 |0 
 888 |0 
 889 |0 
 890 |0 
 891 |0 
 892 |0 
 893 |0 
 894 |0 
 895 |0 
 896 |0 
 897 |0 
 898 |0 
 899 |0 
 900 |0 
 901 |0 
 902 |0 
 903 |0 
 904 |0 
 905 |0 
 906 |0 
 907 |0 
 908 |0 
 909 |0 
 910 |0 
 911 |0 
 912 |0 
 913 |0 
 914 |0 

Now unfolding...
Iteration : 0
Chi^2 of change 64115.3
Iteration : 1
Chi^2 of change 2144.05
Iteration : 2
Chi^2 of change 818.175
Iteration : 3
Chi^2 of change 441.647
Iteration : 4
Chi^2 of change 264.99
Iteration : 5
Chi^2 of change 176.664
Iteration : 6
Chi^2 of change 130.053
Iteration : 7
Chi^2 of change 103.586
Iteration : 8
Chi^2 of change 87.1321
Iteration : 9
Chi^2 of change 75.8728
Iteration : 10
Chi^2 of change 67.4715
Iteration : 11
Chi^2 of change 60.765
Iteration : 12
Chi^2 of change 55.1533
Using response matrix priors
Calculating covariances due to number of measured events
Using response matrix priors
Using response matrix priors
Using response matrix priors
Using response matrix priors
Using response matrix priors
Using response matrix priors
Using response matrix priors
Using response matrix priors
Using response matrix priors
Using response matrix priors
Using response matrix priors
Using response matrix priors
Using response matrix priors
Using response matrix priors
Using response matrix priors
Using response matrix priors
Using response matrix priors
Using response matrix priors
Using response matrix priors
Using response matrix priors
Using response matrix priors
Using response matrix priors
Using response matrix priors
Using response matrix priors
Using response matrix priors
Using response matrix priors
Using response matrix priors
Using response matrix priors
Using response matrix priors
Using response matrix priors
Using response matrix priors
Using response matrix priors
Using response matrix priors
Using response matrix priors
Using response matrix priors
Using response matrix priors
Using response matrix priors
Using response matrix priors
Using response matrix priors
Using response matrix priors
Using response matrix priors
Using response matrix priors
Using response matrix priors
Using response matrix priors
Using response matrix priors
Using response matrix priors
Using response matrix priors
Using response matrix priors
Using response matrix priors
Using response matrix priors
Using response matrix priors
Using response matrix priors
Using response matrix priors
Using response matrix priors
Using response matrix priors
Using response matrix priors
Using response matrix priors
Using response matrix priors
Using response matrix priors
Using response matrix priors
Using response matrix priors
Using response matrix priors
Using response matrix priors
Using response matrix priors
Using response matrix priors
Using response matrix priors
Using response matrix priors
Using response matrix priors
Using response matrix priors
Using response matrix priors
Using response matrix priors
Using response matrix priors
Using response matrix priors
Using response matrix priors
Using response matrix priors
Using response matrix priors
Using response matrix priors
Using response matrix priors
Using response matrix priors
Using response matrix priors
Using response matrix priors
Using response matrix priors
Using response matrix priors
Using response matrix priors
Using response matrix priors
Using response matrix priors
Using response matrix priors
Using response matrix priors
Using response matrix priors
Using response matrix priors
Using response matrix priors
Using response matrix priors
Using response matrix priors
Using response matrix priors
Using response matrix priors
Using response matrix priors
Using response matrix priors
Using response matrix priors
Using response matrix priors
Using response matrix priors
Using response matrix priors
Using response matrix priors
Using response matrix priors
Using response matrix priors
Using response matrix priors
Using response matrix priors
Using response matrix priors
Using response matrix priors
Using response matrix priors
Using response matrix priors
Using response matrix priors
Using response matrix priors
Using response matrix priors
Using response matrix priors
Using response matrix priors
Using response matrix priors
Using response matrix priors
Using response matrix priors
Using response matrix priors
Using response matrix priors
Using response matrix priors
Using response matrix priors
Using response matrix priors
Using response matrix priors
Using response matrix priors
Using response matrix priors
Using response matrix priors
Using response matrix priors
Using response matrix priors
Using response matrix priors
Using response matrix priors
Using response matrix priors
Using response matrix priors
Using response matrix priors
Using response matrix priors
Using response matrix priors
Using response matrix priors
Using response matrix priors
Using response matrix priors
Using response matrix priors
Using response matrix priors
Using response matrix priors
Using response matrix priors
Using response matrix priors
Using response matrix priors
Using response matrix priors
Using response matrix priors
Using response matrix priors
Using response matrix priors
Using response matrix priors
Using response matrix priors
Using response matrix priors
Using response matrix priors
Using response matrix priors
Using response matrix priors
Using response matrix priors
Using response matrix priors
Using response matrix priors
Using response matrix priors
Using response matrix priors
Using response matrix priors
Using response matrix priors
Using response matrix priors
Using response matrix priors
Using response matrix priors
Using response matrix priors
Using response matrix priors
Using response matrix priors
Using response matrix priors
Using response matrix priors
Using response matrix priors
Using response matrix priors
Using response matrix priors
Using response matrix priors
Using response matrix priors
Using response matrix priors
Using response matrix priors
Using response matrix priors
Using response matrix priors
Using response matrix priors
Using response matrix priors
Using response matrix priors
Using response matrix priors
Using response matrix priors
Using response matrix priors
Using response matrix priors
Using response matrix priors
Using response matrix priors
Using response matrix priors
Using response matrix priors
Using response matrix priors
Using response matrix priors
Using response matrix priors
Using response matrix priors
Using response matrix priors
Using response matrix priors
Using response matrix priors
Using response matrix priors
Using response matrix priors
Using response matrix priors
Using response matrix priors
Using response matrix priors
Using response matrix priors
Using response matrix priors
Using response matrix priors
Using response matrix priors
Using response matrix priors
Using response matrix priors
Using response matrix priors
Using response matrix priors
Using response matrix priors
Using response matrix priors
Using response matrix priors
Using response matrix priors
Using response matrix priors
Using response matrix priors
Using response matrix priors
Using response matrix priors
Using response matrix priors
Using response matrix priors
Using response matrix priors
Using response matrix priors
Using response matrix priors
Using response matrix priors
Using response matrix priors
Using response matrix priors
Using response matrix priors
Using response matrix priors
Using response matrix priors
Using response matrix priors
Using response matrix priors
Using response matrix priors
Using response matrix priors
Using response matrix priors
Using response matrix priors
Using response matrix priors
Using response matrix priors
Using response matrix priors
Using response matrix priors
Using response matrix priors
Using response matrix priors
Using response matrix priors
Using response matrix priors
Using response matrix priors
Using response matrix priors
Using response matrix priors
Using response matrix priors
Using response matrix priors
Using response matrix priors
Using response matrix priors
Using response matrix priors
Using response matrix priors
Using response matrix priors
Using response matrix priors
Using response matrix priors
Using response matrix priors
Using response matrix priors
Using response matrix priors
Using response matrix priors
Using response matrix priors
Using response matrix priors
Using response matrix priors
Using response matrix priors
Using response matrix priors
Using response matrix priors
Using response matrix priors
Using response matrix priors
Using response matrix priors
Using response matrix priors
Using response matrix priors
Using response matrix priors
Using response matrix priors
Using response matrix priors
Using response matrix priors
Using response matrix priors
Using response matrix priors
Using response matrix priors
Using response matrix priors
Using response matrix priors
Using response matrix priors
Using response matrix priors
Using response matrix priors
Using response matrix priors
Using response matrix priors
Using response matrix priors
Using response matrix priors
Using response matrix priors
Using response matrix priors
Using response matrix priors
Using response matrix priors
Using response matrix priors
Using response matrix priors
Using response matrix priors
Using response matrix priors
Using response matrix priors
Using response matrix priors
Using response matrix priors
Using response matrix priors
Using response matrix priors
Using response matrix priors
Using response matrix priors
Using response matrix priors
Using response matrix priors
Using response matrix priors
Using response matrix priors
Using response matrix priors
Using response matrix priors
Using response matrix priors
Using response matrix priors
Using response matrix priors
Using response matrix priors
Using response matrix priors
Using response matrix priors
Using response matrix priors
Using response matrix priors
Using response matrix priors
Using response matrix priors
Using response matrix priors
Using response matrix priors
Using response matrix priors
Using response matrix priors
Using response matrix priors
Using response matrix priors
Using response matrix priors
Using response matrix priors
Using response matrix priors
Using response matrix priors
Using response matrix priors
Using response matrix priors
Using response matrix priors
Using response matrix priors
Using response matrix priors
Using response matrix priors
Using response matrix priors
Using response matrix priors
Using response matrix priors
Using response matrix priors
Using response matrix priors
Using response matrix priors
Using response matrix priors
Using response matrix priors
Using response matrix priors
Using response matrix priors
Using response matrix priors
Using response matrix priors
Using response matrix priors
Using response matrix priors
Using response matrix priors
Using response matrix priors
Using response matrix priors
Using response matrix priors
Using response matrix priors
Using response matrix priors
Using response matrix priors
Using response matrix priors
Using response matrix priors
Using response matrix priors
Using response matrix priors
Using response matrix priors
Using response matrix priors
Using response matrix priors
Using response matrix priors
Using response matrix priors
Using response matrix priors
Using response matrix priors
Using response matrix priors
Using response matrix priors
Using response matrix priors
Using response matrix priors
Using response matrix priors
Using response matrix priors
Using response matrix priors
Using response matrix priors
Using response matrix priors
Using response matrix priors
Using response matrix priors
Using response matrix priors
Using response matrix priors
Using response matrix priors
Using response matrix priors
Using response matrix priors
Using response matrix priors
Using response matrix priors
Using response matrix priors
Using response matrix priors
Using response matrix priors
Using response matrix priors
Using response matrix priors
Using response matrix priors
Using response matrix priors
Using response matrix priors
Using response matrix priors
Using response matrix priors
Using response matrix priors
Using response matrix priors
Using response matrix priors
Using response matrix priors
Using response matrix priors
Using response matrix priors
Using response matrix priors
Using response matrix priors
Using response matrix priors
Using response matrix priors
Using response matrix priors
Using response matrix priors
Using response matrix priors
Using response matrix priors
Using response matrix priors
Using response matrix priors
Using response matrix priors
Using response matrix priors
Using response matrix priors
Using response matrix priors
Using response matrix priors
Using response matrix priors
Using response matrix priors
Using response matrix priors
Using response matrix priors
Using response matrix priors
Using response matrix priors
Using response matrix priors
Using response matrix priors
Using response matrix priors
Using response matrix priors
Using response matrix priors
Using response matrix priors
Using response matrix priors
Using response matrix priors
Using response matrix priors
Using response matrix priors
Using response matrix priors
Using response matrix priors
Using response matrix priors
Using response matrix priors
Using response matrix priors
Using response matrix priors
Using response matrix priors
Using response matrix priors
Using response matrix priors
Using response matrix priors
Using response matrix priors
Using response matrix priors
Using response matrix priors
Using response matrix priors
Using response matrix priors
Using response matrix priors
Using response matrix priors
Using response matrix priors
Using response matrix priors
Using response matrix priors
Using response matrix priors
Using response matrix priors
Using response matrix priors
Using response matrix priors
Using response matrix priors
Using response matrix priors
Using response matrix priors
Using response matrix priors
Using response matrix priors
Using response matrix priors
Using response matrix priors
Using response matrix priors
Using response matrix priors
Using response matrix priors
Using response matrix priors
Using response matrix priors
Using response matrix priors
Using response matrix priors
Using response matrix priors
Using response matrix priors
Using response matrix priors
Using response matrix priors
Using response matrix priors
Using response matrix priors
Using response matrix priors
Using response matrix priors
Using response matrix priors
Using response matrix priors
Using response matrix priors
Using response matrix priors
Using response matrix priors
Using response matrix priors
Using response matrix priors
Using response matrix priors
Using response matrix priors
Using response matrix priors
Using response matrix priors
Using response matrix priors
Using response matrix priors
Using response matrix priors
Using response matrix priors
Using response matrix priors
Using response matrix priors
Using response matrix priors
Using response matrix priors
Using response matrix priors
Using response matrix priors
Using response matrix priors
Using response matrix priors
TH1D::Sumw2:0: RuntimeWarning: Sum of squares of weights structure already created
Info in <TCanvas::MakeDefCanvas>:  created default TCanvas with name c1
[1m[93mCleaned quotes from --root: '"Unfolded_Parallel_SIDIS_epip_from_Only_3D_wFitIntegration_V4_WITHOUT_rho0_Subtraction.root"' → 'Unfolded_Parallel_SIDIS_epip_from_Only_3D_wFitIntegration_V4_WITHOUT_rho0_Subtraction.root'[0m

Adding the following extra title to the histograms:
	Without rho0 Subtraction



[1m[92m[43m

    Will be Fitting Plots    
[0m



[1m[94mSmear option selected is: Smear[0m


[91mRunning Bin 'All' for Q2-y Bins by default (will skip at end)[0m


Running for Q2-xB/Q2-y Bins: '17', '0'
[1m
Starting RG-A SIDIS Analysis
[0m

Started running on [1m6-24-2026[0m at [1m09:58 p.m.[0m

The total number of histograms available for the [1mRDataFrame[0m in '[1m[94m/w/hallb-scshelf2102/clas12/richcap/SIDIS_Analysis/Histo_Files_ROOT/DataFrames/hadd_ROOT_files_From_using_RDataFrames/Copy_for_no_rhoSub_SIDIS_epip_Response_Matrices_from_RDataFrames_Only_3D_wFitIntegration_V4_Response_Matrices_Final_Analysis_Iterations_I0_All.root[0m' is [1m504[0m


[1mDone Loading RDataFrame files...
[0m
[1m[94m

Starting Unfolding Procedures...
[0m
Bin 1 is not in Q2_y_Bin_List = ['17', '0']
Bin 10 is not in Q2_y_Bin_List = ['17', '0']
Bin 11 is not in Q2_y_Bin_List = ['17', '0']
Bin 12 is not in Q2_y_Bin_List = ['17', '0']
Bin 13 is not in Q2_y_Bin_List = ['17', '0']
Bin 14 is not in Q2_y_Bin_List = ['17', '0']
Bin 15 is not in Q2_y_Bin_List = ['17', '0']
Bin 16 is not in Q2_y_Bin_List = ['17', '0']

Unfolding: ((Histo-Group='Response_Matrix_Normal'), (Data-Type='DataFrame_Type'), (Data-Cut='cut_Complete_SIDIS'), (Smear-Type='smear'), (Binning-Type='Y_bin'-[Q2-y-Bin=17, z-PT-Bin=All]), (Var-D1='MultiDim_z_pT_Bin_Y_bin_phi_t'-[NumBins=915, MinBin=-1.5, MaxBin=913.5]), (Var-D2='z_pT_Bin_Y_bin_smeared'-[NumBins=38, MinBin=-0.5, MaxBin=37.5]))
[1m[96mStarting [4m[95mBin-by-Bin[0m[1m[96m Unfolding Procedure...[0m
	[1mAcceptance Correction of Histogram:[0m
	((Histo-Group='Response_Matrix_Normal_1D'), (Data-Cut='cut_Complete_SIDIS'), (Smear-Type='smear'), (Binning-Type='Y_bin'-[Q2-y-Bin=17, z-PT-Bin=All]), (Var-D1='MultiDim_z_pT_Bin_Y_bin_phi_t'))
[91m
Bin 99 had a very low acceptance...
	(cut_criteria = 0.0005)
	(Bin_Content  = 8.21422704123542e-05)[0m
[91m
Bin 483 had a very low acceptance...
	(cut_criteria = 0.0005)
	(Bin_Content  = 9.088705768298594e-05)[0m
[91m
Bin 506 had a very low acceptance...
	(cut_criteria = 0.0005)
	(Bin_Content  = 9.041318827039571e-05)[0m
[91m
Bin 604 had a very low acceptance...
	(cut_criteria = 0.0005)
	(Bin_Content  = 0.00017624250969333803)[0m
[91m
Bin 627 had a very low acceptance...
	(cut_criteria = 0.0005)
	(Bin_Content  = 0.00029302311952413045)[0m
[1m[96mFinished [95mBin-by-Bin[0m[1m[96m Unfolding Procedure.[0m

Current Time: [1m09:58 p.m.[0m
Time Elapsed Up To Now:
0 Day(s), 0 Hour(s), 0 Minute(s), and 0 Second(s).

[1m[96mStarting [4m[92mRooUnfold[0m[1m[96m Unfolding Procedure...[0m
	[1mUnfolding Histogram:[0m
	((Histo-Group='Response_Matrix_Normal'), (Data-Cut='cut_Complete_SIDIS'), (Smear-Type='smear'), (Binning-Type='Y_bin'-[Q2-y-Bin=17, z-PT-Bin=All]), (Var-D1='MultiDim_z_pT_Bin_Y_bin_phi_t'))
	[96mUsing [1m[92mRooUnfold (Bin-by-Bin)[0m[96m Unfolding Procedure...[0m
[1m[96mFinished [92mRooUnfold (Bin-by-Bin)[0m[1m[96m Unfolding Procedure.
[0m
[1m[96mStarting [4m[92mRooUnfold[0m[1m[96m Unfolding Procedure...[0m

	[1mBegan Unfolding Histogram:[0m
	((Histo-Group='Response_Matrix_Normal'), (Data-Cut='cut_Complete_SIDIS'), (Smear-Type='smear'), (Binning-Type='Y_bin'-[Q2-y-Bin=17, z-PT-Bin=All]), (Var-D1='MultiDim_z_pT_Bin_Y_bin_phi_t'))
Time Elapsed Up To Now: 0 Day(s), 0 Hour(s), 0 Minute(s), and 3 Second(s). 
	[96mUsing [1m[92mRooUnfold (Bayesian)[0m[96m method to unfold...[0m

Current Time: [1m12:12 a.m.[0m
Time Elapsed Up To Now:
0 Day(s), 2 Hour(s), 13 Minute(s), and 34 Second(s).

[1m[96mFinished [92mRooUnfold (Bayesian)[0m[1m[96m Unfolding Procedure.
[0m

[94mRunning Multi3D_Slice(...)[0m


[94mRunning Multi3D_Slice(...)[0m


[94mRunning Multi3D_Slice(...)[0m


[94mRunning Multi3D_Slice(...)[0m


[94mRunning Multi3D_Slice(...)[0m


[94mRunning Multi3D_Slice(...)[0m


[94mRunning Multi3D_Slice(...)[0m

Bin 2 is not in Q2_y_Bin_List = ['17', '0']
Bin 3 is not in Q2_y_Bin_List = ['17', '0']
Bin 4 is not in Q2_y_Bin_List = ['17', '0']
Bin 5 is not in Q2_y_Bin_List = ['17', '0']
Bin 6 is not in Q2_y_Bin_List = ['17', '0']
Bin 7 is not in Q2_y_Bin_List = ['17', '0']
Bin 8 is not in Q2_y_Bin_List = ['17', '0']
Bin 9 is not in Q2_y_Bin_List = ['17', '0']

Unfolding: ((Histo-Group='Response_Matrix_Normal'), (Data-Type='DataFrame_Type'), (Data-Cut='cut_Complete_SIDIS'), (Smear-Type='smear'), (Binning-Type='Y_bin'-[Q2-y-Bin=All, z-PT-Bin=All]), (Var-D1='MultiDim_z_pT_Bin_Y_bin_phi_t'-[NumBins=915, MinBin=-1.5, MaxBin=913.5]), (Var-D2='z_pT_Bin_Y_bin_smeared'-[NumBins=38, MinBin=-0.5, MaxBin=37.5]))
Total: 2


Counting Total Number of/Saving collected histograms...
[1m[94mSaving to: [1m[92mUnfolded_Parallel_SIDIS_epip_from_Only_3D_wFitIntegration_V4_WITHOUT_rho0_Subtraction.root[0m

[1m[96mDone Saving![0m

Final Count = 624


Current Time: [1m12:12 a.m.[0m
Time Elapsed Up To Now:
0 Day(s), 2 Hour(s), 13 Minute(s), and 55 Second(s).

[94mNormal Unfolding Fits Already Included? -> [1m[92mTrue[0m
[94mRC Unfolding Fits Already Included?     -> [91m[1mFalse[0m
[1mNot running BC... Did not check for BC fits.[0m

[1m[94mMaking the fits...[0m


[1mLoaded `[92mFind_RC_Fit_Params[0m[1m` and `[92mApply_RC_Factor_Corrections[0m[1m` for applying RC Corrections...[0m

Fitting for: [1m(MultiDim_3D_Histo)_(Bayesian)_(SMEAR=Smear)_(Q2_y_Bin_17)_(z_pT_Bin_1)_(MultiDim_z_pT_Bin_Y_bin_phi_t)[0m (Histo Num   429)
Fitting for: [1m(MultiDim_3D_Histo)_(Bayesian)_(SMEAR=Smear)_(Q2_y_Bin_17)_(z_pT_Bin_2)_(MultiDim_z_pT_Bin_Y_bin_phi_t)[0m (Histo Num   430)
Fitting for: [1m(MultiDim_3D_Histo)_(Bayesian)_(SMEAR=Smear)_(Q2_y_Bin_17)_(z_pT_Bin_3)_(MultiDim_z_pT_Bin_Y_bin_phi_t)[0m (Histo Num   431)
Fitting for: [1m(MultiDim_3D_Histo)_(Bayesian)_(SMEAR=Smear)_(Q2_y_Bin_17)_(z_pT_Bin_4)_(MultiDim_z_pT_Bin_Y_bin_phi_t)[0m (Histo Num   432)
Fitting for: [1m(MultiDim_3D_Histo)_(Bayesian)_(SMEAR=Smear)_(Q2_y_Bin_17)_(z_pT_Bin_5)_(MultiDim_z_pT_Bin_Y_bin_phi_t)[0m (Histo Num   433)
Fitting for: [1m(MultiDim_3D_Histo)_(Bayesian)_(SMEAR=Smear)_(Q2_y_Bin_17)_(z_pT_Bin_6)_(MultiDim_z_pT_Bin_Y_bin_phi_t)[0m (Histo Num   434)
Fitting for: [1m(MultiDim_3D_Histo)_(Bayesian)_(SMEAR=Smear)_(Q2_y_Bin_17)_(z_pT_Bin_7)_(MultiDim_z_pT_Bin_Y_bin_phi_t)[0m (Histo Num   435)
Fitting for: [1m(MultiDim_3D_Histo)_(Bayesian)_(SMEAR=Smear)_(Q2_y_Bin_17)_(z_pT_Bin_8)_(MultiDim_z_pT_Bin_Y_bin_phi_t)[0m (Histo Num   436)
Fitting for: [1m(MultiDim_3D_Histo)_(Bayesian)_(SMEAR=Smear)_(Q2_y_Bin_17)_(z_pT_Bin_9)_(MultiDim_z_pT_Bin_Y_bin_phi_t)[0m (Histo Num   437)
Fitting for: [1m(MultiDim_3D_Histo)_(Bayesian)_(SMEAR=Smear)_(Q2_y_Bin_17)_(z_pT_Bin_10)_(MultiDim_z_pT_Bin_Y_bin_phi_t)[0m (Histo Num   438)
Fitting for: [1m(MultiDim_3D_Histo)_(Bayesian)_(SMEAR=Smear)_(Q2_y_Bin_17)_(z_pT_Bin_11)_(MultiDim_z_pT_Bin_Y_bin_phi_t)[0m (Histo Num   439)
Fitting for: [1m(MultiDim_3D_Histo)_(Bayesian)_(SMEAR=Smear)_(Q2_y_Bin_17)_(z_pT_Bin_12)_(MultiDim_z_pT_Bin_Y_bin_phi_t)[0m (Histo Num   440)
Fitting for: [1m(MultiDim_3D_Histo)_(Bayesian)_(SMEAR=Smear)_(Q2_y_Bin_17)_(z_pT_Bin_13)_(MultiDim_z_pT_Bin_Y_bin_phi_t)[0m (Histo Num   441)
Fitting for: [1m(MultiDim_3D_Histo)_(Bayesian)_(SMEAR=Smear)_(Q2_y_Bin_17)_(z_pT_Bin_14)_(MultiDim_z_pT_Bin_Y_bin_phi_t)[0m (Histo Num   442)
Fitting for: [1m(MultiDim_3D_Histo)_(Bayesian)_(SMEAR=Smear)_(Q2_y_Bin_17)_(z_pT_Bin_15)_(MultiDim_z_pT_Bin_Y_bin_phi_t)[0m (Histo Num   443)
Fitting for: [1m(MultiDim_3D_Histo)_(Bayesian)_(SMEAR=Smear)_(Q2_y_Bin_17)_(z_pT_Bin_16)_(MultiDim_z_pT_Bin_Y_bin_phi_t)[0m (Histo Num   444)
Fitting for: [1m(MultiDim_3D_Histo)_(Bayesian)_(SMEAR=Smear)_(Q2_y_Bin_17)_(z_pT_Bin_17)_(MultiDim_z_pT_Bin_Y_bin_phi_t)[0m (Histo Num   445)
Fitting for: [1m(MultiDim_3D_Histo)_(Bayesian)_(SMEAR=Smear)_(Q2_y_Bin_17)_(z_pT_Bin_18)_(MultiDim_z_pT_Bin_Y_bin_phi_t)[0m (Histo Num   446)
Fitting for: [1m(MultiDim_3D_Histo)_(Bayesian)_(SMEAR=Smear)_(Q2_y_Bin_17)_(z_pT_Bin_19)_(MultiDim_z_pT_Bin_Y_bin_phi_t)[0m (Histo Num   447)
Fitting for: [1m(MultiDim_3D_Histo)_(Bayesian)_(SMEAR=Smear)_(Q2_y_Bin_17)_(z_pT_Bin_20)_(MultiDim_z_pT_Bin_Y_bin_phi_t)[0m (Histo Num   448)
Fitting for: [1m(MultiDim_3D_Histo)_(Bayesian)_(SMEAR=Smear)_(Q2_y_Bin_17)_(z_pT_Bin_21)_(MultiDim_z_pT_Bin_Y_bin_phi_t)[0m (Histo Num   449)
Fitting for: [1m(MultiDim_3D_Histo)_(Bayesian)_(SMEAR=Smear)_(Q2_y_Bin_17)_(z_pT_Bin_22)_(MultiDim_z_pT_Bin_Y_bin_phi_t)[0m (Histo Num   450)
Fitting for: [1m(MultiDim_3D_Histo)_(Bayesian)_(SMEAR=Smear)_(Q2_y_Bin_17)_(z_pT_Bin_23)_(MultiDim_z_pT_Bin_Y_bin_phi_t)[0m (Histo Num   451)
Fitting for: [1m(MultiDim_3D_Histo)_(Bayesian)_(SMEAR=Smear)_(Q2_y_Bin_17)_(z_pT_Bin_25)_(MultiDim_z_pT_Bin_Y_bin_phi_t)[0m (Histo Num   452)
Fitting for: [1m(MultiDim_3D_Histo)_(Bayesian)_(SMEAR=Smear)_(Q2_y_Bin_17)_(z_pT_Bin_26)_(MultiDim_z_pT_Bin_Y_bin_phi_t)[0m (Histo Num   453)
Fitting for: [1m(MultiDim_3D_Histo)_(Bayesian)_(SMEAR=Smear)_(Q2_y_Bin_17)_(z_pT_Bin_27)_(MultiDim_z_pT_Bin_Y_bin_phi_t)[0m (Histo Num   454)
Fitting for: [1m(MultiDim_3D_Histo)_(Bayesian)_(SMEAR=Smear)_(Q2_y_Bin_17)_(z_pT_Bin_28)_(MultiDim_z_pT_Bin_Y_bin_phi_t)[0m (Histo Num   455)

[1m[94mFit/Added [0m[1m27[1m[94m Histograms[0m[94m
Adding to Main List...[0m

[1m[92mLength of Main List of Histograms (After adding Fits): [0m[1m786[0m


Current Time: [1m12:12 a.m.[0m
Time Elapsed Up To Now:
0 Day(s), 2 Hour(s), 14 Minute(s), and 2 Second(s).



Counting Total Number of/Saving collected histograms...
[1m[94mSaving to: [1m[92mUnfolded_Parallel_SIDIS_epip_from_Only_3D_wFitIntegration_V4_WITHOUT_rho0_Subtraction.root[0m

[1m[96mDone Saving![0m

Final Count = 786


Current Time: [1m12:12 a.m.[0m
Time Elapsed Up To Now:
0 Day(s), 2 Hour(s), 14 Minute(s), and 3 Second(s).


[1m[94mSaved Fit Parameters JSON as [1m[92mFit_Pars_from_Simple_RooUnfold_SelfContained_using_Unfolded_Parallel_SIDIS_epip_from_Only_3D_wFitIntegration_V4_WITHOUT_rho0_Subtraction.json[1m[94m (total entries now = 3)[0m

[1m[96mDone Saving JSON File.[0m
Time Elapsed Up To Now: 0 Day(s), 2 Hour(s), 14 Minute(s), and 3 Second(s). 

[1m[94mSaved Fit Parameters JSON as [1m[92mFit_Pars_from_Simple_RooUnfold_SelfContained_using_Unfolded_Parallel_SIDIS_epip_from_Only_3D_wFitIntegration_V4_WITHOUT_rho0_Subtraction.json[1m[94m (total entries now = 3)[0m

[1m[96mDone Saving JSON File.[0m
Time Elapsed Up To Now: 0 Day(s), 2 Hour(s), 14 Minute(s), and 3 Second(s). 




[1m[43mEMAIL MESSAGE TO SEND:[0m


The 'Simple_RooUnfold_SelfContained.py' script has finished running.
Started running on [1m6-24-2026[0m at [1m09:58 p.m.[0m

Input File:
	/w/hallb-scshelf2102/clas12/richcap/SIDIS_Analysis/Histo_Files_ROOT/DataFrames/hadd_ROOT_files_From_using_RDataFrames/Copy_for_no_rhoSub_SIDIS_epip_Response_Matrices_from_RDataFrames_Only_3D_wFitIntegration_V4_Response_Matrices_Final_Analysis_Iterations_I0_All.root
Output File:
	Unfolded_Parallel_SIDIS_epip_from_Only_3D_wFitIntegration_V4_WITHOUT_rho0_Subtraction.root

Ran in parallel using the histograms in the ROOT files from the newest Final_Analysis_Iterations files. Ran WITHOUT any rho0 subtraction (for comparison to the results with the subtraction). Saving the fits to the new JSON file formats. Ran in tmuxSIDIS_1.

	[1mBegan Unfolding Histogram:[0m
	((Histo-Group='Response_Matrix_Normal'), (Data-Cut='cut_Complete_SIDIS'), (Smear-Type='smear'), (Binning-Type='Y_bin'-[Q2-y-Bin=17, z-PT-Bin=All]), (Var-D1='MultiDim_z_pT_Bin_Y_bin_phi_t'))
Time Elapsed Up To Now: 0 Day(s), 0 Hour(s), 0 Minute(s), and 3 Second(s). 
	Finished Unfolding the histogram at:
Time Elapsed Up To Now: 0 Day(s), 2 Hour(s), 13 Minute(s), and 34 Second(s). 
[1m[96mDone Saving JSON File.[0m
Time Elapsed Up To Now: 0 Day(s), 2 Hour(s), 14 Minute(s), and 3 Second(s). 
[1m[96mDone Saving JSON File.[0m
Time Elapsed Up To Now: 0 Day(s), 2 Hour(s), 14 Minute(s), and 3 Second(s). 

Arguments:
--unfolding_3D (3D Unfolding Only)                  --> True
--run_sectors                                       --> False
--sectors_to_unfold                                 --> None
--allow_other_variables (for unfolding)             --> False
--simulation (unfolding synthetic data)             --> False
--modulation (data unfolded with modulated MC)      --> False
--closure  (modulated MC unfolded with itself)      --> False
--weighed_acceptance (use acceptance weights only)  --> False
--test                                              --> False
--verbose                                           --> False
--fit                                               --> True
--remake_fit                                        --> False
--CrossSection_Norm                                 --> False
--tag_proton                                        --> False
--cut_proton                                        --> False
--Common_Int_Bins                                   --> False
--bayes_iterations                                  --> 13
--Num_Toys                                          --> 500
--Unfold_Methods                                    --> ['Bayesian']
--title                                             --> 'Without rho0 Subtraction'
--EvGen                                             --> False
--Min_Allowed_Acceptance_Cut                        --> 0.0005
--Use_TTree                                         --> False
--Apply_RC                                          --> True
--Apply_BC                                          --> False
--Add_Uncertainties                                 --> False
--save_json                                         --> True
--old_json                                          --> False
--background_source                                 --> 'None'
--pass_version                                      --> 'Pass 2'
--smearing_options                                  --> 'smear'
--Q2_y_Bin_List                                     --> ['17', '0']
--Run_5D_Unfold                                     --> False
--run_sec_unfold                                    --> False
--json_name                                         --> 'Fit_Pars_from_Simple_RooUnfold_SelfContained_using_Unfolded_Parallel_SIDIS_epip_from_Only_3D_wFitIntegration_V4_WITHOUT_rho0_Subtraction.json'


The time that this code finished is [1m12:12 a.m.[0m
The total time the code took to run is:
0 Day(s), 2 Hour(s), 14 Minute(s), and 3 Second(s).
Saved 786 Histograms...
Rate = 0.10 Histograms/Seconds
    

[1m[92m[43m
    	                                   	   
    	This code has now finished running.	   
    	                                   	   [0m
    
    
