Full command: ./Simple_RooUnfold_SelfContained.py --root "Unfolded_Parallel_SIDIS_epip_Response_Matrices_from_RDataFrames_Only_3D_rho0_Normalized_Response_Matrices_Final_Analysis_Iterations_I0_All.root" --single_file_input /w/hallb-scshelf2102/clas12/richcap/SIDIS_Analysis/Histo_Files_ROOT/DataFrames/hadd_ROOT_files_From_using_RDataFrames/SIDIS_epip_Response_Matrices_from_RDataFrames_Only_3D_rho0_Normalized_Response_Matrices_Final_Analysis_Iterations_I0_All.root --unfolding_3D --Apply_RC --fit --smear --save_json -em 'Ran in parallel using the histograms in the ROOT files from the newest Final_Analysis_Iterations files. Ran with Harut's exclusive 'lundrho' rho0 events subtracted as background after proper normalization. Saving the fits to the new JSON file formats. Ran in tmuxSIDIS_1.' -ti 'rho0 Normalized Run' 13
TH1D::Sumw2:0: RuntimeWarning: Sum of squares of weights structure already created
Subtract 78407.1 fakes from measured distribution
Using response matrix priors
Priors:

Vector (915)  is as follows

     |        1  |
------------------
   0 |0 
   1 |0.605085 
   2 |0.000522148 
   3 |0.000516231 
   4 |0.000527904 
   5 |0.000536504 
   6 |0.000521069 
   7 |0.00053705 
   8 |0.000522934 
   9 |0.000518389 
  10 |0.000524609 
  11 |0.000521372 
  12 |0.000505955 
  13 |0.000552098 
  14 |0.000506527 
  15 |0.000523203 
  16 |0.000521609 
  17 |0.000541004 
  18 |0.000517739 
  19 |0.000550386 
  20 |0.000530769 
  21 |0.000521285 
  22 |0.000514132 
  23 |0.000523347 
  24 |0.000547739 
  25 |0.000508302 
  26 |0.000656129 
  27 |0.000666321 
  28 |0.000670902 
  29 |0.000665065 
  30 |0.000644306 
  31 |0.000676136 
  32 |0.000650182 
  33 |0.000655596 
  34 |0.000659088 
  35 |0.000635811 
  36 |0.000651189 
  37 |0.000628431 
  38 |0.000651231 
  39 |0.000657763 
  40 |0.000656749 
  41 |0.00064547 
  42 |0.000635296 
  43 |0.000659642 
  44 |0.000646321 
  45 |0.000664354 
  46 |0.000662853 
  47 |0.000661696 
  48 |0.00065031 
  49 |0.000659571 
  50 |0.000568679 
  51 |0.000608716 
  52 |0.000576086 
  53 |0.000581509 
  54 |0.000575252 
  55 |0.000585196 
  56 |0.000632853 
  57 |0.000559655 
  58 |0.000594243 
  59 |0.000586608 
  60 |0.000597169 
  61 |0.000610601 
  62 |0.000593086 
  63 |0.00059897 
  64 |0.000566973 
  65 |0.000596821 
  66 |0.000604141 
  67 |0.00057292 
  68 |0.000582699 
  69 |0.000599207 
  70 |0.000587114 
  71 |0.00057304 
  72 |0.000593443 
  73 |0.000593688 
  74 |0.000700251 
  75 |0.000682972 
  76 |0.000695652 
  77 |0.000705326 
  78 |0.000743348 
  79 |0.000696444 
  80 |0.000694669 
  81 |0.000747299 
  82 |0.000717023 
  83 |0.000695667 
  84 |0.000701354 
  85 |0.000699094 
  86 |0.000704262 
  87 |0.000702067 
  88 |0.000731321 
  89 |0.000706738 
  90 |0.000713827 
  91 |0.000676335 
  92 |0.000709718 
  93 |0.000724721 
  94 |0.000706222 
  95 |0.000695826 
  96 |0.000696707 
  97 |0.000706546 
  98 |0.000689898 
  99 |0.00070513 
 100 |0.000711236 
 101 |0.000706922 
 102 |0.000721401 
 103 |0.000695804 
 104 |0.000699245 
 105 |0.000719419 
 106 |0.000707549 
 107 |0.000735769 
 108 |0.000686781 
 109 |0.000686892 
 110 |0.000710094 
 111 |0.00069498 
 112 |0.000708349 
 113 |0.000715558 
 114 |0.000693346 
 115 |0.000702743 
 116 |0.00068479 
 117 |0.000715271 
 118 |0.000687995 
 119 |0.000695264 
 120 |0.000700603 
 121 |0.000707318 
 122 |0.000473531 
 123 |0.000454826 
 124 |0.000453818 
 125 |0.000455578 
 126 |0.000456459 
 127 |0.00045178 
 128 |0.000493481 
 129 |0.00046756 
 130 |0.000458807 
 131 |0.000459289 
 132 |0.000458171 
 133 |0.00047262 
 134 |0.000456783 
 135 |0.000464412 
 136 |0.000470255 
 137 |0.000470066 
 138 |0.000447784 
 139 |0.000474554 
 140 |0.000462644 
 141 |0.000472128 
 142 |0.000467116 
 143 |0.000469613 
 144 |0.000459814 
 145 |0.000481952 
 146 |0.000606827 
 147 |0.00062826 
 148 |0.000607351 
 149 |0.000624153 
 150 |0.000635835 
 151 |0.000606257 
 152 |0.000620109 
 153 |0.0006067 
 154 |0.000640829 
 155 |0.000618167 
 156 |0.000621188 
 157 |0.000609563 
 158 |0.000645769 
 159 |0.000604227 
 160 |0.00058012 
 161 |0.000614392 
 162 |0.000614986 
 163 |0.000593403 
 164 |0.000611395 
 165 |0.000637808 
 166 |0.000623314 
 167 |0.000618206 
 168 |0.000621671 
 169 |0.000624693 
 170 |0.000603159 
 171 |0.000612485 
 172 |0.000613016 
 173 |0.00061327 
 174 |0.000584906 
 175 |0.000625546 
 176 |0.00062051 
 177 |0.000610153 
 178 |0.000604928 
 179 |0.000603636 
 180 |0.00061828 
 181 |0.000598941 
 182 |0.000603953 
 183 |0.000633357 
 184 |0.000628211 
 185 |0.000609526 
 186 |0.000596501 
 187 |0.000583749 
 188 |0.000605587 
 189 |0.000620986 
 190 |0.000599742 
 191 |0.000604032 
 192 |0.000602311 
 193 |0.000596181 
 194 |0.00072853 
 195 |0.00073642 
 196 |0.000736563 
 197 |0.000744222 
 198 |0.000746531 
 199 |0.000733937 
 200 |0.000764571 
 201 |0.000741701 
 202 |0.000757448 
 203 |0.000722249 
 204 |0.000754199 
 205 |0.000743772 
 206 |0.000785791 
 207 |0.000743874 
 208 |0.00074094 
 209 |0.000752676 
 210 |0.000755952 
 211 |0.000735127 
 212 |0.000739189 
 213 |0.000739306 
 214 |0.000750424 
 215 |0.00073034 
 216 |0.000772919 
 217 |0.000720109 
 218 |0.000805035 
 219 |0.000806114 
 220 |0.000822012 
 221 |0.00081934 
 222 |0.000802481 
 223 |0.000817389 
 224 |0.000823321 
 225 |0.000815114 
 226 |0.000808 
 227 |0.000802664 
 228 |0.000809175 
 229 |0.000807985 
 230 |0.000838229 
 231 |0.000798612 
 232 |0.000804043 
 233 |0.000787424 
 234 |0.000827143 
 235 |0.00081336 
 236 |0.000792277 
 237 |0.000795005 
 238 |0.00081827 
 239 |0.000798177 
 240 |0.000786489 
 241 |0.000807002 
 242 |0.000380978 
 243 |0.000374919 
 244 |0.000370399 
 245 |0.000369622 
 246 |0.000368798 
 247 |0.000396146 
 248 |0.00036274 
 249 |0.000374895 
 250 |0.000371994 
 251 |0.000375435 
 252 |0.00039334 
 253 |0.00039322 
 254 |0.000381136 
 255 |0.000377084 
 256 |0.000372548 
 257 |0.000371415 
 258 |0.000377219 
 259 |0.000395655 
 260 |0.000391524 
 261 |0.000354223 
 262 |0.000369329 
 263 |0.000373864 
 264 |0.000379638 
 265 |0.000367719 
 266 |0.000527025 
 267 |0.000530244 
 268 |0.000536801 
 269 |0.000540997 
 270 |0.000529768 
 271 |0.000520427 
 272 |0.000531473 
 273 |0.000528086 
 274 |0.000533479 
 275 |0.000526953 
 276 |0.000552478 
 277 |0.000534645 
 278 |0.000542526 
 279 |0.000536 
 280 |0.000526968 
 281 |0.000506559 
 282 |0.000542955 
 283 |0.000510468 
 284 |0.000529189 
 285 |0.000541558 
 286 |0.000521791 
 287 |0.000558528 
 288 |0.000507732 
 289 |0.000520031 
 290 |0.000517434 
 291 |0.000518456 
 292 |0.000525672 
 293 |0.000532357 
 294 |0.000525513 
 295 |0.000519227 
 296 |0.000511565 
 297 |0.000549857 
 298 |0.000503945 
 299 |0.000522603 
 300 |0.000523571 
 301 |0.000519575 
 302 |0.000524449 
 303 |0.000511994 
 304 |0.000508957 
 305 |0.000525117 
 306 |0.000519233 
 307 |0.000518828 
 308 |0.000546923 
 309 |0.000519883 
 310 |0.000524374 
 311 |0.000526988 
 312 |0.000524419 
 313 |0.000513723 
 314 |0.000606611 
 315 |0.000597945 
 316 |0.000597945 
 317 |0.000623057 
 318 |0.000621027 
 319 |0.000600109 
 320 |0.000620385 
 321 |0.000607468 
 322 |0.000598499 
 323 |0.000600196 
 324 |0.00063082 
 325 |0.000635617 
 326 |0.000600316 
 327 |0.00061091 
 328 |0.000626792 
 329 |0.000585933 
 330 |0.000608452 
 331 |0.000620092 
 332 |0.00059057 
 333 |0.000597048 
 334 |0.000617286 
 335 |0.000642008 
 336 |0.000608697 
 337 |0.000578358 
 338 |0.000652186 
 339 |0.000674579 
 340 |0.000635138 
 341 |0.000635606 
 342 |0.000658601 
 343 |0.000652702 
 344 |0.000669995 
 345 |0.000654311 
 346 |0.000649371 
 347 |0.000677972 
 348 |0.000636946 
 349 |0.000651631 
 350 |0.000657348 
 351 |0.000652543 
 352 |0.000631427 
 353 |0.000661527 
 354 |0.000655651 
 355 |0.000649974 
 356 |0.000663787 
 357 |0.000640633 
 358 |0.000629619 
 359 |0.000644923 
 360 |0.000631832 
 361 |0.000670892 
 362 |0.000427253 
 363 |0.000435341 
 364 |0.000436213 
 365 |0.000444523 
 366 |0.000447227 
 367 |0.000446894 
 368 |0.000425778 
 369 |0.000427118 
 370 |0.000432994 
 371 |0.000432979 
 372 |0.000430869 
 373 |0.000424462 
 374 |0.000423248 
 375 |0.000423884 
 376 |0.000439163 
 377 |0.000435563 
 378 |0.000432931 
 379 |0.000425041 
 380 |0.000432637 
 381 |0.000416572 
 382 |0.00042627 
 383 |0.00044955 
 384 |0.000429664 
 385 |0.000400436 
 386 |0.000637292 
 387 |0.000643866 
 388 |0.00063267 
 389 |0.000606289 
 390 |0.000642685 
 391 |0.000631132 
 392 |0.000627705 
 393 |0.000640203 
 394 |0.000647355 
 395 |0.000643231 
 396 |0.00063416 
 397 |0.000607977 
 398 |0.000606677 
 399 |0.00064469 
 400 |0.000662191 
 401 |0.000624645 
 402 |0.000628134 
 403 |0.000627879 
 404 |0.00063198 
 405 |0.000636222 
 406 |0.000619237 
 407 |0.000660914 
 408 |0.000646468 
 409 |0.000627516 
 410 |0.000623598 
 411 |0.00059438 
 412 |0.00060667 
 413 |0.000609929 
 414 |0.000610444 
 415 |0.000623481 
 416 |0.00062349 
 417 |0.000595633 
 418 |0.000606448 
 419 |0.000587497 
 420 |0.000617486 
 421 |0.000612594 
 422 |0.000614956 
 423 |0.000614116 
 424 |0.000621221 
 425 |0.000609851 
 426 |0.000602848 
 427 |0.00061989 
 428 |0.000617216 
 429 |0.00062126 
 430 |0.000623877 
 431 |0.000605537 
 432 |0.000612108 
 433 |0.000616637 
 434 |0.000667888 
 435 |0.000676674 
 436 |0.00069484 
 437 |0.000696006 
 438 |0.000675754 
 439 |0.000679354 
 440 |0.000691018 
 441 |0.000706726 
 442 |0.000689432 
 443 |0.000696411 
 444 |0.000675754 
 445 |0.000695688 
 446 |0.000707289 
 447 |0.000676491 
 448 |0.000668292 
 449 |0.000678949 
 450 |0.000675016 
 451 |0.000682684 
 452 |0.000669339 
 453 |0.000689162 
 454 |0.000696767 
 455 |0.0006665 
 456 |0.000698527 
 457 |0.000692421 
 458 |0 
 459 |0.000477843 
 460 |0.000464212 
 461 |0.000471499 
 462 |0.00046935 
 463 |0.000452437 
 464 |0.000464862 
 465 |0.000474941 
 466 |0.000473283 
 467 |0.000467384 
 468 |0.000473601 
 469 |0.000484171 
 470 |0.000457734 
 471 |0.000451921 
 472 |0.000463903 
 473 |0.000471706 
 474 |0.000466274 
 475 |0.000472681 
 476 |0.000457671 
 477 |0.000480864 
 478 |0.000452485 
 479 |0.000474917 
 480 |0.000462944 
 481 |0.000476637 
 482 |0.000460588 
 483 |0.000700342 
 484 |0.000735748 
 485 |0.00070483 
 486 |0.000718802 
 487 |0.000730346 
 488 |0.000753953 
 489 |0.00070965 
 490 |0.000720379 
 491 |0.000709626 
 492 |0.000711814 
 493 |0.000702743 
 494 |0.000688391 
 495 |0.000699143 
 496 |0.00069813 
 497 |0.000673228 
 498 |0.000707168 
 499 |0.000734812 
 500 |0.00070104 
 501 |0.000701421 
 502 |0.000707971 
 503 |0.000729752 
 504 |0.000708382 
 505 |0.000718436 
 506 |0.000709722 
 507 |0.000665339 
 508 |0.000632271 
 509 |0.000650866 
 510 |0.000636863 
 511 |0.000643524 
 512 |0.000659311 
 513 |0.000660833 
 514 |0.000650851 
 515 |0.000652967 
 516 |0.00065208 
 517 |0.000652056 
 518 |0.000625634 
 519 |0.0006235 
 520 |0.000654244 
 521 |0.000642556 
 522 |0.000644523 
 523 |0.000645554 
 524 |0.000647838 
 525 |0.000647053 
 526 |0.00066655 
 527 |0.000648186 
 528 |0.000637496 
 529 |0.000632724 
 530 |0.000653824 
 531 |0.00071268 
 532 |0.000714622 
 533 |0.000712704 
 534 |0.000723163 
 535 |0.000733622 
 536 |0.00069487 
 537 |0.000694735 
 538 |0.000701999 
 539 |0.000697883 
 540 |0.000710665 
 541 |0.000695092 
 542 |0.000683071 
 543 |0.000701372 
 544 |0.000701372 
 545 |0.000685997 
 546 |0.000694133 
 547 |0.00070636 
 548 |0.000712728 
 549 |0.00068832 
 550 |0.000695092 
 551 |0.000708477 
 552 |0.000682271 
 553 |0.000703696 
 554 |0.000716589 
 555 |0 
 556 |0.000622571 
 557 |0.000627955 
 558 |0.0006269 
 559 |0.000633498 
 560 |0.000618614 
 561 |0.000648619 
 562 |0.000625227 
 563 |0.000637629 
 564 |0.000630057 
 565 |0.000636804 
 566 |0.000612667 
 567 |0.00061633 
 568 |0.000612484 
 569 |0.000632665 
 570 |0.000604001 
 571 |0.000626013 
 572 |0.00062062 
 573 |0.0006158 
 574 |0.000632761 
 575 |0.000642791 
 576 |0.000622365 
 577 |0.00062116 
 578 |0.000609408 
 579 |0.000614918 
 580 |0.000994677 
 581 |0.000981085 
 582 |0.000976756 
 583 |0.000995477 
 584 |0.0010077 
 585 |0.000986565 
 586 |0.000976295 
 587 |0.000990902 
 588 |0.000985668 
 589 |0.000978255 
 590 |0.000973789 
 591 |0.000982988 
 592 |0.00102021 
 593 |0.0010051 
 594 |0.00101794 
 595 |0.000972212 
 596 |0.000977698 
 597 |0.000948884 
 598 |0.000985986 
 599 |0.0010028 
 600 |0.00100065 
 601 |0.00100503 
 602 |0.00100177 
 603 |0.00099521 
 604 |0.000850748 
 605 |0.000840804 
 606 |0.000844413 
 607 |0.000843556 
 608 |0.000827848 
 609 |0.000825858 
 610 |0.000834961 
 611 |0.000819316 
 612 |0.000826754 
 613 |0.000846467 
 614 |0.000817095 
 615 |0.000838109 
 616 |0.000866797 
 617 |0.000829323 
 618 |0.000857552 
 619 |0.000841859 
 620 |0.00085576 
 621 |0.000822995 
 622 |0.000831154 
 623 |0.000813615 
 624 |0.000820156 
 625 |0.000812068 
 626 |0.000854863 
 627 |0.000823225 
 628 |0 
 629 |0 
 630 |0 
 631 |0 
 632 |0 
 633 |0 
 634 |0 
 635 |0 
 636 |0 
 637 |0 
 638 |0 
 639 |0 
 640 |0 
 641 |0 
 642 |0 
 643 |0 
 644 |0 
 645 |0 
 646 |0 
 647 |0 
 648 |0 
 649 |0 
 650 |0 
 651 |0 
 652 |0 
 653 |0 
 654 |0 
 655 |0 
 656 |0 
 657 |0 
 658 |0 
 659 |0 
 660 |0 
 661 |0 
 662 |0 
 663 |0 
 664 |0 
 665 |0 
 666 |0 
 667 |0 
 668 |0 
 669 |0 
 670 |0 
 671 |0 
 672 |0 
 673 |0 
 674 |0 
 675 |0 
 676 |0 
 677 |0 
 678 |0 
 679 |0 
 680 |0 
 681 |0 
 682 |0 
 683 |0 
 684 |0 
 685 |0 
 686 |0 
 687 |0 
 688 |0 
 689 |0 
 690 |0 
 691 |0 
 692 |0 
 693 |0 
 694 |0 
 695 |0 
 696 |0 
 697 |0 
 698 |0 
 699 |0 
 700 |0 
 701 |0 
 702 |0 
 703 |0 
 704 |0 
 705 |0 
 706 |0 
 707 |0 
 708 |0 
 709 |0 
 710 |0 
 711 |0 
 712 |0 
 713 |0 
 714 |0 
 715 |0 
 716 |0 
 717 |0 
 718 |0 
 719 |0 
 720 |0 
 721 |0 
 722 |0 
 723 |0 
 724 |0 
 725 |0 
 726 |0 
 727 |0 
 728 |0 
 729 |0 
 730 |0 
 731 |0 
 732 |0 
 733 |0 
 734 |0 
 735 |0 
 736 |0 
 737 |0 
 738 |0 
 739 |0 
 740 |0 
 741 |0 
 742 |0 
 743 |0 
 744 |0 
 745 |0 
 746 |0 
 747 |0 
 748 |0 
 749 |0 
 750 |0 
 751 |0 
 752 |0 
 753 |0 
 754 |0 
 755 |0 
 756 |0 
 757 |0 
 758 |0 
 759 |0 
 760 |0 
 761 |0 
 762 |0 
 763 |0 
 764 |0 
 765 |0 
 766 |0 
 767 |0 
 768 |0 
 769 |0 
 770 |0 
 771 |0 
 772 |0 
 773 |0 
 774 |0 
 775 |0 
 776 |0 
 777 |0 
 778 |0 
 779 |0 
 780 |0 
 781 |0 
 782 |0 
 783 |0 
 784 |0 
 785 |0 
 786 |0 
 787 |0 
 788 |0 
 789 |0 
 790 |0 
 791 |0 
 792 |0 
 793 |0 
 794 |0 
 795 |0 
 796 |0 
 797 |0 
 798 |0 
 799 |0 
 800 |0 
 801 |0 
 802 |0 
 803 |0 
 804 |0 
 805 |0 
 806 |0 
 807 |0 
 808 |0 
 809 |0 
 810 |0 
 811 |0 
 812 |0 
 813 |0 
 814 |0 
 815 |0 
 816 |0 
 817 |0 
 818 |0 
 819 |0 
 820 |0 
 821 |0 
 822 |0 
 823 |0 
 824 |0 
 825 |0 
 826 |0 
 827 |0 
 828 |0 
 829 |0 
 830 |0 
 831 |0 
 832 |0 
 833 |0 
 834 |0 
 835 |0 
 836 |0 
 837 |0 
 838 |0 
 839 |0 
 840 |0 
 841 |0 
 842 |0 
 843 |0 
 844 |0 
 845 |0 
 846 |0 
 847 |0 
 848 |0 
 849 |0 
 850 |0 
 851 |0 
 852 |0 
 853 |0 
 854 |0 
 855 |0 
 856 |0 
 857 |0 
 858 |0 
 859 |0 
 860 |0 
 861 |0 
 862 |0 
 863 |0 
 864 |0 
 865 |0 
 866 |0 
 867 |0 
 868 |0 
 869 |0 
 870 |0 
 871 |0 
 872 |0 
 873 |0 
 874 |0 
 875 |0 
 876 |0 
 877 |0 
 878 |0 
 879 |0 
 880 |0 
 881 |0 
 882 |0 
 883 |0 
 884 |0 
 885 |0 
 886 |0 
 887 |0 
 888 |0 
 889 |0 
 890 |0 
 891 |0 
 892 |0 
 893 |0 
 894 |0 
 895 |0 
 896 |0 
 897 |0 
 898 |0 
 899 |0 
 900 |0 
 901 |0 
 902 |0 
 903 |0 
 904 |0 
 905 |0 
 906 |0 
 907 |0 
 908 |0 
 909 |0 
 910 |0 
 911 |0 
 912 |0 
 913 |0 
 914 |0 

Now unfolding...
Iteration : 0
Chi^2 of change 389321
Iteration : 1
Chi^2 of change 28083
Iteration : 2
Chi^2 of change 4518.97
Iteration : 3
Chi^2 of change 1525.85
Iteration : 4
Chi^2 of change 823.137
Iteration : 5
Chi^2 of change 547.948
Iteration : 6
Chi^2 of change 404.393
Iteration : 7
Chi^2 of change 316.84
Iteration : 8
Chi^2 of change 257.918
Iteration : 9
Chi^2 of change 215.439
Iteration : 10
Chi^2 of change 183.242
Iteration : 11
Chi^2 of change 157.92
Iteration : 12
Chi^2 of change 137.451
Using response matrix priors
Calculating covariances due to number of measured events
Using response matrix priors
Using response matrix priors
Using response matrix priors
Using response matrix priors
Using response matrix priors
Using response matrix priors
Using response matrix priors
Using response matrix priors
Using response matrix priors
Using response matrix priors
Using response matrix priors
Using response matrix priors
Using response matrix priors
Using response matrix priors
Using response matrix priors
Using response matrix priors
Using response matrix priors
Using response matrix priors
Using response matrix priors
Using response matrix priors
Using response matrix priors
Using response matrix priors
Using response matrix priors
Using response matrix priors
Using response matrix priors
Using response matrix priors
Using response matrix priors
Using response matrix priors
Using response matrix priors
Using response matrix priors
Using response matrix priors
Using response matrix priors
Using response matrix priors
Using response matrix priors
Using response matrix priors
Using response matrix priors
Using response matrix priors
Using response matrix priors
Using response matrix priors
Using response matrix priors
Using response matrix priors
Using response matrix priors
Using response matrix priors
Using response matrix priors
Using response matrix priors
Using response matrix priors
Using response matrix priors
Using response matrix priors
Using response matrix priors
Using response matrix priors
Using response matrix priors
Using response matrix priors
Using response matrix priors
Using response matrix priors
Using response matrix priors
Using response matrix priors
Using response matrix priors
Using response matrix priors
Using response matrix priors
Using response matrix priors
Using response matrix priors
Using response matrix priors
Using response matrix priors
Using response matrix priors
Using response matrix priors
Using response matrix priors
Using response matrix priors
Using response matrix priors
Using response matrix priors
Using response matrix priors
Using response matrix priors
Using response matrix priors
Using response matrix priors
Using response matrix priors
Using response matrix priors
Using response matrix priors
Using response matrix priors
Using response matrix priors
Using response matrix priors
Using response matrix priors
Using response matrix priors
Using response matrix priors
Using response matrix priors
Using response matrix priors
Using response matrix priors
Using response matrix priors
Using response matrix priors
Using response matrix priors
Using response matrix priors
Using response matrix priors
Using response matrix priors
Using response matrix priors
Using response matrix priors
Using response matrix priors
Using response matrix priors
Using response matrix priors
Using response matrix priors
Using response matrix priors
Using response matrix priors
Using response matrix priors
Using response matrix priors
Using response matrix priors
Using response matrix priors
Using response matrix priors
Using response matrix priors
Using response matrix priors
Using response matrix priors
Using response matrix priors
Using response matrix priors
Using response matrix priors
Using response matrix priors
Using response matrix priors
Using response matrix priors
Using response matrix priors
Using response matrix priors
Using response matrix priors
Using response matrix priors
Using response matrix priors
Using response matrix priors
Using response matrix priors
Using response matrix priors
Using response matrix priors
Using response matrix priors
Using response matrix priors
Using response matrix priors
Using response matrix priors
Using response matrix priors
Using response matrix priors
Using response matrix priors
Using response matrix priors
Using response matrix priors
Using response matrix priors
Using response matrix priors
Using response matrix priors
Using response matrix priors
Using response matrix priors
Using response matrix priors
Using response matrix priors
Using response matrix priors
Using response matrix priors
Using response matrix priors
Using response matrix priors
Using response matrix priors
Using response matrix priors
Using response matrix priors
Using response matrix priors
Using response matrix priors
Using response matrix priors
Using response matrix priors
Using response matrix priors
Using response matrix priors
Using response matrix priors
Using response matrix priors
Using response matrix priors
Using response matrix priors
Using response matrix priors
Using response matrix priors
Using response matrix priors
Using response matrix priors
Using response matrix priors
Using response matrix priors
Using response matrix priors
Using response matrix priors
Using response matrix priors
Using response matrix priors
Using response matrix priors
Using response matrix priors
Using response matrix priors
Using response matrix priors
Using response matrix priors
Using response matrix priors
Using response matrix priors
Using response matrix priors
Using response matrix priors
Using response matrix priors
Using response matrix priors
Using response matrix priors
Using response matrix priors
Using response matrix priors
Using response matrix priors
Using response matrix priors
Using response matrix priors
Using response matrix priors
Using response matrix priors
Using response matrix priors
Using response matrix priors
Using response matrix priors
Using response matrix priors
Using response matrix priors
Using response matrix priors
Using response matrix priors
Using response matrix priors
Using response matrix priors
Using response matrix priors
Using response matrix priors
Using response matrix priors
Using response matrix priors
Using response matrix priors
Using response matrix priors
Using response matrix priors
Using response matrix priors
Using response matrix priors
Using response matrix priors
Using response matrix priors
Using response matrix priors
Using response matrix priors
Using response matrix priors
Using response matrix priors
Using response matrix priors
Using response matrix priors
Using response matrix priors
Using response matrix priors
Using response matrix priors
Using response matrix priors
Using response matrix priors
Using response matrix priors
Using response matrix priors
Using response matrix priors
Using response matrix priors
Using response matrix priors
Using response matrix priors
Using response matrix priors
Using response matrix priors
Using response matrix priors
Using response matrix priors
Using response matrix priors
Using response matrix priors
Using response matrix priors
Using response matrix priors
Using response matrix priors
Using response matrix priors
Using response matrix priors
Using response matrix priors
Using response matrix priors
Using response matrix priors
Using response matrix priors
Using response matrix priors
Using response matrix priors
Using response matrix priors
Using response matrix priors
Using response matrix priors
Using response matrix priors
Using response matrix priors
Using response matrix priors
Using response matrix priors
Using response matrix priors
Using response matrix priors
Using response matrix priors
Using response matrix priors
Using response matrix priors
Using response matrix priors
Using response matrix priors
Using response matrix priors
Using response matrix priors
Using response matrix priors
Using response matrix priors
Using response matrix priors
Using response matrix priors
Using response matrix priors
Using response matrix priors
Using response matrix priors
Using response matrix priors
Using response matrix priors
Using response matrix priors
Using response matrix priors
Using response matrix priors
Using response matrix priors
Using response matrix priors
Using response matrix priors
Using response matrix priors
Using response matrix priors
Using response matrix priors
Using response matrix priors
Using response matrix priors
Using response matrix priors
Using response matrix priors
Using response matrix priors
Using response matrix priors
Using response matrix priors
Using response matrix priors
Using response matrix priors
Using response matrix priors
Using response matrix priors
Using response matrix priors
Using response matrix priors
Using response matrix priors
Using response matrix priors
Using response matrix priors
Using response matrix priors
Using response matrix priors
Using response matrix priors
Using response matrix priors
Using response matrix priors
Using response matrix priors
Using response matrix priors
Using response matrix priors
Using response matrix priors
Using response matrix priors
Using response matrix priors
Using response matrix priors
Using response matrix priors
Using response matrix priors
Using response matrix priors
Using response matrix priors
Using response matrix priors
Using response matrix priors
Using response matrix priors
Using response matrix priors
Using response matrix priors
Using response matrix priors
Using response matrix priors
Using response matrix priors
Using response matrix priors
Using response matrix priors
Using response matrix priors
Using response matrix priors
Using response matrix priors
Using response matrix priors
Using response matrix priors
Using response matrix priors
Using response matrix priors
Using response matrix priors
Using response matrix priors
Using response matrix priors
Using response matrix priors
Using response matrix priors
Using response matrix priors
Using response matrix priors
Using response matrix priors
Using response matrix priors
Using response matrix priors
Using response matrix priors
Using response matrix priors
Using response matrix priors
Using response matrix priors
Using response matrix priors
Using response matrix priors
Using response matrix priors
Using response matrix priors
Using response matrix priors
Using response matrix priors
Using response matrix priors
Using response matrix priors
Using response matrix priors
Using response matrix priors
Using response matrix priors
Using response matrix priors
Using response matrix priors
Using response matrix priors
Using response matrix priors
Using response matrix priors
Using response matrix priors
Using response matrix priors
Using response matrix priors
Using response matrix priors
Using response matrix priors
Using response matrix priors
Using response matrix priors
Using response matrix priors
Using response matrix priors
Using response matrix priors
Using response matrix priors
Using response matrix priors
Using response matrix priors
Using response matrix priors
Using response matrix priors
Using response matrix priors
Using response matrix priors
Using response matrix priors
Using response matrix priors
Using response matrix priors
Using response matrix priors
Using response matrix priors
Using response matrix priors
Using response matrix priors
Using response matrix priors
Using response matrix priors
Using response matrix priors
Using response matrix priors
Using response matrix priors
Using response matrix priors
Using response matrix priors
Using response matrix priors
Using response matrix priors
Using response matrix priors
Using response matrix priors
Using response matrix priors
Using response matrix priors
Using response matrix priors
Using response matrix priors
Using response matrix priors
Using response matrix priors
Using response matrix priors
Using response matrix priors
Using response matrix priors
Using response matrix priors
Using response matrix priors
Using response matrix priors
Using response matrix priors
Using response matrix priors
Using response matrix priors
Using response matrix priors
Using response matrix priors
Using response matrix priors
Using response matrix priors
Using response matrix priors
Using response matrix priors
Using response matrix priors
Using response matrix priors
Using response matrix priors
Using response matrix priors
Using response matrix priors
Using response matrix priors
Using response matrix priors
Using response matrix priors
Using response matrix priors
Using response matrix priors
Using response matrix priors
Using response matrix priors
Using response matrix priors
Using response matrix priors
Using response matrix priors
Using response matrix priors
Using response matrix priors
Using response matrix priors
Using response matrix priors
Using response matrix priors
Using response matrix priors
Using response matrix priors
Using response matrix priors
Using response matrix priors
Using response matrix priors
Using response matrix priors
Using response matrix priors
Using response matrix priors
Using response matrix priors
Using response matrix priors
Using response matrix priors
Using response matrix priors
Using response matrix priors
Using response matrix priors
Using response matrix priors
Using response matrix priors
Using response matrix priors
Using response matrix priors
Using response matrix priors
Using response matrix priors
Using response matrix priors
Using response matrix priors
Using response matrix priors
Using response matrix priors
Using response matrix priors
Using response matrix priors
Using response matrix priors
Using response matrix priors
Using response matrix priors
Using response matrix priors
Using response matrix priors
Using response matrix priors
Using response matrix priors
Using response matrix priors
Using response matrix priors
Using response matrix priors
Using response matrix priors
Using response matrix priors
Using response matrix priors
Using response matrix priors
Using response matrix priors
Using response matrix priors
Using response matrix priors
Using response matrix priors
Using response matrix priors
Using response matrix priors
Using response matrix priors
Using response matrix priors
Using response matrix priors
Using response matrix priors
Using response matrix priors
Using response matrix priors
Using response matrix priors
Using response matrix priors
Using response matrix priors
Using response matrix priors
Using response matrix priors
Using response matrix priors
Using response matrix priors
Using response matrix priors
Using response matrix priors
Using response matrix priors
Using response matrix priors
Using response matrix priors
Using response matrix priors
Using response matrix priors
Using response matrix priors
Using response matrix priors
Using response matrix priors
Using response matrix priors
Using response matrix priors
Using response matrix priors
TH1D::Sumw2:0: RuntimeWarning: Sum of squares of weights structure already created
Info in <TCanvas::MakeDefCanvas>:  created default TCanvas with name c1

Adding the following extra title to the histograms:
	rho0 Normalized Run



[1m[92m[43m

    Will be Fitting Plots    
[0m



[1m[94mSmear option selected is: Smear[0m


[91mRunning Bin 'All' for Q2-y Bins by default (will skip at end)[0m


Running for Q2-xB/Q2-y Bins: '13', '0'
[1m
Starting RG-A SIDIS Analysis
[0m

Started running on [1m5-26-2026[0m at [1m01:42 a.m.[0m

The total number of histograms available for the[1mRDataFrame[0m in '[1m[94m/w/hallb-scshelf2102/clas12/richcap/SIDIS_Analysis/Histo_Files_ROOT/DataFrames/hadd_ROOT_files_From_using_RDataFrames/SIDIS_epip_Response_Matrices_from_RDataFrames_Only_3D_rho0_Normalized_Response_Matrices_Final_Analysis_Iterations_I0_All.root[0m' is [1m504[0m


[1mDone Loading RDataFrame files...
[0m
[1m[94m

Starting Unfolding Procedures...
[0m
Bin 1 is not in Q2_y_Bin_List = ['13', '0']
Bin 10 is not in Q2_y_Bin_List = ['13', '0']
Bin 11 is not in Q2_y_Bin_List = ['13', '0']
Bin 12 is not in Q2_y_Bin_List = ['13', '0']

Unfolding: ((Histo-Group='Response_Matrix_Normal'), (Data-Type='DataFrame_Type'), (Data-Cut='cut_Complete_SIDIS'), (Smear-Type='smear'), (Binning-Type='Y_bin'-[Q2-y-Bin=13, z-PT-Bin=All]), (Var-D1='MultiDim_z_pT_Bin_Y_bin_phi_t'-[NumBins=915, MinBin=-1.5, MaxBin=913.5]), (Var-D2='z_pT_Bin_Y_bin_smeared'-[NumBins=38, MinBin=-0.5, MaxBin=37.5]))
[1m[92mAdding the 'lundrho' files to the 'MC_REC_1D_initial' histogram[0m
[1m[92mAdding the 'lundrho' files to the 'Response_2D_initial' histogram[0m
[1m[92mAdding the 'lundrho' files to the 'MC_GEN_1D_initial' histogram[0m
[1m[92mAdding the 'lundrho' files to the 'MC_BGS_1D_initial' histogram[0m
[1m[96mStarting [4m[95mBin-by-Bin[0m[1m[96m Unfolding Procedure...[0m
	[1mAcceptance Correction of Histogram:[0m
	((Histo-Group='Response_Matrix_Normal_1D'), (Data-Cut='cut_Complete_SIDIS'), (Smear-Type='smear'), (Binning-Type='Y_bin'-[Q2-y-Bin=13, z-PT-Bin=All]), (Var-D1='MultiDim_z_pT_Bin_Y_bin_phi_t'))
[91m
Bin 51 had a very low acceptance...
	(cut_criteria = 0.0005)
	(Bin_Content  = 0.0004322504756367526)[0m
[91m
Bin 172 had a very low acceptance...
	(cut_criteria = 0.0005)
	(Bin_Content  = 0.00040133489669543035)[0m
[91m
Bin 313 had a very low acceptance...
	(cut_criteria = 0.0005)
	(Bin_Content  = 0.00046873128780755514)[0m
[1m[96mFinished [95mBin-by-Bin[0m[1m[96m Unfolding Procedure.[0m

Current Time: [1m01:42 a.m.[0m
Time Elapsed Up To Now:
0 Day(s), 0 Hour(s), 0 Minute(s), and 0 Second(s).

[1m[96mStarting [4m[92mRooUnfold[0m[1m[96m Unfolding Procedure...[0m
	[1mUnfolding Histogram:[0m
	((Histo-Group='Response_Matrix_Normal'), (Data-Cut='cut_Complete_SIDIS'), (Smear-Type='smear'), (Binning-Type='Y_bin'-[Q2-y-Bin=13, z-PT-Bin=All]), (Var-D1='MultiDim_z_pT_Bin_Y_bin_phi_t'))
	[96mUsing [1m[92mRooUnfold (Bin-by-Bin)[0m[96m Unfolding Procedure...[0m
[1m[96mFinished [92mRooUnfold (Bin-by-Bin)[0m[1m[96m Unfolding Procedure.
[0m
[1m[96mStarting [4m[92mRooUnfold[0m[1m[96m Unfolding Procedure...[0m

	[1mBegan Unfolding Histogram:[0m
	((Histo-Group='Response_Matrix_Normal'), (Data-Cut='cut_Complete_SIDIS'), (Smear-Type='smear'), (Binning-Type='Y_bin'-[Q2-y-Bin=13, z-PT-Bin=All]), (Var-D1='MultiDim_z_pT_Bin_Y_bin_phi_t'))
Time Elapsed Up To Now: 0 Day(s), 0 Hour(s), 0 Minute(s), and 2 Second(s). 
	[96mUsing [1m[92mRooUnfold (Bayesian)[0m[96m method to unfold...[0m

Current Time: [1m03:46 a.m.[0m
Time Elapsed Up To Now:
0 Day(s), 2 Hour(s), 3 Minute(s), and 32 Second(s).

[1m[96mFinished [92mRooUnfold (Bayesian)[0m[1m[96m Unfolding Procedure.
[0m

[94mRunning Multi3D_Slice(...)[0m


[94mRunning Multi3D_Slice(...)[0m


[94mRunning Multi3D_Slice(...)[0m


[94mRunning Multi3D_Slice(...)[0m


[94mRunning Multi3D_Slice(...)[0m


[94mRunning Multi3D_Slice(...)[0m


[94mRunning Multi3D_Slice(...)[0m

Bin 14 is not in Q2_y_Bin_List = ['13', '0']
Bin 15 is not in Q2_y_Bin_List = ['13', '0']
Bin 16 is not in Q2_y_Bin_List = ['13', '0']
Bin 17 is not in Q2_y_Bin_List = ['13', '0']
Bin 2 is not in Q2_y_Bin_List = ['13', '0']
Bin 3 is not in Q2_y_Bin_List = ['13', '0']
Bin 4 is not in Q2_y_Bin_List = ['13', '0']
Bin 5 is not in Q2_y_Bin_List = ['13', '0']
Bin 6 is not in Q2_y_Bin_List = ['13', '0']
Bin 7 is not in Q2_y_Bin_List = ['13', '0']
Bin 8 is not in Q2_y_Bin_List = ['13', '0']
Bin 9 is not in Q2_y_Bin_List = ['13', '0']

Unfolding: ((Histo-Group='Response_Matrix_Normal'), (Data-Type='DataFrame_Type'), (Data-Cut='cut_Complete_SIDIS'), (Smear-Type='smear'), (Binning-Type='Y_bin'-[Q2-y-Bin=All, z-PT-Bin=All]), (Var-D1='MultiDim_z_pT_Bin_Y_bin_phi_t'-[NumBins=915, MinBin=-1.5, MaxBin=913.5]), (Var-D2='z_pT_Bin_Y_bin_smeared'-[NumBins=38, MinBin=-0.5, MaxBin=37.5]))
[1m[92mAdding the 'lundrho' files to the 'MC_REC_1D_initial' histogram[0m
[1m[92mAdding the 'lundrho' files to the 'Response_2D_initial' histogram[0m
[1m[92mAdding the 'lundrho' files to the 'MC_GEN_1D_initial' histogram[0m
[1m[92mAdding the 'lundrho' files to the 'MC_BGS_1D_initial' histogram[0m
Total: 2


Counting Total Number of/Saving collected histograms...
[1m[94mSaving to: [1m[92m"Unfolded_Parallel_SIDIS_epip_Response_Matrices_from_RDataFrames_Only_3D_rho0_Normalized_Response_Matrices_Final_Analysis_Iterations_I0_All.root"[0m

[1m[96mDone Saving![0m

Final Count = 602


Current Time: [1m03:50 a.m.[0m
Time Elapsed Up To Now:
0 Day(s), 2 Hour(s), 7 Minute(s), and 20 Second(s).

[94mNormal Unfolding Fits Already Included? -> [1m[92mTrue[0m
[94mRC Unfolding Fits Already Included?     -> [91m[1mFalse[0m
[1mNot running BC... Did not check for BC fits.[0m

[1m[94mMaking the fits...[0m


[1mLoaded `[92mFind_RC_Fit_Params[0m[1m` and `[92mApply_RC_Factor_Corrections[0m[1m` for applying RC Corrections...[0m

Fitting for: [1m(MultiDim_3D_Histo)_(Bayesian)_(SMEAR=Smear)_(Q2_y_Bin_13)_(z_pT_Bin_1)_(MultiDim_z_pT_Bin_Y_bin_phi_t)[0m (Histo Num   414)
Fitting for: [1m(MultiDim_3D_Histo)_(Bayesian)_(SMEAR=Smear)_(Q2_y_Bin_13)_(z_pT_Bin_2)_(MultiDim_z_pT_Bin_Y_bin_phi_t)[0m (Histo Num   415)
Fitting for: [1m(MultiDim_3D_Histo)_(Bayesian)_(SMEAR=Smear)_(Q2_y_Bin_13)_(z_pT_Bin_3)_(MultiDim_z_pT_Bin_Y_bin_phi_t)[0m (Histo Num   416)
Fitting for: [1m(MultiDim_3D_Histo)_(Bayesian)_(SMEAR=Smear)_(Q2_y_Bin_13)_(z_pT_Bin_4)_(MultiDim_z_pT_Bin_Y_bin_phi_t)[0m (Histo Num   417)
Fitting for: [1m(MultiDim_3D_Histo)_(Bayesian)_(SMEAR=Smear)_(Q2_y_Bin_13)_(z_pT_Bin_5)_(MultiDim_z_pT_Bin_Y_bin_phi_t)[0m (Histo Num   418)
Fitting for: [1m(MultiDim_3D_Histo)_(Bayesian)_(SMEAR=Smear)_(Q2_y_Bin_13)_(z_pT_Bin_6)_(MultiDim_z_pT_Bin_Y_bin_phi_t)[0m (Histo Num   419)
Fitting for: [1m(MultiDim_3D_Histo)_(Bayesian)_(SMEAR=Smear)_(Q2_y_Bin_13)_(z_pT_Bin_7)_(MultiDim_z_pT_Bin_Y_bin_phi_t)[0m (Histo Num   420)
Fitting for: [1m(MultiDim_3D_Histo)_(Bayesian)_(SMEAR=Smear)_(Q2_y_Bin_13)_(z_pT_Bin_8)_(MultiDim_z_pT_Bin_Y_bin_phi_t)[0m (Histo Num   421)
Fitting for: [1m(MultiDim_3D_Histo)_(Bayesian)_(SMEAR=Smear)_(Q2_y_Bin_13)_(z_pT_Bin_9)_(MultiDim_z_pT_Bin_Y_bin_phi_t)[0m (Histo Num   422)
Fitting for: [1m(MultiDim_3D_Histo)_(Bayesian)_(SMEAR=Smear)_(Q2_y_Bin_13)_(z_pT_Bin_10)_(MultiDim_z_pT_Bin_Y_bin_phi_t)[0m (Histo Num   423)
Fitting for: [1m(MultiDim_3D_Histo)_(Bayesian)_(SMEAR=Smear)_(Q2_y_Bin_13)_(z_pT_Bin_11)_(MultiDim_z_pT_Bin_Y_bin_phi_t)[0m (Histo Num   424)
Fitting for: [1m(MultiDim_3D_Histo)_(Bayesian)_(SMEAR=Smear)_(Q2_y_Bin_13)_(z_pT_Bin_12)_(MultiDim_z_pT_Bin_Y_bin_phi_t)[0m (Histo Num   425)
Fitting for: [1m(MultiDim_3D_Histo)_(Bayesian)_(SMEAR=Smear)_(Q2_y_Bin_13)_(z_pT_Bin_13)_(MultiDim_z_pT_Bin_Y_bin_phi_t)[0m (Histo Num   426)
Fitting for: [1m(MultiDim_3D_Histo)_(Bayesian)_(SMEAR=Smear)_(Q2_y_Bin_13)_(z_pT_Bin_14)_(MultiDim_z_pT_Bin_Y_bin_phi_t)[0m (Histo Num   427)
Fitting for: [1m(MultiDim_3D_Histo)_(Bayesian)_(SMEAR=Smear)_(Q2_y_Bin_13)_(z_pT_Bin_15)_(MultiDim_z_pT_Bin_Y_bin_phi_t)[0m (Histo Num   428)
Fitting for: [1m(MultiDim_3D_Histo)_(Bayesian)_(SMEAR=Smear)_(Q2_y_Bin_13)_(z_pT_Bin_16)_(MultiDim_z_pT_Bin_Y_bin_phi_t)[0m (Histo Num   429)
Fitting for: [1m(MultiDim_3D_Histo)_(Bayesian)_(SMEAR=Smear)_(Q2_y_Bin_13)_(z_pT_Bin_17)_(MultiDim_z_pT_Bin_Y_bin_phi_t)[0m (Histo Num   430)
Fitting for: [1m(MultiDim_3D_Histo)_(Bayesian)_(SMEAR=Smear)_(Q2_y_Bin_13)_(z_pT_Bin_18)_(MultiDim_z_pT_Bin_Y_bin_phi_t)[0m (Histo Num   431)
Fitting for: [1m(MultiDim_3D_Histo)_(Bayesian)_(SMEAR=Smear)_(Q2_y_Bin_13)_(z_pT_Bin_19)_(MultiDim_z_pT_Bin_Y_bin_phi_t)[0m (Histo Num   432)
Fitting for: [1m(MultiDim_3D_Histo)_(Bayesian)_(SMEAR=Smear)_(Q2_y_Bin_13)_(z_pT_Bin_21)_(MultiDim_z_pT_Bin_Y_bin_phi_t)[0m (Histo Num   433)
Fitting for: [1m(MultiDim_3D_Histo)_(Bayesian)_(SMEAR=Smear)_(Q2_y_Bin_13)_(z_pT_Bin_22)_(MultiDim_z_pT_Bin_Y_bin_phi_t)[0m (Histo Num   434)
Fitting for: [1m(MultiDim_3D_Histo)_(Bayesian)_(SMEAR=Smear)_(Q2_y_Bin_13)_(z_pT_Bin_23)_(MultiDim_z_pT_Bin_Y_bin_phi_t)[0m (Histo Num   435)
Fitting for: [1m(MultiDim_3D_Histo)_(Bayesian)_(SMEAR=Smear)_(Q2_y_Bin_13)_(z_pT_Bin_24)_(MultiDim_z_pT_Bin_Y_bin_phi_t)[0m (Histo Num   436)
Fitting for: [1m(MultiDim_3D_Histo)_(Bayesian)_(SMEAR=Smear)_(Q2_y_Bin_13)_(z_pT_Bin_26)_(MultiDim_z_pT_Bin_Y_bin_phi_t)[0m (Histo Num   437)
Fitting for: [1m(MultiDim_3D_Histo)_(Bayesian)_(SMEAR=Smear)_(Q2_y_Bin_13)_(z_pT_Bin_27)_(MultiDim_z_pT_Bin_Y_bin_phi_t)[0m (Histo Num   438)
Fitting for: [1m(MultiDim_3D_Histo)_(Bayesian)_(SMEAR=Smear)_(Q2_y_Bin_13)_(z_pT_Bin_28)_(MultiDim_z_pT_Bin_Y_bin_phi_t)[0m (Histo Num   439)

[1m[94mFit/Added [0m[1m26[1m[94m Histograms[0m[94m
Adding to Main List...[0m

[1m[92mLength of Main List of Histograms (After adding Fits): [0m[1m758[0m


Current Time: [1m03:50 a.m.[0m
Time Elapsed Up To Now:
0 Day(s), 2 Hour(s), 7 Minute(s), and 25 Second(s).



Counting Total Number of/Saving collected histograms...
[1m[94mSaving to: [1m[92m"Unfolded_Parallel_SIDIS_epip_Response_Matrices_from_RDataFrames_Only_3D_rho0_Normalized_Response_Matrices_Final_Analysis_Iterations_I0_All.root"[0m

[1m[96mDone Saving![0m

Final Count = 758


Current Time: [1m03:54 a.m.[0m
Time Elapsed Up To Now:
0 Day(s), 2 Hour(s), 11 Minute(s), and 30 Second(s).


[1m[94mSaved Fit Parameters JSON as [1m[92mFit_Pars_from_Simple_RooUnfold_SelfContained_using_"Unfolded_Parallel_SIDIS_epip_Response_Matrices_from_RDataFrames_Only_3D_rho0_Normalized_Response_Matrices_Final_Analysis_Iterations_I0_All".json[1m[94m (total entries now = 3)[0m

[1m[96mDone Saving JSON File.[0m
Time Elapsed Up To Now: 0 Day(s), 2 Hour(s), 11 Minute(s), and 30 Second(s). 

[1m[94mSaved Fit Parameters JSON as [1m[92mFit_Pars_from_Simple_RooUnfold_SelfContained_using_"Unfolded_Parallel_SIDIS_epip_Response_Matrices_from_RDataFrames_Only_3D_rho0_Normalized_Response_Matrices_Final_Analysis_Iterations_I0_All".json[1m[94m (total entries now = 3)[0m

[1m[96mDone Saving JSON File.[0m
Time Elapsed Up To Now: 0 Day(s), 2 Hour(s), 11 Minute(s), and 30 Second(s). 




[1m[43mEMAIL MESSAGE TO SEND:[0m


The 'Simple_RooUnfold_SelfContained.py' script has finished running.
Started running on [1m5-26-2026[0m at [1m01:42 a.m.[0m

Input File:
	/w/hallb-scshelf2102/clas12/richcap/SIDIS_Analysis/Histo_Files_ROOT/DataFrames/hadd_ROOT_files_From_using_RDataFrames/SIDIS_epip_Response_Matrices_from_RDataFrames_Only_3D_rho0_Normalized_Response_Matrices_Final_Analysis_Iterations_I0_All.root
Output File:
	"Unfolded_Parallel_SIDIS_epip_Response_Matrices_from_RDataFrames_Only_3D_rho0_Normalized_Response_Matrices_Final_Analysis_Iterations_I0_All.root"

Ran in parallel using the histograms in the ROOT files from the newest Final_Analysis_Iterations files. Ran with Harut's exclusive 'lundrho' rho0 events subtracted as background after proper normalization. Saving the fits to the new JSON file formats. Ran in tmuxSIDIS_1.

	[1mBegan Unfolding Histogram:[0m
	((Histo-Group='Response_Matrix_Normal'), (Data-Cut='cut_Complete_SIDIS'), (Smear-Type='smear'), (Binning-Type='Y_bin'-[Q2-y-Bin=13, z-PT-Bin=All]), (Var-D1='MultiDim_z_pT_Bin_Y_bin_phi_t'))
Time Elapsed Up To Now: 0 Day(s), 0 Hour(s), 0 Minute(s), and 2 Second(s). 
	Finished Unfolding the histogram at:
Time Elapsed Up To Now: 0 Day(s), 2 Hour(s), 3 Minute(s), and 32 Second(s). 
[1m[96mDone Saving JSON File.[0m
Time Elapsed Up To Now: 0 Day(s), 2 Hour(s), 11 Minute(s), and 30 Second(s). 
[1m[96mDone Saving JSON File.[0m
Time Elapsed Up To Now: 0 Day(s), 2 Hour(s), 11 Minute(s), and 30 Second(s). 

Arguments:
--unfolding_3D (3D Unfolding Only)                  --> True
--run_sectors                                       --> False
--sectors_to_unfold                                 --> None
--allow_other_variables (for unfolding)             --> False
--simulation (unfolding synthetic data)             --> False
--modulation (data unfolded with modulated MC)      --> False
--closure  (modulated MC unfolded with itself)      --> False
--weighed_acceptance (use acceptance weights only)  --> False
--test                                              --> False
--verbose                                           --> False
--fit                                               --> True
--remake_fit                                        --> False
--CrossSection_Norm                                 --> False
--tag_proton                                        --> False
--cut_proton                                        --> False
--Common_Int_Bins                                   --> False
--bayes_iterations                                  --> 13
--Num_Toys                                          --> 500
--Unfold_Methods                                    --> ['Bayesian']
--title                                             --> 'rho0 Normalized Run'
--EvGen                                             --> False
--Min_Allowed_Acceptance_Cut                        --> 0.0005
--Use_TTree                                         --> False
--Apply_RC                                          --> True
--Apply_BC                                          --> False
--Add_Uncertainties                                 --> False
--save_json                                         --> True
--old_json                                          --> False
--pass_version                                      --> 'Pass 2'
--smearing_options                                  --> 'smear'
--Q2_y_Bin_List                                     --> ['13', '0']
--Run_5D_Unfold                                     --> False
--run_sec_unfold                                    --> False
--json_name                                         --> 'Fit_Pars_from_Simple_RooUnfold_SelfContained_using_"Unfolded_Parallel_SIDIS_epip_Response_Matrices_from_RDataFrames_Only_3D_rho0_Normalized_Response_Matrices_Final_Analysis_Iterations_I0_All".json'


The time that this code finished is [1m03:54 a.m.[0m
The total time the code took to run is:
0 Day(s), 2 Hour(s), 11 Minute(s), and 30 Second(s).
Saved 758 Histograms...
Rate = 0.10 Histograms/Seconds
    

[1m[92m[43m
    	                                   	   
    	This code has now finished running.	   
    	                                   	   [0m
    
    
