Full command: ./Simple_RooUnfold_SelfContained.py --root "Unfolded_Parallel_SIDIS_epip_Response_Matrices_from_RDataFrames_Only_3D_rho0_Normalized_Response_Matrices_Final_Analysis_Iterations_I0_All.root" --single_file_input /w/hallb-scshelf2102/clas12/richcap/SIDIS_Analysis/Histo_Files_ROOT/DataFrames/hadd_ROOT_files_From_using_RDataFrames/SIDIS_epip_Response_Matrices_from_RDataFrames_Only_3D_rho0_Normalized_Response_Matrices_Final_Analysis_Iterations_I0_All.root --unfolding_3D --Apply_RC --fit --smear --save_json -em 'Ran in parallel using the histograms in the ROOT files from the newest Final_Analysis_Iterations files. Ran with Harut's exclusive 'lundrho' rho0 events subtracted as background after proper normalization. Saving the fits to the new JSON file formats. Ran in tmuxSIDIS_1.' -ti 'rho0 Normalized Run' 1
TH1D::Sumw2:0: RuntimeWarning: Sum of squares of weights structure already created
Subtract 85602.7 fakes from measured distribution
Using response matrix priors
Priors:

Vector (915)  is as follows

     |        1  |
------------------
   0 |0 
   1 |0.615862 
   2 |0.000628232 
   3 |0.000651833 
   4 |0.000637052 
   5 |0.000633941 
   6 |0.000631812 
   7 |0.000596418 
   8 |0.000641222 
   9 |0.0006429 
  10 |0.000639102 
  11 |0.000657578 
  12 |0.000628189 
  13 |0.000626024 
  14 |0.000627962 
  15 |0.000643117 
  16 |0.000617683 
  17 |0.000627519 
  18 |0.000646524 
  19 |0.000616796 
  20 |0.000636862 
  21 |0.000626391 
  22 |0.000620167 
  23 |0.000634175 
  24 |0.000647194 
  25 |0.000636793 
  26 |0.000662618 
  27 |0.000655909 
  28 |0.000682779 
  29 |0.000640101 
  30 |0.000648662 
  31 |0.000652503 
  32 |0.000664224 
  33 |0.000660393 
  34 |0.000648688 
  35 |0.000636583 
  36 |0.000675219 
  37 |0.000661123 
  38 |0.000645272 
  39 |0.000642979 
  40 |0.00066884 
  41 |0.000660453 
  42 |0.00067222 
  43 |0.000670978 
  44 |0.000653199 
  45 |0.00062426 
  46 |0.000657266 
  47 |0.000657726 
  48 |0.000638652 
  49 |0.000662158 
  50 |0.000705016 
  51 |0.000746304 
  52 |0.000726176 
  53 |0.000763699 
  54 |0.000745729 
  55 |0.000749021 
  56 |0.000733824 
  57 |0.000747441 
  58 |0.000763246 
  59 |0.000723742 
  60 |0.000743495 
  61 |0.000768019 
  62 |0.000727914 
  63 |0.000728584 
  64 |0.00077816 
  65 |0.00075156 
  66 |0.00072137 
  67 |0.000735483 
  68 |0.000715043 
  69 |0.00074113 
  70 |0.000735605 
  71 |0.0007341 
  72 |0.000719537 
  73 |0.000740844 
  74 |0.000696915 
  75 |0.000705529 
  76 |0.000702947 
  77 |0.000684228 
  78 |0.000708246 
  79 |0.000694248 
  80 |0.000719518 
  81 |0.000700417 
  82 |0.00069363 
  83 |0.000714816 
  84 |0.00070114 
  85 |0.000682638 
  86 |0.000714061 
  87 |0.000734544 
  88 |0.000716669 
  89 |0.000698081 
  90 |0.00068024 
  91 |0.000698758 
  92 |0.000720161 
  93 |0.000703423 
  94 |0.000674192 
  95 |0.000713834 
  96 |0.00069045 
  97 |0.000711229 
  98 |0.000658453 
  99 |0.000649832 
 100 |0.000649553 
 101 |0.00063751 
 102 |0.00062544 
 103 |0.000641334 
 104 |0.00065204 
 105 |0.000639813 
 106 |0.000605453 
 107 |0.000638318 
 108 |0.000643262 
 109 |0.000620043 
 110 |0.000639195 
 111 |0.000652083 
 112 |0.000617992 
 113 |0.000643298 
 114 |0.00065249 
 115 |0.000654672 
 116 |0.000636702 
 117 |0.000657142 
 118 |0.000675651 
 119 |0.000627812 
 120 |0.00064912 
 121 |0.000647799 
 122 |0.000487364 
 123 |0.000495942 
 124 |0.000476815 
 125 |0.000490258 
 126 |0.00047578 
 127 |0.000489581 
 128 |0.000502624 
 129 |0.00048534 
 130 |0.000467604 
 131 |0.000508967 
 132 |0.000476372 
 133 |0.000504171 
 134 |0.000470932 
 135 |0.00047287 
 136 |0.000489398 
 137 |0.000487338 
 138 |0.000494003 
 139 |0.000496385 
 140 |0.00047758 
 141 |0.000493734 
 142 |0.000485879 
 143 |0.000479335 
 144 |0.000479883 
 145 |0.000504953 
 146 |0.000426552 
 147 |0.000435885 
 148 |0.000442837 
 149 |0.000435833 
 150 |0.000423658 
 151 |0.000426848 
 152 |0.000459217 
 153 |0.000431201 
 154 |0.000432331 
 155 |0.000441881 
 156 |0.000428533 
 157 |0.000437189 
 158 |0.000427239 
 159 |0.00043897 
 160 |0.000423684 
 161 |0.000437137 
 162 |0.000429003 
 163 |0.00043598 
 164 |0.000434138 
 165 |0.000404505 
 166 |0.000435425 
 167 |0.000435563 
 168 |0.000455245 
 169 |0.000443914 
 170 |0.000538833 
 171 |0.000561314 
 172 |0.000556656 
 173 |0.000545315 
 174 |0.000570421 
 175 |0.000544681 
 176 |0.000557855 
 177 |0.000562313 
 178 |0.000538459 
 179 |0.000576225 
 180 |0.000549678 
 181 |0.000567996 
 182 |0.000537122 
 183 |0.000549678 
 184 |0.000559054 
 185 |0.000570003 
 186 |0.000566528 
 187 |0.00057341 
 188 |0.000571472 
 189 |0.000558889 
 190 |0.000559228 
 191 |0.000553042 
 192 |0.000555631 
 193 |0.000543604 
 194 |0.000605772 
 195 |0.00061202 
 196 |0.00062184 
 197 |0.00061978 
 198 |0.000608535 
 199 |0.000612063 
 200 |0.000595535 
 201 |0.000607214 
 202 |0.000597221 
 203 |0.000603817 
 204 |0.000613167 
 205 |0.000631538 
 206 |0.000619225 
 207 |0.000601932 
 208 |0.000618033 
 209 |0.000619954 
 210 |0.000644537 
 211 |0.000600263 
 212 |0.000607093 
 213 |0.000619094 
 214 |0.000604764 
 215 |0.000600523 
 216 |0.000602149 
 217 |0.000624021 
 218 |0.00072779 
 219 |0.000723394 
 220 |0.000718483 
 221 |0.000744945 
 222 |0.000717119 
 223 |0.00073733 
 224 |0.000702684 
 225 |0.000735533 
 226 |0.000733414 
 227 |0.000733526 
 228 |0.000729025 
 229 |0.000717057 
 230 |0.000721265 
 231 |0.000734107 
 232 |0.000711679 
 233 |0.000750106 
 234 |0.000723236 
 235 |0.000722011 
 236 |0.000758066 
 237 |0.000713686 
 238 |0.000729101 
 239 |0.000715608 
 240 |0.000714685 
 241 |0.000688207 
 242 |0.000680447 
 243 |0.000679343 
 244 |0.000667829 
 245 |0.000672461 
 246 |0.000677014 
 247 |0.000649901 
 248 |0.00065435 
 249 |0.000662615 
 250 |0.000669107 
 251 |0.000673798 
 252 |0.000669645 
 253 |0.000659278 
 254 |0.000677214 
 255 |0.000666899 
 256 |0.000663275 
 257 |0.0006775 
 258 |0.000668532 
 259 |0.000674399 
 260 |0.000676597 
 261 |0.000680178 
 262 |0.000657861 
 263 |0.000679048 
 264 |0.000684462 
 265 |0.000666856 
 266 |0.000532273 
 267 |0.000541849 
 268 |0.000558863 
 269 |0.000556596 
 270 |0.000536261 
 271 |0.000581153 
 272 |0.000541363 
 273 |0.000547306 
 274 |0.000567076 
 275 |0.000558482 
 276 |0.000564964 
 277 |0.000558334 
 278 |0.000558107 
 279 |0.000548288 
 280 |0.000567319 
 281 |0.000565042 
 282 |0.000540588 
 283 |0.000558377 
 284 |0.000557273 
 285 |0.000554875 
 286 |0.000571534 
 287 |0.000544586 
 288 |0.000553285 
 289 |0.000553259 
 290 |0.000380156 
 291 |0.000385517 
 292 |0.000371509 
 293 |0.000374081 
 294 |0.000387846 
 295 |0.000391253 
 296 |0.000372196 
 297 |0.000372517 
 298 |0.000385005 
 299 |0.000374942 
 300 |0.00037528 
 301 |0.000369702 
 302 |0.00038192 
 303 |0.000403983 
 304 |0.000400803 
 305 |0.000371831 
 306 |0.00040102 
 307 |0.000378592 
 308 |0.000396319 
 309 |0.000371805 
 310 |0.000387455 
 311 |0.000384075 
 312 |0.000372074 
 313 |0.000386916 
 314 |0.000351818 
 315 |0.000330953 
 316 |0.000339156 
 317 |0.000348099 
 318 |0.0003191 
 319 |0.000320447 
 320 |0.00033257 
 321 |0.000325148 
 322 |0.000335411 
 323 |0.000342711 
 324 |0.000340112 
 325 |0.000336098 
 326 |0.00033257 
 327 |0.000334038 
 328 |0.000326104 
 329 |0.00031048 
 330 |0.000316945 
 331 |0.000338766 
 332 |0.000329606 
 333 |0.000324367 
 334 |0.000337149 
 335 |0.000343641 
 336 |0.000330536 
 337 |0.00032799 
 338 |0.000529421 
 339 |0.000515413 
 340 |0.00049793 
 341 |0.000505394 
 342 |0.000477308 
 343 |0.000505055 
 344 |0.000508166 
 345 |0.000497095 
 346 |0.000495722 
 347 |0.00051311 
 348 |0.000500259 
 349 |0.000503317 
 350 |0.000487841 
 351 |0.000487667 
 352 |0.00052565 
 353 |0.000509487 
 354 |0.000503143 
 355 |0.000484408 
 356 |0.000507358 
 357 |0.000492299 
 358 |0.000501648 
 359 |0.000492272 
 360 |0.000511816 
 361 |0.000478629 
 362 |0.000563288 
 363 |0.000575932 
 364 |0.00056653 
 365 |0.000579218 
 366 |0.000569224 
 367 |0.000563374 
 368 |0.000567937 
 369 |0.000588949 
 370 |0.000566974 
 371 |0.000557431 
 372 |0.000590687 
 373 |0.000564783 
 374 |0.000600949 
 375 |0.000567467 
 376 |0.000577313 
 377 |0.000573942 
 378 |0.000586012 
 379 |0.00058655 
 380 |0.000574733 
 381 |0.000567546 
 382 |0.000590115 
 383 |0.0005581 
 384 |0.000580042 
 385 |0.000576636 
 386 |0.000685506 
 387 |0.000690946 
 388 |0.000683177 
 389 |0.00065184 
 390 |0.000685148 
 391 |0.000688669 
 392 |0.000678995 
 393 |0.000679005 
 394 |0.000681613 
 395 |0.000679632 
 396 |0.000700365 
 397 |0.000654987 
 398 |0.000694849 
 399 |0.000659418 
 400 |0.000677441 
 401 |0.000696975 
 402 |0.000658062 
 403 |0.000673321 
 404 |0.00067247 
 405 |0.000689399 
 406 |0.000688042 
 407 |0.000673495 
 408 |0.000683906 
 409 |0.000698722 
 410 |0.000576261 
 411 |0.00056592 
 412 |0.000577878 
 413 |0.000581422 
 414 |0.000594727 
 415 |0.000610621 
 416 |0.000589947 
 417 |0.000584629 
 418 |0.000588357 
 419 |0.000581449 
 420 |0.000586393 
 421 |0.000575966 
 422 |0.000573055 
 423 |0.000609412 
 424 |0.000605434 
 425 |0.000601367 
 426 |0.000572342 
 427 |0.000582431 
 428 |0.00059 
 429 |0.000575401 
 430 |0.000604225 
 431 |0.000578538 
 432 |0.000594649 
 433 |0.000591268 
 434 |0.000457712 
 435 |0.000454601 
 436 |0.000465699 
 437 |0.000487075 
 438 |0.000456687 
 439 |0.000439933 
 440 |0.000468123 
 441 |0.000457174 
 442 |0.000465255 
 443 |0.000475249 
 444 |0.000466724 
 445 |0.000479828 
 446 |0.000466898 
 447 |0.00045196 
 448 |0.000477013 
 449 |0.000460432 
 450 |0.000469201 
 451 |0.000462049 
 452 |0.000469444 
 453 |0.000484677 
 454 |0.000468002 
 455 |0.000447745 
 456 |0.000442801 
 457 |0.000457321 
 458 |0.000294048 
 459 |0.000294977 
 460 |0.000288781 
 461 |0.000300904 
 462 |0.000305753 
 463 |0.000296055 
 464 |0.000298627 
 465 |0.00030617 
 466 |0.000308716 
 467 |0.000304406 
 468 |0.000296594 
 469 |0.000294438 
 470 |0.000300782 
 471 |0.000316676 
 472 |0.000307517 
 473 |0.000313322 
 474 |0.000284471 
 475 |0.000295933 
 476 |0.000313295 
 477 |0.000304675 
 478 |0.000303893 
 479 |0.000296324 
 480 |0.000299018 
 481 |0.000308177 
 482 |0 
 483 |0.000457617 
 484 |0.000465846 
 485 |0.000468714 
 486 |0.000482522 
 487 |0.000479585 
 488 |0.000472285 
 489 |0.000464995 
 490 |0.000474414 
 491 |0.000468957 
 492 |0.000467098 
 493 |0.000474319 
 494 |0.000470426 
 495 |0.000449388 
 496 |0.000469227 
 497 |0.000494428 
 498 |0.000483652 
 499 |0.000451152 
 500 |0.000437683 
 501 |0.000477969 
 502 |0.000453212 
 503 |0.000475935 
 504 |0.000475718 
 505 |0.000468497 
 506 |0.000446477 
 507 |0.000574474 
 508 |0.000566044 
 509 |0.000579983 
 510 |0.00057589 
 511 |0.000555121 
 512 |0.000559779 
 513 |0.000583902 
 514 |0.00057767 
 515 |0.000579191 
 516 |0.000565722 
 517 |0.000574829 
 518 |0.00057496 
 519 |0.000578192 
 520 |0.000530571 
 521 |0.000576123 
 522 |0.000583363 
 523 |0.000597214 
 524 |0.000574907 
 525 |0.000554096 
 526 |0.000584171 
 527 |0.000553488 
 528 |0.000579671 
 529 |0.000563317 
 530 |0.00058385 
 531 |0.000624517 
 532 |0.000647224 
 533 |0.000627507 
 534 |0.000616314 
 535 |0.000632182 
 536 |0.000656791 
 537 |0.000643939 
 538 |0.0006434 
 539 |0.00064818 
 540 |0.000642349 
 541 |0.000660572 
 542 |0.00064679 
 543 |0.000659425 
 544 |0.0006182 
 545 |0.000622467 
 546 |0.000635345 
 547 |0.000623614 
 548 |0.000616436 
 549 |0.000659642 
 550 |0.000615167 
 551 |0.000648059 
 552 |0.0006377 
 553 |0.000613689 
 554 |0.000636961 
 555 |0.000528856 
 556 |0.000540318 
 557 |0.00051862 
 558 |0.00055298 
 559 |0.000521583 
 560 |0.000550407 
 561 |0.000515118 
 562 |0.00054044 
 563 |0.000554448 
 564 |0.000536373 
 565 |0.000531255 
 566 |0.000546271 
 567 |0.000550381 
 568 |0.000560279 
 569 |0.000517247 
 570 |0.000516908 
 571 |0.000518646 
 572 |0.0005616 
 573 |0.00052631 
 574 |0.000520088 
 575 |0.000528804 
 576 |0.00054953 
 577 |0.000549504 
 578 |0.000523373 
 579 |0.000402731 
 580 |0.000393181 
 581 |0.000406799 
 582 |0.000420511 
 583 |0.000426046 
 584 |0.000399229 
 585 |0.000411621 
 586 |0.000411621 
 587 |0.000408389 
 588 |0.000399229 
 589 |0.000440715 
 590 |0.00041216 
 591 |0.000385639 
 592 |0.000416618 
 593 |0.000404348 
 594 |0.000386299 
 595 |0.000392764 
 596 |0.000396536 
 597 |0.000411352 
 598 |0.00040758 
 599 |0.000402071 
 600 |0.000392495 
 601 |0.000400455 
 602 |0.000412038 
 603 |0 
 604 |0 
 605 |0.000438274 
 606 |0.00047856 
 607 |0.000462788 
 608 |0.000461224 
 609 |0.000452361 
 610 |0.000466168 
 611 |0.000449535 
 612 |0.00045037 
 613 |0.000474233 
 614 |0.000438369 
 615 |0.000445078 
 616 |0.000445278 
 617 |0.000478508 
 618 |0.000457226 
 619 |0.000462857 
 620 |0.000466333 
 621 |0.000467584 
 622 |0.000452821 
 623 |0.00045534 
 624 |0.000450396 
 625 |0.000449049 
 626 |0.000454437 
 627 |0.000466385 
 628 |0.000454141 
 629 |0.000573475 
 630 |0.00054949 
 631 |0.000573856 
 632 |0.000609451 
 633 |0.0005952 
 634 |0.000580226 
 635 |0.000579749 
 636 |0.000575456 
 637 |0.00056535 
 638 |0.00055473 
 639 |0.000584868 
 640 |0.000557528 
 641 |0.000579053 
 642 |0.000561152 
 643 |0.000581704 
 644 |0.000556251 
 645 |0.0005731 
 646 |0.000574838 
 647 |0.000582217 
 648 |0.00056767 
 649 |0.000576264 
 650 |0.000571231 
 651 |0.000558189 
 652 |0.00057603 
 653 |0.000623134 
 654 |0.000624281 
 655 |0.00062369 
 656 |0.000614826 
 657 |0.000589139 
 658 |0.000621466 
 659 |0.000597438 
 660 |0.000621265 
 661 |0.000598663 
 662 |0.000632458 
 663 |0.00064485 
 664 |0.000619041 
 665 |0.000631972 
 666 |0.00061228 
 667 |0.00064617 
 668 |0.000613775 
 669 |0.000595135 
 670 |0.000618381 
 671 |0.000600992 
 672 |0.000611646 
 673 |0.000622734 
 674 |0.000635648 
 675 |0.000609899 
 676 |0.000628174 
 677 |0.000501501 
 678 |0.000510364 
 679 |0.000514257 
 680 |0.000492706 
 681 |0.000497703 
 682 |0.000492706 
 683 |0.000524372 
 684 |0.000506984 
 685 |0.000503899 
 686 |0.000494323 
 687 |0.000494592 
 688 |0.000488396 
 689 |0.000492854 
 690 |0.000483547 
 691 |0.000483843 
 692 |0.000506054 
 693 |0.000515335 
 694 |0.000498242 
 695 |0.000510364 
 696 |0.000490699 
 697 |0.000519671 
 698 |0.000504559 
 699 |0.000512398 
 700 |0.000496921 
 701 |0 
 702 |0 
 703 |0 
 704 |0 
 705 |0 
 706 |0 
 707 |0 
 708 |0 
 709 |0 
 710 |0 
 711 |0 
 712 |0 
 713 |0 
 714 |0 
 715 |0 
 716 |0 
 717 |0 
 718 |0 
 719 |0 
 720 |0 
 721 |0 
 722 |0 
 723 |0 
 724 |0 
 725 |0 
 726 |0 
 727 |0 
 728 |0 
 729 |0 
 730 |0 
 731 |0 
 732 |0 
 733 |0 
 734 |0 
 735 |0 
 736 |0 
 737 |0 
 738 |0 
 739 |0 
 740 |0 
 741 |0 
 742 |0 
 743 |0 
 744 |0 
 745 |0 
 746 |0 
 747 |0 
 748 |0 
 749 |0 
 750 |0 
 751 |0 
 752 |0 
 753 |0 
 754 |0 
 755 |0 
 756 |0 
 757 |0 
 758 |0 
 759 |0 
 760 |0 
 761 |0 
 762 |0 
 763 |0 
 764 |0 
 765 |0 
 766 |0 
 767 |0 
 768 |0 
 769 |0 
 770 |0 
 771 |0 
 772 |0 
 773 |0 
 774 |0 
 775 |0 
 776 |0 
 777 |0 
 778 |0 
 779 |0 
 780 |0 
 781 |0 
 782 |0 
 783 |0 
 784 |0 
 785 |0 
 786 |0 
 787 |0 
 788 |0 
 789 |0 
 790 |0 
 791 |0 
 792 |0 
 793 |0 
 794 |0 
 795 |0 
 796 |0 
 797 |0 
 798 |0 
 799 |0 
 800 |0 
 801 |0 
 802 |0 
 803 |0 
 804 |0 
 805 |0 
 806 |0 
 807 |0 
 808 |0 
 809 |0 
 810 |0 
 811 |0 
 812 |0 
 813 |0 
 814 |0 
 815 |0 
 816 |0 
 817 |0 
 818 |0 
 819 |0 
 820 |0 
 821 |0 
 822 |0 
 823 |0 
 824 |0 
 825 |0 
 826 |0 
 827 |0 
 828 |0 
 829 |0 
 830 |0 
 831 |0 
 832 |0 
 833 |0 
 834 |0 
 835 |0 
 836 |0 
 837 |0 
 838 |0 
 839 |0 
 840 |0 
 841 |0 
 842 |0 
 843 |0 
 844 |0 
 845 |0 
 846 |0 
 847 |0 
 848 |0 
 849 |0 
 850 |0 
 851 |0 
 852 |0 
 853 |0 
 854 |0 
 855 |0 
 856 |0 
 857 |0 
 858 |0 
 859 |0 
 860 |0 
 861 |0 
 862 |0 
 863 |0 
 864 |0 
 865 |0 
 866 |0 
 867 |0 
 868 |0 
 869 |0 
 870 |0 
 871 |0 
 872 |0 
 873 |0 
 874 |0 
 875 |0 
 876 |0 
 877 |0 
 878 |0 
 879 |0 
 880 |0 
 881 |0 
 882 |0 
 883 |0 
 884 |0 
 885 |0 
 886 |0 
 887 |0 
 888 |0 
 889 |0 
 890 |0 
 891 |0 
 892 |0 
 893 |0 
 894 |0 
 895 |0 
 896 |0 
 897 |0 
 898 |0 
 899 |0 
 900 |0 
 901 |0 
 902 |0 
 903 |0 
 904 |0 
 905 |0 
 906 |0 
 907 |0 
 908 |0 
 909 |0 
 910 |0 
 911 |0 
 912 |0 
 913 |0 
 914 |0 

Now unfolding...
Iteration : 0
Chi^2 of change 517493
Iteration : 1
Chi^2 of change 50896.4
Iteration : 2
Chi^2 of change 13454.1
Iteration : 3
Chi^2 of change 4224.57
Iteration : 4
Chi^2 of change 1568.32
Iteration : 5
Chi^2 of change 679.287
Iteration : 6
Chi^2 of change 337.008
Iteration : 7
Chi^2 of change 187.863
Iteration : 8
Chi^2 of change 115.453
Iteration : 9
Chi^2 of change 76.8409
Iteration : 10
Chi^2 of change 54.5301
Iteration : 11
Chi^2 of change 40.7433
Iteration : 12
Chi^2 of change 31.744
Using response matrix priors
Calculating covariances due to number of measured events
Using response matrix priors
Using response matrix priors
Using response matrix priors
Using response matrix priors
Using response matrix priors
Using response matrix priors
Using response matrix priors
Using response matrix priors
Using response matrix priors
Using response matrix priors
Using response matrix priors
Using response matrix priors
Using response matrix priors
Using response matrix priors
Using response matrix priors
Using response matrix priors
Using response matrix priors
Using response matrix priors
Using response matrix priors
Using response matrix priors
Using response matrix priors
Using response matrix priors
Using response matrix priors
Using response matrix priors
Using response matrix priors
Using response matrix priors
Using response matrix priors
Using response matrix priors
Using response matrix priors
Using response matrix priors
Using response matrix priors
Using response matrix priors
Using response matrix priors
Using response matrix priors
Using response matrix priors
Using response matrix priors
Using response matrix priors
Using response matrix priors
Using response matrix priors
Using response matrix priors
Using response matrix priors
Using response matrix priors
Using response matrix priors
Using response matrix priors
Using response matrix priors
Using response matrix priors
Using response matrix priors
Using response matrix priors
Using response matrix priors
Using response matrix priors
Using response matrix priors
Using response matrix priors
Using response matrix priors
Using response matrix priors
Using response matrix priors
Using response matrix priors
Using response matrix priors
Using response matrix priors
Using response matrix priors
Using response matrix priors
Using response matrix priors
Using response matrix priors
Using response matrix priors
Using response matrix priors
Using response matrix priors
Using response matrix priors
Using response matrix priors
Using response matrix priors
Using response matrix priors
Using response matrix priors
Using response matrix priors
Using response matrix priors
Using response matrix priors
Using response matrix priors
Using response matrix priors
Using response matrix priors
Using response matrix priors
Using response matrix priors
Using response matrix priors
Using response matrix priors
Using response matrix priors
Using response matrix priors
Using response matrix priors
Using response matrix priors
Using response matrix priors
Using response matrix priors
Using response matrix priors
Using response matrix priors
Using response matrix priors
Using response matrix priors
Using response matrix priors
Using response matrix priors
Using response matrix priors
Using response matrix priors
Using response matrix priors
Using response matrix priors
Using response matrix priors
Using response matrix priors
Using response matrix priors
Using response matrix priors
Using response matrix priors
Using response matrix priors
Using response matrix priors
Using response matrix priors
Using response matrix priors
Using response matrix priors
Using response matrix priors
Using response matrix priors
Using response matrix priors
Using response matrix priors
Using response matrix priors
Using response matrix priors
Using response matrix priors
Using response matrix priors
Using response matrix priors
Using response matrix priors
Using response matrix priors
Using response matrix priors
Using response matrix priors
Using response matrix priors
Using response matrix priors
Using response matrix priors
Using response matrix priors
Using response matrix priors
Using response matrix priors
Using response matrix priors
Using response matrix priors
Using response matrix priors
Using response matrix priors
Using response matrix priors
Using response matrix priors
Using response matrix priors
Using response matrix priors
Using response matrix priors
Using response matrix priors
Using response matrix priors
Using response matrix priors
Using response matrix priors
Using response matrix priors
Using response matrix priors
Using response matrix priors
Using response matrix priors
Using response matrix priors
Using response matrix priors
Using response matrix priors
Using response matrix priors
Using response matrix priors
Using response matrix priors
Using response matrix priors
Using response matrix priors
Using response matrix priors
Using response matrix priors
Using response matrix priors
Using response matrix priors
Using response matrix priors
Using response matrix priors
Using response matrix priors
Using response matrix priors
Using response matrix priors
Using response matrix priors
Using response matrix priors
Using response matrix priors
Using response matrix priors
Using response matrix priors
Using response matrix priors
Using response matrix priors
Using response matrix priors
Using response matrix priors
Using response matrix priors
Using response matrix priors
Using response matrix priors
Using response matrix priors
Using response matrix priors
Using response matrix priors
Using response matrix priors
Using response matrix priors
Using response matrix priors
Using response matrix priors
Using response matrix priors
Using response matrix priors
Using response matrix priors
Using response matrix priors
Using response matrix priors
Using response matrix priors
Using response matrix priors
Using response matrix priors
Using response matrix priors
Using response matrix priors
Using response matrix priors
Using response matrix priors
Using response matrix priors
Using response matrix priors
Using response matrix priors
Using response matrix priors
Using response matrix priors
Using response matrix priors
Using response matrix priors
Using response matrix priors
Using response matrix priors
Using response matrix priors
Using response matrix priors
Using response matrix priors
Using response matrix priors
Using response matrix priors
Using response matrix priors
Using response matrix priors
Using response matrix priors
Using response matrix priors
Using response matrix priors
Using response matrix priors
Using response matrix priors
Using response matrix priors
Using response matrix priors
Using response matrix priors
Using response matrix priors
Using response matrix priors
Using response matrix priors
Using response matrix priors
Using response matrix priors
Using response matrix priors
Using response matrix priors
Using response matrix priors
Using response matrix priors
Using response matrix priors
Using response matrix priors
Using response matrix priors
Using response matrix priors
Using response matrix priors
Using response matrix priors
Using response matrix priors
Using response matrix priors
Using response matrix priors
Using response matrix priors
Using response matrix priors
Using response matrix priors
Using response matrix priors
Using response matrix priors
Using response matrix priors
Using response matrix priors
Using response matrix priors
Using response matrix priors
Using response matrix priors
Using response matrix priors
Using response matrix priors
Using response matrix priors
Using response matrix priors
Using response matrix priors
Using response matrix priors
Using response matrix priors
Using response matrix priors
Using response matrix priors
Using response matrix priors
Using response matrix priors
Using response matrix priors
Using response matrix priors
Using response matrix priors
Using response matrix priors
Using response matrix priors
Using response matrix priors
Using response matrix priors
Using response matrix priors
Using response matrix priors
Using response matrix priors
Using response matrix priors
Using response matrix priors
Using response matrix priors
Using response matrix priors
Using response matrix priors
Using response matrix priors
Using response matrix priors
Using response matrix priors
Using response matrix priors
Using response matrix priors
Using response matrix priors
Using response matrix priors
Using response matrix priors
Using response matrix priors
Using response matrix priors
Using response matrix priors
Using response matrix priors
Using response matrix priors
Using response matrix priors
Using response matrix priors
Using response matrix priors
Using response matrix priors
Using response matrix priors
Using response matrix priors
Using response matrix priors
Using response matrix priors
Using response matrix priors
Using response matrix priors
Using response matrix priors
Using response matrix priors
Using response matrix priors
Using response matrix priors
Using response matrix priors
Using response matrix priors
Using response matrix priors
Using response matrix priors
Using response matrix priors
Using response matrix priors
Using response matrix priors
Using response matrix priors
Using response matrix priors
Using response matrix priors
Using response matrix priors
Using response matrix priors
Using response matrix priors
Using response matrix priors
Using response matrix priors
Using response matrix priors
Using response matrix priors
Using response matrix priors
Using response matrix priors
Using response matrix priors
Using response matrix priors
Using response matrix priors
Using response matrix priors
Using response matrix priors
Using response matrix priors
Using response matrix priors
Using response matrix priors
Using response matrix priors
Using response matrix priors
Using response matrix priors
Using response matrix priors
Using response matrix priors
Using response matrix priors
Using response matrix priors
Using response matrix priors
Using response matrix priors
Using response matrix priors
Using response matrix priors
Using response matrix priors
Using response matrix priors
Using response matrix priors
Using response matrix priors
Using response matrix priors
Using response matrix priors
Using response matrix priors
Using response matrix priors
Using response matrix priors
Using response matrix priors
Using response matrix priors
Using response matrix priors
Using response matrix priors
Using response matrix priors
Using response matrix priors
Using response matrix priors
Using response matrix priors
Using response matrix priors
Using response matrix priors
Using response matrix priors
Using response matrix priors
Using response matrix priors
Using response matrix priors
Using response matrix priors
Using response matrix priors
Using response matrix priors
Using response matrix priors
Using response matrix priors
Using response matrix priors
Using response matrix priors
Using response matrix priors
Using response matrix priors
Using response matrix priors
Using response matrix priors
Using response matrix priors
Using response matrix priors
Using response matrix priors
Using response matrix priors
Using response matrix priors
Using response matrix priors
Using response matrix priors
Using response matrix priors
Using response matrix priors
Using response matrix priors
Using response matrix priors
Using response matrix priors
Using response matrix priors
Using response matrix priors
Using response matrix priors
Using response matrix priors
Using response matrix priors
Using response matrix priors
Using response matrix priors
Using response matrix priors
Using response matrix priors
Using response matrix priors
Using response matrix priors
Using response matrix priors
Using response matrix priors
Using response matrix priors
Using response matrix priors
Using response matrix priors
Using response matrix priors
Using response matrix priors
Using response matrix priors
Using response matrix priors
Using response matrix priors
Using response matrix priors
Using response matrix priors
Using response matrix priors
Using response matrix priors
Using response matrix priors
Using response matrix priors
Using response matrix priors
Using response matrix priors
Using response matrix priors
Using response matrix priors
Using response matrix priors
Using response matrix priors
Using response matrix priors
Using response matrix priors
Using response matrix priors
Using response matrix priors
Using response matrix priors
Using response matrix priors
Using response matrix priors
Using response matrix priors
Using response matrix priors
Using response matrix priors
Using response matrix priors
Using response matrix priors
Using response matrix priors
Using response matrix priors
Using response matrix priors
Using response matrix priors
Using response matrix priors
Using response matrix priors
Using response matrix priors
Using response matrix priors
Using response matrix priors
Using response matrix priors
Using response matrix priors
Using response matrix priors
Using response matrix priors
Using response matrix priors
Using response matrix priors
Using response matrix priors
Using response matrix priors
Using response matrix priors
Using response matrix priors
Using response matrix priors
Using response matrix priors
Using response matrix priors
Using response matrix priors
Using response matrix priors
Using response matrix priors
Using response matrix priors
Using response matrix priors
Using response matrix priors
Using response matrix priors
Using response matrix priors
Using response matrix priors
Using response matrix priors
Using response matrix priors
Using response matrix priors
Using response matrix priors
Using response matrix priors
Using response matrix priors
Using response matrix priors
Using response matrix priors
Using response matrix priors
Using response matrix priors
Using response matrix priors
Using response matrix priors
Using response matrix priors
Using response matrix priors
Using response matrix priors
Using response matrix priors
Using response matrix priors
Using response matrix priors
Using response matrix priors
Using response matrix priors
Using response matrix priors
Using response matrix priors
Using response matrix priors
Using response matrix priors
Using response matrix priors
Using response matrix priors
Using response matrix priors
Using response matrix priors
Using response matrix priors
Using response matrix priors
Using response matrix priors
Using response matrix priors
Using response matrix priors
Using response matrix priors
Using response matrix priors
Using response matrix priors
Using response matrix priors
Using response matrix priors
Using response matrix priors
Using response matrix priors
Using response matrix priors
Using response matrix priors
Using response matrix priors
Using response matrix priors
TH1D::Sumw2:0: RuntimeWarning: Sum of squares of weights structure already created
Info in <TCanvas::MakeDefCanvas>:  created default TCanvas with name c1

Adding the following extra title to the histograms:
	rho0 Normalized Run



[1m[92m[43m

    Will be Fitting Plots    
[0m



[1m[94mSmear option selected is: Smear[0m


[91mRunning Bin 'All' for Q2-y Bins by default (will skip at end)[0m


Running for Q2-xB/Q2-y Bins: '1', '0'
[1m
Starting RG-A SIDIS Analysis
[0m

Started running on [1m5-26-2026[0m at [1m01:42 a.m.[0m

The total number of histograms available for the[1mRDataFrame[0m in '[1m[94m/w/hallb-scshelf2102/clas12/richcap/SIDIS_Analysis/Histo_Files_ROOT/DataFrames/hadd_ROOT_files_From_using_RDataFrames/SIDIS_epip_Response_Matrices_from_RDataFrames_Only_3D_rho0_Normalized_Response_Matrices_Final_Analysis_Iterations_I0_All.root[0m' is [1m504[0m


[1mDone Loading RDataFrame files...
[0m
[1m[94m

Starting Unfolding Procedures...
[0m

Unfolding: ((Histo-Group='Response_Matrix_Normal'), (Data-Type='DataFrame_Type'), (Data-Cut='cut_Complete_SIDIS'), (Smear-Type='smear'), (Binning-Type='Y_bin'-[Q2-y-Bin=1, z-PT-Bin=All]), (Var-D1='MultiDim_z_pT_Bin_Y_bin_phi_t'-[NumBins=915, MinBin=-1.5, MaxBin=913.5]), (Var-D2='z_pT_Bin_Y_bin_smeared'-[NumBins=38, MinBin=-0.5, MaxBin=37.5]))
[1m[92mAdding the 'lundrho' files to the 'MC_REC_1D_initial' histogram[0m
[1m[92mAdding the 'lundrho' files to the 'Response_2D_initial' histogram[0m
[1m[92mAdding the 'lundrho' files to the 'MC_GEN_1D_initial' histogram[0m
[1m[92mAdding the 'lundrho' files to the 'MC_BGS_1D_initial' histogram[0m
[1m[96mStarting [4m[95mBin-by-Bin[0m[1m[96m Unfolding Procedure...[0m
	[1mAcceptance Correction of Histogram:[0m
	((Histo-Group='Response_Matrix_Normal_1D'), (Data-Cut='cut_Complete_SIDIS'), (Smear-Type='smear'), (Binning-Type='Y_bin'-[Q2-y-Bin=1, z-PT-Bin=All]), (Var-D1='MultiDim_z_pT_Bin_Y_bin_phi_t'))
[91m
Bin 24 had a very low acceptance...
	(cut_criteria = 0.0005)
	(Bin_Content  = 0.0004247813443339807)[0m
[91m
Bin 72 had a very low acceptance...
	(cut_criteria = 0.0005)
	(Bin_Content  = 0.00036696027216756436)[0m
[91m
Bin 99 had a very low acceptance...
	(cut_criteria = 0.0005)
	(Bin_Content  = 0.0004091191369352296)[0m
[91m
Bin 172 had a very low acceptance...
	(cut_criteria = 0.0005)
	(Bin_Content  = 0.00047991973315587464)[0m
[91m
Bin 197 had a very low acceptance...
	(cut_criteria = 0.0005)
	(Bin_Content  = 0.0004332073267225364)[0m
[91m
Bin 241 had a very low acceptance...
	(cut_criteria = 0.0005)
	(Bin_Content  = 0.00037692903668145076)[0m
[91m
Bin 242 had a very low acceptance...
	(cut_criteria = 0.0005)
	(Bin_Content  = 0.0003914312431637708)[0m
[91m
Bin 385 had a very low acceptance...
	(cut_criteria = 0.0005)
	(Bin_Content  = 0.0004644240862907754)[0m
[1m[96mFinished [95mBin-by-Bin[0m[1m[96m Unfolding Procedure.[0m

Current Time: [1m01:42 a.m.[0m
Time Elapsed Up To Now:
0 Day(s), 0 Hour(s), 0 Minute(s), and 0 Second(s).

[1m[96mStarting [4m[92mRooUnfold[0m[1m[96m Unfolding Procedure...[0m
	[1mUnfolding Histogram:[0m
	((Histo-Group='Response_Matrix_Normal'), (Data-Cut='cut_Complete_SIDIS'), (Smear-Type='smear'), (Binning-Type='Y_bin'-[Q2-y-Bin=1, z-PT-Bin=All]), (Var-D1='MultiDim_z_pT_Bin_Y_bin_phi_t'))
	[96mUsing [1m[92mRooUnfold (Bin-by-Bin)[0m[96m Unfolding Procedure...[0m
[1m[96mFinished [92mRooUnfold (Bin-by-Bin)[0m[1m[96m Unfolding Procedure.
[0m
[1m[96mStarting [4m[92mRooUnfold[0m[1m[96m Unfolding Procedure...[0m

	[1mBegan Unfolding Histogram:[0m
	((Histo-Group='Response_Matrix_Normal'), (Data-Cut='cut_Complete_SIDIS'), (Smear-Type='smear'), (Binning-Type='Y_bin'-[Q2-y-Bin=1, z-PT-Bin=All]), (Var-D1='MultiDim_z_pT_Bin_Y_bin_phi_t'))
Time Elapsed Up To Now: 0 Day(s), 0 Hour(s), 0 Minute(s), and 2 Second(s). 
	[96mUsing [1m[92mRooUnfold (Bayesian)[0m[96m method to unfold...[0m

Current Time: [1m03:46 a.m.[0m
Time Elapsed Up To Now:
0 Day(s), 2 Hour(s), 3 Minute(s), and 39 Second(s).

[1m[96mFinished [92mRooUnfold (Bayesian)[0m[1m[96m Unfolding Procedure.
[0m

[94mRunning Multi3D_Slice(...)[0m


[94mRunning Multi3D_Slice(...)[0m


[94mRunning Multi3D_Slice(...)[0m


[94mRunning Multi3D_Slice(...)[0m


[94mRunning Multi3D_Slice(...)[0m


[94mRunning Multi3D_Slice(...)[0m


[94mRunning Multi3D_Slice(...)[0m

Bin 10 is not in Q2_y_Bin_List = ['1', '0']
Bin 11 is not in Q2_y_Bin_List = ['1', '0']
Bin 12 is not in Q2_y_Bin_List = ['1', '0']
Bin 13 is not in Q2_y_Bin_List = ['1', '0']
Bin 14 is not in Q2_y_Bin_List = ['1', '0']
Bin 15 is not in Q2_y_Bin_List = ['1', '0']
Bin 16 is not in Q2_y_Bin_List = ['1', '0']
Bin 17 is not in Q2_y_Bin_List = ['1', '0']
Bin 2 is not in Q2_y_Bin_List = ['1', '0']
Bin 3 is not in Q2_y_Bin_List = ['1', '0']
Bin 4 is not in Q2_y_Bin_List = ['1', '0']
Bin 5 is not in Q2_y_Bin_List = ['1', '0']
Bin 6 is not in Q2_y_Bin_List = ['1', '0']
Bin 7 is not in Q2_y_Bin_List = ['1', '0']
Bin 8 is not in Q2_y_Bin_List = ['1', '0']
Bin 9 is not in Q2_y_Bin_List = ['1', '0']

Unfolding: ((Histo-Group='Response_Matrix_Normal'), (Data-Type='DataFrame_Type'), (Data-Cut='cut_Complete_SIDIS'), (Smear-Type='smear'), (Binning-Type='Y_bin'-[Q2-y-Bin=All, z-PT-Bin=All]), (Var-D1='MultiDim_z_pT_Bin_Y_bin_phi_t'-[NumBins=915, MinBin=-1.5, MaxBin=913.5]), (Var-D2='z_pT_Bin_Y_bin_smeared'-[NumBins=38, MinBin=-0.5, MaxBin=37.5]))
[1m[92mAdding the 'lundrho' files to the 'MC_REC_1D_initial' histogram[0m
[1m[92mAdding the 'lundrho' files to the 'Response_2D_initial' histogram[0m
[1m[92mAdding the 'lundrho' files to the 'MC_GEN_1D_initial' histogram[0m
[1m[92mAdding the 'lundrho' files to the 'MC_BGS_1D_initial' histogram[0m
Total: 2


Counting Total Number of/Saving collected histograms...
[1m[94mSaving to: [1m[92m"Unfolded_Parallel_SIDIS_epip_Response_Matrices_from_RDataFrames_Only_3D_rho0_Normalized_Response_Matrices_Final_Analysis_Iterations_I0_All.root"[0m

[1m[96mDone Saving![0m

Final Count = 668


Current Time: [1m03:50 a.m.[0m
Time Elapsed Up To Now:
0 Day(s), 2 Hour(s), 7 Minute(s), and 57 Second(s).

[94mNormal Unfolding Fits Already Included? -> [1m[92mTrue[0m
[94mRC Unfolding Fits Already Included?     -> [91m[1mFalse[0m
[1mNot running BC... Did not check for BC fits.[0m

[1m[94mMaking the fits...[0m


[1mLoaded `[92mFind_RC_Fit_Params[0m[1m` and `[92mApply_RC_Factor_Corrections[0m[1m` for applying RC Corrections...[0m

Fitting for: [1m(MultiDim_3D_Histo)_(Bayesian)_(SMEAR=Smear)_(Q2_y_Bin_1)_(z_pT_Bin_1)_(MultiDim_z_pT_Bin_Y_bin_phi_t)[0m (Histo Num   459)
Fitting for: [1m(MultiDim_3D_Histo)_(Bayesian)_(SMEAR=Smear)_(Q2_y_Bin_1)_(z_pT_Bin_2)_(MultiDim_z_pT_Bin_Y_bin_phi_t)[0m (Histo Num   460)
Fitting for: [1m(MultiDim_3D_Histo)_(Bayesian)_(SMEAR=Smear)_(Q2_y_Bin_1)_(z_pT_Bin_3)_(MultiDim_z_pT_Bin_Y_bin_phi_t)[0m (Histo Num   461)
Fitting for: [1m(MultiDim_3D_Histo)_(Bayesian)_(SMEAR=Smear)_(Q2_y_Bin_1)_(z_pT_Bin_4)_(MultiDim_z_pT_Bin_Y_bin_phi_t)[0m (Histo Num   462)
Fitting for: [1m(MultiDim_3D_Histo)_(Bayesian)_(SMEAR=Smear)_(Q2_y_Bin_1)_(z_pT_Bin_5)_(MultiDim_z_pT_Bin_Y_bin_phi_t)[0m (Histo Num   463)
Fitting for: [1m(MultiDim_3D_Histo)_(Bayesian)_(SMEAR=Smear)_(Q2_y_Bin_1)_(z_pT_Bin_6)_(MultiDim_z_pT_Bin_Y_bin_phi_t)[0m (Histo Num   464)
Fitting for: [1m(MultiDim_3D_Histo)_(Bayesian)_(SMEAR=Smear)_(Q2_y_Bin_1)_(z_pT_Bin_7)_(MultiDim_z_pT_Bin_Y_bin_phi_t)[0m (Histo Num   465)
Fitting for: [1m(MultiDim_3D_Histo)_(Bayesian)_(SMEAR=Smear)_(Q2_y_Bin_1)_(z_pT_Bin_8)_(MultiDim_z_pT_Bin_Y_bin_phi_t)[0m (Histo Num   466)
Fitting for: [1m(MultiDim_3D_Histo)_(Bayesian)_(SMEAR=Smear)_(Q2_y_Bin_1)_(z_pT_Bin_9)_(MultiDim_z_pT_Bin_Y_bin_phi_t)[0m (Histo Num   467)
Fitting for: [1m(MultiDim_3D_Histo)_(Bayesian)_(SMEAR=Smear)_(Q2_y_Bin_1)_(z_pT_Bin_10)_(MultiDim_z_pT_Bin_Y_bin_phi_t)[0m (Histo Num   468)
Fitting for: [1m(MultiDim_3D_Histo)_(Bayesian)_(SMEAR=Smear)_(Q2_y_Bin_1)_(z_pT_Bin_11)_(MultiDim_z_pT_Bin_Y_bin_phi_t)[0m (Histo Num   469)
Fitting for: [1m(MultiDim_3D_Histo)_(Bayesian)_(SMEAR=Smear)_(Q2_y_Bin_1)_(z_pT_Bin_12)_(MultiDim_z_pT_Bin_Y_bin_phi_t)[0m (Histo Num   470)
Fitting for: [1m(MultiDim_3D_Histo)_(Bayesian)_(SMEAR=Smear)_(Q2_y_Bin_1)_(z_pT_Bin_13)_(MultiDim_z_pT_Bin_Y_bin_phi_t)[0m (Histo Num   471)
Fitting for: [1m(MultiDim_3D_Histo)_(Bayesian)_(SMEAR=Smear)_(Q2_y_Bin_1)_(z_pT_Bin_14)_(MultiDim_z_pT_Bin_Y_bin_phi_t)[0m (Histo Num   472)
Fitting for: [1m(MultiDim_3D_Histo)_(Bayesian)_(SMEAR=Smear)_(Q2_y_Bin_1)_(z_pT_Bin_15)_(MultiDim_z_pT_Bin_Y_bin_phi_t)[0m (Histo Num   473)
Fitting for: [1m(MultiDim_3D_Histo)_(Bayesian)_(SMEAR=Smear)_(Q2_y_Bin_1)_(z_pT_Bin_16)_(MultiDim_z_pT_Bin_Y_bin_phi_t)[0m (Histo Num   474)
Fitting for: [1m(MultiDim_3D_Histo)_(Bayesian)_(SMEAR=Smear)_(Q2_y_Bin_1)_(z_pT_Bin_17)_(MultiDim_z_pT_Bin_Y_bin_phi_t)[0m (Histo Num   475)
Fitting for: [1m(MultiDim_3D_Histo)_(Bayesian)_(SMEAR=Smear)_(Q2_y_Bin_1)_(z_pT_Bin_18)_(MultiDim_z_pT_Bin_Y_bin_phi_t)[0m (Histo Num   476)
Fitting for: [1m(MultiDim_3D_Histo)_(Bayesian)_(SMEAR=Smear)_(Q2_y_Bin_1)_(z_pT_Bin_19)_(MultiDim_z_pT_Bin_Y_bin_phi_t)[0m (Histo Num   477)
Fitting for: [1m(MultiDim_3D_Histo)_(Bayesian)_(SMEAR=Smear)_(Q2_y_Bin_1)_(z_pT_Bin_20)_(MultiDim_z_pT_Bin_Y_bin_phi_t)[0m (Histo Num   478)
Fitting for: [1m(MultiDim_3D_Histo)_(Bayesian)_(SMEAR=Smear)_(Q2_y_Bin_1)_(z_pT_Bin_22)_(MultiDim_z_pT_Bin_Y_bin_phi_t)[0m (Histo Num   479)
Fitting for: [1m(MultiDim_3D_Histo)_(Bayesian)_(SMEAR=Smear)_(Q2_y_Bin_1)_(z_pT_Bin_23)_(MultiDim_z_pT_Bin_Y_bin_phi_t)[0m (Histo Num   480)
Fitting for: [1m(MultiDim_3D_Histo)_(Bayesian)_(SMEAR=Smear)_(Q2_y_Bin_1)_(z_pT_Bin_24)_(MultiDim_z_pT_Bin_Y_bin_phi_t)[0m (Histo Num   481)
Fitting for: [1m(MultiDim_3D_Histo)_(Bayesian)_(SMEAR=Smear)_(Q2_y_Bin_1)_(z_pT_Bin_25)_(MultiDim_z_pT_Bin_Y_bin_phi_t)[0m (Histo Num   482)
Fitting for: [1m(MultiDim_3D_Histo)_(Bayesian)_(SMEAR=Smear)_(Q2_y_Bin_1)_(z_pT_Bin_26)_(MultiDim_z_pT_Bin_Y_bin_phi_t)[0m (Histo Num   483)
Fitting for: [1m(MultiDim_3D_Histo)_(Bayesian)_(SMEAR=Smear)_(Q2_y_Bin_1)_(z_pT_Bin_29)_(MultiDim_z_pT_Bin_Y_bin_phi_t)[0m (Histo Num   484)
Fitting for: [1m(MultiDim_3D_Histo)_(Bayesian)_(SMEAR=Smear)_(Q2_y_Bin_1)_(z_pT_Bin_30)_(MultiDim_z_pT_Bin_Y_bin_phi_t)[0m (Histo Num   485)
Fitting for: [1m(MultiDim_3D_Histo)_(Bayesian)_(SMEAR=Smear)_(Q2_y_Bin_1)_(z_pT_Bin_31)_(MultiDim_z_pT_Bin_Y_bin_phi_t)[0m (Histo Num   486)
Fitting for: [1m(MultiDim_3D_Histo)_(Bayesian)_(SMEAR=Smear)_(Q2_y_Bin_1)_(z_pT_Bin_32)_(MultiDim_z_pT_Bin_Y_bin_phi_t)[0m (Histo Num   487)

[1m[94mFit/Added [0m[1m29[1m[94m Histograms[0m[94m
Adding to Main List...[0m

[1m[92mLength of Main List of Histograms (After adding Fits): [0m[1m842[0m


Current Time: [1m03:50 a.m.[0m
Time Elapsed Up To Now:
0 Day(s), 2 Hour(s), 8 Minute(s), and 3 Second(s).



Counting Total Number of/Saving collected histograms...
[1m[94mSaving to: [1m[92m"Unfolded_Parallel_SIDIS_epip_Response_Matrices_from_RDataFrames_Only_3D_rho0_Normalized_Response_Matrices_Final_Analysis_Iterations_I0_All.root"[0m

[1m[96mDone Saving![0m

Final Count = 842


Current Time: [1m03:56 a.m.[0m
Time Elapsed Up To Now:
0 Day(s), 2 Hour(s), 14 Minute(s), and 9 Second(s).


[1m[94mSaved Fit Parameters JSON as [1m[92mFit_Pars_from_Simple_RooUnfold_SelfContained_using_"Unfolded_Parallel_SIDIS_epip_Response_Matrices_from_RDataFrames_Only_3D_rho0_Normalized_Response_Matrices_Final_Analysis_Iterations_I0_All".json[1m[94m (total entries now = 3)[0m

[1m[96mDone Saving JSON File.[0m
Time Elapsed Up To Now: 0 Day(s), 2 Hour(s), 14 Minute(s), and 9 Second(s). 

[1m[94mSaved Fit Parameters JSON as [1m[92mFit_Pars_from_Simple_RooUnfold_SelfContained_using_"Unfolded_Parallel_SIDIS_epip_Response_Matrices_from_RDataFrames_Only_3D_rho0_Normalized_Response_Matrices_Final_Analysis_Iterations_I0_All".json[1m[94m (total entries now = 3)[0m

[1m[96mDone Saving JSON File.[0m
Time Elapsed Up To Now: 0 Day(s), 2 Hour(s), 14 Minute(s), and 9 Second(s). 




[1m[43mEMAIL MESSAGE TO SEND:[0m


The 'Simple_RooUnfold_SelfContained.py' script has finished running.
Started running on [1m5-26-2026[0m at [1m01:42 a.m.[0m

Input File:
	/w/hallb-scshelf2102/clas12/richcap/SIDIS_Analysis/Histo_Files_ROOT/DataFrames/hadd_ROOT_files_From_using_RDataFrames/SIDIS_epip_Response_Matrices_from_RDataFrames_Only_3D_rho0_Normalized_Response_Matrices_Final_Analysis_Iterations_I0_All.root
Output File:
	"Unfolded_Parallel_SIDIS_epip_Response_Matrices_from_RDataFrames_Only_3D_rho0_Normalized_Response_Matrices_Final_Analysis_Iterations_I0_All.root"

Ran in parallel using the histograms in the ROOT files from the newest Final_Analysis_Iterations files. Ran with Harut's exclusive 'lundrho' rho0 events subtracted as background after proper normalization. Saving the fits to the new JSON file formats. Ran in tmuxSIDIS_1.

	[1mBegan Unfolding Histogram:[0m
	((Histo-Group='Response_Matrix_Normal'), (Data-Cut='cut_Complete_SIDIS'), (Smear-Type='smear'), (Binning-Type='Y_bin'-[Q2-y-Bin=1, z-PT-Bin=All]), (Var-D1='MultiDim_z_pT_Bin_Y_bin_phi_t'))
Time Elapsed Up To Now: 0 Day(s), 0 Hour(s), 0 Minute(s), and 2 Second(s). 
	Finished Unfolding the histogram at:
Time Elapsed Up To Now: 0 Day(s), 2 Hour(s), 3 Minute(s), and 39 Second(s). 
[1m[96mDone Saving JSON File.[0m
Time Elapsed Up To Now: 0 Day(s), 2 Hour(s), 14 Minute(s), and 9 Second(s). 
[1m[96mDone Saving JSON File.[0m
Time Elapsed Up To Now: 0 Day(s), 2 Hour(s), 14 Minute(s), and 9 Second(s). 

Arguments:
--unfolding_3D (3D Unfolding Only)                  --> True
--run_sectors                                       --> False
--sectors_to_unfold                                 --> None
--allow_other_variables (for unfolding)             --> False
--simulation (unfolding synthetic data)             --> False
--modulation (data unfolded with modulated MC)      --> False
--closure  (modulated MC unfolded with itself)      --> False
--weighed_acceptance (use acceptance weights only)  --> False
--test                                              --> False
--verbose                                           --> False
--fit                                               --> True
--remake_fit                                        --> False
--CrossSection_Norm                                 --> False
--tag_proton                                        --> False
--cut_proton                                        --> False
--Common_Int_Bins                                   --> False
--bayes_iterations                                  --> 13
--Num_Toys                                          --> 500
--Unfold_Methods                                    --> ['Bayesian']
--title                                             --> 'rho0 Normalized Run'
--EvGen                                             --> False
--Min_Allowed_Acceptance_Cut                        --> 0.0005
--Use_TTree                                         --> False
--Apply_RC                                          --> True
--Apply_BC                                          --> False
--Add_Uncertainties                                 --> False
--save_json                                         --> True
--old_json                                          --> False
--pass_version                                      --> 'Pass 2'
--smearing_options                                  --> 'smear'
--Q2_y_Bin_List                                     --> ['1', '0']
--Run_5D_Unfold                                     --> False
--run_sec_unfold                                    --> False
--json_name                                         --> 'Fit_Pars_from_Simple_RooUnfold_SelfContained_using_"Unfolded_Parallel_SIDIS_epip_Response_Matrices_from_RDataFrames_Only_3D_rho0_Normalized_Response_Matrices_Final_Analysis_Iterations_I0_All".json'


The time that this code finished is [1m03:56 a.m.[0m
The total time the code took to run is:
0 Day(s), 2 Hour(s), 14 Minute(s), and 9 Second(s).
Saved 842 Histograms...
Rate = 0.10 Histograms/Seconds
    

[1m[92m[43m
    	                                   	   
    	This code has now finished running.	   
    	                                   	   [0m
    
    
