Full command: ./Simple_RooUnfold_SelfContained.py -r "FULL_Unfolded_Histos_From_Simple_RooUnfold_SelfContained.root" -smear -u3D -e -em "Running default Unfolding as background parallel jobs. Ran in tmuxUnfold (in case there were any local issues)" 5
Subtract 41200.1 fakes from measured distribution
Using response matrix priors
Priors:

Vector (915)  is as follows

     |        1  |
------------------
   0 |0 
   1 |0.649721 
   2 |0.000337294 
   3 |0.000337543 
   4 |0.000336698 
   5 |0.000336571 
   6 |0.000341332 
   7 |0.000338029 
   8 |0.000342228 
   9 |0.00033638 
  10 |0.000335067 
  11 |0.000336854 
  12 |0.000337583 
  13 |0.000335923 
  14 |0.000336924 
  15 |0.0003387 
  16 |0.000337982 
  17 |0.000338578 
  18 |0.000336878 
  19 |0.000339781 
  20 |0.000336224 
  21 |0.000338312 
  22 |0.000336536 
  23 |0.000337271 
  24 |0.000340539 
  25 |0.000338353 
  26 |0.000326373 
  27 |0.00032797 
  28 |0.000329456 
  29 |0.000327941 
  30 |0.000329121 
  31 |0.000328832 
  32 |0.000330058 
  33 |0.000330989 
  34 |0.000331938 
  35 |0.000329034 
  36 |0.000330509 
  37 |0.000329867 
  38 |0.000328768 
  39 |0.000330278 
  40 |0.000325673 
  41 |0.000331296 
  42 |0.000330087 
  43 |0.000330694 
  44 |0.000328473 
  45 |0.000329508 
  46 |0.000328612 
  47 |0.000329503 
  48 |0.000330023 
  49 |0.00032919 
  50 |0.000318779 
  51 |0.000317766 
  52 |0.000320045 
  53 |0.000318726 
  54 |0.000317986 
  55 |0.000317304 
  56 |0.000318356 
  57 |0.000317194 
  58 |0.000320496 
  59 |0.000319594 
  60 |0.000319201 
  61 |0.000319033 
  62 |0.000320282 
  63 |0.000319849 
  64 |0.000318883 
  65 |0.000319779 
  66 |0.000318755 
  67 |0.000317275 
  68 |0.000321416 
  69 |0.000317575 
  70 |0.000319854 
  71 |0.000319594 
  72 |0.00031945 
  73 |0.000321676 
  74 |0.000330145 
  75 |0.000331174 
  76 |0.000328953 
  77 |0.000327611 
  78 |0.000328924 
  79 |0.000330752 
  80 |0.00032915 
  81 |0.000329231 
  82 |0.000329358 
  83 |0.0003307 
  84 |0.000330029 
  85 |0.000329613 
  86 |0.000329404 
  87 |0.000331816 
  88 |0.000329965 
  89 |0.000330133 
  90 |0.00032631 
  91 |0.000329786 
  92 |0.00033096 
  93 |0.000328675 
  94 |0.000329786 
  95 |0.000327287 
  96 |0.000329109 
  97 |0.000331105 
  98 |0.000354074 
  99 |0.000350095 
 100 |0.000351749 
 101 |0.000353253 
 102 |0.000354826 
 103 |0.000351419 
 104 |0.000355451 
 105 |0.000355295 
 106 |0.000352397 
 107 |0.000353571 
 108 |0.000354207 
 109 |0.000355387 
 110 |0.000352842 
 111 |0.000353484 
 112 |0.000353785 
 113 |0.000354219 
 114 |0.000355202 
 115 |0.000351263 
 116 |0.000352854 
 117 |0.000353409 
 118 |0.000353554 
 119 |0.000353282 
 120 |0.000351483 
 121 |0.00035268 
 122 |0.000322185 
 123 |0.00031846 
 124 |0.000320022 
 125 |0.000320392 
 126 |0.000323059 
 127 |0.000325702 
 128 |0.000324279 
 129 |0.000324476 
 130 |0.000323614 
 131 |0.000322301 
 132 |0.000324054 
 133 |0.000324893 
 134 |0.00032502 
 135 |0.000324002 
 136 |0.000327345 
 137 |0.000323406 
 138 |0.000324586 
 139 |0.000323533 
 140 |0.000325072 
 141 |0.000325465 
 142 |0.000320288 
 143 |0.000323244 
 144 |0.00032181 
 145 |0.000322035 
 146 |0.000418164 
 147 |0.000417678 
 148 |0.000414752 
 149 |0.000416938 
 150 |0.000418604 
 151 |0.000416203 
 152 |0.00041581 
 153 |0.000418685 
 154 |0.000418662 
 155 |0.000418749 
 156 |0.000417407 
 157 |0.000415185 
 158 |0.000417279 
 159 |0.000416273 
 160 |0.000418911 
 161 |0.000417204 
 162 |0.000414468 
 163 |0.000414931 
 164 |0.000417765 
 165 |0.000421589 
 166 |0.00041736 
 167 |0.00041441 
 168 |0.000417112 
 169 |0.000415799 
 170 |0.000397931 
 171 |0.000401367 
 172 |0.000400476 
 173 |0.000396838 
 174 |0.000397763 
 175 |0.000397937 
 176 |0.000400586 
 177 |0.000399695 
 178 |0.000401945 
 179 |0.000399238 
 180 |0.000397902 
 181 |0.000402888 
 182 |0.000401164 
 183 |0.000395403 
 184 |0.000399001 
 185 |0.000400806 
 186 |0.000396953 
 187 |0.000399579 
 188 |0.000398 
 189 |0.000400187 
 190 |0.000398752 
 191 |0.000398099 
 192 |0.0003973 
 193 |0.00039848 
 194 |0.0003741 
 195 |0.000373938 
 196 |0.00037458 
 197 |0.000374834 
 198 |0.00037488 
 199 |0.000373643 
 200 |0.000375025 
 201 |0.000376749 
 202 |0.000377264 
 203 |0.000378802 
 204 |0.000372202 
 205 |0.000377212 
 206 |0.000376859 
 207 |0.000374933 
 208 |0.000375725 
 209 |0.000376419 
 210 |0.000372995 
 211 |0.000376783 
 212 |0.000372844 
 213 |0.000376529 
 214 |0.000374666 
 215 |0.000374406 
 216 |0.000372497 
 217 |0.00037576 
 218 |0.000367806 
 219 |0.000367477 
 220 |0.000368668 
 221 |0.000368471 
 222 |0.000368495 
 223 |0.000369119 
 224 |0.000372503 
 225 |0.000370797 
 226 |0.000368072 
 227 |0.000369015 
 228 |0.000369056 
 229 |0.000366551 
 230 |0.000367477 
 231 |0.000368888 
 232 |0.000370571 
 233 |0.00036997 
 234 |0.000370473 
 235 |0.000370259 
 236 |0.000367199 
 237 |0.000369918 
 238 |0.000368882 
 239 |0.000370479 
 240 |0.00036776 
 241 |0.00037012 
 242 |0.000362213 
 243 |0.000363318 
 244 |0.000364041 
 245 |0.000362652 
 246 |0.000364619 
 247 |0.00036271 
 248 |0.000362537 
 249 |0.000363005 
 250 |0.000361999 
 251 |0.000366106 
 252 |0.000364469 
 253 |0.00036212 
 254 |0.000365059 
 255 |0.000363925 
 256 |0.000366158 
 257 |0.000363173 
 258 |0.000363433 
 259 |0.000363485 
 260 |0.000363937 
 261 |0.000363595 
 262 |0.000362774 
 263 |0.000363318 
 264 |0.000362814 
 265 |0.000365036 
 266 |0.000285663 
 267 |0.000282754 
 268 |0.000284026 
 269 |0.000286219 
 270 |0.000285461 
 271 |0.000284964 
 272 |0.000285392 
 273 |0.000284032 
 274 |0.000285247 
 275 |0.000286242 
 276 |0.000285698 
 277 |0.000284588 
 278 |0.00028376 
 279 |0.000285409 
 280 |0.000287329 
 281 |0.000285438 
 282 |0.000284628 
 283 |0.000284969 
 284 |0.000286346 
 285 |0.00028612 
 286 |0.000285415 
 287 |0.000283963 
 288 |0.000284437 
 289 |0.00028239 
 290 |0.000522849 
 291 |0.000520581 
 292 |0.000520257 
 293 |0.000520489 
 294 |0.000520471 
 295 |0.000521622 
 296 |0.000520026 
 297 |0.000520899 
 298 |0.000523444 
 299 |0.000522091 
 300 |0.000519361 
 301 |0.000523207 
 302 |0.000522577 
 303 |0.00052105 
 304 |0.000519488 
 305 |0.00051991 
 306 |0.000522837 
 307 |0.000520795 
 308 |0.000519014 
 309 |0.000519962 
 310 |0.000519366 
 311 |0.000522322 
 312 |0.000522207 
 313 |0.000518464 
 314 |0.000495876 
 315 |0.000497351 
 316 |0.000495709 
 317 |0.000497161 
 318 |0.00049756 
 319 |0.000498242 
 320 |0.000496611 
 321 |0.000501238 
 322 |0.000495472 
 323 |0.000496617 
 324 |0.000496328 
 325 |0.000500568 
 326 |0.000496409 
 327 |0.000496414 
 328 |0.000497739 
 329 |0.000494876 
 330 |0.000496553 
 331 |0.000497253 
 332 |0.000498641 
 333 |0.000498046 
 334 |0.000495003 
 335 |0.000497166 
 336 |0.00049686 
 337 |0.000498202 
 338 |0.000457503 
 339 |0.000456589 
 340 |0.000457758 
 341 |0.000458683 
 342 |0.000458799 
 343 |0.000457717 
 344 |0.000457891 
 345 |0.000456751 
 346 |0.000460037 
 347 |0.000457897 
 348 |0.000460482 
 349 |0.000458868 
 350 |0.000460303 
 351 |0.000458545 
 352 |0.000457521 
 353 |0.000456347 
 354 |0.000456358 
 355 |0.000457613 
 356 |0.000456294 
 357 |0.000456237 
 358 |0.000460396 
 359 |0.0004584 
 360 |0.000457255 
 361 |0.000456358 
 362 |0.000432434 
 363 |0.000435378 
 364 |0.000434765 
 365 |0.000433984 
 366 |0.000432735 
 367 |0.000433036 
 368 |0.000436165 
 369 |0.000435419 
 370 |0.000432238 
 371 |0.000434563 
 372 |0.000433614 
 373 |0.000435228 
 374 |0.000434013 
 375 |0.00043742 
 376 |0.000433522 
 377 |0.000433556 
 378 |0.000435893 
 379 |0.00043668 
 380 |0.00043373 
 381 |0.000436553 
 382 |0.000436298 
 383 |0.000433921 
 384 |0.000437912 
 385 |0.000434499 
 386 |0.000403085 
 387 |0.000397439 
 388 |0.000401662 
 389 |0.00040353 
 390 |0.000399672 
 391 |0.000402327 
 392 |0.000399186 
 393 |0.000401876 
 394 |0.000400343 
 395 |0.000402084 
 396 |0.000402015 
 397 |0.000403044 
 398 |0.000401986 
 399 |0.000401147 
 400 |0.000402437 
 401 |0.0004025 
 402 |0.000403883 
 403 |0.00039988 
 404 |0.000401743 
 405 |0.000404941 
 406 |0.000400285 
 407 |0.000404328 
 408 |0.000401413 
 409 |0.000402072 
 410 |0.000287653 
 411 |0.000289435 
 412 |0.000288394 
 413 |0.000287931 
 414 |0.00029084 
 415 |0.00028759 
 416 |0.000291031 
 417 |0.000288174 
 418 |0.000289574 
 419 |0.000289643 
 420 |0.000290331 
 421 |0.000289631 
 422 |0.000292616 
 423 |0.000289626 
 424 |0.000289845 
 425 |0.000287734 
 426 |0.000288648 
 427 |0.000290707 
 428 |0.000292333 
 429 |0.000290592 
 430 |0.000288845 
 431 |0.000288683 
 432 |0.000287827 
 433 |0.000287526 
 434 |0.000597987 
 435 |0.000596575 
 436 |0.000595725 
 437 |0.000599161 
 438 |0.000600983 
 439 |0.000596934 
 440 |0.000599913 
 441 |0.000600468 
 442 |0.000595835 
 443 |0.000599028 
 444 |0.000598039 
 445 |0.000597293 
 446 |0.000597113 
 447 |0.000599005 
 448 |0.000599687 
 449 |0.000598849 
 450 |0.000595326 
 451 |0.000598264 
 452 |0.000597669 
 453 |0.000598739 
 454 |0.00059783 
 455 |0.000599681 
 456 |0.000597414 
 457 |0.00059528 
 458 |0.000569592 
 459 |0.000569331 
 460 |0.000574635 
 461 |0.000571703 
 462 |0.000571581 
 463 |0.0005757 
 464 |0.000574283 
 465 |0.000572877 
 466 |0.000571367 
 467 |0.000572871 
 468 |0.000573386 
 469 |0.000571506 
 470 |0.000572732 
 471 |0.000575422 
 472 |0.00057139 
 473 |0.000575902 
 474 |0.000574942 
 475 |0.000567984 
 476 |0.000572489 
 477 |0.000573797 
 478 |0.000569858 
 479 |0.000574647 
 480 |0.000571124 
 481 |0.000572258 
 482 |0.000523641 
 483 |0.000521021 
 484 |0.00052223 
 485 |0.000524966 
 486 |0.000519575 
 487 |0.000518534 
 488 |0.00052087 
 489 |0.000520292 
 490 |0.000521761 
 491 |0.000519407 
 492 |0.000519719 
 493 |0.000519523 
 494 |0.000522542 
 495 |0.000519193 
 496 |0.000520437 
 497 |0.000522305 
 498 |0.000518794 
 499 |0.000518539 
 500 |0.000517284 
 501 |0.000520546 
 502 |0.000518724 
 503 |0.000521686 
 504 |0.000523097 
 505 |0.000521773 
 506 |0.000475539 
 507 |0.000475608 
 508 |0.000474075 
 509 |0.000473688 
 510 |0.00047241 
 511 |0.000477239 
 512 |0.000475036 
 513 |0.000475973 
 514 |0.000476291 
 515 |0.000475707 
 516 |0.000471206 
 517 |0.000476088 
 518 |0.000474584 
 519 |0.000474804 
 520 |0.000475192 
 521 |0.000474608 
 522 |0.000472271 
 523 |0.000474486 
 524 |0.000476383 
 525 |0.000475475 
 526 |0.000476418 
 527 |0.000475186 
 528 |0.000477291 
 529 |0.000475955 
 530 |0.000418916 
 531 |0.000420293 
 532 |0.000421143 
 533 |0.000419952 
 534 |0.000421519 
 535 |0.00042086 
 536 |0.00042075 
 537 |0.000419732 
 538 |0.000423388 
 539 |0.000420345 
 540 |0.000419668 
 541 |0.000419599 
 542 |0.00041968 
 543 |0.000423174 
 544 |0.000421745 
 545 |0.000419223 
 546 |0.000422601 
 547 |0.000419194 
 548 |0.000423417 
 549 |0.000418078 
 550 |0.000420767 
 551 |0.000422005 
 552 |0.000420183 
 553 |0.000415238 
 554 |0 
 555 |0.000568024 
 556 |0.000569349 
 557 |0.000565508 
 558 |0.00056571 
 559 |0.000567636 
 560 |0.000570141 
 561 |0.000566861 
 562 |0.000568926 
 563 |0.000570685 
 564 |0.000567781 
 565 |0.000568117 
 566 |0.000568498 
 567 |0.000570153 
 568 |0.000568811 
 569 |0.000565999 
 570 |0.000570274 
 571 |0.000567926 
 572 |0.000565514 
 573 |0.000567584 
 574 |0.000567995 
 575 |0.000569655 
 576 |0.000566578 
 577 |0.000568585 
 578 |0.000566711 
 579 |0.000545986 
 580 |0.000547993 
 581 |0.000544754 
 582 |0.000548837 
 583 |0.000543932 
 584 |0.000549601 
 585 |0.000547629 
 586 |0.000545448 
 587 |0.000549821 
 588 |0.000548519 
 589 |0.00054915 
 590 |0.000545159 
 591 |0.000545066 
 592 |0.000546165 
 593 |0.000546807 
 594 |0.000547137 
 595 |0.000544835 
 596 |0.000544875 
 597 |0.000549277 
 598 |0.000548502 
 599 |0.000546975 
 600 |0.000546211 
 601 |0.000547721 
 602 |0.000541665 
 603 |0.000483891 
 604 |0.000485199 
 605 |0.000485673 
 606 |0.000485291 
 607 |0.000484956 
 608 |0.000487541 
 609 |0.000484655 
 610 |0.00048447 
 611 |0.000484036 
 612 |0.00048506 
 613 |0.000485494 
 614 |0.000483897 
 615 |0.000486847 
 616 |0.000490653 
 617 |0.000484215 
 618 |0.000483544 
 619 |0.000483886 
 620 |0.000485262 
 621 |0.00048521 
 622 |0.000484834 
 623 |0.000483602 
 624 |0.000488438 
 625 |0.000483862 
 626 |0.000484869 
 627 |0.00042809 
 628 |0.000427176 
 629 |0.000428414 
 630 |0.000426239 
 631 |0.000428495 
 632 |0.000430346 
 633 |0.000432978 
 634 |0.000428836 
 635 |0.000426505 
 636 |0.000432648 
 637 |0.000429635 
 638 |0.000430699 
 639 |0.00042857 
 640 |0.000432909 
 641 |0.000430682 
 642 |0.000427876 
 643 |0.000429207 
 644 |0.000428807 
 645 |0.000431613 
 646 |0.000428154 
 647 |0.000428819 
 648 |0.000429872 
 649 |0.000428183 
 650 |0.000427911 
 651 |0.000368581 
 652 |0.000366198 
 653 |0.000367118 
 654 |0.00036872 
 655 |0.000368697 
 656 |0.000368876 
 657 |0.000368952 
 658 |0.000367997 
 659 |0.000368275 
 660 |0.00037071 
 661 |0.00036957 
 662 |0.000367598 
 663 |0.000368396 
 664 |0.000370583 
 665 |0.000368119 
 666 |0.00036931 
 667 |0.000368952 
 668 |0.000369374 
 669 |0.000367997 
 670 |0.000370525 
 671 |0.000369414 
 672 |0.000367072 
 673 |0.000366968 
 674 |0.000366921 
 675 |0 
 676 |0.000804885 
 677 |0.00080433 
 678 |0.000805117 
 679 |0.000811433 
 680 |0.000802138 
 681 |0.000804966 
 682 |0.000805851 
 683 |0.000803347 
 684 |0.000798875 
 685 |0.000800038 
 686 |0.000803642 
 687 |0.000802572 
 688 |0.00080319 
 689 |0.000806221 
 690 |0.000802132 
 691 |0.000803694 
 692 |0.000802826 
 693 |0.00080378 
 694 |0.000800825 
 695 |0.000801918 
 696 |0.000804827 
 697 |0.000800316 
 698 |0.00080529 
 699 |0.000797447 
 700 |0.000777526 
 701 |0.00077 
 702 |0.000773037 
 703 |0.000771678 
 704 |0.000776565 
 705 |0.00077166 
 706 |0.000770746 
 707 |0.000768733 
 708 |0.000771649 
 709 |0.000775102 
 710 |0.000773824 
 711 |0.000773465 
 712 |0.000770694 
 713 |0.00077398 
 714 |0.000770845 
 715 |0.000771897 
 716 |0.000770295 
 717 |0.000773372 
 718 |0.000768618 
 719 |0.000770752 
 720 |0.000771394 
 721 |0.000774471 
 722 |0.000776982 
 723 |0.000769642 
 724 |0.000661273 
 725 |0.000661747 
 726 |0.000663187 
 727 |0.000662441 
 728 |0.000665478 
 729 |0.000662649 
 730 |0.000665004 
 731 |0.000663089 
 732 |0.000663569 
 733 |0.000664188 
 734 |0.000665773 
 735 |0.000662956 
 736 |0.000663222 
 737 |0.000666062 
 738 |0.000666953 
 739 |0.00066236 
 740 |0.000665015 
 741 |0.000662661 
 742 |0.0006645 
 743 |0.000659468 
 744 |0.000662748 
 745 |0.000664957 
 746 |0.000663858 
 747 |0.000665391 
 748 |0.000568527 
 749 |0.000568336 
 750 |0.000569273 
 751 |0.000568579 
 752 |0.000565398 
 753 |0.00056549 
 754 |0.000563616 
 755 |0.000565652 
 756 |0.000568238 
 757 |0.000566821 
 758 |0.000566127 
 759 |0.000567174 
 760 |0.000564756 
 761 |0.000568076 
 762 |0.000568458 
 763 |0.000571819 
 764 |0.000566728 
 765 |0.000568851 
 766 |0.000567388 
 767 |0.000566399 
 768 |0.000567972 
 769 |0.000567555 
 770 |0.000568614 
 771 |0.000568423 
 772 |0 
 773 |0 
 774 |0 
 775 |0 
 776 |0 
 777 |0 
 778 |0 
 779 |0 
 780 |0 
 781 |0 
 782 |0 
 783 |0 
 784 |0 
 785 |0 
 786 |0 
 787 |0 
 788 |0 
 789 |0 
 790 |0 
 791 |0 
 792 |0 
 793 |0 
 794 |0 
 795 |0 
 796 |0 
 797 |0 
 798 |0 
 799 |0 
 800 |0 
 801 |0 
 802 |0 
 803 |0 
 804 |0 
 805 |0 
 806 |0 
 807 |0 
 808 |0 
 809 |0 
 810 |0 
 811 |0 
 812 |0 
 813 |0 
 814 |0 
 815 |0 
 816 |0 
 817 |0 
 818 |0 
 819 |0 
 820 |0 
 821 |0 
 822 |0 
 823 |0 
 824 |0 
 825 |0 
 826 |0 
 827 |0 
 828 |0 
 829 |0 
 830 |0 
 831 |0 
 832 |0 
 833 |0 
 834 |0 
 835 |0 
 836 |0 
 837 |0 
 838 |0 
 839 |0 
 840 |0 
 841 |0 
 842 |0 
 843 |0 
 844 |0 
 845 |0 
 846 |0 
 847 |0 
 848 |0 
 849 |0 
 850 |0 
 851 |0 
 852 |0 
 853 |0 
 854 |0 
 855 |0 
 856 |0 
 857 |0 
 858 |0 
 859 |0 
 860 |0 
 861 |0 
 862 |0 
 863 |0 
 864 |0 
 865 |0 
 866 |0 
 867 |0 
 868 |0 
 869 |0 
 870 |0 
 871 |0 
 872 |0 
 873 |0 
 874 |0 
 875 |0 
 876 |0 
 877 |0 
 878 |0 
 879 |0 
 880 |0 
 881 |0 
 882 |0 
 883 |0 
 884 |0 
 885 |0 
 886 |0 
 887 |0 
 888 |0 
 889 |0 
 890 |0 
 891 |0 
 892 |0 
 893 |0 
 894 |0 
 895 |0 
 896 |0 
 897 |0 
 898 |0 
 899 |0 
 900 |0 
 901 |0 
 902 |0 
 903 |0 
 904 |0 
 905 |0 
 906 |0 
 907 |0 
 908 |0 
 909 |0 
 910 |0 
 911 |0 
 912 |0 
 913 |0 
 914 |0 

Now unfolding...
Iteration : 0
Chi^2 of change 95068
Iteration : 1
Chi^2 of change 3758.53
Iteration : 2
Chi^2 of change 618.213
Iteration : 3
Chi^2 of change 199.305
Iteration : 4
Chi^2 of change 95.7957
Iteration : 5
Chi^2 of change 58.7212
Iteration : 6
Chi^2 of change 41.6544
Iteration : 7
Chi^2 of change 32.3267
Iteration : 8
Chi^2 of change 26.603
Iteration : 9
Chi^2 of change 22.8015
Iteration : 10
Chi^2 of change 20.1287
Iteration : 11
Chi^2 of change 18.1659
Iteration : 12
Chi^2 of change 16.6728
Using response matrix priors
Calculating covariances due to number of measured events
Using response matrix priors
Using response matrix priors
Using response matrix priors
Using response matrix priors
Using response matrix priors
Using response matrix priors
Using response matrix priors
Using response matrix priors
Using response matrix priors
Using response matrix priors
Using response matrix priors
Using response matrix priors
Using response matrix priors
Using response matrix priors
Using response matrix priors
Using response matrix priors
Using response matrix priors
Using response matrix priors
Using response matrix priors
Using response matrix priors
Using response matrix priors
Using response matrix priors
Using response matrix priors
Using response matrix priors
Using response matrix priors
Using response matrix priors
Using response matrix priors
Using response matrix priors
Using response matrix priors
Using response matrix priors
Using response matrix priors
Using response matrix priors
Using response matrix priors
Using response matrix priors
Using response matrix priors
Using response matrix priors
Using response matrix priors
Using response matrix priors
Using response matrix priors
Using response matrix priors
Using response matrix priors
Using response matrix priors
Using response matrix priors
Using response matrix priors
Using response matrix priors
Using response matrix priors
Using response matrix priors
Using response matrix priors
Using response matrix priors
Using response matrix priors
Using response matrix priors
Using response matrix priors
Using response matrix priors
Using response matrix priors
Using response matrix priors
Using response matrix priors
Using response matrix priors
Using response matrix priors
Using response matrix priors
Using response matrix priors
Using response matrix priors
Using response matrix priors
Using response matrix priors
Using response matrix priors
Using response matrix priors
Using response matrix priors
Using response matrix priors
Using response matrix priors
Using response matrix priors
Using response matrix priors
Using response matrix priors
Using response matrix priors
Using response matrix priors
Using response matrix priors
Using response matrix priors
Using response matrix priors
Using response matrix priors
Using response matrix priors
Using response matrix priors
Using response matrix priors
Using response matrix priors
Using response matrix priors
Using response matrix priors
Using response matrix priors
Using response matrix priors
Using response matrix priors
Using response matrix priors
Using response matrix priors
Using response matrix priors
Using response matrix priors
Using response matrix priors
Using response matrix priors
Using response matrix priors
Using response matrix priors
Using response matrix priors
Using response matrix priors
Using response matrix priors
Using response matrix priors
Using response matrix priors
Using response matrix priors
Using response matrix priors
Using response matrix priors
Using response matrix priors
Using response matrix priors
Using response matrix priors
Using response matrix priors
Using response matrix priors
Using response matrix priors
Using response matrix priors
Using response matrix priors
Using response matrix priors
Using response matrix priors
Using response matrix priors
Using response matrix priors
Using response matrix priors
Using response matrix priors
Using response matrix priors
Using response matrix priors
Using response matrix priors
Using response matrix priors
Using response matrix priors
Using response matrix priors
Using response matrix priors
Using response matrix priors
Using response matrix priors
Using response matrix priors
Using response matrix priors
Using response matrix priors
Using response matrix priors
Using response matrix priors
Using response matrix priors
Using response matrix priors
Using response matrix priors
Using response matrix priors
Using response matrix priors
Using response matrix priors
Using response matrix priors
Using response matrix priors
Using response matrix priors
Using response matrix priors
Using response matrix priors
Using response matrix priors
Using response matrix priors
Using response matrix priors
Using response matrix priors
Using response matrix priors
Using response matrix priors
Using response matrix priors
Using response matrix priors
Using response matrix priors
Using response matrix priors
Using response matrix priors
Using response matrix priors
Using response matrix priors
Using response matrix priors
Using response matrix priors
Using response matrix priors
Using response matrix priors
Using response matrix priors
Using response matrix priors
Using response matrix priors
Using response matrix priors
Using response matrix priors
Using response matrix priors
Using response matrix priors
Using response matrix priors
Using response matrix priors
Using response matrix priors
Using response matrix priors
Using response matrix priors
Using response matrix priors
Using response matrix priors
Using response matrix priors
Using response matrix priors
Using response matrix priors
Using response matrix priors
Using response matrix priors
Using response matrix priors
Using response matrix priors
Using response matrix priors
Using response matrix priors
Using response matrix priors
Using response matrix priors
Using response matrix priors
Using response matrix priors
Using response matrix priors
Using response matrix priors
Using response matrix priors
Using response matrix priors
Using response matrix priors
Using response matrix priors
Using response matrix priors
Using response matrix priors
Using response matrix priors
Using response matrix priors
Using response matrix priors
Using response matrix priors
Using response matrix priors
Using response matrix priors
Using response matrix priors
Using response matrix priors
Using response matrix priors
Using response matrix priors
Using response matrix priors
Using response matrix priors
Using response matrix priors
Using response matrix priors
Using response matrix priors
Using response matrix priors
Using response matrix priors
Using response matrix priors
Using response matrix priors
Using response matrix priors
Using response matrix priors
Using response matrix priors
Using response matrix priors
Using response matrix priors
Using response matrix priors
Using response matrix priors
Using response matrix priors
Using response matrix priors
Using response matrix priors
Using response matrix priors
Using response matrix priors
Using response matrix priors
Using response matrix priors
Using response matrix priors
Using response matrix priors
Using response matrix priors
Using response matrix priors
Using response matrix priors
Using response matrix priors
Using response matrix priors
Using response matrix priors
Using response matrix priors
Using response matrix priors
Using response matrix priors
Using response matrix priors
Using response matrix priors
Using response matrix priors
Using response matrix priors
Using response matrix priors
Using response matrix priors
Using response matrix priors
Using response matrix priors
Using response matrix priors
Using response matrix priors
Using response matrix priors
Using response matrix priors
Using response matrix priors
Using response matrix priors
Using response matrix priors
Using response matrix priors
Using response matrix priors
Using response matrix priors
Using response matrix priors
Using response matrix priors
Using response matrix priors
Using response matrix priors
Using response matrix priors
Using response matrix priors
Using response matrix priors
Using response matrix priors
Using response matrix priors
Using response matrix priors
Using response matrix priors
Using response matrix priors
Using response matrix priors
Using response matrix priors
Using response matrix priors
Using response matrix priors
Using response matrix priors
Using response matrix priors
Using response matrix priors
Using response matrix priors
Using response matrix priors
Using response matrix priors
Using response matrix priors
Using response matrix priors
Using response matrix priors
Using response matrix priors
Using response matrix priors
Using response matrix priors
Using response matrix priors
Using response matrix priors
Using response matrix priors
Using response matrix priors
Using response matrix priors
Using response matrix priors
Using response matrix priors
Using response matrix priors
Using response matrix priors
Using response matrix priors
Using response matrix priors
Using response matrix priors
Using response matrix priors
Using response matrix priors
Using response matrix priors
Using response matrix priors
Using response matrix priors
Using response matrix priors
Using response matrix priors
Using response matrix priors
Using response matrix priors
Using response matrix priors
Using response matrix priors
Using response matrix priors
Using response matrix priors
Using response matrix priors
Using response matrix priors
Using response matrix priors
Using response matrix priors
Using response matrix priors
Using response matrix priors
Using response matrix priors
Using response matrix priors
Using response matrix priors
Using response matrix priors
Using response matrix priors
Using response matrix priors
Using response matrix priors
Using response matrix priors
Using response matrix priors
Using response matrix priors
Using response matrix priors
Using response matrix priors
Using response matrix priors
Using response matrix priors
Using response matrix priors
Using response matrix priors
Using response matrix priors
Using response matrix priors
Using response matrix priors
Using response matrix priors
Using response matrix priors
Using response matrix priors
Using response matrix priors
Using response matrix priors
Using response matrix priors
Using response matrix priors
Using response matrix priors
Using response matrix priors
Using response matrix priors
Using response matrix priors
Using response matrix priors
Using response matrix priors
Using response matrix priors
Using response matrix priors
Using response matrix priors
Using response matrix priors
Using response matrix priors
Using response matrix priors
Using response matrix priors
Using response matrix priors
Using response matrix priors
Using response matrix priors
Using response matrix priors
Using response matrix priors
Using response matrix priors
Using response matrix priors
Using response matrix priors
Using response matrix priors
Using response matrix priors
Using response matrix priors
Using response matrix priors
Using response matrix priors
Using response matrix priors
Using response matrix priors
Using response matrix priors
Using response matrix priors
Using response matrix priors
Using response matrix priors
Using response matrix priors
Using response matrix priors
Using response matrix priors
Using response matrix priors
Using response matrix priors
Using response matrix priors
Using response matrix priors
Using response matrix priors
Using response matrix priors
Using response matrix priors
Using response matrix priors
Using response matrix priors
Using response matrix priors
Using response matrix priors
Using response matrix priors
Using response matrix priors
Using response matrix priors
Using response matrix priors
Using response matrix priors
Using response matrix priors
Using response matrix priors
Using response matrix priors
Using response matrix priors
Using response matrix priors
Using response matrix priors
Using response matrix priors
Using response matrix priors
Using response matrix priors
Using response matrix priors
Using response matrix priors
Using response matrix priors
Using response matrix priors
Using response matrix priors
Using response matrix priors
Using response matrix priors
Using response matrix priors
Using response matrix priors
Using response matrix priors
Using response matrix priors
Using response matrix priors
Using response matrix priors
Using response matrix priors
Using response matrix priors
Using response matrix priors
Using response matrix priors
Using response matrix priors
Using response matrix priors
Using response matrix priors
Using response matrix priors
Using response matrix priors
Using response matrix priors
Using response matrix priors
Using response matrix priors
Using response matrix priors
Using response matrix priors
Using response matrix priors
Using response matrix priors
Using response matrix priors
Using response matrix priors
Using response matrix priors
Using response matrix priors
Using response matrix priors
Using response matrix priors
Using response matrix priors
Using response matrix priors
Using response matrix priors
Using response matrix priors
Using response matrix priors
Using response matrix priors
Using response matrix priors
Using response matrix priors
Using response matrix priors
Using response matrix priors
Using response matrix priors
Using response matrix priors
Using response matrix priors
Using response matrix priors
Using response matrix priors
Using response matrix priors
Using response matrix priors
Using response matrix priors
Using response matrix priors
Using response matrix priors
Using response matrix priors
Using response matrix priors
Using response matrix priors
Using response matrix priors
Using response matrix priors
Using response matrix priors
Using response matrix priors
Using response matrix priors
Using response matrix priors
Using response matrix priors
Using response matrix priors
Using response matrix priors
Using response matrix priors
Using response matrix priors
Using response matrix priors
Using response matrix priors
Using response matrix priors
Using response matrix priors
Using response matrix priors
Using response matrix priors
Using response matrix priors
Using response matrix priors
Using response matrix priors
Using response matrix priors
Using response matrix priors
Using response matrix priors
Using response matrix priors
Using response matrix priors
Using response matrix priors
Using response matrix priors
Using response matrix priors
Using response matrix priors
Using response matrix priors
Using response matrix priors
Using response matrix priors
Using response matrix priors
Using response matrix priors
Using response matrix priors
Using response matrix priors
Using response matrix priors
Using response matrix priors
Using response matrix priors
Using response matrix priors
Using response matrix priors

[1m[94mSmear option selected is: Smear[0m


[91mRunning Bin 'All' for Q2-y Bins by default (will skip at end)[0m


Running for Q2-xB/Q2-y Bins: 'default', 'Unfolding', 'as', 'background', 'parallel', 'jobs.', 'Ran', 'in', 'tmuxUnfold', '(in', 'case', 'there', 'were', 'any', 'local', 'issues)"', '5', '0'
[1m
Starting RG-A SIDIS Analysis
[0m

Started running on [1m2-18-2026[0m at [1m03:00 p.m.[0m

The total number of histograms available for the[1mRDataFrame[0m in '[1m[94m/w/hallb-scshelf2102/clas12/richcap/SIDIS_Analysis/Histo_Files_ROOT/DataFrames/hadd_ROOT_files_From_using_RDataFrames/SIDIS_epip_Response_Matrices_from_RDataFrames_ZerothOrder.root[0m' is [1m180[0m


[1mDone Loading RDataFrame files...
[0m
[1m[94m

Starting Unfolding Procedures...
[0m
Bin 1 is not in Q2_y_Bin_List = ['default', 'Unfolding', 'as', 'background', 'parallel', 'jobs.', 'Ran', 'in', 'tmuxUnfold', '(in', 'case', 'there', 'were', 'any', 'local', 'issues)"', '5', '0']
Bin 10 is not in Q2_y_Bin_List = ['default', 'Unfolding', 'as', 'background', 'parallel', 'jobs.', 'Ran', 'in', 'tmuxUnfold', '(in', 'case', 'there', 'were', 'any', 'local', 'issues)"', '5', '0']
Bin 11 is not in Q2_y_Bin_List = ['default', 'Unfolding', 'as', 'background', 'parallel', 'jobs.', 'Ran', 'in', 'tmuxUnfold', '(in', 'case', 'there', 'were', 'any', 'local', 'issues)"', '5', '0']
Bin 12 is not in Q2_y_Bin_List = ['default', 'Unfolding', 'as', 'background', 'parallel', 'jobs.', 'Ran', 'in', 'tmuxUnfold', '(in', 'case', 'there', 'were', 'any', 'local', 'issues)"', '5', '0']
Bin 13 is not in Q2_y_Bin_List = ['default', 'Unfolding', 'as', 'background', 'parallel', 'jobs.', 'Ran', 'in', 'tmuxUnfold', '(in', 'case', 'there', 'were', 'any', 'local', 'issues)"', '5', '0']
Bin 14 is not in Q2_y_Bin_List = ['default', 'Unfolding', 'as', 'background', 'parallel', 'jobs.', 'Ran', 'in', 'tmuxUnfold', '(in', 'case', 'there', 'were', 'any', 'local', 'issues)"', '5', '0']
Bin 15 is not in Q2_y_Bin_List = ['default', 'Unfolding', 'as', 'background', 'parallel', 'jobs.', 'Ran', 'in', 'tmuxUnfold', '(in', 'case', 'there', 'were', 'any', 'local', 'issues)"', '5', '0']
Bin 16 is not in Q2_y_Bin_List = ['default', 'Unfolding', 'as', 'background', 'parallel', 'jobs.', 'Ran', 'in', 'tmuxUnfold', '(in', 'case', 'there', 'were', 'any', 'local', 'issues)"', '5', '0']
Bin 17 is not in Q2_y_Bin_List = ['default', 'Unfolding', 'as', 'background', 'parallel', 'jobs.', 'Ran', 'in', 'tmuxUnfold', '(in', 'case', 'there', 'were', 'any', 'local', 'issues)"', '5', '0']
Bin 2 is not in Q2_y_Bin_List = ['default', 'Unfolding', 'as', 'background', 'parallel', 'jobs.', 'Ran', 'in', 'tmuxUnfold', '(in', 'case', 'there', 'were', 'any', 'local', 'issues)"', '5', '0']
Bin 3 is not in Q2_y_Bin_List = ['default', 'Unfolding', 'as', 'background', 'parallel', 'jobs.', 'Ran', 'in', 'tmuxUnfold', '(in', 'case', 'there', 'were', 'any', 'local', 'issues)"', '5', '0']
Bin 4 is not in Q2_y_Bin_List = ['default', 'Unfolding', 'as', 'background', 'parallel', 'jobs.', 'Ran', 'in', 'tmuxUnfold', '(in', 'case', 'there', 'were', 'any', 'local', 'issues)"', '5', '0']

Unfolding: ((Histo-Group='Response_Matrix_Normal'), (Data-Type='DataFrame_Type'), (Data-Cut='cut_Complete_SIDIS'), (Smear-Type='smear'), (Binning-Type='Y_bin'-[Q2-y-Bin=5, z-PT-Bin=All]), (Var-D1='MultiDim_z_pT_Bin_Y_bin_phi_t'-[NumBins=915, MinBin=-1.5, MaxBin=913.5]), (Var-D2='z_pT_Bin_Y_bin_smeared'-[NumBins=38, MinBin=-0.5, MaxBin=37.5]))
[1m[96mStarting [4m[95mBin-by-Bin[0m[1m[96m Unfolding Procedure...[0m
	[1mAcceptance Correction of Histogram:[0m
	((Histo-Group='Response_Matrix_Normal_1D'), (Data-Cut='cut_Complete_SIDIS'), (Smear-Type='smear'), (Binning-Type='Y_bin'-[Q2-y-Bin=5, z-PT-Bin=All]), (Var-D1='MultiDim_z_pT_Bin_Y_bin_phi_t'))
[91m
Bin 28 had a very low acceptance...
	(cut_criteria = 0.0005)
	(Bin_Content  = 1.763668430335097e-05)[0m
[91m
Bin 48 had a very low acceptance...
	(cut_criteria = 0.0005)
	(Bin_Content  = 0.0003159834986395155)[0m
[91m
Bin 72 had a very low acceptance...
	(cut_criteria = 0.0005)
	(Bin_Content  = 0.00010859335408672989)[0m
[91m
Bin 77 had a very low acceptance...
	(cut_criteria = 0.0005)
	(Bin_Content  = 0.00042201512220854583)[0m
[91m
Bin 96 had a very low acceptance...
	(cut_criteria = 0.0005)
	(Bin_Content  = 3.534693011911915e-05)[0m
[91m
Bin 173 had a very low acceptance...
	(cut_criteria = 0.0005)
	(Bin_Content  = 0.0001877663031703618)[0m
[91m
Bin 192 had a very low acceptance...
	(cut_criteria = 0.0005)
	(Bin_Content  = 0.0001743577821690108)[0m
[91m
Bin 216 had a very low acceptance...
	(cut_criteria = 0.0005)
	(Bin_Content  = 0.00012359411692003462)[0m
[91m
Bin 241 had a very low acceptance...
	(cut_criteria = 0.0005)
	(Bin_Content  = 6.291385520376224e-05)[0m
[91m
Bin 313 had a very low acceptance...
	(cut_criteria = 0.0005)
	(Bin_Content  = 0.0001993797075764289)[0m
[91m
Bin 314 had a very low acceptance...
	(cut_criteria = 0.0005)
	(Bin_Content  = 0.0003123849475081722)[0m
[91m
Bin 336 had a very low acceptance...
	(cut_criteria = 0.0005)
	(Bin_Content  = 0.0003606706146525346)[0m
[91m
Bin 361 had a very low acceptance...
	(cut_criteria = 0.0005)
	(Bin_Content  = 3.795018405839268e-05)[0m
[91m
Bin 435 had a very low acceptance...
	(cut_criteria = 0.0005)
	(Bin_Content  = 0.00017411323163830879)[0m
[91m
Bin 457 had a very low acceptance...
	(cut_criteria = 0.0005)
	(Bin_Content  = 0.00022269127243856627)[0m
[91m
Bin 458 had a very low acceptance...
	(cut_criteria = 0.0005)
	(Bin_Content  = 6.801861766735009e-05)[0m
[91m
Bin 460 had a very low acceptance...
	(cut_criteria = 0.0005)
	(Bin_Content  = 3.0479441616629584e-05)[0m
[91m
Bin 556 had a very low acceptance...
	(cut_criteria = 0.0005)
	(Bin_Content  = 1.0183195690471584e-05)[0m
[91m
Bin 557 had a very low acceptance...
	(cut_criteria = 0.0005)
	(Bin_Content  = 0.000121914050594331)[0m
[91m
Bin 578 had a very low acceptance...
	(cut_criteria = 0.0005)
	(Bin_Content  = 0.0003357138497222731)[0m
[91m
Bin 579 had a very low acceptance...
	(cut_criteria = 0.0005)
	(Bin_Content  = 3.0620368669238775e-05)[0m
[91m
Bin 678 had a very low acceptance...
	(cut_criteria = 0.0005)
	(Bin_Content  = 2.1574352409855164e-05)[0m
[91m
Bin 699 had a very low acceptance...
	(cut_criteria = 0.0005)
	(Bin_Content  = 7.901163625915817e-05)[0m
[91m
Bin 700 had a very low acceptance...
	(cut_criteria = 0.0005)
	(Bin_Content  = 1.4507050426507283e-05)[0m
[1m[96mFinished [95mBin-by-Bin[0m[1m[96m Unfolding Procedure.[0m

Current Time: [1m03:00 p.m.[0m
Time Elapsed Up To Now:
0 Day(s), 0 Hour(s), 0 Minute(s), and 0 Second(s).

[1m[96mStarting [4m[92mRooUnfold[0m[1m[96m Unfolding Procedure...[0m
	[1mUnfolding Histogram:[0m
	((Histo-Group='Response_Matrix_Normal'), (Data-Cut='cut_Complete_SIDIS'), (Smear-Type='smear'), (Binning-Type='Y_bin'-[Q2-y-Bin=5, z-PT-Bin=All]), (Var-D1='MultiDim_z_pT_Bin_Y_bin_phi_t'))
	[96mUsing [1m[92mRooUnfold (Bin-by-Bin)[0m[96m Unfolding Procedure...[0m
[1m[96mFinished [92mRooUnfold (Bin-by-Bin)[0m[1m[96m Unfolding Procedure.
[0m
[1m[96mStarting [4m[92mRooUnfold[0m[1m[96m Unfolding Procedure...[0m

	[1mBegan Unfolding Histogram:[0m
	((Histo-Group='Response_Matrix_Normal'), (Data-Cut='cut_Complete_SIDIS'), (Smear-Type='smear'), (Binning-Type='Y_bin'-[Q2-y-Bin=5, z-PT-Bin=All]), (Var-D1='MultiDim_z_pT_Bin_Y_bin_phi_t'))
Time Elapsed Up To Now: 0 Day(s), 0 Hour(s), 0 Minute(s), and 4 Second(s). 
	[96mUsing [1m[92mRooUnfold (Bayesian)[0m[96m method to unfold...[0m

Current Time: [1m05:09 p.m.[0m
Time Elapsed Up To Now:
0 Day(s), 2 Hour(s), 8 Minute(s), and 30 Second(s).

[1m[96mFinished [92mRooUnfold (Bayesian)[0m[1m[96m Unfolding Procedure.
[0m

[94mRunning Multi3D_Slice(...)[0m


[94mRunning Multi3D_Slice(...)[0m


[94mRunning Multi3D_Slice(...)[0m


[94mRunning Multi3D_Slice(...)[0m


[94mRunning Multi3D_Slice(...)[0m


[94mRunning Multi3D_Slice(...)[0m


[94mRunning Multi3D_Slice(...)[0m

Bin 6 is not in Q2_y_Bin_List = ['default', 'Unfolding', 'as', 'background', 'parallel', 'jobs.', 'Ran', 'in', 'tmuxUnfold', '(in', 'case', 'there', 'were', 'any', 'local', 'issues)"', '5', '0']
Bin 7 is not in Q2_y_Bin_List = ['default', 'Unfolding', 'as', 'background', 'parallel', 'jobs.', 'Ran', 'in', 'tmuxUnfold', '(in', 'case', 'there', 'were', 'any', 'local', 'issues)"', '5', '0']
Bin 8 is not in Q2_y_Bin_List = ['default', 'Unfolding', 'as', 'background', 'parallel', 'jobs.', 'Ran', 'in', 'tmuxUnfold', '(in', 'case', 'there', 'were', 'any', 'local', 'issues)"', '5', '0']
Bin 9 is not in Q2_y_Bin_List = ['default', 'Unfolding', 'as', 'background', 'parallel', 'jobs.', 'Ran', 'in', 'tmuxUnfold', '(in', 'case', 'there', 'were', 'any', 'local', 'issues)"', '5', '0']

Unfolding: ((Histo-Group='Response_Matrix_Normal'), (Data-Type='DataFrame_Type'), (Data-Cut='cut_Complete_SIDIS'), (Smear-Type='smear'), (Binning-Type='Y_bin'-[Q2-y-Bin=All, z-PT-Bin=All]), (Var-D1='MultiDim_z_pT_Bin_Y_bin_phi_t'-[NumBins=915, MinBin=-1.5, MaxBin=913.5]), (Var-D2='z_pT_Bin_Y_bin_smeared'-[NumBins=38, MinBin=-0.5, MaxBin=37.5]))
Total: 2


Counting Total Number of/Saving collected histograms...
[1m[94mSaving to: [1m[92m"FULL_Unfolded_Histos_From_Simple_RooUnfold_SelfContained.root"[0m

Final Count = 239
Conditions for running 'Create_Fits_and_Apply_RC' were not set...
Need to run: '(args.fit and args.Use_TTree) or args.Apply_RC'




[1m[43mEMAIL MESSAGE TO SEND:[0m


The 'Simple_RooUnfold_SelfContained.py' script has finished running.
Started running on [1m2-18-2026[0m at [1m03:00 p.m.[0m

Input File:
	/w/hallb-scshelf2102/clas12/richcap/SIDIS_Analysis/Histo_Files_ROOT/DataFrames/hadd_ROOT_files_From_using_RDataFrames/SIDIS_epip_Response_Matrices_from_RDataFrames_ZerothOrder.root
Output File:
	"FULL_Unfolded_Histos_From_Simple_RooUnfold_SelfContained.root"

"Running

	[1mBegan Unfolding Histogram:[0m
	((Histo-Group='Response_Matrix_Normal'), (Data-Cut='cut_Complete_SIDIS'), (Smear-Type='smear'), (Binning-Type='Y_bin'-[Q2-y-Bin=5, z-PT-Bin=All]), (Var-D1='MultiDim_z_pT_Bin_Y_bin_phi_t'))
Time Elapsed Up To Now: 0 Day(s), 0 Hour(s), 0 Minute(s), and 4 Second(s). 
	Finished Unfolding the histogram at:
Time Elapsed Up To Now: 0 Day(s), 2 Hour(s), 8 Minute(s), and 30 Second(s). 

Arguments:
--unfolding_1D (1D Unfolding Only)                  --> False
--unfolding_3D (3D Unfolding Only)                  --> True
--run_sectors                                       --> False
--sectors_to_unfold                                 --> None
--allow_other_variables (for unfolding)             --> False
--simulation (unfolding synthetic data)             --> False
--modulation (data unfolded with modulated MC)      --> False
--closure  (modulated MC unfolded with itself)      --> False
--weighed_acceptace (use acceptance weights only)   --> False
--test                                              --> False
--verbose                                           --> False
--fit                                               --> False
--tag_proton                                        --> False
--cut_proton                                        --> False
--Common_Int_Bins                                   --> False
--bayes_iterations                                  --> 13
--Num_Toys                                          --> 500
--title                                             --> None
--EvGen                                             --> False
--Min_Allowed_Acceptance_Cut                        --> 0.0005
--Use_TTree                                         --> False
--Apply_RC                                          --> False
--Add_Uncertainties                                 --> False
--pass_version                                      --> 'Pass 2'
--smearing_options                                  --> 'smear'
--Q2_y_Bin_List                                     --> ['default', 'Unfolding', 'as', 'background', 'parallel', 'jobs.', 'Ran', 'in', 'tmuxUnfold', '(in', 'case', 'there', 'were', 'any', 'local', 'issues)"', '5', '0']
--Run_5D_Unfold                                     --> False
--run_sec_unfold                                    --> False


The time that this code finished is [1m05:09 p.m.[0m
The total time the code took to run is:
0 Day(s), 2 Hour(s), 8 Minute(s), and 30 Second(s).
Saved 239 Histograms...
Rate = 0.03 Histograms/Seconds
    

[1m[92m[43m
    	                                   	   
    	This code has now finished running.	   
    	                                   	   [0m
    
    
