Full command: ./Simple_RooUnfold_SelfContained.py --root "Unfolded_Parallel_SIDIS_epip_Response_Matrices_from_RDataFrames_Only_3D_rho0_Normalized_Response_Matrices_Final_Analysis_Iterations_I0_All.root" --single_file_input /w/hallb-scshelf2102/clas12/richcap/SIDIS_Analysis/Histo_Files_ROOT/DataFrames/hadd_ROOT_files_From_using_RDataFrames/SIDIS_epip_Response_Matrices_from_RDataFrames_Only_3D_rho0_Normalized_Response_Matrices_Final_Analysis_Iterations_I0_All.root --unfolding_3D --Apply_RC --fit --smear --save_json -em 'Ran in parallel using the histograms in the ROOT files from the newest Final_Analysis_Iterations files. Ran with Harut's exclusive 'lundrho' rho0 events subtracted as background after proper normalization. Saving the fits to the new JSON file formats. Ran in tmuxSIDIS_1.' -ti 'rho0 Normalized Run' 12
TH1D::Sumw2:0: RuntimeWarning: Sum of squares of weights structure already created
Subtract 96759.3 fakes from measured distribution
Using response matrix priors
Priors:

Vector (915)  is as follows

     |        1  |
------------------
   0 |0 
   1 |0.813155 
   2 |4.44461e-05 
   3 |4.76225e-05 
   4 |4.14793e-05 
   5 |4.29653e-05 
   6 |4.43158e-05 
   7 |4.5131e-05 
   8 |4.6654e-05 
   9 |4.53265e-05 
  10 |4.10602e-05 
  11 |4.64023e-05 
  12 |4.49955e-05 
  13 |4.2504e-05 
  14 |4.56012e-05 
  15 |4.31838e-05 
  16 |4.26114e-05 
  17 |4.30956e-05 
  18 |4.52984e-05 
  19 |4.94202e-05 
  20 |4.71612e-05 
  21 |3.8722e-05 
  22 |4.18984e-05 
  23 |4.37894e-05 
  24 |4.13349e-05 
  25 |4.45394e-05 
  26 |2.32222e-05 
  27 |2.87368e-05 
  28 |2.78424e-05 
  29 |2.43773e-05 
  30 |2.52154e-05 
  31 |2.8839e-05 
  32 |2.50992e-05 
  33 |2.79868e-05 
  34 |2.5439e-05 
  35 |2.68318e-05 
  36 |2.63564e-05 
  37 |2.26818e-05 
  38 |2.55042e-05 
  39 |2.55183e-05 
  40 |2.47823e-05 
  41 |2.81593e-05 
  42 |2.48104e-05 
  43 |2.98497e-05 
  44 |2.4284e-05 
  45 |3.2607e-05 
  46 |2.48104e-05 
  47 |2.5425e-05 
  48 |2.77632e-05 
  49 |2.8839e-05 
  50 |1.62128e-05 
  51 |1.81549e-05 
  52 |1.68414e-05 
  53 |1.59751e-05 
  54 |1.61987e-05 
  55 |1.64734e-05 
  56 |1.58307e-05 
  57 |1.48201e-05 
  58 |1.4769e-05 
  59 |1.43869e-05 
  60 |1.43869e-05 
  61 |1.19976e-05 
  62 |1.38235e-05 
  63 |1.48201e-05 
  64 |1.54116e-05 
  65 |1.56863e-05 
  66 |1.46897e-05 
  67 |1.61987e-05 
  68 |1.42566e-05 
  69 |1.5174e-05 
  70 |1.75492e-05 
  71 |1.69487e-05 
  72 |1.53465e-05 
  73 |1.76285e-05 
  74 |4.76455e-06 
  75 |5.29097e-06 
  76 |4.62017e-06 
  77 |4.55501e-06 
  78 |5.57973e-06 
  79 |5.29097e-06 
  80 |4.90893e-06 
  81 |4.04265e-06 
  82 |6.22241e-06 
  83 |5.13253e-06 
  84 |3.54435e-06 
  85 |4.84377e-06 
  86 |4.84377e-06 
  87 |4.26625e-06 
  88 |4.20109e-06 
  89 |4.12187e-06 
  90 |3.39997e-06 
  91 |5.29097e-06 
  92 |4.33141e-06 
  93 |3.83311e-06 
  94 |3.75389e-06 
  95 |4.69939e-06 
  96 |4.92299e-06 
  97 |4.47579e-06 
  98 |0 
  99 |0.000253021 
 100 |0.000255591 
 101 |0.000251376 
 102 |0.000242136 
 103 |0.00025819 
 104 |0.000250445 
 105 |0.000246886 
 106 |0.000250654 
 107 |0.000256732 
 108 |0.000249723 
 109 |0.000255158 
 110 |0.000255708 
 111 |0.000247017 
 112 |0.000255139 
 113 |0.000253723 
 114 |0.000244069 
 115 |0.000254162 
 116 |0.000257021 
 117 |0.000245233 
 118 |0.000246258 
 119 |0.000244288 
 120 |0.000252857 
 121 |0.000243118 
 122 |0.000245392 
 123 |0.000197788 
 124 |0.000190439 
 125 |0.000196829 
 126 |0.000192996 
 127 |0.000201528 
 128 |0.000194728 
 129 |0.000192064 
 130 |0.000203 
 131 |0.000187812 
 132 |0.000201333 
 133 |0.000199093 
 134 |0.000190583 
 135 |0.000198403 
 136 |0.000186322 
 137 |0.000191082 
 138 |0.000206344 
 139 |0.000193471 
 140 |0.000196526 
 141 |0.000202879 
 142 |0.000191082 
 143 |0.000192936 
 144 |0.000193075 
 145 |0.000192274 
 146 |0.000195269 
 147 |0.000180831 
 148 |0.000178022 
 149 |0.000181017 
 150 |0.000180742 
 151 |0.000182093 
 152 |0.000178475 
 153 |0.000172066 
 154 |0.000178843 
 155 |0.00017629 
 156 |0.000182079 
 157 |0.000178288 
 158 |0.000175973 
 159 |0.000168428 
 160 |0.000177235 
 161 |0.000175409 
 162 |0.000171474 
 163 |0.000181753 
 164 |0.000171749 
 165 |0.000177357 
 166 |0.000182605 
 167 |0.00016935 
 168 |0.000191203 
 169 |0.000180728 
 170 |0.000180239 
 171 |0.000123418 
 172 |0.000126753 
 173 |0.000142029 
 174 |0.000119716 
 175 |0.000130703 
 176 |0.000124126 
 177 |0.000119325 
 178 |0.000123455 
 179 |0.000129785 
 180 |0.00013237 
 181 |0.000123237 
 182 |0.000129165 
 183 |0.000116465 
 184 |0.000134051 
 185 |0.000124364 
 186 |0.000121453 
 187 |0.000123353 
 188 |0.00012204 
 189 |0.000123563 
 190 |0.000127634 
 191 |0.000135062 
 192 |0.000123469 
 193 |0.000119897 
 194 |0.000123484 
 195 |4.5536e-05 
 196 |4.86613e-05 
 197 |4.4418e-05 
 198 |5.10225e-05 
 199 |4.99096e-05 
 200 |4.44602e-05 
 201 |4.3263e-05 
 202 |4.85258e-05 
 203 |4.30534e-05 
 204 |4.05619e-05 
 205 |4.5168e-05 
 206 |4.90804e-05 
 207 |4.24389e-05 
 208 |4.31097e-05 
 209 |4.38035e-05 
 210 |4.31608e-05 
 211 |4.26344e-05 
 212 |4.19776e-05 
 213 |4.88057e-05 
 214 |4.25462e-05 
 215 |4.41063e-05 
 216 |4.78602e-05 
 217 |4.4418e-05 
 218 |4.2858e-05 
 219 |0.000392841 
 220 |0.00040502 
 221 |0.000411307 
 222 |0.000415709 
 223 |0.000406701 
 224 |0.000410172 
 225 |0.000406678 
 226 |0.000416584 
 227 |0.000411638 
 228 |0.000415905 
 229 |0.000415443 
 230 |0.000416584 
 231 |0.000403301 
 232 |0.00040605 
 233 |0.000394978 
 234 |0.000410316 
 235 |0.000405611 
 236 |0.000413897 
 237 |0.000409566 
 238 |0.000410735 
 239 |0.000416561 
 240 |0.000409161 
 241 |0.000418215 
 242 |0.000414214 
 243 |0.000346743 
 244 |0.000351213 
 245 |0.000352238 
 246 |0.000333268 
 247 |0.00034896 
 248 |0.000345713 
 249 |0.000353645 
 250 |0.000342183 
 251 |0.000343063 
 252 |0.000337534 
 253 |0.000341605 
 254 |0.000329463 
 255 |0.000344931 
 256 |0.000337372 
 257 |0.000352425 
 258 |0.000340152 
 259 |0.000335266 
 260 |0.000350259 
 261 |0.000353622 
 262 |0.000347054 
 263 |0.000340911 
 264 |0.000350771 
 265 |0.000337367 
 266 |0.000357087 
 267 |0.000335356 
 268 |0.000349533 
 269 |0.000344019 
 270 |0.00035712 
 271 |0.000338634 
 272 |0.000347572 
 273 |0.000341811 
 274 |0.000342682 
 275 |0.000349426 
 276 |0.000347949 
 277 |0.000334736 
 278 |0.000364786 
 279 |0.000352472 
 280 |0.000343823 
 281 |0.000348639 
 282 |0.00034856 
 283 |0.000333269 
 284 |0.00034495 
 285 |0.000347637 
 286 |0.000353236 
 287 |0.000341043 
 288 |0.000346683 
 289 |0.000349757 
 290 |0.000339957 
 291 |0.000298581 
 292 |0.000295628 
 293 |0.000299918 
 294 |0.000292121 
 295 |0.000310038 
 296 |0.000290603 
 297 |0.000293537 
 298 |0.000293327 
 299 |0.000310644 
 300 |0.00029684 
 301 |0.000303224 
 302 |0.000304906 
 303 |0.00029357 
 304 |0.000293859 
 305 |0.00030445 
 306 |0.000293825 
 307 |0.000295144 
 308 |0.000295711 
 309 |0.000300374 
 310 |0.000309582 
 311 |0.000306587 
 312 |0.000298837 
 313 |0.00029941 
 314 |0.000299509 
 315 |0.000170948 
 316 |0.000182903 
 317 |0.000173742 
 318 |0.000179908 
 319 |0.000182246 
 320 |0.000175106 
 321 |0.000179316 
 322 |0.000178949 
 323 |0.000183229 
 324 |0.000179316 
 325 |0.000180029 
 326 |0.000183019 
 327 |0.000181995 
 328 |0.000174781 
 329 |0.00017274 
 330 |0.000183755 
 331 |0.000178241 
 332 |0.000172848 
 333 |0.00017777 
 334 |0.000182745 
 335 |0.000174263 
 336 |0.000185106 
 337 |0.000173686 
 338 |0.000182102 
 339 |0.000432191 
 340 |0.000399757 
 341 |0.000415602 
 342 |0.000418382 
 343 |0.000418727 
 344 |0.000423384 
 345 |0.000417003 
 346 |0.000419328 
 347 |0.000433579 
 348 |0.000433081 
 349 |0.000416672 
 350 |0.00043072 
 351 |0.00042228 
 352 |0.000416896 
 353 |0.000434343 
 354 |0.000431022 
 355 |0.000421609 
 356 |0.00041922 
 357 |0.000415876 
 358 |0.000431665 
 359 |0.000436234 
 360 |0.000428619 
 361 |0.00041535 
 362 |0.000428577 
 363 |0.00038925 
 364 |0.000364678 
 365 |0.000378646 
 366 |0.000388566 
 367 |0.000380718 
 368 |0.000382977 
 369 |0.000392385 
 370 |0.000389986 
 371 |0.000378985 
 372 |0.000377048 
 373 |0.000391509 
 374 |0.000390997 
 375 |0.000374198 
 376 |0.000384328 
 377 |0.000378646 
 378 |0.0003934 
 379 |0.000388566 
 380 |0.00037184 
 381 |0.000379945 
 382 |0.000394108 
 383 |0.000385958 
 384 |0.000386153 
 385 |0.000381579 
 386 |0.000387765 
 387 |0.000397225 
 388 |0.000388329 
 389 |0.000394455 
 390 |0.00039159 
 391 |0.000401394 
 392 |0.000388954 
 393 |0.000370194 
 394 |0.000404924 
 395 |0.000405736 
 396 |0.000385558 
 397 |0.000385628 
 398 |0.000378871 
 399 |0.000385889 
 400 |0.000395087 
 401 |0.000385028 
 402 |0.00039798 
 403 |0.000396498 
 404 |0.0003801 
 405 |0.000379457 
 406 |0.000392805 
 407 |0.000386732 
 408 |0.000379299 
 409 |0.000375964 
 410 |0.000385908 
 411 |0.00034136 
 412 |0.000353935 
 413 |0.000331836 
 414 |0.000343018 
 415 |0.000343316 
 416 |0.000343735 
 417 |0.000334621 
 418 |0.000339358 
 419 |0.000339935 
 420 |0.000338215 
 421 |0.000342319 
 422 |0.000340587 
 423 |0.000342515 
 424 |0.000345244 
 425 |0.000351369 
 426 |0.00033484 
 427 |0.000332637 
 428 |0.000349119 
 429 |0.000345524 
 430 |0.000334174 
 431 |0.00033157 
 432 |0.00034632 
 433 |0.000337588 
 434 |0.000344369 
 435 |0.000225453 
 436 |0.000233269 
 437 |0.000227172 
 438 |0.000229436 
 439 |0.00022821 
 440 |0.00023896 
 441 |0.000225951 
 442 |0.000229286 
 443 |0.000228983 
 444 |0.000226636 
 445 |0.000232975 
 446 |0.000221387 
 447 |0.000237176 
 448 |0.000239314 
 449 |0.000233315 
 450 |0.000224391 
 451 |0.000231256 
 452 |0.000226962 
 453 |0.000231531 
 454 |0.000226203 
 455 |0.000234368 
 456 |0.000221937 
 457 |0.000224414 
 458 |0.000229733 
 459 |0.000883943 
 460 |0.000894199 
 461 |0.000882211 
 462 |0.000874819 
 463 |0.000902429 
 464 |0.000890613 
 465 |0.000900696 
 466 |0.000905614 
 467 |0.000896481 
 468 |0.000877409 
 469 |0.000920346 
 470 |0.000877893 
 471 |0.000871829 
 472 |0.000883762 
 473 |0.00089799 
 474 |0.000887944 
 475 |0.000882383 
 476 |0.000887762 
 477 |0.000891544 
 478 |0.000880953 
 479 |0.000894539 
 480 |0.000899569 
 481 |0.000893999 
 482 |0.00087359 
 483 |0.000880391 
 484 |0.000900125 
 485 |0.000865302 
 486 |0.000903614 
 487 |0.000893121 
 488 |0.000893 
 489 |0.000888272 
 490 |0.000889008 
 491 |0.000913017 
 492 |0.000900423 
 493 |0.000894201 
 494 |0.000888566 
 495 |0.000894658 
 496 |0.000904717 
 497 |0.000901988 
 498 |0.000875688 
 499 |0.000911169 
 500 |0.000883685 
 501 |0.000878007 
 502 |0.000899087 
 503 |0.000886251 
 504 |0.00090972 
 505 |0.000883694 
 506 |0.00089176 
 507 |0.000948436 
 508 |0.000968599 
 509 |0.000962558 
 510 |0.000966099 
 511 |0.000952418 
 512 |0.000987437 
 513 |0.000972837 
 514 |0.00098116 
 515 |0.000961947 
 516 |0.000958287 
 517 |0.000970712 
 518 |0.000932386 
 519 |0.000963479 
 520 |0.00095131 
 521 |0.000942954 
 522 |0.000973061 
 523 |0.000960132 
 524 |0.000953485 
 525 |0.000953941 
 526 |0.00097267 
 527 |0.000954001 
 528 |0.000952842 
 529 |0.000964779 
 530 |0.000956716 
 531 |0.000818238 
 532 |0.000799678 
 533 |0.00082336 
 534 |0.000820217 
 535 |0.000800608 
 536 |0.000807656 
 537 |0.000830491 
 538 |0.00082458 
 539 |0.000814725 
 540 |0.000809378 
 541 |0.00079201 
 542 |0.000815578 
 543 |0.000812067 
 544 |0.000807004 
 545 |0.000800376 
 546 |0.000802629 
 547 |0.000798141 
 548 |0.000813678 
 549 |0.000807292 
 550 |0.000826499 
 551 |0.000815657 
 552 |0.00079849 
 553 |0.000799784 
 554 |0.000824534 
 555 |0 
 556 |0 
 557 |0 
 558 |0 
 559 |0 
 560 |0 
 561 |0 
 562 |0 
 563 |0 
 564 |0 
 565 |0 
 566 |0 
 567 |0 
 568 |0 
 569 |0 
 570 |0 
 571 |0 
 572 |0 
 573 |0 
 574 |0 
 575 |0 
 576 |0 
 577 |0 
 578 |0 
 579 |0 
 580 |0 
 581 |0 
 582 |0 
 583 |0 
 584 |0 
 585 |0 
 586 |0 
 587 |0 
 588 |0 
 589 |0 
 590 |0 
 591 |0 
 592 |0 
 593 |0 
 594 |0 
 595 |0 
 596 |0 
 597 |0 
 598 |0 
 599 |0 
 600 |0 
 601 |0 
 602 |0 
 603 |0 
 604 |0 
 605 |0 
 606 |0 
 607 |0 
 608 |0 
 609 |0 
 610 |0 
 611 |0 
 612 |0 
 613 |0 
 614 |0 
 615 |0 
 616 |0 
 617 |0 
 618 |0 
 619 |0 
 620 |0 
 621 |0 
 622 |0 
 623 |0 
 624 |0 
 625 |0 
 626 |0 
 627 |0 
 628 |0 
 629 |0 
 630 |0 
 631 |0 
 632 |0 
 633 |0 
 634 |0 
 635 |0 
 636 |0 
 637 |0 
 638 |0 
 639 |0 
 640 |0 
 641 |0 
 642 |0 
 643 |0 
 644 |0 
 645 |0 
 646 |0 
 647 |0 
 648 |0 
 649 |0 
 650 |0 
 651 |0 
 652 |0 
 653 |0 
 654 |0 
 655 |0 
 656 |0 
 657 |0 
 658 |0 
 659 |0 
 660 |0 
 661 |0 
 662 |0 
 663 |0 
 664 |0 
 665 |0 
 666 |0 
 667 |0 
 668 |0 
 669 |0 
 670 |0 
 671 |0 
 672 |0 
 673 |0 
 674 |0 
 675 |0 
 676 |0 
 677 |0 
 678 |0 
 679 |0 
 680 |0 
 681 |0 
 682 |0 
 683 |0 
 684 |0 
 685 |0 
 686 |0 
 687 |0 
 688 |0 
 689 |0 
 690 |0 
 691 |0 
 692 |0 
 693 |0 
 694 |0 
 695 |0 
 696 |0 
 697 |0 
 698 |0 
 699 |0 
 700 |0 
 701 |0 
 702 |0 
 703 |0 
 704 |0 
 705 |0 
 706 |0 
 707 |0 
 708 |0 
 709 |0 
 710 |0 
 711 |0 
 712 |0 
 713 |0 
 714 |0 
 715 |0 
 716 |0 
 717 |0 
 718 |0 
 719 |0 
 720 |0 
 721 |0 
 722 |0 
 723 |0 
 724 |0 
 725 |0 
 726 |0 
 727 |0 
 728 |0 
 729 |0 
 730 |0 
 731 |0 
 732 |0 
 733 |0 
 734 |0 
 735 |0 
 736 |0 
 737 |0 
 738 |0 
 739 |0 
 740 |0 
 741 |0 
 742 |0 
 743 |0 
 744 |0 
 745 |0 
 746 |0 
 747 |0 
 748 |0 
 749 |0 
 750 |0 
 751 |0 
 752 |0 
 753 |0 
 754 |0 
 755 |0 
 756 |0 
 757 |0 
 758 |0 
 759 |0 
 760 |0 
 761 |0 
 762 |0 
 763 |0 
 764 |0 
 765 |0 
 766 |0 
 767 |0 
 768 |0 
 769 |0 
 770 |0 
 771 |0 
 772 |0 
 773 |0 
 774 |0 
 775 |0 
 776 |0 
 777 |0 
 778 |0 
 779 |0 
 780 |0 
 781 |0 
 782 |0 
 783 |0 
 784 |0 
 785 |0 
 786 |0 
 787 |0 
 788 |0 
 789 |0 
 790 |0 
 791 |0 
 792 |0 
 793 |0 
 794 |0 
 795 |0 
 796 |0 
 797 |0 
 798 |0 
 799 |0 
 800 |0 
 801 |0 
 802 |0 
 803 |0 
 804 |0 
 805 |0 
 806 |0 
 807 |0 
 808 |0 
 809 |0 
 810 |0 
 811 |0 
 812 |0 
 813 |0 
 814 |0 
 815 |0 
 816 |0 
 817 |0 
 818 |0 
 819 |0 
 820 |0 
 821 |0 
 822 |0 
 823 |0 
 824 |0 
 825 |0 
 826 |0 
 827 |0 
 828 |0 
 829 |0 
 830 |0 
 831 |0 
 832 |0 
 833 |0 
 834 |0 
 835 |0 
 836 |0 
 837 |0 
 838 |0 
 839 |0 
 840 |0 
 841 |0 
 842 |0 
 843 |0 
 844 |0 
 845 |0 
 846 |0 
 847 |0 
 848 |0 
 849 |0 
 850 |0 
 851 |0 
 852 |0 
 853 |0 
 854 |0 
 855 |0 
 856 |0 
 857 |0 
 858 |0 
 859 |0 
 860 |0 
 861 |0 
 862 |0 
 863 |0 
 864 |0 
 865 |0 
 866 |0 
 867 |0 
 868 |0 
 869 |0 
 870 |0 
 871 |0 
 872 |0 
 873 |0 
 874 |0 
 875 |0 
 876 |0 
 877 |0 
 878 |0 
 879 |0 
 880 |0 
 881 |0 
 882 |0 
 883 |0 
 884 |0 
 885 |0 
 886 |0 
 887 |0 
 888 |0 
 889 |0 
 890 |0 
 891 |0 
 892 |0 
 893 |0 
 894 |0 
 895 |0 
 896 |0 
 897 |0 
 898 |0 
 899 |0 
 900 |0 
 901 |0 
 902 |0 
 903 |0 
 904 |0 
 905 |0 
 906 |0 
 907 |0 
 908 |0 
 909 |0 
 910 |0 
 911 |0 
 912 |0 
 913 |0 
 914 |0 

Now unfolding...
Iteration : 0
Chi^2 of change 40462.5
Iteration : 1
Chi^2 of change 4795.84
Iteration : 2
Chi^2 of change 1319.16
Iteration : 3
Chi^2 of change 507.831
Iteration : 4
Chi^2 of change 238.557
Iteration : 5
Chi^2 of change 127.921
Iteration : 6
Chi^2 of change 75.277
Iteration : 7
Chi^2 of change 47.4717
Iteration : 8
Chi^2 of change 31.6318
Iteration : 9
Chi^2 of change 22.0849
Iteration : 10
Chi^2 of change 16.0728
Iteration : 11
Chi^2 of change 12.1478
Iteration : 12
Chi^2 of change 9.50376
Using response matrix priors
Calculating covariances due to number of measured events
Using response matrix priors
Using response matrix priors
Using response matrix priors
Using response matrix priors
Using response matrix priors
Using response matrix priors
Using response matrix priors
Using response matrix priors
Using response matrix priors
Using response matrix priors
Using response matrix priors
Using response matrix priors
Using response matrix priors
Using response matrix priors
Using response matrix priors
Using response matrix priors
Using response matrix priors
Using response matrix priors
Using response matrix priors
Using response matrix priors
Using response matrix priors
Using response matrix priors
Using response matrix priors
Using response matrix priors
Using response matrix priors
Using response matrix priors
Using response matrix priors
Using response matrix priors
Using response matrix priors
Using response matrix priors
Using response matrix priors
Using response matrix priors
Using response matrix priors
Using response matrix priors
Using response matrix priors
Using response matrix priors
Using response matrix priors
Using response matrix priors
Using response matrix priors
Using response matrix priors
Using response matrix priors
Using response matrix priors
Using response matrix priors
Using response matrix priors
Using response matrix priors
Using response matrix priors
Using response matrix priors
Using response matrix priors
Using response matrix priors
Using response matrix priors
Using response matrix priors
Using response matrix priors
Using response matrix priors
Using response matrix priors
Using response matrix priors
Using response matrix priors
Using response matrix priors
Using response matrix priors
Using response matrix priors
Using response matrix priors
Using response matrix priors
Using response matrix priors
Using response matrix priors
Using response matrix priors
Using response matrix priors
Using response matrix priors
Using response matrix priors
Using response matrix priors
Using response matrix priors
Using response matrix priors
Using response matrix priors
Using response matrix priors
Using response matrix priors
Using response matrix priors
Using response matrix priors
Using response matrix priors
Using response matrix priors
Using response matrix priors
Using response matrix priors
Using response matrix priors
Using response matrix priors
Using response matrix priors
Using response matrix priors
Using response matrix priors
Using response matrix priors
Using response matrix priors
Using response matrix priors
Using response matrix priors
Using response matrix priors
Using response matrix priors
Using response matrix priors
Using response matrix priors
Using response matrix priors
Using response matrix priors
Using response matrix priors
Using response matrix priors
Using response matrix priors
Using response matrix priors
Using response matrix priors
Using response matrix priors
Using response matrix priors
Using response matrix priors
Using response matrix priors
Using response matrix priors
Using response matrix priors
Using response matrix priors
Using response matrix priors
Using response matrix priors
Using response matrix priors
Using response matrix priors
Using response matrix priors
Using response matrix priors
Using response matrix priors
Using response matrix priors
Using response matrix priors
Using response matrix priors
Using response matrix priors
Using response matrix priors
Using response matrix priors
Using response matrix priors
Using response matrix priors
Using response matrix priors
Using response matrix priors
Using response matrix priors
Using response matrix priors
Using response matrix priors
Using response matrix priors
Using response matrix priors
Using response matrix priors
Using response matrix priors
Using response matrix priors
Using response matrix priors
Using response matrix priors
Using response matrix priors
Using response matrix priors
Using response matrix priors
Using response matrix priors
Using response matrix priors
Using response matrix priors
Using response matrix priors
Using response matrix priors
Using response matrix priors
Using response matrix priors
Using response matrix priors
Using response matrix priors
Using response matrix priors
Using response matrix priors
Using response matrix priors
Using response matrix priors
Using response matrix priors
Using response matrix priors
Using response matrix priors
Using response matrix priors
Using response matrix priors
Using response matrix priors
Using response matrix priors
Using response matrix priors
Using response matrix priors
Using response matrix priors
Using response matrix priors
Using response matrix priors
Using response matrix priors
Using response matrix priors
Using response matrix priors
Using response matrix priors
Using response matrix priors
Using response matrix priors
Using response matrix priors
Using response matrix priors
Using response matrix priors
Using response matrix priors
Using response matrix priors
Using response matrix priors
Using response matrix priors
Using response matrix priors
Using response matrix priors
Using response matrix priors
Using response matrix priors
Using response matrix priors
Using response matrix priors
Using response matrix priors
Using response matrix priors
Using response matrix priors
Using response matrix priors
Using response matrix priors
Using response matrix priors
Using response matrix priors
Using response matrix priors
Using response matrix priors
Using response matrix priors
Using response matrix priors
Using response matrix priors
Using response matrix priors
Using response matrix priors
Using response matrix priors
Using response matrix priors
Using response matrix priors
Using response matrix priors
Using response matrix priors
Using response matrix priors
Using response matrix priors
Using response matrix priors
Using response matrix priors
Using response matrix priors
Using response matrix priors
Using response matrix priors
Using response matrix priors
Using response matrix priors
Using response matrix priors
Using response matrix priors
Using response matrix priors
Using response matrix priors
Using response matrix priors
Using response matrix priors
Using response matrix priors
Using response matrix priors
Using response matrix priors
Using response matrix priors
Using response matrix priors
Using response matrix priors
Using response matrix priors
Using response matrix priors
Using response matrix priors
Using response matrix priors
Using response matrix priors
Using response matrix priors
Using response matrix priors
Using response matrix priors
Using response matrix priors
Using response matrix priors
Using response matrix priors
Using response matrix priors
Using response matrix priors
Using response matrix priors
Using response matrix priors
Using response matrix priors
Using response matrix priors
Using response matrix priors
Using response matrix priors
Using response matrix priors
Using response matrix priors
Using response matrix priors
Using response matrix priors
Using response matrix priors
Using response matrix priors
Using response matrix priors
Using response matrix priors
Using response matrix priors
Using response matrix priors
Using response matrix priors
Using response matrix priors
Using response matrix priors
Using response matrix priors
Using response matrix priors
Using response matrix priors
Using response matrix priors
Using response matrix priors
Using response matrix priors
Using response matrix priors
Using response matrix priors
Using response matrix priors
Using response matrix priors
Using response matrix priors
Using response matrix priors
Using response matrix priors
Using response matrix priors
Using response matrix priors
Using response matrix priors
Using response matrix priors
Using response matrix priors
Using response matrix priors
Using response matrix priors
Using response matrix priors
Using response matrix priors
Using response matrix priors
Using response matrix priors
Using response matrix priors
Using response matrix priors
Using response matrix priors
Using response matrix priors
Using response matrix priors
Using response matrix priors
Using response matrix priors
Using response matrix priors
Using response matrix priors
Using response matrix priors
Using response matrix priors
Using response matrix priors
Using response matrix priors
Using response matrix priors
Using response matrix priors
Using response matrix priors
Using response matrix priors
Using response matrix priors
Using response matrix priors
Using response matrix priors
Using response matrix priors
Using response matrix priors
Using response matrix priors
Using response matrix priors
Using response matrix priors
Using response matrix priors
Using response matrix priors
Using response matrix priors
Using response matrix priors
Using response matrix priors
Using response matrix priors
Using response matrix priors
Using response matrix priors
Using response matrix priors
Using response matrix priors
Using response matrix priors
Using response matrix priors
Using response matrix priors
Using response matrix priors
Using response matrix priors
Using response matrix priors
Using response matrix priors
Using response matrix priors
Using response matrix priors
Using response matrix priors
Using response matrix priors
Using response matrix priors
Using response matrix priors
Using response matrix priors
Using response matrix priors
Using response matrix priors
Using response matrix priors
Using response matrix priors
Using response matrix priors
Using response matrix priors
Using response matrix priors
Using response matrix priors
Using response matrix priors
Using response matrix priors
Using response matrix priors
Using response matrix priors
Using response matrix priors
Using response matrix priors
Using response matrix priors
Using response matrix priors
Using response matrix priors
Using response matrix priors
Using response matrix priors
Using response matrix priors
Using response matrix priors
Using response matrix priors
Using response matrix priors
Using response matrix priors
Using response matrix priors
Using response matrix priors
Using response matrix priors
Using response matrix priors
Using response matrix priors
Using response matrix priors
Using response matrix priors
Using response matrix priors
Using response matrix priors
Using response matrix priors
Using response matrix priors
Using response matrix priors
Using response matrix priors
Using response matrix priors
Using response matrix priors
Using response matrix priors
Using response matrix priors
Using response matrix priors
Using response matrix priors
Using response matrix priors
Using response matrix priors
Using response matrix priors
Using response matrix priors
Using response matrix priors
Using response matrix priors
Using response matrix priors
Using response matrix priors
Using response matrix priors
Using response matrix priors
Using response matrix priors
Using response matrix priors
Using response matrix priors
Using response matrix priors
Using response matrix priors
Using response matrix priors
Using response matrix priors
Using response matrix priors
Using response matrix priors
Using response matrix priors
Using response matrix priors
Using response matrix priors
Using response matrix priors
Using response matrix priors
Using response matrix priors
Using response matrix priors
Using response matrix priors
Using response matrix priors
Using response matrix priors
Using response matrix priors
Using response matrix priors
Using response matrix priors
Using response matrix priors
Using response matrix priors
Using response matrix priors
Using response matrix priors
Using response matrix priors
Using response matrix priors
Using response matrix priors
Using response matrix priors
Using response matrix priors
Using response matrix priors
Using response matrix priors
Using response matrix priors
Using response matrix priors
Using response matrix priors
Using response matrix priors
Using response matrix priors
Using response matrix priors
Using response matrix priors
Using response matrix priors
Using response matrix priors
Using response matrix priors
Using response matrix priors
Using response matrix priors
Using response matrix priors
Using response matrix priors
Using response matrix priors
Using response matrix priors
Using response matrix priors
Using response matrix priors
Using response matrix priors
Using response matrix priors
Using response matrix priors
Using response matrix priors
Using response matrix priors
Using response matrix priors
Using response matrix priors
Using response matrix priors
Using response matrix priors
Using response matrix priors
Using response matrix priors
Using response matrix priors
Using response matrix priors
Using response matrix priors
Using response matrix priors
Using response matrix priors
Using response matrix priors
Using response matrix priors
Using response matrix priors
Using response matrix priors
Using response matrix priors
Using response matrix priors
Using response matrix priors
Using response matrix priors
Using response matrix priors
Using response matrix priors
Using response matrix priors
Using response matrix priors
Using response matrix priors
Using response matrix priors
Using response matrix priors
Using response matrix priors
Using response matrix priors
Using response matrix priors
Using response matrix priors
Using response matrix priors
Using response matrix priors
Using response matrix priors
Using response matrix priors
Using response matrix priors
Using response matrix priors
Using response matrix priors
Using response matrix priors
Using response matrix priors
Using response matrix priors
Using response matrix priors
Using response matrix priors
Using response matrix priors
Using response matrix priors
Using response matrix priors
Using response matrix priors
Using response matrix priors
Using response matrix priors
Using response matrix priors
Using response matrix priors
Using response matrix priors
Using response matrix priors
Using response matrix priors
Using response matrix priors
Using response matrix priors
Using response matrix priors
Using response matrix priors
Using response matrix priors
Using response matrix priors
Using response matrix priors
Using response matrix priors
Using response matrix priors
Using response matrix priors
Using response matrix priors
Using response matrix priors
TH1D::Sumw2:0: RuntimeWarning: Sum of squares of weights structure already created
Info in <TCanvas::MakeDefCanvas>:  created default TCanvas with name c1

Adding the following extra title to the histograms:
	rho0 Normalized Run



[1m[92m[43m

    Will be Fitting Plots    
[0m



[1m[94mSmear option selected is: Smear[0m


[91mRunning Bin 'All' for Q2-y Bins by default (will skip at end)[0m


Running for Q2-xB/Q2-y Bins: '12', '0'
[1m
Starting RG-A SIDIS Analysis
[0m

Started running on [1m5-26-2026[0m at [1m01:42 a.m.[0m

The total number of histograms available for the[1mRDataFrame[0m in '[1m[94m/w/hallb-scshelf2102/clas12/richcap/SIDIS_Analysis/Histo_Files_ROOT/DataFrames/hadd_ROOT_files_From_using_RDataFrames/SIDIS_epip_Response_Matrices_from_RDataFrames_Only_3D_rho0_Normalized_Response_Matrices_Final_Analysis_Iterations_I0_All.root[0m' is [1m504[0m


[1mDone Loading RDataFrame files...
[0m
[1m[94m

Starting Unfolding Procedures...
[0m
Bin 1 is not in Q2_y_Bin_List = ['12', '0']
Bin 10 is not in Q2_y_Bin_List = ['12', '0']
Bin 11 is not in Q2_y_Bin_List = ['12', '0']

Unfolding: ((Histo-Group='Response_Matrix_Normal'), (Data-Type='DataFrame_Type'), (Data-Cut='cut_Complete_SIDIS'), (Smear-Type='smear'), (Binning-Type='Y_bin'-[Q2-y-Bin=12, z-PT-Bin=All]), (Var-D1='MultiDim_z_pT_Bin_Y_bin_phi_t'-[NumBins=915, MinBin=-1.5, MaxBin=913.5]), (Var-D2='z_pT_Bin_Y_bin_smeared'-[NumBins=38, MinBin=-0.5, MaxBin=37.5]))
[1m[92mAdding the 'lundrho' files to the 'MC_REC_1D_initial' histogram[0m
[1m[92mAdding the 'lundrho' files to the 'Response_2D_initial' histogram[0m
[1m[92mAdding the 'lundrho' files to the 'MC_GEN_1D_initial' histogram[0m
[1m[92mAdding the 'lundrho' files to the 'MC_BGS_1D_initial' histogram[0m
[1m[96mStarting [4m[95mBin-by-Bin[0m[1m[96m Unfolding Procedure...[0m
	[1mAcceptance Correction of Histogram:[0m
	((Histo-Group='Response_Matrix_Normal_1D'), (Data-Cut='cut_Complete_SIDIS'), (Smear-Type='smear'), (Binning-Type='Y_bin'-[Q2-y-Bin=12, z-PT-Bin=All]), (Var-D1='MultiDim_z_pT_Bin_Y_bin_phi_t'))
[91m
Bin 412 had a very low acceptance...
	(cut_criteria = 0.0005)
	(Bin_Content  = 0.00042295611861060625)[0m
[91m
Bin 555 had a very low acceptance...
	(cut_criteria = 0.0005)
	(Bin_Content  = 0.00017510517786189543)[0m
[1m[96mFinished [95mBin-by-Bin[0m[1m[96m Unfolding Procedure.[0m

Current Time: [1m01:42 a.m.[0m
Time Elapsed Up To Now:
0 Day(s), 0 Hour(s), 0 Minute(s), and 0 Second(s).

[1m[96mStarting [4m[92mRooUnfold[0m[1m[96m Unfolding Procedure...[0m
	[1mUnfolding Histogram:[0m
	((Histo-Group='Response_Matrix_Normal'), (Data-Cut='cut_Complete_SIDIS'), (Smear-Type='smear'), (Binning-Type='Y_bin'-[Q2-y-Bin=12, z-PT-Bin=All]), (Var-D1='MultiDim_z_pT_Bin_Y_bin_phi_t'))
	[96mUsing [1m[92mRooUnfold (Bin-by-Bin)[0m[96m Unfolding Procedure...[0m
[1m[96mFinished [92mRooUnfold (Bin-by-Bin)[0m[1m[96m Unfolding Procedure.
[0m
[1m[96mStarting [4m[92mRooUnfold[0m[1m[96m Unfolding Procedure...[0m

	[1mBegan Unfolding Histogram:[0m
	((Histo-Group='Response_Matrix_Normal'), (Data-Cut='cut_Complete_SIDIS'), (Smear-Type='smear'), (Binning-Type='Y_bin'-[Q2-y-Bin=12, z-PT-Bin=All]), (Var-D1='MultiDim_z_pT_Bin_Y_bin_phi_t'))
Time Elapsed Up To Now: 0 Day(s), 0 Hour(s), 0 Minute(s), and 2 Second(s). 
	[96mUsing [1m[92mRooUnfold (Bayesian)[0m[96m method to unfold...[0m

Current Time: [1m03:46 a.m.[0m
Time Elapsed Up To Now:
0 Day(s), 2 Hour(s), 3 Minute(s), and 11 Second(s).

[1m[96mFinished [92mRooUnfold (Bayesian)[0m[1m[96m Unfolding Procedure.
[0m

[94mRunning Multi3D_Slice(...)[0m


[94mRunning Multi3D_Slice(...)[0m


[94mRunning Multi3D_Slice(...)[0m


[94mRunning Multi3D_Slice(...)[0m


[94mRunning Multi3D_Slice(...)[0m


[94mRunning Multi3D_Slice(...)[0m


[94mRunning Multi3D_Slice(...)[0m

Bin 13 is not in Q2_y_Bin_List = ['12', '0']
Bin 14 is not in Q2_y_Bin_List = ['12', '0']
Bin 15 is not in Q2_y_Bin_List = ['12', '0']
Bin 16 is not in Q2_y_Bin_List = ['12', '0']
Bin 17 is not in Q2_y_Bin_List = ['12', '0']
Bin 2 is not in Q2_y_Bin_List = ['12', '0']
Bin 3 is not in Q2_y_Bin_List = ['12', '0']
Bin 4 is not in Q2_y_Bin_List = ['12', '0']
Bin 5 is not in Q2_y_Bin_List = ['12', '0']
Bin 6 is not in Q2_y_Bin_List = ['12', '0']
Bin 7 is not in Q2_y_Bin_List = ['12', '0']
Bin 8 is not in Q2_y_Bin_List = ['12', '0']
Bin 9 is not in Q2_y_Bin_List = ['12', '0']

Unfolding: ((Histo-Group='Response_Matrix_Normal'), (Data-Type='DataFrame_Type'), (Data-Cut='cut_Complete_SIDIS'), (Smear-Type='smear'), (Binning-Type='Y_bin'-[Q2-y-Bin=All, z-PT-Bin=All]), (Var-D1='MultiDim_z_pT_Bin_Y_bin_phi_t'-[NumBins=915, MinBin=-1.5, MaxBin=913.5]), (Var-D2='z_pT_Bin_Y_bin_smeared'-[NumBins=38, MinBin=-0.5, MaxBin=37.5]))
[1m[92mAdding the 'lundrho' files to the 'MC_REC_1D_initial' histogram[0m
[1m[92mAdding the 'lundrho' files to the 'Response_2D_initial' histogram[0m
[1m[92mAdding the 'lundrho' files to the 'MC_GEN_1D_initial' histogram[0m
[1m[92mAdding the 'lundrho' files to the 'MC_BGS_1D_initial' histogram[0m
Total: 2


Counting Total Number of/Saving collected histograms...
[1m[94mSaving to: [1m[92m"Unfolded_Parallel_SIDIS_epip_Response_Matrices_from_RDataFrames_Only_3D_rho0_Normalized_Response_Matrices_Final_Analysis_Iterations_I0_All.root"[0m

[1m[96mDone Saving![0m

Final Count = 536


Current Time: [1m03:46 a.m.[0m
Time Elapsed Up To Now:
0 Day(s), 2 Hour(s), 3 Minute(s), and 28 Second(s).

[94mNormal Unfolding Fits Already Included? -> [1m[92mTrue[0m
[94mRC Unfolding Fits Already Included?     -> [91m[1mFalse[0m
[1mNot running BC... Did not check for BC fits.[0m

[1m[94mMaking the fits...[0m


[1mLoaded `[92mFind_RC_Fit_Params[0m[1m` and `[92mApply_RC_Factor_Corrections[0m[1m` for applying RC Corrections...[0m

Fitting for: [1m(MultiDim_3D_Histo)_(Bayesian)_(SMEAR=Smear)_(Q2_y_Bin_12)_(z_pT_Bin_1)_(MultiDim_z_pT_Bin_Y_bin_phi_t)[0m (Histo Num   369)
Fitting for: [1m(MultiDim_3D_Histo)_(Bayesian)_(SMEAR=Smear)_(Q2_y_Bin_12)_(z_pT_Bin_2)_(MultiDim_z_pT_Bin_Y_bin_phi_t)[0m (Histo Num   370)
Fitting for: [1m(MultiDim_3D_Histo)_(Bayesian)_(SMEAR=Smear)_(Q2_y_Bin_12)_(z_pT_Bin_3)_(MultiDim_z_pT_Bin_Y_bin_phi_t)[0m (Histo Num   371)
Fitting for: [1m(MultiDim_3D_Histo)_(Bayesian)_(SMEAR=Smear)_(Q2_y_Bin_12)_(z_pT_Bin_4)_(MultiDim_z_pT_Bin_Y_bin_phi_t)[0m (Histo Num   372)
Fitting for: [1m(MultiDim_3D_Histo)_(Bayesian)_(SMEAR=Smear)_(Q2_y_Bin_12)_(z_pT_Bin_6)_(MultiDim_z_pT_Bin_Y_bin_phi_t)[0m (Histo Num   373)
Fitting for: [1m(MultiDim_3D_Histo)_(Bayesian)_(SMEAR=Smear)_(Q2_y_Bin_12)_(z_pT_Bin_7)_(MultiDim_z_pT_Bin_Y_bin_phi_t)[0m (Histo Num   374)
Fitting for: [1m(MultiDim_3D_Histo)_(Bayesian)_(SMEAR=Smear)_(Q2_y_Bin_12)_(z_pT_Bin_8)_(MultiDim_z_pT_Bin_Y_bin_phi_t)[0m (Histo Num   375)
Fitting for: [1m(MultiDim_3D_Histo)_(Bayesian)_(SMEAR=Smear)_(Q2_y_Bin_12)_(z_pT_Bin_9)_(MultiDim_z_pT_Bin_Y_bin_phi_t)[0m (Histo Num   376)
Fitting for: [1m(MultiDim_3D_Histo)_(Bayesian)_(SMEAR=Smear)_(Q2_y_Bin_12)_(z_pT_Bin_10)_(MultiDim_z_pT_Bin_Y_bin_phi_t)[0m (Histo Num   377)
Fitting for: [1m(MultiDim_3D_Histo)_(Bayesian)_(SMEAR=Smear)_(Q2_y_Bin_12)_(z_pT_Bin_11)_(MultiDim_z_pT_Bin_Y_bin_phi_t)[0m (Histo Num   378)
Fitting for: [1m(MultiDim_3D_Histo)_(Bayesian)_(SMEAR=Smear)_(Q2_y_Bin_12)_(z_pT_Bin_12)_(MultiDim_z_pT_Bin_Y_bin_phi_t)[0m (Histo Num   379)
Fitting for: [1m(MultiDim_3D_Histo)_(Bayesian)_(SMEAR=Smear)_(Q2_y_Bin_12)_(z_pT_Bin_13)_(MultiDim_z_pT_Bin_Y_bin_phi_t)[0m (Histo Num   380)
Fitting for: [1m(MultiDim_3D_Histo)_(Bayesian)_(SMEAR=Smear)_(Q2_y_Bin_12)_(z_pT_Bin_14)_(MultiDim_z_pT_Bin_Y_bin_phi_t)[0m (Histo Num   381)
Fitting for: [1m(MultiDim_3D_Histo)_(Bayesian)_(SMEAR=Smear)_(Q2_y_Bin_12)_(z_pT_Bin_15)_(MultiDim_z_pT_Bin_Y_bin_phi_t)[0m (Histo Num   382)
Fitting for: [1m(MultiDim_3D_Histo)_(Bayesian)_(SMEAR=Smear)_(Q2_y_Bin_12)_(z_pT_Bin_16)_(MultiDim_z_pT_Bin_Y_bin_phi_t)[0m (Histo Num   383)
Fitting for: [1m(MultiDim_3D_Histo)_(Bayesian)_(SMEAR=Smear)_(Q2_y_Bin_12)_(z_pT_Bin_17)_(MultiDim_z_pT_Bin_Y_bin_phi_t)[0m (Histo Num   384)
Fitting for: [1m(MultiDim_3D_Histo)_(Bayesian)_(SMEAR=Smear)_(Q2_y_Bin_12)_(z_pT_Bin_18)_(MultiDim_z_pT_Bin_Y_bin_phi_t)[0m (Histo Num   385)
Fitting for: [1m(MultiDim_3D_Histo)_(Bayesian)_(SMEAR=Smear)_(Q2_y_Bin_12)_(z_pT_Bin_19)_(MultiDim_z_pT_Bin_Y_bin_phi_t)[0m (Histo Num   386)
Fitting for: [1m(MultiDim_3D_Histo)_(Bayesian)_(SMEAR=Smear)_(Q2_y_Bin_12)_(z_pT_Bin_20)_(MultiDim_z_pT_Bin_Y_bin_phi_t)[0m (Histo Num   387)
Fitting for: [1m(MultiDim_3D_Histo)_(Bayesian)_(SMEAR=Smear)_(Q2_y_Bin_12)_(z_pT_Bin_21)_(MultiDim_z_pT_Bin_Y_bin_phi_t)[0m (Histo Num   388)
Fitting for: [1m(MultiDim_3D_Histo)_(Bayesian)_(SMEAR=Smear)_(Q2_y_Bin_12)_(z_pT_Bin_22)_(MultiDim_z_pT_Bin_Y_bin_phi_t)[0m (Histo Num   389)
Fitting for: [1m(MultiDim_3D_Histo)_(Bayesian)_(SMEAR=Smear)_(Q2_y_Bin_12)_(z_pT_Bin_23)_(MultiDim_z_pT_Bin_Y_bin_phi_t)[0m (Histo Num   390)
Fitting for: [1m(MultiDim_3D_Histo)_(Bayesian)_(SMEAR=Smear)_(Q2_y_Bin_12)_(z_pT_Bin_24)_(MultiDim_z_pT_Bin_Y_bin_phi_t)[0m (Histo Num   391)

[1m[94mFit/Added [0m[1m23[1m[94m Histograms[0m[94m
Adding to Main List...[0m

[1m[92mLength of Main List of Histograms (After adding Fits): [0m[1m674[0m


Current Time: [1m03:46 a.m.[0m
Time Elapsed Up To Now:
0 Day(s), 2 Hour(s), 3 Minute(s), and 32 Second(s).



Counting Total Number of/Saving collected histograms...
[1m[94mSaving to: [1m[92m"Unfolded_Parallel_SIDIS_epip_Response_Matrices_from_RDataFrames_Only_3D_rho0_Normalized_Response_Matrices_Final_Analysis_Iterations_I0_All.root"[0m

[1m[96mDone Saving![0m

Final Count = 674


Current Time: [1m03:46 a.m.[0m
Time Elapsed Up To Now:
0 Day(s), 2 Hour(s), 3 Minute(s), and 33 Second(s).


[1m[94mSaved Fit Parameters JSON as [1m[92mFit_Pars_from_Simple_RooUnfold_SelfContained_using_"Unfolded_Parallel_SIDIS_epip_Response_Matrices_from_RDataFrames_Only_3D_rho0_Normalized_Response_Matrices_Final_Analysis_Iterations_I0_All".json[1m[94m (total entries now = 2)[0m

[1m[96mDone Saving JSON File.[0m
Time Elapsed Up To Now: 0 Day(s), 2 Hour(s), 3 Minute(s), and 33 Second(s). 

[1m[94mSaved Fit Parameters JSON as [1m[92mFit_Pars_from_Simple_RooUnfold_SelfContained_using_"Unfolded_Parallel_SIDIS_epip_Response_Matrices_from_RDataFrames_Only_3D_rho0_Normalized_Response_Matrices_Final_Analysis_Iterations_I0_All".json[1m[94m (total entries now = 3)[0m

[1m[96mDone Saving JSON File.[0m
Time Elapsed Up To Now: 0 Day(s), 2 Hour(s), 3 Minute(s), and 33 Second(s). 




[1m[43mEMAIL MESSAGE TO SEND:[0m


The 'Simple_RooUnfold_SelfContained.py' script has finished running.
Started running on [1m5-26-2026[0m at [1m01:42 a.m.[0m

Input File:
	/w/hallb-scshelf2102/clas12/richcap/SIDIS_Analysis/Histo_Files_ROOT/DataFrames/hadd_ROOT_files_From_using_RDataFrames/SIDIS_epip_Response_Matrices_from_RDataFrames_Only_3D_rho0_Normalized_Response_Matrices_Final_Analysis_Iterations_I0_All.root
Output File:
	"Unfolded_Parallel_SIDIS_epip_Response_Matrices_from_RDataFrames_Only_3D_rho0_Normalized_Response_Matrices_Final_Analysis_Iterations_I0_All.root"

Ran in parallel using the histograms in the ROOT files from the newest Final_Analysis_Iterations files. Ran with Harut's exclusive 'lundrho' rho0 events subtracted as background after proper normalization. Saving the fits to the new JSON file formats. Ran in tmuxSIDIS_1.

	[1mBegan Unfolding Histogram:[0m
	((Histo-Group='Response_Matrix_Normal'), (Data-Cut='cut_Complete_SIDIS'), (Smear-Type='smear'), (Binning-Type='Y_bin'-[Q2-y-Bin=12, z-PT-Bin=All]), (Var-D1='MultiDim_z_pT_Bin_Y_bin_phi_t'))
Time Elapsed Up To Now: 0 Day(s), 0 Hour(s), 0 Minute(s), and 2 Second(s). 
	Finished Unfolding the histogram at:
Time Elapsed Up To Now: 0 Day(s), 2 Hour(s), 3 Minute(s), and 11 Second(s). 
[1m[96mDone Saving JSON File.[0m
Time Elapsed Up To Now: 0 Day(s), 2 Hour(s), 3 Minute(s), and 33 Second(s). 
[1m[96mDone Saving JSON File.[0m
Time Elapsed Up To Now: 0 Day(s), 2 Hour(s), 3 Minute(s), and 33 Second(s). 

Arguments:
--unfolding_3D (3D Unfolding Only)                  --> True
--run_sectors                                       --> False
--sectors_to_unfold                                 --> None
--allow_other_variables (for unfolding)             --> False
--simulation (unfolding synthetic data)             --> False
--modulation (data unfolded with modulated MC)      --> False
--closure  (modulated MC unfolded with itself)      --> False
--weighed_acceptance (use acceptance weights only)  --> False
--test                                              --> False
--verbose                                           --> False
--fit                                               --> True
--remake_fit                                        --> False
--CrossSection_Norm                                 --> False
--tag_proton                                        --> False
--cut_proton                                        --> False
--Common_Int_Bins                                   --> False
--bayes_iterations                                  --> 13
--Num_Toys                                          --> 500
--Unfold_Methods                                    --> ['Bayesian']
--title                                             --> 'rho0 Normalized Run'
--EvGen                                             --> False
--Min_Allowed_Acceptance_Cut                        --> 0.0005
--Use_TTree                                         --> False
--Apply_RC                                          --> True
--Apply_BC                                          --> False
--Add_Uncertainties                                 --> False
--save_json                                         --> True
--old_json                                          --> False
--pass_version                                      --> 'Pass 2'
--smearing_options                                  --> 'smear'
--Q2_y_Bin_List                                     --> ['12', '0']
--Run_5D_Unfold                                     --> False
--run_sec_unfold                                    --> False
--json_name                                         --> 'Fit_Pars_from_Simple_RooUnfold_SelfContained_using_"Unfolded_Parallel_SIDIS_epip_Response_Matrices_from_RDataFrames_Only_3D_rho0_Normalized_Response_Matrices_Final_Analysis_Iterations_I0_All".json'


The time that this code finished is [1m03:46 a.m.[0m
The total time the code took to run is:
0 Day(s), 2 Hour(s), 3 Minute(s), and 33 Second(s).
Saved 674 Histograms...
Rate = 0.09 Histograms/Seconds
    

[1m[92m[43m
    	                                   	   
    	This code has now finished running.	   
    	                                   	   [0m
    
    
