Full command: ./Simple_RooUnfold_SelfContained.py -r ZerothOrderAcc_Unfolded_Histos_From_Simple_RooUnfold_SelfContained.root -smear -u3D -sfin /w/hallb-scshelf2102/clas12/richcap/SIDIS_Analysis/Histo_Files_ROOT/DataFrames/hadd_ROOT_files_From_using_RDataFrames/SIDIS_epip_Response_Matrices_from_RDataFrames_ZerothOrderAcc_All_Batches.root -em 'Finished running Unfolding with the Baseline Response Matricies, but from the file that also has the 0th Order Acceptance Weights available. Reran to use the most recent set of successful batched files. Was running as background parallel jobs in tmuxTTree.' -ti 'Used the Pass 2 PID Refinements' 11
Subtract 45441.9 fakes from measured distribution
Using response matrix priors
Priors:

Vector (915)  is as follows

     |        1  |
------------------
   0 |0 
   1 |0.659374 
   2 |0.00043632 
   3 |0.000436637 
   4 |0.000439104 
   5 |0.000436502 
   6 |0.000437756 
   7 |0.000434114 
   8 |0.000436731 
   9 |0.000436487 
  10 |0.000435638 
  11 |0.000436096 
  12 |0.00043491 
  13 |0.000438605 
  14 |0.00043363 
  15 |0.000436861 
  16 |0.000436455 
  17 |0.000434582 
  18 |0.000434967 
  19 |0.000435852 
  20 |0.000435888 
  21 |0.000434842 
  22 |0.000435706 
  23 |0.000437517 
  24 |0.000436502 
  25 |0.000435524 
  26 |0.00047973 
  27 |0.000480313 
  28 |0.000480547 
  29 |0.000480854 
  30 |0.000481265 
  31 |0.000480438 
  32 |0.000478341 
  33 |0.000481541 
  34 |0.000480126 
  35 |0.000479819 
  36 |0.000478799 
  37 |0.000479965 
  38 |0.00048176 
  39 |0.000481687 
  40 |0.000480927 
  41 |0.000480984 
  42 |0.000482317 
  43 |0.000480501 
  44 |0.000480568 
  45 |0.000481703 
  46 |0.000481588 
  47 |0.000480495 
  48 |0.000479163 
  49 |0.000479871 
  50 |0.000510995 
  51 |0.000512915 
  52 |0.000509158 
  53 |0.000508044 
  54 |0.000510584 
  55 |0.000511958 
  56 |0.000507743 
  57 |0.000513186 
  58 |0.000510532 
  59 |0.00051202 
  60 |0.000510001 
  61 |0.00051074 
  62 |0.000508403 
  63 |0.000511713 
  64 |0.000509881 
  65 |0.000508653 
  66 |0.000509293 
  67 |0.000511318 
  68 |0.000510516 
  69 |0.000509439 
  70 |0.000510542 
  71 |0.000511208 
  72 |0.000512442 
  73 |0.000509449 
  74 |0.00055147 
  75 |0.000555868 
  76 |0.000554197 
  77 |0.000552943 
  78 |0.000554145 
  79 |0.000551798 
  80 |0.000555675 
  81 |0.000551845 
  82 |0.000550279 
  83 |0.000551689 
  84 |0.000554228 
  85 |0.000551585 
  86 |0.000553375 
  87 |0.000550955 
  88 |0.000555623 
  89 |0.000553401 
  90 |0.000552558 
  91 |0.000555342 
  92 |0.000554192 
  93 |0.000553354 
  94 |0.000550164 
  95 |0.000548374 
  96 |0.000554515 
  97 |0.000551793 
  98 |0.000377355 
  99 |0.000374957 
 100 |0.000374244 
 101 |0.000376601 
 102 |0.000374072 
 103 |0.000375867 
 104 |0.000373192 
 105 |0.000373749 
 106 |0.000374644 
 107 |0.000376924 
 108 |0.000375878 
 109 |0.00037632 
 110 |0.000375326 
 111 |0.000375081 
 112 |0.000374634 
 113 |0.000373593 
 114 |0.000375732 
 115 |0.000371928 
 116 |0.000373213 
 117 |0.000374936 
 118 |0.000374774 
 119 |0.000376028 
 120 |0.000374233 
 121 |0.000374577 
 122 |0.000667094 
 123 |0.000661386 
 124 |0.000664206 
 125 |0.000663425 
 126 |0.000665039 
 127 |0.000664294 
 128 |0.000664471 
 129 |0.000663951 
 130 |0.000666454 
 131 |0.000663706 
 132 |0.000662504 
 133 |0.000658695 
 134 |0.000664456 
 135 |0.000663717 
 136 |0.000665085 
 137 |0.000660902 
 138 |0.000661172 
 139 |0.000663446 
 140 |0.000664627 
 141 |0.000664373 
 142 |0.000668515 
 143 |0.00066583 
 144 |0.000665216 
 145 |0.000666366 
 146 |0.000740838 
 147 |0.000739469 
 148 |0.000735805 
 149 |0.000743013 
 150 |0.000736144 
 151 |0.000741811 
 152 |0.000740759 
 153 |0.000740021 
 154 |0.00073898 
 155 |0.000737913 
 156 |0.000738199 
 157 |0.0007395 
 158 |0.00073899 
 159 |0.00074204 
 160 |0.00074141 
 161 |0.000738865 
 162 |0.000738246 
 163 |0.000739469 
 164 |0.00073783 
 165 |0.000741108 
 166 |0.000738048 
 167 |0.000734187 
 168 |0.00074104 
 169 |0.000738902 
 170 |0.000792605 
 171 |0.000794791 
 172 |0.000794739 
 173 |0.000794718 
 174 |0.000795629 
 175 |0.000796404 
 176 |0.000795322 
 177 |0.000793219 
 178 |0.000797689 
 179 |0.000796414 
 180 |0.00079771 
 181 |0.000797419 
 182 |0.000794562 
 183 |0.000799495 
 184 |0.000796279 
 185 |0.000797018 
 186 |0.00079605 
 187 |0.000795436 
 188 |0.000794432 
 189 |0.000796597 
 190 |0.000795374 
 191 |0.000792902 
 192 |0.000794484 
 193 |0.000797981 
 194 |0.000875117 
 195 |0.000874997 
 196 |0.00087252 
 197 |0.000878702 
 198 |0.000870413 
 199 |0.000875757 
 200 |0.000878312 
 201 |0.000877095 
 202 |0.000874961 
 203 |0.000870288 
 204 |0.000876376 
 205 |0.00087851 
 206 |0.000876428 
 207 |0.000872468 
 208 |0.000875648 
 209 |0.000876751 
 210 |0.000878047 
 211 |0.000878307 
 212 |0.000881419 
 213 |0.000872151 
 214 |0.000873853 
 215 |0.00087724 
 216 |0.000876153 
 217 |0.000874701 
 218 |0.000626296 
 219 |0.000628466 
 220 |0.000631531 
 221 |0.000626848 
 222 |0.000628383 
 223 |0.000624449 
 224 |0.000627524 
 225 |0.000627758 
 226 |0.000631365 
 227 |0.000623793 
 228 |0.000627878 
 229 |0.000628185 
 230 |0.000626843 
 231 |0.000625219 
 232 |0.000630699 
 233 |0.000626603 
 234 |0.000629762 
 235 |0.000628778 
 236 |0.000626499 
 237 |0.000629928 
 238 |0.000626504 
 239 |0.000627722 
 240 |0.000625115 
 241 |0.000622934 
 242 |0.000519389 
 243 |0.000512686 
 244 |0.000514044 
 245 |0.000513196 
 246 |0.000509939 
 247 |0.000515512 
 248 |0.000512801 
 249 |0.000513555 
 250 |0.00051164 
 251 |0.000513144 
 252 |0.000513789 
 253 |0.000515543 
 254 |0.000514965 
 255 |0.000515606 
 256 |0.000516152 
 257 |0.000513108 
 258 |0.000516641 
 259 |0.000514934 
 260 |0.00051176 
 261 |0.000514341 
 262 |0.000515538 
 263 |0.000513399 
 264 |0.000512775 
 265 |0.000513831 
 266 |0.000579821 
 267 |0.000577812 
 268 |0.000579248 
 269 |0.000578478 
 270 |0.000576116 
 271 |0.000578889 
 272 |0.000579248 
 273 |0.000577989 
 274 |0.000577266 
 275 |0.000576849 
 276 |0.000578041 
 277 |0.000579935 
 278 |0.000578999 
 279 |0.000578697 
 280 |0.00058083 
 281 |0.000576584 
 282 |0.000577427 
 283 |0.000576917 
 284 |0.000582428 
 285 |0.000577292 
 286 |0.000578437 
 287 |0.000575746 
 288 |0.000577708 
 289 |0.000575637 
 290 |0.000617252 
 291 |0.000619432 
 292 |0.000616164 
 293 |0.00061619 
 294 |0.000619495 
 295 |0.000617486 
 296 |0.000618667 
 297 |0.000614869 
 298 |0.000619437 
 299 |0.000619177 
 300 |0.000619136 
 301 |0.000618303 
 302 |0.000614816 
 303 |0.000619214 
 304 |0.000617288 
 305 |0.000619672 
 306 |0.000619177 
 307 |0.000620135 
 308 |0.000617387 
 309 |0.000616008 
 310 |0.000618589 
 311 |0.000616731 
 312 |0.000616705 
 313 |0.000617892 
 314 |0.000659523 
 315 |0.000664149 
 316 |0.000657191 
 317 |0.000658643 
 318 |0.000657654 
 319 |0.000659189 
 320 |0.00066201 
 321 |0.000661276 
 322 |0.000661271 
 323 |0.000664201 
 324 |0.000660709 
 325 |0.000659616 
 326 |0.000658274 
 327 |0.000657467 
 328 |0.000658091 
 329 |0.000661536 
 330 |0.000659793 
 331 |0.000660584 
 332 |0.000660241 
 333 |0.000664924 
 334 |0.000658534 
 335 |0.000661401 
 336 |0.000664138 
 337 |0.000656712 
 338 |0.000446879 
 339 |0.000445885 
 340 |0.000447415 
 341 |0.000448799 
 342 |0.000445036 
 343 |0.000449819 
 344 |0.00044999 
 345 |0.000448533 
 346 |0.000447503 
 347 |0.000448461 
 348 |0.000448887 
 349 |0.000447482 
 350 |0.000446181 
 351 |0.000447888 
 352 |0.000445094 
 353 |0.000446946 
 354 |0.000449548 
 355 |0.000446056 
 356 |0.00044833 
 357 |0.000449168 
 358 |0.000448617 
 359 |0.000446369 
 360 |0.000447586 
 361 |0.000448835 
 362 |0.000469099 
 363 |0.000470785 
 364 |0.000470905 
 365 |0.000474095 
 366 |0.000469115 
 367 |0.0004685 
 368 |0.000470858 
 369 |0.000472195 
 370 |0.000468714 
 371 |0.00047014 
 372 |0.000469874 
 373 |0.0004713 
 374 |0.000470249 
 375 |0.000471373 
 376 |0.00047359 
 377 |0.000468901 
 378 |0.000473246 
 379 |0.00047218 
 380 |0.000468261 
 381 |0.000470223 
 382 |0.000468095 
 383 |0.000469494 
 384 |0.000471024 
 385 |0.000473429 
 386 |0.000531009 
 387 |0.000530213 
 388 |0.000531914 
 389 |0.000531696 
 390 |0.000527808 
 391 |0.000529521 
 392 |0.000530129 
 393 |0.000532242 
 394 |0.000528735 
 395 |0.000534454 
 396 |0.000532122 
 397 |0.000534131 
 398 |0.000528849 
 399 |0.000532018 
 400 |0.000530993 
 401 |0.000533465 
 402 |0.000527262 
 403 |0.000532752 
 404 |0.000528121 
 405 |0.000529864 
 406 |0.000532315 
 407 |0.000528641 
 408 |0.000531586 
 409 |0.000533293 
 410 |0.000563991 
 411 |0.000556305 
 412 |0.000561144 
 413 |0.000564053 
 414 |0.00056243 
 415 |0.000564813 
 416 |0.000565338 
 417 |0.00056078 
 418 |0.000561842 
 419 |0.000564933 
 420 |0.000557262 
 421 |0.00056269 
 422 |0.000561769 
 423 |0.000562169 
 424 |0.000557481 
 425 |0.000562612 
 426 |0.000565011 
 427 |0.000563528 
 428 |0.00056309 
 429 |0.000559453 
 430 |0.000563751 
 431 |0.000563621 
 432 |0.000563049 
 433 |0.000562934 
 434 |0.000580934 
 435 |0.000577916 
 436 |0.000581829 
 437 |0.000584369 
 438 |0.000580898 
 439 |0.000584702 
 440 |0.000582246 
 441 |0.000582324 
 442 |0.000581803 
 443 |0.000585254 
 444 |0.000584317 
 445 |0.000584306 
 446 |0.000582823 
 447 |0.000578541 
 448 |0.000580549 
 449 |0.000582938 
 450 |0.000583479 
 451 |0.000579306 
 452 |0.000582183 
 453 |0.000582235 
 454 |0.000581278 
 455 |0.000583994 
 456 |0.000581699 
 457 |0.000583698 
 458 |0.000381633 
 459 |0.000381919 
 460 |0.000380212 
 461 |0.00038066 
 462 |0.000382039 
 463 |0.000382564 
 464 |0.00037927 
 465 |0.000381451 
 466 |0.000381945 
 467 |0.000380467 
 468 |0.000383158 
 469 |0.000380998 
 470 |0.000379593 
 471 |0.000381014 
 472 |0.000384193 
 473 |0.000381545 
 474 |0.000379479 
 475 |0.000383975 
 476 |0.000381175 
 477 |0.000382606 
 478 |0.000383605 
 479 |0.000380577 
 480 |0.000382273 
 481 |0.000382049 
 482 |0.000625037 
 483 |0.000626041 
 484 |0.000627592 
 485 |0.000625729 
 486 |0.000627379 
 487 |0.000625458 
 488 |0.000627358 
 489 |0.000625453 
 490 |0.000628117 
 491 |0.000625297 
 492 |0.000627623 
 493 |0.000628398 
 494 |0.00063022 
 495 |0.000629627 
 496 |0.000621472 
 497 |0.000627431 
 498 |0.000628024 
 499 |0.000625807 
 500 |0.000622175 
 501 |0.000625635 
 502 |0.000628346 
 503 |0.000627181 
 504 |0.0006301 
 505 |0.000625006 
 506 |0.000708839 
 507 |0.000706024 
 508 |0.000708126 
 509 |0.000710624 
 510 |0.000707471 
 511 |0.000706909 
 512 |0.000708693 
 513 |0.000709094 
 514 |0.000702844 
 515 |0.000707835 
 516 |0.000706924 
 517 |0.000707361 
 518 |0.000708225 
 519 |0.000705087 
 520 |0.000706425 
 521 |0.000706008 
 522 |0.000706987 
 523 |0.000707559 
 524 |0.000709042 
 525 |0.000707648 
 526 |0.00070681 
 527 |0.000708449 
 528 |0.000707882 
 529 |0.000708319 
 530 |0.000731528 
 531 |0.000730336 
 532 |0.000736414 
 533 |0.000732532 
 534 |0.000734057 
 535 |0.000730029 
 536 |0.000729811 
 537 |0.000730112 
 538 |0.000731616 
 539 |0.000730529 
 540 |0.000728005 
 541 |0.000730451 
 542 |0.000734286 
 543 |0.000732303 
 544 |0.000729655 
 545 |0.000731887 
 546 |0.000727656 
 547 |0.000730794 
 548 |0.000728973 
 549 |0.000732043 
 550 |0.000734348 
 551 |0.000733542 
 552 |0.000729108 
 553 |0.000729191 
 554 |0.000725538 
 555 |0.00072098 
 556 |0.000724227 
 557 |0.000726829 
 558 |0.000723576 
 559 |0.000721032 
 560 |0.00072572 
 561 |0.000724877 
 562 |0.000727672 
 563 |0.000722687 
 564 |0.00072444 
 565 |0.000726079 
 566 |0.000726225 
 567 |0.000723446 
 568 |0.000721053 
 569 |0.000723561 
 570 |0.000721177 
 571 |0.000723389 
 572 |0.000725294 
 573 |0.000727948 
 574 |0.000726069 
 575 |0.000724019 
 576 |0.000722749 
 577 |0.000724825 
 578 |0 
 579 |0 
 580 |0 
 581 |0 
 582 |0 
 583 |0 
 584 |0 
 585 |0 
 586 |0 
 587 |0 
 588 |0 
 589 |0 
 590 |0 
 591 |0 
 592 |0 
 593 |0 
 594 |0 
 595 |0 
 596 |0 
 597 |0 
 598 |0 
 599 |0 
 600 |0 
 601 |0 
 602 |0 
 603 |0 
 604 |0 
 605 |0 
 606 |0 
 607 |0 
 608 |0 
 609 |0 
 610 |0 
 611 |0 
 612 |0 
 613 |0 
 614 |0 
 615 |0 
 616 |0 
 617 |0 
 618 |0 
 619 |0 
 620 |0 
 621 |0 
 622 |0 
 623 |0 
 624 |0 
 625 |0 
 626 |0 
 627 |0 
 628 |0 
 629 |0 
 630 |0 
 631 |0 
 632 |0 
 633 |0 
 634 |0 
 635 |0 
 636 |0 
 637 |0 
 638 |0 
 639 |0 
 640 |0 
 641 |0 
 642 |0 
 643 |0 
 644 |0 
 645 |0 
 646 |0 
 647 |0 
 648 |0 
 649 |0 
 650 |0 
 651 |0 
 652 |0 
 653 |0 
 654 |0 
 655 |0 
 656 |0 
 657 |0 
 658 |0 
 659 |0 
 660 |0 
 661 |0 
 662 |0 
 663 |0 
 664 |0 
 665 |0 
 666 |0 
 667 |0 
 668 |0 
 669 |0 
 670 |0 
 671 |0 
 672 |0 
 673 |0 
 674 |0 
 675 |0 
 676 |0 
 677 |0 
 678 |0 
 679 |0 
 680 |0 
 681 |0 
 682 |0 
 683 |0 
 684 |0 
 685 |0 
 686 |0 
 687 |0 
 688 |0 
 689 |0 
 690 |0 
 691 |0 
 692 |0 
 693 |0 
 694 |0 
 695 |0 
 696 |0 
 697 |0 
 698 |0 
 699 |0 
 700 |0 
 701 |0 
 702 |0 
 703 |0 
 704 |0 
 705 |0 
 706 |0 
 707 |0 
 708 |0 
 709 |0 
 710 |0 
 711 |0 
 712 |0 
 713 |0 
 714 |0 
 715 |0 
 716 |0 
 717 |0 
 718 |0 
 719 |0 
 720 |0 
 721 |0 
 722 |0 
 723 |0 
 724 |0 
 725 |0 
 726 |0 
 727 |0 
 728 |0 
 729 |0 
 730 |0 
 731 |0 
 732 |0 
 733 |0 
 734 |0 
 735 |0 
 736 |0 
 737 |0 
 738 |0 
 739 |0 
 740 |0 
 741 |0 
 742 |0 
 743 |0 
 744 |0 
 745 |0 
 746 |0 
 747 |0 
 748 |0 
 749 |0 
 750 |0 
 751 |0 
 752 |0 
 753 |0 
 754 |0 
 755 |0 
 756 |0 
 757 |0 
 758 |0 
 759 |0 
 760 |0 
 761 |0 
 762 |0 
 763 |0 
 764 |0 
 765 |0 
 766 |0 
 767 |0 
 768 |0 
 769 |0 
 770 |0 
 771 |0 
 772 |0 
 773 |0 
 774 |0 
 775 |0 
 776 |0 
 777 |0 
 778 |0 
 779 |0 
 780 |0 
 781 |0 
 782 |0 
 783 |0 
 784 |0 
 785 |0 
 786 |0 
 787 |0 
 788 |0 
 789 |0 
 790 |0 
 791 |0 
 792 |0 
 793 |0 
 794 |0 
 795 |0 
 796 |0 
 797 |0 
 798 |0 
 799 |0 
 800 |0 
 801 |0 
 802 |0 
 803 |0 
 804 |0 
 805 |0 
 806 |0 
 807 |0 
 808 |0 
 809 |0 
 810 |0 
 811 |0 
 812 |0 
 813 |0 
 814 |0 
 815 |0 
 816 |0 
 817 |0 
 818 |0 
 819 |0 
 820 |0 
 821 |0 
 822 |0 
 823 |0 
 824 |0 
 825 |0 
 826 |0 
 827 |0 
 828 |0 
 829 |0 
 830 |0 
 831 |0 
 832 |0 
 833 |0 
 834 |0 
 835 |0 
 836 |0 
 837 |0 
 838 |0 
 839 |0 
 840 |0 
 841 |0 
 842 |0 
 843 |0 
 844 |0 
 845 |0 
 846 |0 
 847 |0 
 848 |0 
 849 |0 
 850 |0 
 851 |0 
 852 |0 
 853 |0 
 854 |0 
 855 |0 
 856 |0 
 857 |0 
 858 |0 
 859 |0 
 860 |0 
 861 |0 
 862 |0 
 863 |0 
 864 |0 
 865 |0 
 866 |0 
 867 |0 
 868 |0 
 869 |0 
 870 |0 
 871 |0 
 872 |0 
 873 |0 
 874 |0 
 875 |0 
 876 |0 
 877 |0 
 878 |0 
 879 |0 
 880 |0 
 881 |0 
 882 |0 
 883 |0 
 884 |0 
 885 |0 
 886 |0 
 887 |0 
 888 |0 
 889 |0 
 890 |0 
 891 |0 
 892 |0 
 893 |0 
 894 |0 
 895 |0 
 896 |0 
 897 |0 
 898 |0 
 899 |0 
 900 |0 
 901 |0 
 902 |0 
 903 |0 
 904 |0 
 905 |0 
 906 |0 
 907 |0 
 908 |0 
 909 |0 
 910 |0 
 911 |0 
 912 |0 
 913 |0 
 914 |0 

Now unfolding...
Iteration : 0
Chi^2 of change 362951
Iteration : 1
Chi^2 of change 27543.8
Iteration : 2
Chi^2 of change 5344.77
Iteration : 3
Chi^2 of change 1491.62
Iteration : 4
Chi^2 of change 576.838
Iteration : 5
Chi^2 of change 293.208
Iteration : 6
Chi^2 of change 175.691
Iteration : 7
Chi^2 of change 114.15
Iteration : 8
Chi^2 of change 77.315
Iteration : 9
Chi^2 of change 53.8556
Iteration : 10
Chi^2 of change 38.4779
Iteration : 11
Chi^2 of change 28.2262
Iteration : 12
Chi^2 of change 21.2956
Using response matrix priors
Calculating covariances due to number of measured events
Using response matrix priors
Using response matrix priors
Using response matrix priors
Using response matrix priors
Using response matrix priors
Using response matrix priors
Using response matrix priors
Using response matrix priors
Using response matrix priors
Using response matrix priors
Using response matrix priors
Using response matrix priors
Using response matrix priors
Using response matrix priors
Using response matrix priors
Using response matrix priors
Using response matrix priors
Using response matrix priors
Using response matrix priors
Using response matrix priors
Using response matrix priors
Using response matrix priors
Using response matrix priors
Using response matrix priors
Using response matrix priors
Using response matrix priors
Using response matrix priors
Using response matrix priors
Using response matrix priors
Using response matrix priors
Using response matrix priors
Using response matrix priors
Using response matrix priors
Using response matrix priors
Using response matrix priors
Using response matrix priors
Using response matrix priors
Using response matrix priors
Using response matrix priors
Using response matrix priors
Using response matrix priors
Using response matrix priors
Using response matrix priors
Using response matrix priors
Using response matrix priors
Using response matrix priors
Using response matrix priors
Using response matrix priors
Using response matrix priors
Using response matrix priors
Using response matrix priors
Using response matrix priors
Using response matrix priors
Using response matrix priors
Using response matrix priors
Using response matrix priors
Using response matrix priors
Using response matrix priors
Using response matrix priors
Using response matrix priors
Using response matrix priors
Using response matrix priors
Using response matrix priors
Using response matrix priors
Using response matrix priors
Using response matrix priors
Using response matrix priors
Using response matrix priors
Using response matrix priors
Using response matrix priors
Using response matrix priors
Using response matrix priors
Using response matrix priors
Using response matrix priors
Using response matrix priors
Using response matrix priors
Using response matrix priors
Using response matrix priors
Using response matrix priors
Using response matrix priors
Using response matrix priors
Using response matrix priors
Using response matrix priors
Using response matrix priors
Using response matrix priors
Using response matrix priors
Using response matrix priors
Using response matrix priors
Using response matrix priors
Using response matrix priors
Using response matrix priors
Using response matrix priors
Using response matrix priors
Using response matrix priors
Using response matrix priors
Using response matrix priors
Using response matrix priors
Using response matrix priors
Using response matrix priors
Using response matrix priors
Using response matrix priors
Using response matrix priors
Using response matrix priors
Using response matrix priors
Using response matrix priors
Using response matrix priors
Using response matrix priors
Using response matrix priors
Using response matrix priors
Using response matrix priors
Using response matrix priors
Using response matrix priors
Using response matrix priors
Using response matrix priors
Using response matrix priors
Using response matrix priors
Using response matrix priors
Using response matrix priors
Using response matrix priors
Using response matrix priors
Using response matrix priors
Using response matrix priors
Using response matrix priors
Using response matrix priors
Using response matrix priors
Using response matrix priors
Using response matrix priors
Using response matrix priors
Using response matrix priors
Using response matrix priors
Using response matrix priors
Using response matrix priors
Using response matrix priors
Using response matrix priors
Using response matrix priors
Using response matrix priors
Using response matrix priors
Using response matrix priors
Using response matrix priors
Using response matrix priors
Using response matrix priors
Using response matrix priors
Using response matrix priors
Using response matrix priors
Using response matrix priors
Using response matrix priors
Using response matrix priors
Using response matrix priors
Using response matrix priors
Using response matrix priors
Using response matrix priors
Using response matrix priors
Using response matrix priors
Using response matrix priors
Using response matrix priors
Using response matrix priors
Using response matrix priors
Using response matrix priors
Using response matrix priors
Using response matrix priors
Using response matrix priors
Using response matrix priors
Using response matrix priors
Using response matrix priors
Using response matrix priors
Using response matrix priors
Using response matrix priors
Using response matrix priors
Using response matrix priors
Using response matrix priors
Using response matrix priors
Using response matrix priors
Using response matrix priors
Using response matrix priors
Using response matrix priors
Using response matrix priors
Using response matrix priors
Using response matrix priors
Using response matrix priors
Using response matrix priors
Using response matrix priors
Using response matrix priors
Using response matrix priors
Using response matrix priors
Using response matrix priors
Using response matrix priors
Using response matrix priors
Using response matrix priors
Using response matrix priors
Using response matrix priors
Using response matrix priors
Using response matrix priors
Using response matrix priors
Using response matrix priors
Using response matrix priors
Using response matrix priors
Using response matrix priors
Using response matrix priors
Using response matrix priors
Using response matrix priors
Using response matrix priors
Using response matrix priors
Using response matrix priors
Using response matrix priors
Using response matrix priors
Using response matrix priors
Using response matrix priors
Using response matrix priors
Using response matrix priors
Using response matrix priors
Using response matrix priors
Using response matrix priors
Using response matrix priors
Using response matrix priors
Using response matrix priors
Using response matrix priors
Using response matrix priors
Using response matrix priors
Using response matrix priors
Using response matrix priors
Using response matrix priors
Using response matrix priors
Using response matrix priors
Using response matrix priors
Using response matrix priors
Using response matrix priors
Using response matrix priors
Using response matrix priors
Using response matrix priors
Using response matrix priors
Using response matrix priors
Using response matrix priors
Using response matrix priors
Using response matrix priors
Using response matrix priors
Using response matrix priors
Using response matrix priors
Using response matrix priors
Using response matrix priors
Using response matrix priors
Using response matrix priors
Using response matrix priors
Using response matrix priors
Using response matrix priors
Using response matrix priors
Using response matrix priors
Using response matrix priors
Using response matrix priors
Using response matrix priors
Using response matrix priors
Using response matrix priors
Using response matrix priors
Using response matrix priors
Using response matrix priors
Using response matrix priors
Using response matrix priors
Using response matrix priors
Using response matrix priors
Using response matrix priors
Using response matrix priors
Using response matrix priors
Using response matrix priors
Using response matrix priors
Using response matrix priors
Using response matrix priors
Using response matrix priors
Using response matrix priors
Using response matrix priors
Using response matrix priors
Using response matrix priors
Using response matrix priors
Using response matrix priors
Using response matrix priors
Using response matrix priors
Using response matrix priors
Using response matrix priors
Using response matrix priors
Using response matrix priors
Using response matrix priors
Using response matrix priors
Using response matrix priors
Using response matrix priors
Using response matrix priors
Using response matrix priors
Using response matrix priors
Using response matrix priors
Using response matrix priors
Using response matrix priors
Using response matrix priors
Using response matrix priors
Using response matrix priors
Using response matrix priors
Using response matrix priors
Using response matrix priors
Using response matrix priors
Using response matrix priors
Using response matrix priors
Using response matrix priors
Using response matrix priors
Using response matrix priors
Using response matrix priors
Using response matrix priors
Using response matrix priors
Using response matrix priors
Using response matrix priors
Using response matrix priors
Using response matrix priors
Using response matrix priors
Using response matrix priors
Using response matrix priors
Using response matrix priors
Using response matrix priors
Using response matrix priors
Using response matrix priors
Using response matrix priors
Using response matrix priors
Using response matrix priors
Using response matrix priors
Using response matrix priors
Using response matrix priors
Using response matrix priors
Using response matrix priors
Using response matrix priors
Using response matrix priors
Using response matrix priors
Using response matrix priors
Using response matrix priors
Using response matrix priors
Using response matrix priors
Using response matrix priors
Using response matrix priors
Using response matrix priors
Using response matrix priors
Using response matrix priors
Using response matrix priors
Using response matrix priors
Using response matrix priors
Using response matrix priors
Using response matrix priors
Using response matrix priors
Using response matrix priors
Using response matrix priors
Using response matrix priors
Using response matrix priors
Using response matrix priors
Using response matrix priors
Using response matrix priors
Using response matrix priors
Using response matrix priors
Using response matrix priors
Using response matrix priors
Using response matrix priors
Using response matrix priors
Using response matrix priors
Using response matrix priors
Using response matrix priors
Using response matrix priors
Using response matrix priors
Using response matrix priors
Using response matrix priors
Using response matrix priors
Using response matrix priors
Using response matrix priors
Using response matrix priors
Using response matrix priors
Using response matrix priors
Using response matrix priors
Using response matrix priors
Using response matrix priors
Using response matrix priors
Using response matrix priors
Using response matrix priors
Using response matrix priors
Using response matrix priors
Using response matrix priors
Using response matrix priors
Using response matrix priors
Using response matrix priors
Using response matrix priors
Using response matrix priors
Using response matrix priors
Using response matrix priors
Using response matrix priors
Using response matrix priors
Using response matrix priors
Using response matrix priors
Using response matrix priors
Using response matrix priors
Using response matrix priors
Using response matrix priors
Using response matrix priors
Using response matrix priors
Using response matrix priors
Using response matrix priors
Using response matrix priors
Using response matrix priors
Using response matrix priors
Using response matrix priors
Using response matrix priors
Using response matrix priors
Using response matrix priors
Using response matrix priors
Using response matrix priors
Using response matrix priors
Using response matrix priors
Using response matrix priors
Using response matrix priors
Using response matrix priors
Using response matrix priors
Using response matrix priors
Using response matrix priors
Using response matrix priors
Using response matrix priors
Using response matrix priors
Using response matrix priors
Using response matrix priors
Using response matrix priors
Using response matrix priors
Using response matrix priors
Using response matrix priors
Using response matrix priors
Using response matrix priors
Using response matrix priors
Using response matrix priors
Using response matrix priors
Using response matrix priors
Using response matrix priors
Using response matrix priors
Using response matrix priors
Using response matrix priors
Using response matrix priors
Using response matrix priors
Using response matrix priors
Using response matrix priors
Using response matrix priors
Using response matrix priors
Using response matrix priors
Using response matrix priors
Using response matrix priors
Using response matrix priors
Using response matrix priors
Using response matrix priors
Using response matrix priors
Using response matrix priors
Using response matrix priors
Using response matrix priors
Using response matrix priors
Using response matrix priors
Using response matrix priors
Using response matrix priors
Using response matrix priors
Using response matrix priors
Using response matrix priors
Using response matrix priors
Using response matrix priors
Using response matrix priors
Using response matrix priors
Using response matrix priors
Using response matrix priors
Using response matrix priors
Using response matrix priors
Using response matrix priors
Using response matrix priors
Using response matrix priors
Using response matrix priors
Using response matrix priors
Using response matrix priors
Using response matrix priors
Using response matrix priors
Using response matrix priors
Using response matrix priors
Using response matrix priors
Using response matrix priors
Using response matrix priors
Using response matrix priors
Using response matrix priors
Using response matrix priors
Using response matrix priors
Using response matrix priors
Using response matrix priors
Using response matrix priors
Using response matrix priors
Using response matrix priors
Using response matrix priors
Using response matrix priors
Using response matrix priors
Using response matrix priors
Using response matrix priors
Using response matrix priors
Using response matrix priors
Using response matrix priors
Using response matrix priors
Using response matrix priors
Using response matrix priors
Using response matrix priors
Using response matrix priors
Using response matrix priors
Using response matrix priors
Using response matrix priors

Adding the following extra title to the histograms:
	Used the Pass 2 PID Refinements


[1m[94mSmear option selected is: Smear[0m


[91mRunning Bin 'All' for Q2-y Bins by default (will skip at end)[0m


Running for Q2-xB/Q2-y Bins: '11', '0'
[1m
Starting RG-A SIDIS Analysis
[0m

Started running on [1m2-27-2026[0m at [1m02:56 p.m.[0m

The total number of histograms available for the[1mRDataFrame[0m in '[1m[94m/w/hallb-scshelf2102/clas12/richcap/SIDIS_Analysis/Histo_Files_ROOT/DataFrames/hadd_ROOT_files_From_using_RDataFrames/SIDIS_epip_Response_Matrices_from_RDataFrames_ZerothOrderAcc_All_Batches.root[0m' is [1m180[0m


[1mDone Loading RDataFrame files...
[0m
[1m[94m

Starting Unfolding Procedures...
[0m
Bin 1 is not in Q2_y_Bin_List = ['11', '0']
Bin 10 is not in Q2_y_Bin_List = ['11', '0']

Unfolding: ((Histo-Group='Response_Matrix_Normal'), (Data-Type='DataFrame_Type'), (Data-Cut='cut_Complete_SIDIS'), (Smear-Type='smear'), (Binning-Type='Y_bin'-[Q2-y-Bin=11, z-PT-Bin=All]), (Var-D1='MultiDim_z_pT_Bin_Y_bin_phi_t'-[NumBins=915, MinBin=-1.5, MaxBin=913.5]), (Var-D2='z_pT_Bin_Y_bin_smeared'-[NumBins=38, MinBin=-0.5, MaxBin=37.5]))
[1m[96mStarting [4m[95mBin-by-Bin[0m[1m[96m Unfolding Procedure...[0m
	[1mAcceptance Correction of Histogram:[0m
	((Histo-Group='Response_Matrix_Normal_1D'), (Data-Cut='cut_Complete_SIDIS'), (Smear-Type='smear'), (Binning-Type='Y_bin'-[Q2-y-Bin=11, z-PT-Bin=All]), (Var-D1='MultiDim_z_pT_Bin_Y_bin_phi_t'))
[91m
Bin 99 had a very low acceptance...
	(cut_criteria = 0.0005)
	(Bin_Content  = 0.00016548300351651384)[0m
[91m
Bin 218 had a very low acceptance...
	(cut_criteria = 0.0005)
	(Bin_Content  = 0.00014873161677216696)[0m
[91m
Bin 314 had a very low acceptance...
	(cut_criteria = 0.0005)
	(Bin_Content  = 0.0004295170880425811)[0m
[91m
Bin 338 had a very low acceptance...
	(cut_criteria = 0.0005)
	(Bin_Content  = 0.0003328103456473161)[0m
[91m
Bin 507 had a very low acceptance...
	(cut_criteria = 0.0005)
	(Bin_Content  = 0.0004331387879455273)[0m
[91m
Bin 530 had a very low acceptance...
	(cut_criteria = 0.0005)
	(Bin_Content  = 0.0004995775630900342)[0m
[1m[96mFinished [95mBin-by-Bin[0m[1m[96m Unfolding Procedure.[0m

Current Time: [1m02:56 p.m.[0m
Time Elapsed Up To Now:
0 Day(s), 0 Hour(s), 0 Minute(s), and 0 Second(s).

[1m[96mStarting [4m[92mRooUnfold[0m[1m[96m Unfolding Procedure...[0m
	[1mUnfolding Histogram:[0m
	((Histo-Group='Response_Matrix_Normal'), (Data-Cut='cut_Complete_SIDIS'), (Smear-Type='smear'), (Binning-Type='Y_bin'-[Q2-y-Bin=11, z-PT-Bin=All]), (Var-D1='MultiDim_z_pT_Bin_Y_bin_phi_t'))
	[96mUsing [1m[92mRooUnfold (Bin-by-Bin)[0m[96m Unfolding Procedure...[0m
[1m[96mFinished [92mRooUnfold (Bin-by-Bin)[0m[1m[96m Unfolding Procedure.
[0m
[1m[96mStarting [4m[92mRooUnfold[0m[1m[96m Unfolding Procedure...[0m

	[1mBegan Unfolding Histogram:[0m
	((Histo-Group='Response_Matrix_Normal'), (Data-Cut='cut_Complete_SIDIS'), (Smear-Type='smear'), (Binning-Type='Y_bin'-[Q2-y-Bin=11, z-PT-Bin=All]), (Var-D1='MultiDim_z_pT_Bin_Y_bin_phi_t'))
Time Elapsed Up To Now: 0 Day(s), 0 Hour(s), 0 Minute(s), and 3 Second(s). 
	[96mUsing [1m[92mRooUnfold (Bayesian)[0m[96m method to unfold...[0m

Current Time: [1m05:05 p.m.[0m
Time Elapsed Up To Now:
0 Day(s), 2 Hour(s), 9 Minute(s), and 6 Second(s).

[1m[96mFinished [92mRooUnfold (Bayesian)[0m[1m[96m Unfolding Procedure.
[0m

[94mRunning Multi3D_Slice(...)[0m


[94mRunning Multi3D_Slice(...)[0m


[94mRunning Multi3D_Slice(...)[0m


[94mRunning Multi3D_Slice(...)[0m


[94mRunning Multi3D_Slice(...)[0m


[94mRunning Multi3D_Slice(...)[0m


[94mRunning Multi3D_Slice(...)[0m

Bin 12 is not in Q2_y_Bin_List = ['11', '0']
Bin 13 is not in Q2_y_Bin_List = ['11', '0']
Bin 14 is not in Q2_y_Bin_List = ['11', '0']
Bin 15 is not in Q2_y_Bin_List = ['11', '0']
Bin 16 is not in Q2_y_Bin_List = ['11', '0']
Bin 17 is not in Q2_y_Bin_List = ['11', '0']
Bin 2 is not in Q2_y_Bin_List = ['11', '0']
Bin 3 is not in Q2_y_Bin_List = ['11', '0']
Bin 4 is not in Q2_y_Bin_List = ['11', '0']
Bin 5 is not in Q2_y_Bin_List = ['11', '0']
Bin 6 is not in Q2_y_Bin_List = ['11', '0']
Bin 7 is not in Q2_y_Bin_List = ['11', '0']
Bin 8 is not in Q2_y_Bin_List = ['11', '0']
Bin 9 is not in Q2_y_Bin_List = ['11', '0']

Unfolding: ((Histo-Group='Response_Matrix_Normal'), (Data-Type='DataFrame_Type'), (Data-Cut='cut_Complete_SIDIS'), (Smear-Type='smear'), (Binning-Type='Y_bin'-[Q2-y-Bin=All, z-PT-Bin=All]), (Var-D1='MultiDim_z_pT_Bin_Y_bin_phi_t'-[NumBins=915, MinBin=-1.5, MaxBin=913.5]), (Var-D2='z_pT_Bin_Y_bin_smeared'-[NumBins=38, MinBin=-0.5, MaxBin=37.5]))
Total: 2


Counting Total Number of/Saving collected histograms...
[1m[94mSaving to: [1m[92mZerothOrderAcc_Unfolded_Histos_From_Simple_RooUnfold_SelfContained.root[0m

Final Count = 183
Conditions for running 'Create_Fits_and_Apply_RC' were not set...
Need to run: '(args.fit and args.Use_TTree) or args.Apply_RC'


Counting Total Number of/Saving collected histograms...
[1m[94mSaving to: [1m[92mZerothOrderAcc_Unfolded_Histos_From_Simple_RooUnfold_SelfContained.root[0m

Final Count = 183




[1m[43mEMAIL MESSAGE TO SEND:[0m


The 'Simple_RooUnfold_SelfContained.py' script has finished running.
Started running on [1m2-27-2026[0m at [1m02:56 p.m.[0m

Input File:
	/w/hallb-scshelf2102/clas12/richcap/SIDIS_Analysis/Histo_Files_ROOT/DataFrames/hadd_ROOT_files_From_using_RDataFrames/SIDIS_epip_Response_Matrices_from_RDataFrames_ZerothOrderAcc_All_Batches.root
Output File:
	ZerothOrderAcc_Unfolded_Histos_From_Simple_RooUnfold_SelfContained.root

Finished running Unfolding with the Baseline Response Matricies, but from the file that also has the 0th Order Acceptance Weights available. Reran to use the most recent set of successful batched files. Was running as background parallel jobs in tmuxTTree.

	[1mBegan Unfolding Histogram:[0m
	((Histo-Group='Response_Matrix_Normal'), (Data-Cut='cut_Complete_SIDIS'), (Smear-Type='smear'), (Binning-Type='Y_bin'-[Q2-y-Bin=11, z-PT-Bin=All]), (Var-D1='MultiDim_z_pT_Bin_Y_bin_phi_t'))
Time Elapsed Up To Now: 0 Day(s), 0 Hour(s), 0 Minute(s), and 3 Second(s). 
	Finished Unfolding the histogram at:
Time Elapsed Up To Now: 0 Day(s), 2 Hour(s), 9 Minute(s), and 6 Second(s). 

Arguments:
--unfolding_1D (1D Unfolding Only)                  --> False
--unfolding_3D (3D Unfolding Only)                  --> True
--run_sectors                                       --> False
--sectors_to_unfold                                 --> None
--allow_other_variables (for unfolding)             --> False
--simulation (unfolding synthetic data)             --> False
--modulation (data unfolded with modulated MC)      --> False
--closure  (modulated MC unfolded with itself)      --> False
--weighed_acceptace (use acceptance weights only)   --> False
--test                                              --> False
--verbose                                           --> False
--fit                                               --> False
--remake_fit                                        --> False
--CrossSection_Norm                                 --> False
--tag_proton                                        --> False
--cut_proton                                        --> False
--Common_Int_Bins                                   --> False
--bayes_iterations                                  --> 13
--Num_Toys                                          --> 500
--title                                             --> 'Used the Pass 2 PID Refinements'
--EvGen                                             --> False
--Min_Allowed_Acceptance_Cut                        --> 0.0005
--Use_TTree                                         --> False
--Apply_RC                                          --> False
--Add_Uncertainties                                 --> False
--save_json                                         --> False
--pass_version                                      --> 'Pass 2'
--smearing_options                                  --> 'smear'
--Q2_y_Bin_List                                     --> ['11', '0']
--Run_5D_Unfold                                     --> False
--run_sec_unfold                                    --> False


The time that this code finished is [1m05:05 p.m.[0m
The total time the code took to run is:
0 Day(s), 2 Hour(s), 9 Minute(s), and 8 Second(s).
Saved 183 Histograms...
Rate = 0.02 Histograms/Seconds
    

[1m[92m[43m
    	                                   	   
    	This code has now finished running.	   
    	                                   	   [0m
    
    
