Full command: ./Simple_RooUnfold_SelfContained.py -r "FULL_Unfolded_Histos_From_Simple_RooUnfold_SelfContained.root" -smear -u3D -e -em "Running default Unfolding as background parallel jobs. Ran in tmuxUnfold (in case there were any local issues)" 12
Subtract 42893.4 fakes from measured distribution
Using response matrix priors
Priors:

Vector (915)  is as follows

     |        1  |
------------------
   0 |0 
   1 |0.722935 
   2 |0.000505861 
   3 |0.000500885 
   4 |0.000503707 
   5 |0.00050364 
   6 |0.000504018 
   7 |0.000506212 
   8 |0.000502316 
   9 |0.000500324 
  10 |0.000505071 
  11 |0.000502303 
  12 |0.000506577 
  13 |0.000503586 
  14 |0.000504848 
  15 |0.000506685 
  16 |0.000505969 
  17 |0.000503322 
  18 |0.000504207 
  19 |0.000502917 
  20 |0.000502681 
  21 |0.000503579 
  22 |0.000502458 
  23 |0.000506908 
  24 |0.000504835 
  25 |0.000506185 
  26 |0.000400867 
  27 |0.000405668 
  28 |0.000402596 
  29 |0.000405324 
  30 |0.000403588 
  31 |0.00040323 
  32 |0.000405384 
  33 |0.00039953 
  34 |0.000405614 
  35 |0.000405789 
  36 |0.000402346 
  37 |0.000405236 
  38 |0.000400901 
  39 |0.000404925 
  40 |0.000403048 
  41 |0.000401799 
  42 |0.000402987 
  43 |0.000403352 
  44 |0.000403116 
  45 |0.00040718 
  46 |0.00040136 
  47 |0.000404837 
  48 |0.000406249 
  49 |0.000401205 
  50 |0.000393676 
  51 |0.000396026 
  52 |0.000393021 
  53 |0.000395385 
  54 |0.000393386 
  55 |0.00039452 
  56 |0.000393237 
  57 |0.000392508 
  58 |0.000393872 
  59 |0.000393534 
  60 |0.000395418 
  61 |0.000391745 
  62 |0.000389875 
  63 |0.000393183 
  64 |0.000392063 
  65 |0.000393751 
  66 |0.000392738 
  67 |0.000393406 
  68 |0.000391394 
  69 |0.000390759 
  70 |0.000394453 
  71 |0.000395202 
  72 |0.000392954 
  73 |0.000392009 
  74 |0.000347702 
  75 |0.000347202 
  76 |0.000346858 
  77 |0.000348242 
  78 |0.000349775 
  79 |0.000347128 
  80 |0.000348843 
  81 |0.00034997 
  82 |0.000349856 
  83 |0.000348553 
  84 |0.000347803 
  85 |0.000349309 
  86 |0.000346345 
  87 |0.00034785 
  88 |0.000347236 
  89 |0.000351145 
  90 |0.000349586 
  91 |0.00034889 
  92 |0.000349086 
  93 |0.000351044 
  94 |0.00034785 
  95 |0.000349039 
  96 |0.000350112 
  97 |0.000348512 
  98 |0 
  99 |0.000554334 
 100 |0.000552956 
 101 |0.000550681 
 102 |0.000554205 
 103 |0.000556245 
 104 |0.000555623 
 105 |0.000553186 
 106 |0.000550195 
 107 |0.000549027 
 108 |0.000553773 
 109 |0.000549918 
 110 |0.000555124 
 111 |0.000550384 
 112 |0.000551505 
 113 |0.00055723 
 114 |0.000549114 
 115 |0.000554185 
 116 |0.000554428 
 117 |0.000552632 
 118 |0.000555157 
 119 |0.000553139 
 120 |0.000552011 
 121 |0.000551208 
 122 |0.000552214 
 123 |0.000469103 
 124 |0.00046942 
 125 |0.000468084 
 126 |0.000470197 
 127 |0.000470008 
 128 |0.000470845 
 129 |0.000468921 
 130 |0.000468441 
 131 |0.000467118 
 132 |0.000471122 
 133 |0.000473006 
 134 |0.000470555 
 135 |0.000468124 
 136 |0.000468995 
 137 |0.000471541 
 138 |0.0004715 
 139 |0.000467888 
 140 |0.000471925 
 141 |0.000467239 
 142 |0.000470717 
 143 |0.000471777 
 144 |0.000472283 
 145 |0.000470447 
 146 |0.000469805 
 147 |0.000491621 
 148 |0.000486895 
 149 |0.000491324 
 150 |0.000489535 
 151 |0.000491884 
 152 |0.000491608 
 153 |0.000494126 
 154 |0.000490696 
 155 |0.000495929 
 156 |0.00049021 
 157 |0.000493019 
 158 |0.000489893 
 159 |0.000491608 
 160 |0.000492141 
 161 |0.000489319 
 162 |0.000489238 
 163 |0.00049364 
 164 |0.000489501 
 165 |0.000486327 
 166 |0.000493599 
 167 |0.000492073 
 168 |0.000494437 
 169 |0.000490608 
 170 |0.00049177 
 171 |0.000476024 
 172 |0.000472398 
 173 |0.000477334 
 174 |0.000474039 
 175 |0.00047439 
 176 |0.000477928 
 177 |0.000472114 
 178 |0.000477341 
 179 |0.000476578 
 180 |0.000475031 
 181 |0.000473438 
 182 |0.000474944 
 183 |0.000476537 
 184 |0.000474903 
 185 |0.000480561 
 186 |0.000476341 
 187 |0.000470643 
 188 |0.000472317 
 189 |0.000474484 
 190 |0.000474032 
 191 |0.000471682 
 192 |0.000473249 
 193 |0.000474896 
 194 |0.000472621 
 195 |0.000443189 
 196 |0.000444087 
 197 |0.000442419 
 198 |0.000447206 
 199 |0.000445154 
 200 |0.000444391 
 201 |0.000447227 
 202 |0.000447058 
 203 |0.000443884 
 204 |0.000441886 
 205 |0.000448327 
 206 |0.000444404 
 207 |0.000445653 
 208 |0.000448206 
 209 |0.000443972 
 210 |0.000444546 
 211 |0.000446079 
 212 |0.00044647 
 213 |0.000442223 
 214 |0.000445052 
 215 |0.000444944 
 216 |0.000445674 
 217 |0.000445417 
 218 |0.000444161 
 219 |0.000548736 
 220 |0.0005448 
 221 |0.000547109 
 222 |0.000549999 
 223 |0.000545982 
 224 |0.00054665 
 225 |0.000548007 
 226 |0.000548088 
 227 |0.000547643 
 228 |0.000551673 
 229 |0.000548642 
 230 |0.000549391 
 231 |0.00054798 
 232 |0.000546069 
 233 |0.000549837 
 234 |0.000548297 
 235 |0.000545124 
 236 |0.000547582 
 237 |0.000544996 
 238 |0.000545995 
 239 |0.000548014 
 240 |0.000547555 
 241 |0.000547973 
 242 |0.000546934 
 243 |0.000477212 
 244 |0.000473863 
 245 |0.000471736 
 246 |0.00047019 
 247 |0.000471865 
 248 |0.000471966 
 249 |0.000470075 
 250 |0.000474147 
 251 |0.000471264 
 252 |0.000472985 
 253 |0.000473809 
 254 |0.000469866 
 255 |0.000469022 
 256 |0.000470595 
 257 |0.000475916 
 258 |0.00047227 
 259 |0.000474079 
 260 |0.000470305 
 261 |0.000470143 
 262 |0.000471527 
 263 |0.000471493 
 264 |0.000469663 
 265 |0.00046963 
 266 |0.000470865 
 267 |0.000501405 
 268 |0.000502485 
 269 |0.000503147 
 270 |0.000501958 
 271 |0.000503289 
 272 |0.000502937 
 273 |0.000500122 
 274 |0.000501783 
 275 |0.000501925 
 276 |0.000501695 
 277 |0.000500345 
 278 |0.000500844 
 279 |0.000501722 
 280 |0.000502505 
 281 |0.000499339 
 282 |0.000501702 
 283 |0.000500345 
 284 |0.000500237 
 285 |0.000500635 
 286 |0.000503997 
 287 |0.000502019 
 288 |0.000499609 
 289 |0.000500351 
 290 |0.000499919 
 291 |0.000500088 
 292 |0.000500216 
 293 |0.000497853 
 294 |0.000496773 
 295 |0.00049973 
 296 |0.000498569 
 297 |0.000498015 
 298 |0.000495672 
 299 |0.000496489 
 300 |0.000495449 
 301 |0.000502465 
 302 |0.000495119 
 303 |0.000497684 
 304 |0.000496158 
 305 |0.000499818 
 306 |0.000494936 
 307 |0.000497151 
 308 |0.000499163 
 309 |0.000495652 
 310 |0.000501256 
 311 |0.000495402 
 312 |0.00050235 
 313 |0.000497077 
 314 |0.000498555 
 315 |0.000487104 
 316 |0.000489771 
 317 |0.000483708 
 318 |0.000489001 
 319 |0.000485801 
 320 |0.000483735 
 321 |0.000482749 
 322 |0.000486361 
 323 |0.000487725 
 324 |0.000483411 
 325 |0.000485328 
 326 |0.000489757 
 327 |0.00048518 
 328 |0.000486604 
 329 |0.000485247 
 330 |0.000487016 
 331 |0.000484153 
 332 |0.000486402 
 333 |0.000487705 
 334 |0.000485166 
 335 |0.000487367 
 336 |0.000484619 
 337 |0.000484991 
 338 |0.000487442 
 339 |0.000442149 
 340 |0.000436464 
 341 |0.000442217 
 342 |0.000438213 
 343 |0.00044171 
 344 |0.000437726 
 345 |0.000437726 
 346 |0.000440616 
 347 |0.000440373 
 348 |0.000437976 
 349 |0.000439097 
 350 |0.000440225 
 351 |0.000441089 
 352 |0.000439205 
 353 |0.000441021 
 354 |0.000440934 
 355 |0.000440387 
 356 |0.000438253 
 357 |0.000438091 
 358 |0.000441643 
 359 |0.000440907 
 360 |0.000440427 
 361 |0.000439138 
 362 |0.000439617 
 363 |0.000379808 
 364 |0.000377829 
 365 |0.000378606 
 366 |0.000378417 
 367 |0.000377883 
 368 |0.000377998 
 369 |0.000380895 
 370 |0.000380267 
 371 |0.000380739 
 372 |0.000380159 
 373 |0.000380753 
 374 |0.000377627 
 375 |0.000378579 
 376 |0.000378565 
 377 |0.000377465 
 378 |0.000382752 
 379 |0.000377917 
 380 |0.000379328 
 381 |0.000377985 
 382 |0.000380523 
 383 |0.00037972 
 384 |0.000379693 
 385 |0.000379153 
 386 |0.000377559 
 387 |0.000399969 
 388 |0.000400131 
 389 |0.000402386 
 390 |0.000398376 
 391 |0.000400786 
 392 |0.000398781 
 393 |0.000400597 
 394 |0.000402906 
 395 |0.000399476 
 396 |0.000398558 
 397 |0.000400982 
 398 |0.000399922 
 399 |0.00040165 
 400 |0.000399524 
 401 |0.000400368 
 402 |0.000400091 
 403 |0.000398139 
 404 |0.000401995 
 405 |0.000401785 
 406 |0.000402245 
 407 |0.000400719 
 408 |0.000400489 
 409 |0.000400827 
 410 |0.000399949 
 411 |0.000394514 
 412 |0.000394439 
 413 |0.00039658 
 414 |0.000395621 
 415 |0.000397721 
 416 |0.000395155 
 417 |0.000398517 
 418 |0.000397174 
 419 |0.000393109 
 420 |0.000398835 
 421 |0.00039741 
 422 |0.000394311 
 423 |0.000398052 
 424 |0.000394473 
 425 |0.000397613 
 426 |0.000394554 
 427 |0.000394433 
 428 |0.00039504 
 429 |0.000400516 
 430 |0.00039928 
 431 |0.000394574 
 432 |0.000394183 
 433 |0.000395769 
 434 |0.000394912 
 435 |0.00038606 
 436 |0.000387957 
 437 |0.00038602 
 438 |0.000387248 
 439 |0.000386499 
 440 |0.000387903 
 441 |0.000383623 
 442 |0.000386053 
 443 |0.000384851 
 444 |0.00038583 
 445 |0.000386958 
 446 |0.000387633 
 447 |0.000388592 
 448 |0.000387991 
 449 |0.000386796 
 450 |0.000384277 
 451 |0.000387464 
 452 |0.000385837 
 453 |0.000387444 
 454 |0.000388552 
 455 |0.000388018 
 456 |0.000386654 
 457 |0.000387046 
 458 |0.00038629 
 459 |0.000814475 
 460 |0.000812322 
 461 |0.000811363 
 462 |0.00081301 
 463 |0.000810309 
 464 |0.000812632 
 465 |0.000814124 
 466 |0.000815373 
 467 |0.000813017 
 468 |0.000811282 
 469 |0.00081802 
 470 |0.000811781 
 471 |0.000811518 
 472 |0.00081243 
 473 |0.000810586 
 474 |0.000811869 
 475 |0.000811451 
 476 |0.000812193 
 477 |0.000812045 
 478 |0.000813132 
 479 |0.000814104 
 480 |0.000814813 
 481 |0.000813537 
 482 |0.00081164 
 483 |0.000702574 
 484 |0.000705613 
 485 |0.000702142 
 486 |0.000703418 
 487 |0.000700866 
 488 |0.000703027 
 489 |0.000699144 
 490 |0.00070173 
 491 |0.000704458 
 492 |0.000701602 
 493 |0.000708273 
 494 |0.000705991 
 495 |0.000703141 
 496 |0.00070304 
 497 |0.000704404 
 498 |0.000702392 
 499 |0.000705012 
 500 |0.000702054 
 501 |0.000706423 
 502 |0.000703931 
 503 |0.000705869 
 504 |0.000705917 
 505 |0.000702419 
 506 |0.000704985 
 507 |0.000730825 
 508 |0.000730041 
 509 |0.000727044 
 510 |0.000727834 
 511 |0.000734849 
 512 |0.000733303 
 513 |0.000733688 
 514 |0.000731513 
 515 |0.000732972 
 516 |0.000727861 
 517 |0.000727975 
 518 |0.000735085 
 519 |0.000730291 
 520 |0.000731196 
 521 |0.000730474 
 522 |0.000735997 
 523 |0.000734322 
 524 |0.000732634 
 525 |0.000730602 
 526 |0.000727408 
 527 |0.000732276 
 528 |0.000732486 
 529 |0.000733282 
 530 |0.000731439 
 531 |0.000704303 
 532 |0.000701507 
 533 |0.000699225 
 534 |0.000708563 
 535 |0.000707821 
 536 |0.000705478 
 537 |0.000704796 
 538 |0.000705613 
 539 |0.000709333 
 540 |0.000706808 
 541 |0.000707706 
 542 |0.000708145 
 543 |0.000704438 
 544 |0.000703594 
 545 |0.000706146 
 546 |0.00070695 
 547 |0.000701919 
 548 |0.00070591 
 549 |0.000708361 
 550 |0.000704674 
 551 |0.000703952 
 552 |0.000708354 
 553 |0.000706376 
 554 |0.000704343 
 555 |0 
 556 |0 
 557 |0 
 558 |0 
 559 |0 
 560 |0 
 561 |0 
 562 |0 
 563 |0 
 564 |0 
 565 |0 
 566 |0 
 567 |0 
 568 |0 
 569 |0 
 570 |0 
 571 |0 
 572 |0 
 573 |0 
 574 |0 
 575 |0 
 576 |0 
 577 |0 
 578 |0 
 579 |0 
 580 |0 
 581 |0 
 582 |0 
 583 |0 
 584 |0 
 585 |0 
 586 |0 
 587 |0 
 588 |0 
 589 |0 
 590 |0 
 591 |0 
 592 |0 
 593 |0 
 594 |0 
 595 |0 
 596 |0 
 597 |0 
 598 |0 
 599 |0 
 600 |0 
 601 |0 
 602 |0 
 603 |0 
 604 |0 
 605 |0 
 606 |0 
 607 |0 
 608 |0 
 609 |0 
 610 |0 
 611 |0 
 612 |0 
 613 |0 
 614 |0 
 615 |0 
 616 |0 
 617 |0 
 618 |0 
 619 |0 
 620 |0 
 621 |0 
 622 |0 
 623 |0 
 624 |0 
 625 |0 
 626 |0 
 627 |0 
 628 |0 
 629 |0 
 630 |0 
 631 |0 
 632 |0 
 633 |0 
 634 |0 
 635 |0 
 636 |0 
 637 |0 
 638 |0 
 639 |0 
 640 |0 
 641 |0 
 642 |0 
 643 |0 
 644 |0 
 645 |0 
 646 |0 
 647 |0 
 648 |0 
 649 |0 
 650 |0 
 651 |0 
 652 |0 
 653 |0 
 654 |0 
 655 |0 
 656 |0 
 657 |0 
 658 |0 
 659 |0 
 660 |0 
 661 |0 
 662 |0 
 663 |0 
 664 |0 
 665 |0 
 666 |0 
 667 |0 
 668 |0 
 669 |0 
 670 |0 
 671 |0 
 672 |0 
 673 |0 
 674 |0 
 675 |0 
 676 |0 
 677 |0 
 678 |0 
 679 |0 
 680 |0 
 681 |0 
 682 |0 
 683 |0 
 684 |0 
 685 |0 
 686 |0 
 687 |0 
 688 |0 
 689 |0 
 690 |0 
 691 |0 
 692 |0 
 693 |0 
 694 |0 
 695 |0 
 696 |0 
 697 |0 
 698 |0 
 699 |0 
 700 |0 
 701 |0 
 702 |0 
 703 |0 
 704 |0 
 705 |0 
 706 |0 
 707 |0 
 708 |0 
 709 |0 
 710 |0 
 711 |0 
 712 |0 
 713 |0 
 714 |0 
 715 |0 
 716 |0 
 717 |0 
 718 |0 
 719 |0 
 720 |0 
 721 |0 
 722 |0 
 723 |0 
 724 |0 
 725 |0 
 726 |0 
 727 |0 
 728 |0 
 729 |0 
 730 |0 
 731 |0 
 732 |0 
 733 |0 
 734 |0 
 735 |0 
 736 |0 
 737 |0 
 738 |0 
 739 |0 
 740 |0 
 741 |0 
 742 |0 
 743 |0 
 744 |0 
 745 |0 
 746 |0 
 747 |0 
 748 |0 
 749 |0 
 750 |0 
 751 |0 
 752 |0 
 753 |0 
 754 |0 
 755 |0 
 756 |0 
 757 |0 
 758 |0 
 759 |0 
 760 |0 
 761 |0 
 762 |0 
 763 |0 
 764 |0 
 765 |0 
 766 |0 
 767 |0 
 768 |0 
 769 |0 
 770 |0 
 771 |0 
 772 |0 
 773 |0 
 774 |0 
 775 |0 
 776 |0 
 777 |0 
 778 |0 
 779 |0 
 780 |0 
 781 |0 
 782 |0 
 783 |0 
 784 |0 
 785 |0 
 786 |0 
 787 |0 
 788 |0 
 789 |0 
 790 |0 
 791 |0 
 792 |0 
 793 |0 
 794 |0 
 795 |0 
 796 |0 
 797 |0 
 798 |0 
 799 |0 
 800 |0 
 801 |0 
 802 |0 
 803 |0 
 804 |0 
 805 |0 
 806 |0 
 807 |0 
 808 |0 
 809 |0 
 810 |0 
 811 |0 
 812 |0 
 813 |0 
 814 |0 
 815 |0 
 816 |0 
 817 |0 
 818 |0 
 819 |0 
 820 |0 
 821 |0 
 822 |0 
 823 |0 
 824 |0 
 825 |0 
 826 |0 
 827 |0 
 828 |0 
 829 |0 
 830 |0 
 831 |0 
 832 |0 
 833 |0 
 834 |0 
 835 |0 
 836 |0 
 837 |0 
 838 |0 
 839 |0 
 840 |0 
 841 |0 
 842 |0 
 843 |0 
 844 |0 
 845 |0 
 846 |0 
 847 |0 
 848 |0 
 849 |0 
 850 |0 
 851 |0 
 852 |0 
 853 |0 
 854 |0 
 855 |0 
 856 |0 
 857 |0 
 858 |0 
 859 |0 
 860 |0 
 861 |0 
 862 |0 
 863 |0 
 864 |0 
 865 |0 
 866 |0 
 867 |0 
 868 |0 
 869 |0 
 870 |0 
 871 |0 
 872 |0 
 873 |0 
 874 |0 
 875 |0 
 876 |0 
 877 |0 
 878 |0 
 879 |0 
 880 |0 
 881 |0 
 882 |0 
 883 |0 
 884 |0 
 885 |0 
 886 |0 
 887 |0 
 888 |0 
 889 |0 
 890 |0 
 891 |0 
 892 |0 
 893 |0 
 894 |0 
 895 |0 
 896 |0 
 897 |0 
 898 |0 
 899 |0 
 900 |0 
 901 |0 
 902 |0 
 903 |0 
 904 |0 
 905 |0 
 906 |0 
 907 |0 
 908 |0 
 909 |0 
 910 |0 
 911 |0 
 912 |0 
 913 |0 
 914 |0 

Now unfolding...
Iteration : 0
Chi^2 of change 107373
Iteration : 1
Chi^2 of change 11111.1
Iteration : 2
Chi^2 of change 2385.79
Iteration : 3
Chi^2 of change 715.236
Iteration : 4
Chi^2 of change 285.482
Iteration : 5
Chi^2 of change 148.719
Iteration : 6
Chi^2 of change 93.818
Iteration : 7
Chi^2 of change 66.0378
Iteration : 8
Chi^2 of change 49.2591
Iteration : 9
Chi^2 of change 37.9581
Iteration : 10
Chi^2 of change 29.8626
Iteration : 11
Chi^2 of change 23.8505
Iteration : 12
Chi^2 of change 19.2806
Using response matrix priors
Calculating covariances due to number of measured events
Using response matrix priors
Using response matrix priors
Using response matrix priors
Using response matrix priors
Using response matrix priors
Using response matrix priors
Using response matrix priors
Using response matrix priors
Using response matrix priors
Using response matrix priors
Using response matrix priors
Using response matrix priors
Using response matrix priors
Using response matrix priors
Using response matrix priors
Using response matrix priors
Using response matrix priors
Using response matrix priors
Using response matrix priors
Using response matrix priors
Using response matrix priors
Using response matrix priors
Using response matrix priors
Using response matrix priors
Using response matrix priors
Using response matrix priors
Using response matrix priors
Using response matrix priors
Using response matrix priors
Using response matrix priors
Using response matrix priors
Using response matrix priors
Using response matrix priors
Using response matrix priors
Using response matrix priors
Using response matrix priors
Using response matrix priors
Using response matrix priors
Using response matrix priors
Using response matrix priors
Using response matrix priors
Using response matrix priors
Using response matrix priors
Using response matrix priors
Using response matrix priors
Using response matrix priors
Using response matrix priors
Using response matrix priors
Using response matrix priors
Using response matrix priors
Using response matrix priors
Using response matrix priors
Using response matrix priors
Using response matrix priors
Using response matrix priors
Using response matrix priors
Using response matrix priors
Using response matrix priors
Using response matrix priors
Using response matrix priors
Using response matrix priors
Using response matrix priors
Using response matrix priors
Using response matrix priors
Using response matrix priors
Using response matrix priors
Using response matrix priors
Using response matrix priors
Using response matrix priors
Using response matrix priors
Using response matrix priors
Using response matrix priors
Using response matrix priors
Using response matrix priors
Using response matrix priors
Using response matrix priors
Using response matrix priors
Using response matrix priors
Using response matrix priors
Using response matrix priors
Using response matrix priors
Using response matrix priors
Using response matrix priors
Using response matrix priors
Using response matrix priors
Using response matrix priors
Using response matrix priors
Using response matrix priors
Using response matrix priors
Using response matrix priors
Using response matrix priors
Using response matrix priors
Using response matrix priors
Using response matrix priors
Using response matrix priors
Using response matrix priors
Using response matrix priors
Using response matrix priors
Using response matrix priors
Using response matrix priors
Using response matrix priors
Using response matrix priors
Using response matrix priors
Using response matrix priors
Using response matrix priors
Using response matrix priors
Using response matrix priors
Using response matrix priors
Using response matrix priors
Using response matrix priors
Using response matrix priors
Using response matrix priors
Using response matrix priors
Using response matrix priors
Using response matrix priors
Using response matrix priors
Using response matrix priors
Using response matrix priors
Using response matrix priors
Using response matrix priors
Using response matrix priors
Using response matrix priors
Using response matrix priors
Using response matrix priors
Using response matrix priors
Using response matrix priors
Using response matrix priors
Using response matrix priors
Using response matrix priors
Using response matrix priors
Using response matrix priors
Using response matrix priors
Using response matrix priors
Using response matrix priors
Using response matrix priors
Using response matrix priors
Using response matrix priors
Using response matrix priors
Using response matrix priors
Using response matrix priors
Using response matrix priors
Using response matrix priors
Using response matrix priors
Using response matrix priors
Using response matrix priors
Using response matrix priors
Using response matrix priors
Using response matrix priors
Using response matrix priors
Using response matrix priors
Using response matrix priors
Using response matrix priors
Using response matrix priors
Using response matrix priors
Using response matrix priors
Using response matrix priors
Using response matrix priors
Using response matrix priors
Using response matrix priors
Using response matrix priors
Using response matrix priors
Using response matrix priors
Using response matrix priors
Using response matrix priors
Using response matrix priors
Using response matrix priors
Using response matrix priors
Using response matrix priors
Using response matrix priors
Using response matrix priors
Using response matrix priors
Using response matrix priors
Using response matrix priors
Using response matrix priors
Using response matrix priors
Using response matrix priors
Using response matrix priors
Using response matrix priors
Using response matrix priors
Using response matrix priors
Using response matrix priors
Using response matrix priors
Using response matrix priors
Using response matrix priors
Using response matrix priors
Using response matrix priors
Using response matrix priors
Using response matrix priors
Using response matrix priors
Using response matrix priors
Using response matrix priors
Using response matrix priors
Using response matrix priors
Using response matrix priors
Using response matrix priors
Using response matrix priors
Using response matrix priors
Using response matrix priors
Using response matrix priors
Using response matrix priors
Using response matrix priors
Using response matrix priors
Using response matrix priors
Using response matrix priors
Using response matrix priors
Using response matrix priors
Using response matrix priors
Using response matrix priors
Using response matrix priors
Using response matrix priors
Using response matrix priors
Using response matrix priors
Using response matrix priors
Using response matrix priors
Using response matrix priors
Using response matrix priors
Using response matrix priors
Using response matrix priors
Using response matrix priors
Using response matrix priors
Using response matrix priors
Using response matrix priors
Using response matrix priors
Using response matrix priors
Using response matrix priors
Using response matrix priors
Using response matrix priors
Using response matrix priors
Using response matrix priors
Using response matrix priors
Using response matrix priors
Using response matrix priors
Using response matrix priors
Using response matrix priors
Using response matrix priors
Using response matrix priors
Using response matrix priors
Using response matrix priors
Using response matrix priors
Using response matrix priors
Using response matrix priors
Using response matrix priors
Using response matrix priors
Using response matrix priors
Using response matrix priors
Using response matrix priors
Using response matrix priors
Using response matrix priors
Using response matrix priors
Using response matrix priors
Using response matrix priors
Using response matrix priors
Using response matrix priors
Using response matrix priors
Using response matrix priors
Using response matrix priors
Using response matrix priors
Using response matrix priors
Using response matrix priors
Using response matrix priors
Using response matrix priors
Using response matrix priors
Using response matrix priors
Using response matrix priors
Using response matrix priors
Using response matrix priors
Using response matrix priors
Using response matrix priors
Using response matrix priors
Using response matrix priors
Using response matrix priors
Using response matrix priors
Using response matrix priors
Using response matrix priors
Using response matrix priors
Using response matrix priors
Using response matrix priors
Using response matrix priors
Using response matrix priors
Using response matrix priors
Using response matrix priors
Using response matrix priors
Using response matrix priors
Using response matrix priors
Using response matrix priors
Using response matrix priors
Using response matrix priors
Using response matrix priors
Using response matrix priors
Using response matrix priors
Using response matrix priors
Using response matrix priors
Using response matrix priors
Using response matrix priors
Using response matrix priors
Using response matrix priors
Using response matrix priors
Using response matrix priors
Using response matrix priors
Using response matrix priors
Using response matrix priors
Using response matrix priors
Using response matrix priors
Using response matrix priors
Using response matrix priors
Using response matrix priors
Using response matrix priors
Using response matrix priors
Using response matrix priors
Using response matrix priors
Using response matrix priors
Using response matrix priors
Using response matrix priors
Using response matrix priors
Using response matrix priors
Using response matrix priors
Using response matrix priors
Using response matrix priors
Using response matrix priors
Using response matrix priors
Using response matrix priors
Using response matrix priors
Using response matrix priors
Using response matrix priors
Using response matrix priors
Using response matrix priors
Using response matrix priors
Using response matrix priors
Using response matrix priors
Using response matrix priors
Using response matrix priors
Using response matrix priors
Using response matrix priors
Using response matrix priors
Using response matrix priors
Using response matrix priors
Using response matrix priors
Using response matrix priors
Using response matrix priors
Using response matrix priors
Using response matrix priors
Using response matrix priors
Using response matrix priors
Using response matrix priors
Using response matrix priors
Using response matrix priors
Using response matrix priors
Using response matrix priors
Using response matrix priors
Using response matrix priors
Using response matrix priors
Using response matrix priors
Using response matrix priors
Using response matrix priors
Using response matrix priors
Using response matrix priors
Using response matrix priors
Using response matrix priors
Using response matrix priors
Using response matrix priors
Using response matrix priors
Using response matrix priors
Using response matrix priors
Using response matrix priors
Using response matrix priors
Using response matrix priors
Using response matrix priors
Using response matrix priors
Using response matrix priors
Using response matrix priors
Using response matrix priors
Using response matrix priors
Using response matrix priors
Using response matrix priors
Using response matrix priors
Using response matrix priors
Using response matrix priors
Using response matrix priors
Using response matrix priors
Using response matrix priors
Using response matrix priors
Using response matrix priors
Using response matrix priors
Using response matrix priors
Using response matrix priors
Using response matrix priors
Using response matrix priors
Using response matrix priors
Using response matrix priors
Using response matrix priors
Using response matrix priors
Using response matrix priors
Using response matrix priors
Using response matrix priors
Using response matrix priors
Using response matrix priors
Using response matrix priors
Using response matrix priors
Using response matrix priors
Using response matrix priors
Using response matrix priors
Using response matrix priors
Using response matrix priors
Using response matrix priors
Using response matrix priors
Using response matrix priors
Using response matrix priors
Using response matrix priors
Using response matrix priors
Using response matrix priors
Using response matrix priors
Using response matrix priors
Using response matrix priors
Using response matrix priors
Using response matrix priors
Using response matrix priors
Using response matrix priors
Using response matrix priors
Using response matrix priors
Using response matrix priors
Using response matrix priors
Using response matrix priors
Using response matrix priors
Using response matrix priors
Using response matrix priors
Using response matrix priors
Using response matrix priors
Using response matrix priors
Using response matrix priors
Using response matrix priors
Using response matrix priors
Using response matrix priors
Using response matrix priors
Using response matrix priors
Using response matrix priors
Using response matrix priors
Using response matrix priors
Using response matrix priors
Using response matrix priors
Using response matrix priors
Using response matrix priors
Using response matrix priors
Using response matrix priors
Using response matrix priors
Using response matrix priors
Using response matrix priors
Using response matrix priors
Using response matrix priors
Using response matrix priors
Using response matrix priors
Using response matrix priors
Using response matrix priors
Using response matrix priors
Using response matrix priors
Using response matrix priors
Using response matrix priors
Using response matrix priors
Using response matrix priors
Using response matrix priors
Using response matrix priors
Using response matrix priors
Using response matrix priors
Using response matrix priors
Using response matrix priors
Using response matrix priors
Using response matrix priors
Using response matrix priors
Using response matrix priors
Using response matrix priors
Using response matrix priors
Using response matrix priors
Using response matrix priors
Using response matrix priors
Using response matrix priors
Using response matrix priors
Using response matrix priors
Using response matrix priors
Using response matrix priors
Using response matrix priors
Using response matrix priors
Using response matrix priors
Using response matrix priors
Using response matrix priors
Using response matrix priors
Using response matrix priors
Using response matrix priors
Using response matrix priors
Using response matrix priors
Using response matrix priors
Using response matrix priors
Using response matrix priors
Using response matrix priors
Using response matrix priors
Using response matrix priors
Using response matrix priors
Using response matrix priors
Using response matrix priors
Using response matrix priors
Using response matrix priors

[1m[94mSmear option selected is: Smear[0m


[91mRunning Bin 'All' for Q2-y Bins by default (will skip at end)[0m


Running for Q2-xB/Q2-y Bins: 'default', 'Unfolding', 'as', 'background', 'parallel', 'jobs.', 'Ran', 'in', 'tmuxUnfold', '(in', 'case', 'there', 'were', 'any', 'local', 'issues)"', '12', '0'
[1m
Starting RG-A SIDIS Analysis
[0m

Started running on [1m2-18-2026[0m at [1m03:00 p.m.[0m

The total number of histograms available for the[1mRDataFrame[0m in '[1m[94m/w/hallb-scshelf2102/clas12/richcap/SIDIS_Analysis/Histo_Files_ROOT/DataFrames/hadd_ROOT_files_From_using_RDataFrames/SIDIS_epip_Response_Matrices_from_RDataFrames_ZerothOrder.root[0m' is [1m180[0m


[1mDone Loading RDataFrame files...
[0m
[1m[94m

Starting Unfolding Procedures...
[0m
Bin 1 is not in Q2_y_Bin_List = ['default', 'Unfolding', 'as', 'background', 'parallel', 'jobs.', 'Ran', 'in', 'tmuxUnfold', '(in', 'case', 'there', 'were', 'any', 'local', 'issues)"', '12', '0']
Bin 10 is not in Q2_y_Bin_List = ['default', 'Unfolding', 'as', 'background', 'parallel', 'jobs.', 'Ran', 'in', 'tmuxUnfold', '(in', 'case', 'there', 'were', 'any', 'local', 'issues)"', '12', '0']
Bin 11 is not in Q2_y_Bin_List = ['default', 'Unfolding', 'as', 'background', 'parallel', 'jobs.', 'Ran', 'in', 'tmuxUnfold', '(in', 'case', 'there', 'were', 'any', 'local', 'issues)"', '12', '0']

Unfolding: ((Histo-Group='Response_Matrix_Normal'), (Data-Type='DataFrame_Type'), (Data-Cut='cut_Complete_SIDIS'), (Smear-Type='smear'), (Binning-Type='Y_bin'-[Q2-y-Bin=12, z-PT-Bin=All]), (Var-D1='MultiDim_z_pT_Bin_Y_bin_phi_t'-[NumBins=915, MinBin=-1.5, MaxBin=913.5]), (Var-D2='z_pT_Bin_Y_bin_smeared'-[NumBins=38, MinBin=-0.5, MaxBin=37.5]))
[1m[96mStarting [4m[95mBin-by-Bin[0m[1m[96m Unfolding Procedure...[0m
	[1mAcceptance Correction of Histogram:[0m
	((Histo-Group='Response_Matrix_Normal_1D'), (Data-Cut='cut_Complete_SIDIS'), (Smear-Type='smear'), (Binning-Type='Y_bin'-[Q2-y-Bin=12, z-PT-Bin=All]), (Var-D1='MultiDim_z_pT_Bin_Y_bin_phi_t'))
[91m
Bin 339 had a very low acceptance...
	(cut_criteria = 0.0005)
	(Bin_Content  = 0.00012466755319148935)[0m
[91m
Bin 532 had a very low acceptance...
	(cut_criteria = 0.0005)
	(Bin_Content  = 0.0003067778736458633)[0m
[91m
Bin 555 had a very low acceptance...
	(cut_criteria = 0.0005)
	(Bin_Content  = 0.00021089765711875455)[0m
[1m[96mFinished [95mBin-by-Bin[0m[1m[96m Unfolding Procedure.[0m

Current Time: [1m03:00 p.m.[0m
Time Elapsed Up To Now:
0 Day(s), 0 Hour(s), 0 Minute(s), and 0 Second(s).

[1m[96mStarting [4m[92mRooUnfold[0m[1m[96m Unfolding Procedure...[0m
	[1mUnfolding Histogram:[0m
	((Histo-Group='Response_Matrix_Normal'), (Data-Cut='cut_Complete_SIDIS'), (Smear-Type='smear'), (Binning-Type='Y_bin'-[Q2-y-Bin=12, z-PT-Bin=All]), (Var-D1='MultiDim_z_pT_Bin_Y_bin_phi_t'))
	[96mUsing [1m[92mRooUnfold (Bin-by-Bin)[0m[96m Unfolding Procedure...[0m
[1m[96mFinished [92mRooUnfold (Bin-by-Bin)[0m[1m[96m Unfolding Procedure.
[0m
[1m[96mStarting [4m[92mRooUnfold[0m[1m[96m Unfolding Procedure...[0m

	[1mBegan Unfolding Histogram:[0m
	((Histo-Group='Response_Matrix_Normal'), (Data-Cut='cut_Complete_SIDIS'), (Smear-Type='smear'), (Binning-Type='Y_bin'-[Q2-y-Bin=12, z-PT-Bin=All]), (Var-D1='MultiDim_z_pT_Bin_Y_bin_phi_t'))
Time Elapsed Up To Now: 0 Day(s), 0 Hour(s), 0 Minute(s), and 4 Second(s). 
	[96mUsing [1m[92mRooUnfold (Bayesian)[0m[96m method to unfold...[0m

Current Time: [1m05:09 p.m.[0m
Time Elapsed Up To Now:
0 Day(s), 2 Hour(s), 8 Minute(s), and 50 Second(s).

[1m[96mFinished [92mRooUnfold (Bayesian)[0m[1m[96m Unfolding Procedure.
[0m

[94mRunning Multi3D_Slice(...)[0m


[94mRunning Multi3D_Slice(...)[0m


[94mRunning Multi3D_Slice(...)[0m


[94mRunning Multi3D_Slice(...)[0m


[94mRunning Multi3D_Slice(...)[0m


[94mRunning Multi3D_Slice(...)[0m


[94mRunning Multi3D_Slice(...)[0m

Bin 13 is not in Q2_y_Bin_List = ['default', 'Unfolding', 'as', 'background', 'parallel', 'jobs.', 'Ran', 'in', 'tmuxUnfold', '(in', 'case', 'there', 'were', 'any', 'local', 'issues)"', '12', '0']
Bin 14 is not in Q2_y_Bin_List = ['default', 'Unfolding', 'as', 'background', 'parallel', 'jobs.', 'Ran', 'in', 'tmuxUnfold', '(in', 'case', 'there', 'were', 'any', 'local', 'issues)"', '12', '0']
Bin 15 is not in Q2_y_Bin_List = ['default', 'Unfolding', 'as', 'background', 'parallel', 'jobs.', 'Ran', 'in', 'tmuxUnfold', '(in', 'case', 'there', 'were', 'any', 'local', 'issues)"', '12', '0']
Bin 16 is not in Q2_y_Bin_List = ['default', 'Unfolding', 'as', 'background', 'parallel', 'jobs.', 'Ran', 'in', 'tmuxUnfold', '(in', 'case', 'there', 'were', 'any', 'local', 'issues)"', '12', '0']
Bin 17 is not in Q2_y_Bin_List = ['default', 'Unfolding', 'as', 'background', 'parallel', 'jobs.', 'Ran', 'in', 'tmuxUnfold', '(in', 'case', 'there', 'were', 'any', 'local', 'issues)"', '12', '0']
Bin 2 is not in Q2_y_Bin_List = ['default', 'Unfolding', 'as', 'background', 'parallel', 'jobs.', 'Ran', 'in', 'tmuxUnfold', '(in', 'case', 'there', 'were', 'any', 'local', 'issues)"', '12', '0']
Bin 3 is not in Q2_y_Bin_List = ['default', 'Unfolding', 'as', 'background', 'parallel', 'jobs.', 'Ran', 'in', 'tmuxUnfold', '(in', 'case', 'there', 'were', 'any', 'local', 'issues)"', '12', '0']
Bin 4 is not in Q2_y_Bin_List = ['default', 'Unfolding', 'as', 'background', 'parallel', 'jobs.', 'Ran', 'in', 'tmuxUnfold', '(in', 'case', 'there', 'were', 'any', 'local', 'issues)"', '12', '0']
Bin 5 is not in Q2_y_Bin_List = ['default', 'Unfolding', 'as', 'background', 'parallel', 'jobs.', 'Ran', 'in', 'tmuxUnfold', '(in', 'case', 'there', 'were', 'any', 'local', 'issues)"', '12', '0']
Bin 6 is not in Q2_y_Bin_List = ['default', 'Unfolding', 'as', 'background', 'parallel', 'jobs.', 'Ran', 'in', 'tmuxUnfold', '(in', 'case', 'there', 'were', 'any', 'local', 'issues)"', '12', '0']
Bin 7 is not in Q2_y_Bin_List = ['default', 'Unfolding', 'as', 'background', 'parallel', 'jobs.', 'Ran', 'in', 'tmuxUnfold', '(in', 'case', 'there', 'were', 'any', 'local', 'issues)"', '12', '0']
Bin 8 is not in Q2_y_Bin_List = ['default', 'Unfolding', 'as', 'background', 'parallel', 'jobs.', 'Ran', 'in', 'tmuxUnfold', '(in', 'case', 'there', 'were', 'any', 'local', 'issues)"', '12', '0']
Bin 9 is not in Q2_y_Bin_List = ['default', 'Unfolding', 'as', 'background', 'parallel', 'jobs.', 'Ran', 'in', 'tmuxUnfold', '(in', 'case', 'there', 'were', 'any', 'local', 'issues)"', '12', '0']

Unfolding: ((Histo-Group='Response_Matrix_Normal'), (Data-Type='DataFrame_Type'), (Data-Cut='cut_Complete_SIDIS'), (Smear-Type='smear'), (Binning-Type='Y_bin'-[Q2-y-Bin=All, z-PT-Bin=All]), (Var-D1='MultiDim_z_pT_Bin_Y_bin_phi_t'-[NumBins=915, MinBin=-1.5, MaxBin=913.5]), (Var-D2='z_pT_Bin_Y_bin_smeared'-[NumBins=38, MinBin=-0.5, MaxBin=37.5]))
Total: 2


Counting Total Number of/Saving collected histograms...
[1m[94mSaving to: [1m[92m"FULL_Unfolded_Histos_From_Simple_RooUnfold_SelfContained.root"[0m

Final Count = 176
Conditions for running 'Create_Fits_and_Apply_RC' were not set...
Need to run: '(args.fit and args.Use_TTree) or args.Apply_RC'




[1m[43mEMAIL MESSAGE TO SEND:[0m


The 'Simple_RooUnfold_SelfContained.py' script has finished running.
Started running on [1m2-18-2026[0m at [1m03:00 p.m.[0m

Input File:
	/w/hallb-scshelf2102/clas12/richcap/SIDIS_Analysis/Histo_Files_ROOT/DataFrames/hadd_ROOT_files_From_using_RDataFrames/SIDIS_epip_Response_Matrices_from_RDataFrames_ZerothOrder.root
Output File:
	"FULL_Unfolded_Histos_From_Simple_RooUnfold_SelfContained.root"

"Running

	[1mBegan Unfolding Histogram:[0m
	((Histo-Group='Response_Matrix_Normal'), (Data-Cut='cut_Complete_SIDIS'), (Smear-Type='smear'), (Binning-Type='Y_bin'-[Q2-y-Bin=12, z-PT-Bin=All]), (Var-D1='MultiDim_z_pT_Bin_Y_bin_phi_t'))
Time Elapsed Up To Now: 0 Day(s), 0 Hour(s), 0 Minute(s), and 4 Second(s). 
	Finished Unfolding the histogram at:
Time Elapsed Up To Now: 0 Day(s), 2 Hour(s), 8 Minute(s), and 50 Second(s). 

Arguments:
--unfolding_1D (1D Unfolding Only)                  --> False
--unfolding_3D (3D Unfolding Only)                  --> True
--run_sectors                                       --> False
--sectors_to_unfold                                 --> None
--allow_other_variables (for unfolding)             --> False
--simulation (unfolding synthetic data)             --> False
--modulation (data unfolded with modulated MC)      --> False
--closure  (modulated MC unfolded with itself)      --> False
--weighed_acceptace (use acceptance weights only)   --> False
--test                                              --> False
--verbose                                           --> False
--fit                                               --> False
--tag_proton                                        --> False
--cut_proton                                        --> False
--Common_Int_Bins                                   --> False
--bayes_iterations                                  --> 13
--Num_Toys                                          --> 500
--title                                             --> None
--EvGen                                             --> False
--Min_Allowed_Acceptance_Cut                        --> 0.0005
--Use_TTree                                         --> False
--Apply_RC                                          --> False
--Add_Uncertainties                                 --> False
--pass_version                                      --> 'Pass 2'
--smearing_options                                  --> 'smear'
--Q2_y_Bin_List                                     --> ['default', 'Unfolding', 'as', 'background', 'parallel', 'jobs.', 'Ran', 'in', 'tmuxUnfold', '(in', 'case', 'there', 'were', 'any', 'local', 'issues)"', '12', '0']
--Run_5D_Unfold                                     --> False
--run_sec_unfold                                    --> False


The time that this code finished is [1m05:09 p.m.[0m
The total time the code took to run is:
0 Day(s), 2 Hour(s), 8 Minute(s), and 50 Second(s).
Saved 176 Histograms...
Rate = 0.02 Histograms/Seconds
    

[1m[92m[43m
    	                                   	   
    	This code has now finished running.	   
    	                                   	   [0m
    
    
