Full command: ./Simple_RooUnfold_SelfContained.py --background_source None --root "Unfolded_Parallel_SIDIS_epip_from_Only_3D_wFitIntegration_V4_WITHOUT_rho0_Subtraction.root" --single_file_input /w/hallb-scshelf2102/clas12/richcap/SIDIS_Analysis/Histo_Files_ROOT/DataFrames/hadd_ROOT_files_From_using_RDataFrames/Copy_for_no_rhoSub_SIDIS_epip_Response_Matrices_from_RDataFrames_Only_3D_wFitIntegration_V4_Response_Matrices_Final_Analysis_Iterations_I0_All.root --unfolding_3D --Apply_RC --fit --smear --save_json -em 'Ran in parallel using the histograms in the ROOT files from the newest Final_Analysis_Iterations files. Ran WITHOUT any rho0 subtraction (for comparison to the results with the subtraction). Saving the fits to the new JSON file formats. Ran in tmuxSIDIS_1.' -ti 'Without rho0 Subtraction' 6
TH1D::Sumw2:0: RuntimeWarning: Sum of squares of weights structure already created
Subtract 68851.8 fakes from measured distribution
Using response matrix priors
Priors:

Vector (915)  is as follows

     |        1  |
------------------
   0 |0 
   1 |0.653478 
   2 |0.000620356 
   3 |0.000622308 
   4 |0.000618221 
   5 |0.000620196 
   6 |0.000621348 
   7 |0.000621273 
   8 |0.000620953 
   9 |0.000624302 
  10 |0.000623037 
  11 |0.000620972 
  12 |0.000623742 
  13 |0.000624067 
  14 |0.000621659 
  15 |0.000623366 
  16 |0.000621593 
  17 |0.000622482 
  18 |0.000619965 
  19 |0.000620967 
  20 |0.000621837 
  21 |0.000623587 
  22 |0.000621038 
  23 |0.000621141 
  24 |0.000624899 
  25 |0.000620784 
  26 |0.000599291 
  27 |0.000601764 
  28 |0.000596878 
  29 |0.000602028 
  30 |0.000604111 
  31 |0.000602823 
  32 |0.000601793 
  33 |0.000599798 
  34 |0.000602865 
  35 |0.000598331 
  36 |0.000600584 
  37 |0.000599784 
  38 |0.000599403 
  39 |0.00060271 
  40 |0.000600419 
  41 |0.000602888 
  42 |0.000601477 
  43 |0.000600429 
  44 |0.000598425 
  45 |0.000600471 
  46 |0.000600772 
  47 |0.000601741 
  48 |0.000601882 
  49 |0.000601045 
  50 |0.000571556 
  51 |0.000574496 
  52 |0.000571918 
  53 |0.000570474 
  54 |0.000568993 
  55 |0.000578423 
  56 |0.000572534 
  57 |0.000574952 
  58 |0.000571947 
  59 |0.000571443 
  60 |0.000571608 
  61 |0.000573198 
  62 |0.000570813 
  63 |0.000575845 
  64 |0.000574618 
  65 |0.000572031 
  66 |0.000572887 
  67 |0.000570968 
  68 |0.000572356 
  69 |0.000571711 
  70 |0.000573005 
  71 |0.000571011 
  72 |0.000572083 
  73 |0.000571076 
  74 |0.00057046 
  75 |0.000571015 
  76 |0.00057387 
  77 |0.000571664 
  78 |0.000572403 
  79 |0.000568659 
  80 |0.000572939 
  81 |0.00057244 
  82 |0.000571594 
  83 |0.000572022 
  84 |0.000573174 
  85 |0.000573381 
  86 |0.000572713 
  87 |0.000571617 
  88 |0.000571956 
  89 |0.000570775 
  90 |0.000572022 
  91 |0.000570545 
  92 |0.000572088 
  93 |0.00057118 
  94 |0.000572539 
  95 |0.000571232 
  96 |0.000572398 
  97 |0.000570634 
  98 |0.000568372 
  99 |0.000569101 
 100 |0.000568838 
 101 |0.000570677 
 102 |0.000570851 
 103 |0.00056825 
 104 |0.000565781 
 105 |0.000569426 
 106 |0.000570949 
 107 |0.000568941 
 108 |0.000569736 
 109 |0.000571326 
 110 |0.000570601 
 111 |0.000569092 
 112 |0.000570465 
 113 |0.000569844 
 114 |0.000567267 
 115 |0.000573136 
 116 |0.000571133 
 117 |0.000568664 
 118 |0.000571448 
 119 |0.000568767 
 120 |0.00056864 
 121 |0.000568664 
 122 |0.000397456 
 123 |0.000399417 
 124 |0.00040008 
 125 |0.000400527 
 126 |0.000401458 
 127 |0.000401021 
 128 |0.000399323 
 129 |0.0004012 
 130 |0.000402578 
 131 |0.000400301 
 132 |0.00040207 
 133 |0.000404224 
 134 |0.000405033 
 135 |0.000403866 
 136 |0.000398519 
 137 |0.000400513 
 138 |0.000399888 
 139 |0.000400461 
 140 |0.000399671 
 141 |0.000399262 
 142 |0.000402498 
 143 |0.00039953 
 144 |0.000401402 
 145 |0.000400998 
 146 |0.000547519 
 147 |0.000547979 
 148 |0.00055082 
 149 |0.000548727 
 150 |0.000547514 
 151 |0.000547434 
 152 |0.000549207 
 153 |0.000548125 
 154 |0.0005509 
 155 |0.000546714 
 156 |0.000548111 
 157 |0.000548078 
 158 |0.000547326 
 159 |0.000548798 
 160 |0.000549626 
 161 |0.000546446 
 162 |0.000550096 
 163 |0.000545487 
 164 |0.000547885 
 165 |0.000547805 
 166 |0.000549922 
 167 |0.000548671 
 168 |0.000547439 
 169 |0.000548078 
 170 |0.000526279 
 171 |0.000525795 
 172 |0.000523772 
 173 |0.000527234 
 174 |0.000524553 
 175 |0.000524755 
 176 |0.000524812 
 177 |0.000522512 
 178 |0.000526519 
 179 |0.000523161 
 180 |0.000523876 
 181 |0.000521962 
 182 |0.000523175 
 183 |0.000523768 
 184 |0.000520593 
 185 |0.000522653 
 186 |0.000522442 
 187 |0.000523015 
 188 |0.00052246 
 189 |0.000521426 
 190 |0.000522371 
 191 |0.000525136 
 192 |0.000523744 
 193 |0.000521078 
 194 |0.000487347 
 195 |0.000488715 
 196 |0.000486702 
 197 |0.000487629 
 198 |0.000484045 
 199 |0.000488358 
 200 |0.000489816 
 201 |0.000488382 
 202 |0.000489219 
 203 |0.00048713 
 204 |0.000490173 
 205 |0.000489045 
 206 |0.000488382 
 207 |0.000487507 
 208 |0.000489839 
 209 |0.000487723 
 210 |0.000487874 
 211 |0.000486825 
 212 |0.000486082 
 213 |0.000489553 
 214 |0.000488193 
 215 |0.000487163 
 216 |0.000489689 
 217 |0.000489548 
 218 |0.000472264 
 219 |0.000470533 
 220 |0.000470016 
 221 |0.000474846 
 222 |0.00047201 
 223 |0.000472673 
 224 |0.000474851 
 225 |0.000472541 
 226 |0.000470514 
 227 |0.000472654 
 228 |0.000470924 
 229 |0.000476534 
 230 |0.000472052 
 231 |0.000472311 
 232 |0.000472466 
 233 |0.000473073 
 234 |0.0004713 
 235 |0.000471375 
 236 |0.00047154 
 237 |0.000472414 
 238 |0.000473068 
 239 |0.000471394 
 240 |0.000471883 
 241 |0.000470735 
 242 |0.000450625 
 243 |0.000450535 
 244 |0.000447925 
 245 |0.000449143 
 246 |0.000449962 
 247 |0.000451302 
 248 |0.000450879 
 249 |0.000448979 
 250 |0.00044904 
 251 |0.000451815 
 252 |0.000449157 
 253 |0.000451424 
 254 |0.000450249 
 255 |0.000448132 
 256 |0.000449651 
 257 |0.00045015 
 258 |0.000450662 
 259 |0.000450766 
 260 |0.000449157 
 261 |0.000448965 
 262 |0.000450799 
 263 |0.000449181 
 264 |0.000451768 
 265 |0.000449538 
 266 |0.000331504 
 267 |0.000332802 
 268 |0.000331556 
 269 |0.00033196 
 270 |0.000331467 
 271 |0.000334716 
 272 |0.000333131 
 273 |0.000334265 
 274 |0.00033427 
 275 |0.000332078 
 276 |0.00033284 
 277 |0.000334133 
 278 |0.000334961 
 279 |0.000332257 
 280 |0.000334768 
 281 |0.000335097 
 282 |0.000332167 
 283 |0.000333672 
 284 |0.00033149 
 285 |0.000331626 
 286 |0.000333244 
 287 |0.000333216 
 288 |0.000330601 
 289 |0.000332633 
 290 |0.000591493 
 291 |0.000595457 
 292 |0.000598054 
 293 |0.000595467 
 294 |0.000593002 
 295 |0.000593835 
 296 |0.000595697 
 297 |0.000591606 
 298 |0.000591737 
 299 |0.000593195 
 300 |0.000593957 
 301 |0.000592993 
 302 |0.000594874 
 303 |0.000588596 
 304 |0.000592179 
 305 |0.000593261 
 306 |0.000594098 
 307 |0.000593769 
 308 |0.000592382 
 309 |0.000592048 
 310 |0.000592269 
 311 |0.000591888 
 312 |0.000595067 
 313 |0.000596074 
 314 |0.000566609 
 315 |0.000566561 
 316 |0.000568005 
 317 |0.00056737 
 318 |0.000565475 
 319 |0.000569134 
 320 |0.000565419 
 321 |0.000563975 
 322 |0.000566867 
 323 |0.000566007 
 324 |0.000565917 
 325 |0.000565433 
 326 |0.000566735 
 327 |0.000566284 
 328 |0.000567968 
 329 |0.000567272 
 330 |0.000568584 
 331 |0.000561402 
 332 |0.000569327 
 333 |0.000565823 
 334 |0.000565992 
 335 |0.000567568 
 336 |0.000567436 
 337 |0.000566425 
 338 |0.000520193 
 339 |0.000517282 
 340 |0.000516675 
 341 |0.00051653 
 342 |0.000514611 
 343 |0.000518166 
 344 |0.000516657 
 345 |0.00051858 
 346 |0.000515852 
 347 |0.000518552 
 348 |0.000516864 
 349 |0.000517047 
 350 |0.00051763 
 351 |0.000519549 
 352 |0.000516572 
 353 |0.000514503 
 354 |0.000517028 
 355 |0.000518162 
 356 |0.000520217 
 357 |0.000517301 
 358 |0.000515354 
 359 |0.000517762 
 360 |0.000516868 
 361 |0.000517103 
 362 |0.00047858 
 363 |0.000481722 
 364 |0.000478491 
 365 |0.000481266 
 366 |0.000477574 
 367 |0.000478345 
 368 |0.000477169 
 369 |0.000477837 
 370 |0.000478726 
 371 |0.000478227 
 372 |0.000477701 
 373 |0.000477546 
 374 |0.000479949 
 375 |0.000480287 
 376 |0.000481609 
 377 |0.000477752 
 378 |0.000477616 
 379 |0.000478815 
 380 |0.000475702 
 381 |0.000478392 
 382 |0.000478797 
 383 |0.00047929 
 384 |0.000479587 
 385 |0.00047882 
 386 |0.000426841 
 387 |0.000427467 
 388 |0.000428167 
 389 |0.00042702 
 390 |0.000427213 
 391 |0.000427763 
 392 |0.00042916 
 393 |0.000425839 
 394 |0.000427363 
 395 |0.000426291 
 396 |0.000428976 
 397 |0.000428167 
 398 |0.000427067 
 399 |0.000426399 
 400 |0.000426752 
 401 |0.000428577 
 402 |0.000426507 
 403 |0.000430782 
 404 |0.000426601 
 405 |0.000427363 
 406 |0.000428915 
 407 |0.000427326 
 408 |0.000429564 
 409 |0.000425421 
 410 |0 
 411 |0.000610761 
 412 |0.000605419 
 413 |0.000606072 
 414 |0.000605564 
 415 |0.000614289 
 416 |0.000611067 
 417 |0.000608231 
 418 |0.000609393 
 419 |0.000609097 
 420 |0.000606877 
 421 |0.000608217 
 422 |0.000609628 
 423 |0.00060809 
 424 |0.000608034 
 425 |0.000608805 
 426 |0.00060786 
 427 |0.000611269 
 428 |0.000609068 
 429 |0.000606496 
 430 |0.000604765 
 431 |0.000606326 
 432 |0.000607314 
 433 |0.000607037 
 434 |0.000608861 
 435 |0.000583789 
 436 |0.000582444 
 437 |0.000585581 
 438 |0.000584353 
 439 |0.000582867 
 440 |0.000583055 
 441 |0.000582011 
 442 |0.000583474 
 443 |0.000582411 
 444 |0.000584217 
 445 |0.000583497 
 446 |0.000585694 
 447 |0.000580497 
 448 |0.00058869 
 449 |0.000581042 
 450 |0.000584349 
 451 |0.000579815 
 452 |0.000583512 
 453 |0.000585529 
 454 |0.000585261 
 455 |0.000579721 
 456 |0.000584955 
 457 |0.000585976 
 458 |0.000587467 
 459 |0.000523876 
 460 |0.000522178 
 461 |0.00052421 
 462 |0.000522225 
 463 |0.000522023 
 464 |0.000524492 
 465 |0.000522536 
 466 |0.000523589 
 467 |0.000525198 
 468 |0.000523994 
 469 |0.000522376 
 470 |0.000523598 
 471 |0.000523387 
 472 |0.000523754 
 473 |0.000523641 
 474 |0.000519869 
 475 |0.000523693 
 476 |0.000521115 
 477 |0.00052207 
 478 |0.00052231 
 479 |0.000520029 
 480 |0.000522677 
 481 |0.000525127 
 482 |0.000521863 
 483 |0.000465063 
 484 |0.000465788 
 485 |0.00046583 
 486 |0.000468111 
 487 |0.000467067 
 488 |0.000468172 
 489 |0.000465454 
 490 |0.000465515 
 491 |0.000466606 
 492 |0.0004648 
 493 |0.000469494 
 494 |0.0004648 
 495 |0.000466587 
 496 |0.000466615 
 497 |0.000467848 
 498 |0.000467664 
 499 |0.000465101 
 500 |0.000464659 
 501 |0.000466606 
 502 |0.000466794 
 503 |0.000465952 
 504 |0.000466056 
 505 |0.00046441 
 506 |0.000464424 
 507 |0.000399991 
 508 |0.000401393 
 509 |0.000398256 
 510 |0.000400311 
 511 |0.00040222 
 512 |0.000399295 
 513 |0.000402202 
 514 |0.000402046 
 515 |0.000403485 
 516 |0.000402009 
 517 |0.00040103 
 518 |0.000399916 
 519 |0.000399789 
 520 |0.00040238 
 521 |0.000399939 
 522 |0.000401346 
 523 |0.000403467 
 524 |0.000400109 
 525 |0.000401797 
 526 |0.000398764 
 527 |0.000401548 
 528 |0.000400325 
 529 |0.000399286 
 530 |0.000401167 
 531 |0 
 532 |0.00088873 
 533 |0.000889365 
 534 |0.000889525 
 535 |0.000887902 
 536 |0.00088991 
 537 |0.000889318 
 538 |0.000889501 
 539 |0.000888768 
 540 |0.000888721 
 541 |0.000887818 
 542 |0.000887968 
 543 |0.000888608 
 544 |0.000883232 
 545 |0.000889492 
 546 |0.000888081 
 547 |0.000890037 
 548 |0.00088817 
 549 |0.000892963 
 550 |0.000887865 
 551 |0.000890263 
 552 |0.000889276 
 553 |0.000891528 
 554 |0.000890748 
 555 |0.000889798 
 556 |0.000855098 
 557 |0.000857595 
 558 |0.000856354 
 559 |0.000858155 
 560 |0.000853776 
 561 |0.000858828 
 562 |0.000857605 
 563 |0.000855451 
 564 |0.000857398 
 565 |0.000855451 
 566 |0.000854919 
 567 |0.000857882 
 568 |0.000854392 
 569 |0.000854891 
 570 |0.000857525 
 571 |0.000854924 
 572 |0.000856476 
 573 |0.000854976 
 574 |0.000855775 
 575 |0.000857798 
 576 |0.000855573 
 577 |0.000859533 
 578 |0.000855343 
 579 |0.000856057 
 580 |0.000736979 
 581 |0.000742463 
 582 |0.000742138 
 583 |0.00074203 
 584 |0.000742087 
 585 |0.000739519 
 586 |0.000741602 
 587 |0.000741141 
 588 |0.000741565 
 589 |0.000741701 
 590 |0.000741438 
 591 |0.000742557 
 592 |0.00074172 
 593 |0.000748403 
 594 |0.000740737 
 595 |0.000740784 
 596 |0.000741762 
 597 |0.000743046 
 598 |0.00073965 
 599 |0.000740478 
 600 |0.00074061 
 601 |0.000742153 
 602 |0.000739406 
 603 |0.00074187 
 604 |0.000633082 
 605 |0.000632687 
 606 |0.000633214 
 607 |0.000632114 
 608 |0.000634517 
 609 |0.000632151 
 610 |0.000634155 
 611 |0.000630848 
 612 |0.000631469 
 613 |0.000632584 
 614 |0.000632259 
 615 |0.000634475 
 616 |0.000632448 
 617 |0.000633355 
 618 |0.000633026 
 619 |0.00063027 
 620 |0.000635218 
 621 |0.000631145 
 622 |0.00063462 
 623 |0.000636384 
 624 |0.000632984 
 625 |0.000637184 
 626 |0.000634056 
 627 |0.000629842 
 628 |0 
 629 |0 
 630 |0 
 631 |0 
 632 |0 
 633 |0 
 634 |0 
 635 |0 
 636 |0 
 637 |0 
 638 |0 
 639 |0 
 640 |0 
 641 |0 
 642 |0 
 643 |0 
 644 |0 
 645 |0 
 646 |0 
 647 |0 
 648 |0 
 649 |0 
 650 |0 
 651 |0 
 652 |0 
 653 |0 
 654 |0 
 655 |0 
 656 |0 
 657 |0 
 658 |0 
 659 |0 
 660 |0 
 661 |0 
 662 |0 
 663 |0 
 664 |0 
 665 |0 
 666 |0 
 667 |0 
 668 |0 
 669 |0 
 670 |0 
 671 |0 
 672 |0 
 673 |0 
 674 |0 
 675 |0 
 676 |0 
 677 |0 
 678 |0 
 679 |0 
 680 |0 
 681 |0 
 682 |0 
 683 |0 
 684 |0 
 685 |0 
 686 |0 
 687 |0 
 688 |0 
 689 |0 
 690 |0 
 691 |0 
 692 |0 
 693 |0 
 694 |0 
 695 |0 
 696 |0 
 697 |0 
 698 |0 
 699 |0 
 700 |0 
 701 |0 
 702 |0 
 703 |0 
 704 |0 
 705 |0 
 706 |0 
 707 |0 
 708 |0 
 709 |0 
 710 |0 
 711 |0 
 712 |0 
 713 |0 
 714 |0 
 715 |0 
 716 |0 
 717 |0 
 718 |0 
 719 |0 
 720 |0 
 721 |0 
 722 |0 
 723 |0 
 724 |0 
 725 |0 
 726 |0 
 727 |0 
 728 |0 
 729 |0 
 730 |0 
 731 |0 
 732 |0 
 733 |0 
 734 |0 
 735 |0 
 736 |0 
 737 |0 
 738 |0 
 739 |0 
 740 |0 
 741 |0 
 742 |0 
 743 |0 
 744 |0 
 745 |0 
 746 |0 
 747 |0 
 748 |0 
 749 |0 
 750 |0 
 751 |0 
 752 |0 
 753 |0 
 754 |0 
 755 |0 
 756 |0 
 757 |0 
 758 |0 
 759 |0 
 760 |0 
 761 |0 
 762 |0 
 763 |0 
 764 |0 
 765 |0 
 766 |0 
 767 |0 
 768 |0 
 769 |0 
 770 |0 
 771 |0 
 772 |0 
 773 |0 
 774 |0 
 775 |0 
 776 |0 
 777 |0 
 778 |0 
 779 |0 
 780 |0 
 781 |0 
 782 |0 
 783 |0 
 784 |0 
 785 |0 
 786 |0 
 787 |0 
 788 |0 
 789 |0 
 790 |0 
 791 |0 
 792 |0 
 793 |0 
 794 |0 
 795 |0 
 796 |0 
 797 |0 
 798 |0 
 799 |0 
 800 |0 
 801 |0 
 802 |0 
 803 |0 
 804 |0 
 805 |0 
 806 |0 
 807 |0 
 808 |0 
 809 |0 
 810 |0 
 811 |0 
 812 |0 
 813 |0 
 814 |0 
 815 |0 
 816 |0 
 817 |0 
 818 |0 
 819 |0 
 820 |0 
 821 |0 
 822 |0 
 823 |0 
 824 |0 
 825 |0 
 826 |0 
 827 |0 
 828 |0 
 829 |0 
 830 |0 
 831 |0 
 832 |0 
 833 |0 
 834 |0 
 835 |0 
 836 |0 
 837 |0 
 838 |0 
 839 |0 
 840 |0 
 841 |0 
 842 |0 
 843 |0 
 844 |0 
 845 |0 
 846 |0 
 847 |0 
 848 |0 
 849 |0 
 850 |0 
 851 |0 
 852 |0 
 853 |0 
 854 |0 
 855 |0 
 856 |0 
 857 |0 
 858 |0 
 859 |0 
 860 |0 
 861 |0 
 862 |0 
 863 |0 
 864 |0 
 865 |0 
 866 |0 
 867 |0 
 868 |0 
 869 |0 
 870 |0 
 871 |0 
 872 |0 
 873 |0 
 874 |0 
 875 |0 
 876 |0 
 877 |0 
 878 |0 
 879 |0 
 880 |0 
 881 |0 
 882 |0 
 883 |0 
 884 |0 
 885 |0 
 886 |0 
 887 |0 
 888 |0 
 889 |0 
 890 |0 
 891 |0 
 892 |0 
 893 |0 
 894 |0 
 895 |0 
 896 |0 
 897 |0 
 898 |0 
 899 |0 
 900 |0 
 901 |0 
 902 |0 
 903 |0 
 904 |0 
 905 |0 
 906 |0 
 907 |0 
 908 |0 
 909 |0 
 910 |0 
 911 |0 
 912 |0 
 913 |0 
 914 |0 

Now unfolding...
Iteration : 0
Chi^2 of change 198946
Iteration : 1
Chi^2 of change 5679.61
Iteration : 2
Chi^2 of change 1061.82
Iteration : 3
Chi^2 of change 438.35
Iteration : 4
Chi^2 of change 267.336
Iteration : 5
Chi^2 of change 193.711
Iteration : 6
Chi^2 of change 151.986
Iteration : 7
Chi^2 of change 124.854
Iteration : 8
Chi^2 of change 105.969
Iteration : 9
Chi^2 of change 92.31
Iteration : 10
Chi^2 of change 82.1663
Iteration : 11
Chi^2 of change 74.4696
Iteration : 12
Chi^2 of change 68.5117
Using response matrix priors
Calculating covariances due to number of measured events
Using response matrix priors
Using response matrix priors
Using response matrix priors
Using response matrix priors
Using response matrix priors
Using response matrix priors
Using response matrix priors
Using response matrix priors
Using response matrix priors
Using response matrix priors
Using response matrix priors
Using response matrix priors
Using response matrix priors
Using response matrix priors
Using response matrix priors
Using response matrix priors
Using response matrix priors
Using response matrix priors
Using response matrix priors
Using response matrix priors
Using response matrix priors
Using response matrix priors
Using response matrix priors
Using response matrix priors
Using response matrix priors
Using response matrix priors
Using response matrix priors
Using response matrix priors
Using response matrix priors
Using response matrix priors
Using response matrix priors
Using response matrix priors
Using response matrix priors
Using response matrix priors
Using response matrix priors
Using response matrix priors
Using response matrix priors
Using response matrix priors
Using response matrix priors
Using response matrix priors
Using response matrix priors
Using response matrix priors
Using response matrix priors
Using response matrix priors
Using response matrix priors
Using response matrix priors
Using response matrix priors
Using response matrix priors
Using response matrix priors
Using response matrix priors
Using response matrix priors
Using response matrix priors
Using response matrix priors
Using response matrix priors
Using response matrix priors
Using response matrix priors
Using response matrix priors
Using response matrix priors
Using response matrix priors
Using response matrix priors
Using response matrix priors
Using response matrix priors
Using response matrix priors
Using response matrix priors
Using response matrix priors
Using response matrix priors
Using response matrix priors
Using response matrix priors
Using response matrix priors
Using response matrix priors
Using response matrix priors
Using response matrix priors
Using response matrix priors
Using response matrix priors
Using response matrix priors
Using response matrix priors
Using response matrix priors
Using response matrix priors
Using response matrix priors
Using response matrix priors
Using response matrix priors
Using response matrix priors
Using response matrix priors
Using response matrix priors
Using response matrix priors
Using response matrix priors
Using response matrix priors
Using response matrix priors
Using response matrix priors
Using response matrix priors
Using response matrix priors
Using response matrix priors
Using response matrix priors
Using response matrix priors
Using response matrix priors
Using response matrix priors
Using response matrix priors
Using response matrix priors
Using response matrix priors
Using response matrix priors
Using response matrix priors
Using response matrix priors
Using response matrix priors
Using response matrix priors
Using response matrix priors
Using response matrix priors
Using response matrix priors
Using response matrix priors
Using response matrix priors
Using response matrix priors
Using response matrix priors
Using response matrix priors
Using response matrix priors
Using response matrix priors
Using response matrix priors
Using response matrix priors
Using response matrix priors
Using response matrix priors
Using response matrix priors
Using response matrix priors
Using response matrix priors
Using response matrix priors
Using response matrix priors
Using response matrix priors
Using response matrix priors
Using response matrix priors
Using response matrix priors
Using response matrix priors
Using response matrix priors
Using response matrix priors
Using response matrix priors
Using response matrix priors
Using response matrix priors
Using response matrix priors
Using response matrix priors
Using response matrix priors
Using response matrix priors
Using response matrix priors
Using response matrix priors
Using response matrix priors
Using response matrix priors
Using response matrix priors
Using response matrix priors
Using response matrix priors
Using response matrix priors
Using response matrix priors
Using response matrix priors
Using response matrix priors
Using response matrix priors
Using response matrix priors
Using response matrix priors
Using response matrix priors
Using response matrix priors
Using response matrix priors
Using response matrix priors
Using response matrix priors
Using response matrix priors
Using response matrix priors
Using response matrix priors
Using response matrix priors
Using response matrix priors
Using response matrix priors
Using response matrix priors
Using response matrix priors
Using response matrix priors
Using response matrix priors
Using response matrix priors
Using response matrix priors
Using response matrix priors
Using response matrix priors
Using response matrix priors
Using response matrix priors
Using response matrix priors
Using response matrix priors
Using response matrix priors
Using response matrix priors
Using response matrix priors
Using response matrix priors
Using response matrix priors
Using response matrix priors
Using response matrix priors
Using response matrix priors
Using response matrix priors
Using response matrix priors
Using response matrix priors
Using response matrix priors
Using response matrix priors
Using response matrix priors
Using response matrix priors
Using response matrix priors
Using response matrix priors
Using response matrix priors
Using response matrix priors
Using response matrix priors
Using response matrix priors
Using response matrix priors
Using response matrix priors
Using response matrix priors
Using response matrix priors
Using response matrix priors
Using response matrix priors
Using response matrix priors
Using response matrix priors
Using response matrix priors
Using response matrix priors
Using response matrix priors
Using response matrix priors
Using response matrix priors
Using response matrix priors
Using response matrix priors
Using response matrix priors
Using response matrix priors
Using response matrix priors
Using response matrix priors
Using response matrix priors
Using response matrix priors
Using response matrix priors
Using response matrix priors
Using response matrix priors
Using response matrix priors
Using response matrix priors
Using response matrix priors
Using response matrix priors
Using response matrix priors
Using response matrix priors
Using response matrix priors
Using response matrix priors
Using response matrix priors
Using response matrix priors
Using response matrix priors
Using response matrix priors
Using response matrix priors
Using response matrix priors
Using response matrix priors
Using response matrix priors
Using response matrix priors
Using response matrix priors
Using response matrix priors
Using response matrix priors
Using response matrix priors
Using response matrix priors
Using response matrix priors
Using response matrix priors
Using response matrix priors
Using response matrix priors
Using response matrix priors
Using response matrix priors
Using response matrix priors
Using response matrix priors
Using response matrix priors
Using response matrix priors
Using response matrix priors
Using response matrix priors
Using response matrix priors
Using response matrix priors
Using response matrix priors
Using response matrix priors
Using response matrix priors
Using response matrix priors
Using response matrix priors
Using response matrix priors
Using response matrix priors
Using response matrix priors
Using response matrix priors
Using response matrix priors
Using response matrix priors
Using response matrix priors
Using response matrix priors
Using response matrix priors
Using response matrix priors
Using response matrix priors
Using response matrix priors
Using response matrix priors
Using response matrix priors
Using response matrix priors
Using response matrix priors
Using response matrix priors
Using response matrix priors
Using response matrix priors
Using response matrix priors
Using response matrix priors
Using response matrix priors
Using response matrix priors
Using response matrix priors
Using response matrix priors
Using response matrix priors
Using response matrix priors
Using response matrix priors
Using response matrix priors
Using response matrix priors
Using response matrix priors
Using response matrix priors
Using response matrix priors
Using response matrix priors
Using response matrix priors
Using response matrix priors
Using response matrix priors
Using response matrix priors
Using response matrix priors
Using response matrix priors
Using response matrix priors
Using response matrix priors
Using response matrix priors
Using response matrix priors
Using response matrix priors
Using response matrix priors
Using response matrix priors
Using response matrix priors
Using response matrix priors
Using response matrix priors
Using response matrix priors
Using response matrix priors
Using response matrix priors
Using response matrix priors
Using response matrix priors
Using response matrix priors
Using response matrix priors
Using response matrix priors
Using response matrix priors
Using response matrix priors
Using response matrix priors
Using response matrix priors
Using response matrix priors
Using response matrix priors
Using response matrix priors
Using response matrix priors
Using response matrix priors
Using response matrix priors
Using response matrix priors
Using response matrix priors
Using response matrix priors
Using response matrix priors
Using response matrix priors
Using response matrix priors
Using response matrix priors
Using response matrix priors
Using response matrix priors
Using response matrix priors
Using response matrix priors
Using response matrix priors
Using response matrix priors
Using response matrix priors
Using response matrix priors
Using response matrix priors
Using response matrix priors
Using response matrix priors
Using response matrix priors
Using response matrix priors
Using response matrix priors
Using response matrix priors
Using response matrix priors
Using response matrix priors
Using response matrix priors
Using response matrix priors
Using response matrix priors
Using response matrix priors
Using response matrix priors
Using response matrix priors
Using response matrix priors
Using response matrix priors
Using response matrix priors
Using response matrix priors
Using response matrix priors
Using response matrix priors
Using response matrix priors
Using response matrix priors
Using response matrix priors
Using response matrix priors
Using response matrix priors
Using response matrix priors
Using response matrix priors
Using response matrix priors
Using response matrix priors
Using response matrix priors
Using response matrix priors
Using response matrix priors
Using response matrix priors
Using response matrix priors
Using response matrix priors
Using response matrix priors
Using response matrix priors
Using response matrix priors
Using response matrix priors
Using response matrix priors
Using response matrix priors
Using response matrix priors
Using response matrix priors
Using response matrix priors
Using response matrix priors
Using response matrix priors
Using response matrix priors
Using response matrix priors
Using response matrix priors
Using response matrix priors
Using response matrix priors
Using response matrix priors
Using response matrix priors
Using response matrix priors
Using response matrix priors
Using response matrix priors
Using response matrix priors
Using response matrix priors
Using response matrix priors
Using response matrix priors
Using response matrix priors
Using response matrix priors
Using response matrix priors
Using response matrix priors
Using response matrix priors
Using response matrix priors
Using response matrix priors
Using response matrix priors
Using response matrix priors
Using response matrix priors
Using response matrix priors
Using response matrix priors
Using response matrix priors
Using response matrix priors
Using response matrix priors
Using response matrix priors
Using response matrix priors
Using response matrix priors
Using response matrix priors
Using response matrix priors
Using response matrix priors
Using response matrix priors
Using response matrix priors
Using response matrix priors
Using response matrix priors
Using response matrix priors
Using response matrix priors
Using response matrix priors
Using response matrix priors
Using response matrix priors
Using response matrix priors
Using response matrix priors
Using response matrix priors
Using response matrix priors
Using response matrix priors
Using response matrix priors
Using response matrix priors
Using response matrix priors
Using response matrix priors
Using response matrix priors
Using response matrix priors
Using response matrix priors
Using response matrix priors
Using response matrix priors
Using response matrix priors
Using response matrix priors
Using response matrix priors
Using response matrix priors
Using response matrix priors
Using response matrix priors
Using response matrix priors
Using response matrix priors
Using response matrix priors
Using response matrix priors
Using response matrix priors
Using response matrix priors
Using response matrix priors
Using response matrix priors
Using response matrix priors
Using response matrix priors
Using response matrix priors
Using response matrix priors
Using response matrix priors
Using response matrix priors
Using response matrix priors
Using response matrix priors
Using response matrix priors
Using response matrix priors
Using response matrix priors
Using response matrix priors
Using response matrix priors
Using response matrix priors
Using response matrix priors
Using response matrix priors
Using response matrix priors
Using response matrix priors
Using response matrix priors
Using response matrix priors
Using response matrix priors
Using response matrix priors
Using response matrix priors
Using response matrix priors
Using response matrix priors
Using response matrix priors
Using response matrix priors
Using response matrix priors
Using response matrix priors
Using response matrix priors
Using response matrix priors
Using response matrix priors
Using response matrix priors
Using response matrix priors
Using response matrix priors
Using response matrix priors
Using response matrix priors
TH1D::Sumw2:0: RuntimeWarning: Sum of squares of weights structure already created
Info in <TCanvas::MakeDefCanvas>:  created default TCanvas with name c1
[1m[93mCleaned quotes from --root: '"Unfolded_Parallel_SIDIS_epip_from_Only_3D_wFitIntegration_V4_WITHOUT_rho0_Subtraction.root"' → 'Unfolded_Parallel_SIDIS_epip_from_Only_3D_wFitIntegration_V4_WITHOUT_rho0_Subtraction.root'[0m

Adding the following extra title to the histograms:
	Without rho0 Subtraction



[1m[92m[43m

    Will be Fitting Plots    
[0m



[1m[94mSmear option selected is: Smear[0m


[91mRunning Bin 'All' for Q2-y Bins by default (will skip at end)[0m


Running for Q2-xB/Q2-y Bins: '6', '0'
[1m
Starting RG-A SIDIS Analysis
[0m

Started running on [1m6-24-2026[0m at [1m09:58 p.m.[0m

The total number of histograms available for the [1mRDataFrame[0m in '[1m[94m/w/hallb-scshelf2102/clas12/richcap/SIDIS_Analysis/Histo_Files_ROOT/DataFrames/hadd_ROOT_files_From_using_RDataFrames/Copy_for_no_rhoSub_SIDIS_epip_Response_Matrices_from_RDataFrames_Only_3D_wFitIntegration_V4_Response_Matrices_Final_Analysis_Iterations_I0_All.root[0m' is [1m504[0m


[1mDone Loading RDataFrame files...
[0m
[1m[94m

Starting Unfolding Procedures...
[0m
Bin 1 is not in Q2_y_Bin_List = ['6', '0']
Bin 10 is not in Q2_y_Bin_List = ['6', '0']
Bin 11 is not in Q2_y_Bin_List = ['6', '0']
Bin 12 is not in Q2_y_Bin_List = ['6', '0']
Bin 13 is not in Q2_y_Bin_List = ['6', '0']
Bin 14 is not in Q2_y_Bin_List = ['6', '0']
Bin 15 is not in Q2_y_Bin_List = ['6', '0']
Bin 16 is not in Q2_y_Bin_List = ['6', '0']
Bin 17 is not in Q2_y_Bin_List = ['6', '0']
Bin 2 is not in Q2_y_Bin_List = ['6', '0']
Bin 3 is not in Q2_y_Bin_List = ['6', '0']
Bin 4 is not in Q2_y_Bin_List = ['6', '0']
Bin 5 is not in Q2_y_Bin_List = ['6', '0']

Unfolding: ((Histo-Group='Response_Matrix_Normal'), (Data-Type='DataFrame_Type'), (Data-Cut='cut_Complete_SIDIS'), (Smear-Type='smear'), (Binning-Type='Y_bin'-[Q2-y-Bin=6, z-PT-Bin=All]), (Var-D1='MultiDim_z_pT_Bin_Y_bin_phi_t'-[NumBins=915, MinBin=-1.5, MaxBin=913.5]), (Var-D2='z_pT_Bin_Y_bin_smeared'-[NumBins=38, MinBin=-0.5, MaxBin=37.5]))
[1m[96mStarting [4m[95mBin-by-Bin[0m[1m[96m Unfolding Procedure...[0m
	[1mAcceptance Correction of Histogram:[0m
	((Histo-Group='Response_Matrix_Normal_1D'), (Data-Cut='cut_Complete_SIDIS'), (Smear-Type='smear'), (Binning-Type='Y_bin'-[Q2-y-Bin=6, z-PT-Bin=All]), (Var-D1='MultiDim_z_pT_Bin_Y_bin_phi_t'))
[91m
Bin 51 had a very low acceptance...
	(cut_criteria = 0.0005)
	(Bin_Content  = 6.582899273412493e-05)[0m
[91m
Bin 73 had a very low acceptance...
	(cut_criteria = 0.0005)
	(Bin_Content  = 0.0003535050436126571)[0m
[91m
Bin 76 had a very low acceptance...
	(cut_criteria = 0.0005)
	(Bin_Content  = 1.6472836292952922e-05)[0m
[91m
Bin 97 had a very low acceptance...
	(cut_criteria = 0.0005)
	(Bin_Content  = 2.4649565345997732e-05)[0m
[91m
Bin 100 had a very low acceptance...
	(cut_criteria = 0.0005)
	(Bin_Content  = 0.0002396595182017272)[0m
[91m
Bin 171 had a very low acceptance...
	(cut_criteria = 0.0005)
	(Bin_Content  = 8.04289544235925e-05)[0m
[91m
Bin 196 had a very low acceptance...
	(cut_criteria = 0.0005)
	(Bin_Content  = 3.849373995553973e-05)[0m
[91m
Bin 217 had a very low acceptance...
	(cut_criteria = 0.0005)
	(Bin_Content  = 4.8021513638109875e-05)[0m
[91m
Bin 316 had a very low acceptance...
	(cut_criteria = 0.0005)
	(Bin_Content  = 0.00014942099364960776)[0m
[91m
Bin 337 had a very low acceptance...
	(cut_criteria = 0.0005)
	(Bin_Content  = 0.00016576737863755793)[0m
[91m
Bin 339 had a very low acceptance...
	(cut_criteria = 0.0005)
	(Bin_Content  = 9.04110084443882e-06)[0m
[91m
Bin 362 had a very low acceptance...
	(cut_criteria = 0.0005)
	(Bin_Content  = 9.095125922018391e-06)[0m
[91m
Bin 533 had a very low acceptance...
	(cut_criteria = 0.0005)
	(Bin_Content  = 0.00032810135156589014)[0m
[1m[96mFinished [95mBin-by-Bin[0m[1m[96m Unfolding Procedure.[0m

Current Time: [1m09:58 p.m.[0m
Time Elapsed Up To Now:
0 Day(s), 0 Hour(s), 0 Minute(s), and 0 Second(s).

[1m[96mStarting [4m[92mRooUnfold[0m[1m[96m Unfolding Procedure...[0m
	[1mUnfolding Histogram:[0m
	((Histo-Group='Response_Matrix_Normal'), (Data-Cut='cut_Complete_SIDIS'), (Smear-Type='smear'), (Binning-Type='Y_bin'-[Q2-y-Bin=6, z-PT-Bin=All]), (Var-D1='MultiDim_z_pT_Bin_Y_bin_phi_t'))
	[96mUsing [1m[92mRooUnfold (Bin-by-Bin)[0m[96m Unfolding Procedure...[0m
[1m[96mFinished [92mRooUnfold (Bin-by-Bin)[0m[1m[96m Unfolding Procedure.
[0m
[1m[96mStarting [4m[92mRooUnfold[0m[1m[96m Unfolding Procedure...[0m

	[1mBegan Unfolding Histogram:[0m
	((Histo-Group='Response_Matrix_Normal'), (Data-Cut='cut_Complete_SIDIS'), (Smear-Type='smear'), (Binning-Type='Y_bin'-[Q2-y-Bin=6, z-PT-Bin=All]), (Var-D1='MultiDim_z_pT_Bin_Y_bin_phi_t'))
Time Elapsed Up To Now: 0 Day(s), 0 Hour(s), 0 Minute(s), and 3 Second(s). 
	[96mUsing [1m[92mRooUnfold (Bayesian)[0m[96m method to unfold...[0m

Current Time: [1m12:15 a.m.[0m
Time Elapsed Up To Now:
0 Day(s), 2 Hour(s), 16 Minute(s), and 46 Second(s).

[1m[96mFinished [92mRooUnfold (Bayesian)[0m[1m[96m Unfolding Procedure.
[0m

[94mRunning Multi3D_Slice(...)[0m


[94mRunning Multi3D_Slice(...)[0m


[94mRunning Multi3D_Slice(...)[0m


[94mRunning Multi3D_Slice(...)[0m


[94mRunning Multi3D_Slice(...)[0m


[94mRunning Multi3D_Slice(...)[0m


[94mRunning Multi3D_Slice(...)[0m

Bin 7 is not in Q2_y_Bin_List = ['6', '0']
Bin 8 is not in Q2_y_Bin_List = ['6', '0']
Bin 9 is not in Q2_y_Bin_List = ['6', '0']

Unfolding: ((Histo-Group='Response_Matrix_Normal'), (Data-Type='DataFrame_Type'), (Data-Cut='cut_Complete_SIDIS'), (Smear-Type='smear'), (Binning-Type='Y_bin'-[Q2-y-Bin=All, z-PT-Bin=All]), (Var-D1='MultiDim_z_pT_Bin_Y_bin_phi_t'-[NumBins=915, MinBin=-1.5, MaxBin=913.5]), (Var-D2='z_pT_Bin_Y_bin_smeared'-[NumBins=38, MinBin=-0.5, MaxBin=37.5]))
Total: 2


Counting Total Number of/Saving collected histograms...
[1m[94mSaving to: [1m[92mUnfolded_Parallel_SIDIS_epip_from_Only_3D_wFitIntegration_V4_WITHOUT_rho0_Subtraction.root[0m

[1m[96mDone Saving![0m

Final Count = 602


Current Time: [1m12:15 a.m.[0m
Time Elapsed Up To Now:
0 Day(s), 2 Hour(s), 17 Minute(s), and 17 Second(s).

[94mNormal Unfolding Fits Already Included? -> [1m[92mTrue[0m
[94mRC Unfolding Fits Already Included?     -> [91m[1mFalse[0m
[1mNot running BC... Did not check for BC fits.[0m

[1m[94mMaking the fits...[0m


[1mLoaded `[92mFind_RC_Fit_Params[0m[1m` and `[92mApply_RC_Factor_Corrections[0m[1m` for applying RC Corrections...[0m

Fitting for: [1m(MultiDim_3D_Histo)_(Bayesian)_(SMEAR=Smear)_(Q2_y_Bin_6)_(z_pT_Bin_1)_(MultiDim_z_pT_Bin_Y_bin_phi_t)[0m (Histo Num   414)
Fitting for: [1m(MultiDim_3D_Histo)_(Bayesian)_(SMEAR=Smear)_(Q2_y_Bin_6)_(z_pT_Bin_2)_(MultiDim_z_pT_Bin_Y_bin_phi_t)[0m (Histo Num   415)
Fitting for: [1m(MultiDim_3D_Histo)_(Bayesian)_(SMEAR=Smear)_(Q2_y_Bin_6)_(z_pT_Bin_3)_(MultiDim_z_pT_Bin_Y_bin_phi_t)[0m (Histo Num   416)
Fitting for: [1m(MultiDim_3D_Histo)_(Bayesian)_(SMEAR=Smear)_(Q2_y_Bin_6)_(z_pT_Bin_4)_(MultiDim_z_pT_Bin_Y_bin_phi_t)[0m (Histo Num   417)
Fitting for: [1m(MultiDim_3D_Histo)_(Bayesian)_(SMEAR=Smear)_(Q2_y_Bin_6)_(z_pT_Bin_5)_(MultiDim_z_pT_Bin_Y_bin_phi_t)[0m (Histo Num   418)
Fitting for: [1m(MultiDim_3D_Histo)_(Bayesian)_(SMEAR=Smear)_(Q2_y_Bin_6)_(z_pT_Bin_6)_(MultiDim_z_pT_Bin_Y_bin_phi_t)[0m (Histo Num   419)
Fitting for: [1m(MultiDim_3D_Histo)_(Bayesian)_(SMEAR=Smear)_(Q2_y_Bin_6)_(z_pT_Bin_7)_(MultiDim_z_pT_Bin_Y_bin_phi_t)[0m (Histo Num   420)
Fitting for: [1m(MultiDim_3D_Histo)_(Bayesian)_(SMEAR=Smear)_(Q2_y_Bin_6)_(z_pT_Bin_8)_(MultiDim_z_pT_Bin_Y_bin_phi_t)[0m (Histo Num   421)
Fitting for: [1m(MultiDim_3D_Histo)_(Bayesian)_(SMEAR=Smear)_(Q2_y_Bin_6)_(z_pT_Bin_9)_(MultiDim_z_pT_Bin_Y_bin_phi_t)[0m (Histo Num   422)
Fitting for: [1m(MultiDim_3D_Histo)_(Bayesian)_(SMEAR=Smear)_(Q2_y_Bin_6)_(z_pT_Bin_10)_(MultiDim_z_pT_Bin_Y_bin_phi_t)[0m (Histo Num   423)
Fitting for: [1m(MultiDim_3D_Histo)_(Bayesian)_(SMEAR=Smear)_(Q2_y_Bin_6)_(z_pT_Bin_11)_(MultiDim_z_pT_Bin_Y_bin_phi_t)[0m (Histo Num   424)
Fitting for: [1m(MultiDim_3D_Histo)_(Bayesian)_(SMEAR=Smear)_(Q2_y_Bin_6)_(z_pT_Bin_12)_(MultiDim_z_pT_Bin_Y_bin_phi_t)[0m (Histo Num   425)
Fitting for: [1m(MultiDim_3D_Histo)_(Bayesian)_(SMEAR=Smear)_(Q2_y_Bin_6)_(z_pT_Bin_13)_(MultiDim_z_pT_Bin_Y_bin_phi_t)[0m (Histo Num   426)
Fitting for: [1m(MultiDim_3D_Histo)_(Bayesian)_(SMEAR=Smear)_(Q2_y_Bin_6)_(z_pT_Bin_14)_(MultiDim_z_pT_Bin_Y_bin_phi_t)[0m (Histo Num   427)
Fitting for: [1m(MultiDim_3D_Histo)_(Bayesian)_(SMEAR=Smear)_(Q2_y_Bin_6)_(z_pT_Bin_15)_(MultiDim_z_pT_Bin_Y_bin_phi_t)[0m (Histo Num   428)
Fitting for: [1m(MultiDim_3D_Histo)_(Bayesian)_(SMEAR=Smear)_(Q2_y_Bin_6)_(z_pT_Bin_16)_(MultiDim_z_pT_Bin_Y_bin_phi_t)[0m (Histo Num   429)
Fitting for: [1m(MultiDim_3D_Histo)_(Bayesian)_(SMEAR=Smear)_(Q2_y_Bin_6)_(z_pT_Bin_17)_(MultiDim_z_pT_Bin_Y_bin_phi_t)[0m (Histo Num   430)
Fitting for: [1m(MultiDim_3D_Histo)_(Bayesian)_(SMEAR=Smear)_(Q2_y_Bin_6)_(z_pT_Bin_19)_(MultiDim_z_pT_Bin_Y_bin_phi_t)[0m (Histo Num   431)
Fitting for: [1m(MultiDim_3D_Histo)_(Bayesian)_(SMEAR=Smear)_(Q2_y_Bin_6)_(z_pT_Bin_20)_(MultiDim_z_pT_Bin_Y_bin_phi_t)[0m (Histo Num   432)
Fitting for: [1m(MultiDim_3D_Histo)_(Bayesian)_(SMEAR=Smear)_(Q2_y_Bin_6)_(z_pT_Bin_21)_(MultiDim_z_pT_Bin_Y_bin_phi_t)[0m (Histo Num   433)
Fitting for: [1m(MultiDim_3D_Histo)_(Bayesian)_(SMEAR=Smear)_(Q2_y_Bin_6)_(z_pT_Bin_22)_(MultiDim_z_pT_Bin_Y_bin_phi_t)[0m (Histo Num   434)
Fitting for: [1m(MultiDim_3D_Histo)_(Bayesian)_(SMEAR=Smear)_(Q2_y_Bin_6)_(z_pT_Bin_23)_(MultiDim_z_pT_Bin_Y_bin_phi_t)[0m (Histo Num   435)
Fitting for: [1m(MultiDim_3D_Histo)_(Bayesian)_(SMEAR=Smear)_(Q2_y_Bin_6)_(z_pT_Bin_25)_(MultiDim_z_pT_Bin_Y_bin_phi_t)[0m (Histo Num   436)
Fitting for: [1m(MultiDim_3D_Histo)_(Bayesian)_(SMEAR=Smear)_(Q2_y_Bin_6)_(z_pT_Bin_26)_(MultiDim_z_pT_Bin_Y_bin_phi_t)[0m (Histo Num   437)
Fitting for: [1m(MultiDim_3D_Histo)_(Bayesian)_(SMEAR=Smear)_(Q2_y_Bin_6)_(z_pT_Bin_27)_(MultiDim_z_pT_Bin_Y_bin_phi_t)[0m (Histo Num   438)
Fitting for: [1m(MultiDim_3D_Histo)_(Bayesian)_(SMEAR=Smear)_(Q2_y_Bin_6)_(z_pT_Bin_28)_(MultiDim_z_pT_Bin_Y_bin_phi_t)[0m (Histo Num   439)

[1m[94mFit/Added [0m[1m26[1m[94m Histograms[0m[94m
Adding to Main List...[0m

[1m[92mLength of Main List of Histograms (After adding Fits): [0m[1m758[0m


Current Time: [1m12:15 a.m.[0m
Time Elapsed Up To Now:
0 Day(s), 2 Hour(s), 17 Minute(s), and 24 Second(s).



Counting Total Number of/Saving collected histograms...
[1m[94mSaving to: [1m[92mUnfolded_Parallel_SIDIS_epip_from_Only_3D_wFitIntegration_V4_WITHOUT_rho0_Subtraction.root[0m

[1m[96mDone Saving![0m

Final Count = 758


Current Time: [1m12:16 a.m.[0m
Time Elapsed Up To Now:
0 Day(s), 2 Hour(s), 18 Minute(s), and 30 Second(s).


[1m[94mSaved Fit Parameters JSON as [1m[92mFit_Pars_from_Simple_RooUnfold_SelfContained_using_Unfolded_Parallel_SIDIS_epip_from_Only_3D_wFitIntegration_V4_WITHOUT_rho0_Subtraction.json[1m[94m (total entries now = 3)[0m

[1m[96mDone Saving JSON File.[0m
Time Elapsed Up To Now: 0 Day(s), 2 Hour(s), 18 Minute(s), and 30 Second(s). 

[1m[94mSaved Fit Parameters JSON as [1m[92mFit_Pars_from_Simple_RooUnfold_SelfContained_using_Unfolded_Parallel_SIDIS_epip_from_Only_3D_wFitIntegration_V4_WITHOUT_rho0_Subtraction.json[1m[94m (total entries now = 3)[0m

[1m[96mDone Saving JSON File.[0m
Time Elapsed Up To Now: 0 Day(s), 2 Hour(s), 18 Minute(s), and 30 Second(s). 




[1m[43mEMAIL MESSAGE TO SEND:[0m


The 'Simple_RooUnfold_SelfContained.py' script has finished running.
Started running on [1m6-24-2026[0m at [1m09:58 p.m.[0m

Input File:
	/w/hallb-scshelf2102/clas12/richcap/SIDIS_Analysis/Histo_Files_ROOT/DataFrames/hadd_ROOT_files_From_using_RDataFrames/Copy_for_no_rhoSub_SIDIS_epip_Response_Matrices_from_RDataFrames_Only_3D_wFitIntegration_V4_Response_Matrices_Final_Analysis_Iterations_I0_All.root
Output File:
	Unfolded_Parallel_SIDIS_epip_from_Only_3D_wFitIntegration_V4_WITHOUT_rho0_Subtraction.root

Ran in parallel using the histograms in the ROOT files from the newest Final_Analysis_Iterations files. Ran WITHOUT any rho0 subtraction (for comparison to the results with the subtraction). Saving the fits to the new JSON file formats. Ran in tmuxSIDIS_1.

	[1mBegan Unfolding Histogram:[0m
	((Histo-Group='Response_Matrix_Normal'), (Data-Cut='cut_Complete_SIDIS'), (Smear-Type='smear'), (Binning-Type='Y_bin'-[Q2-y-Bin=6, z-PT-Bin=All]), (Var-D1='MultiDim_z_pT_Bin_Y_bin_phi_t'))
Time Elapsed Up To Now: 0 Day(s), 0 Hour(s), 0 Minute(s), and 3 Second(s). 
	Finished Unfolding the histogram at:
Time Elapsed Up To Now: 0 Day(s), 2 Hour(s), 16 Minute(s), and 46 Second(s). 
[1m[96mDone Saving JSON File.[0m
Time Elapsed Up To Now: 0 Day(s), 2 Hour(s), 18 Minute(s), and 30 Second(s). 
[1m[96mDone Saving JSON File.[0m
Time Elapsed Up To Now: 0 Day(s), 2 Hour(s), 18 Minute(s), and 30 Second(s). 

Arguments:
--unfolding_3D (3D Unfolding Only)                  --> True
--run_sectors                                       --> False
--sectors_to_unfold                                 --> None
--allow_other_variables (for unfolding)             --> False
--simulation (unfolding synthetic data)             --> False
--modulation (data unfolded with modulated MC)      --> False
--closure  (modulated MC unfolded with itself)      --> False
--weighed_acceptance (use acceptance weights only)  --> False
--test                                              --> False
--verbose                                           --> False
--fit                                               --> True
--remake_fit                                        --> False
--CrossSection_Norm                                 --> False
--tag_proton                                        --> False
--cut_proton                                        --> False
--Common_Int_Bins                                   --> False
--bayes_iterations                                  --> 13
--Num_Toys                                          --> 500
--Unfold_Methods                                    --> ['Bayesian']
--title                                             --> 'Without rho0 Subtraction'
--EvGen                                             --> False
--Min_Allowed_Acceptance_Cut                        --> 0.0005
--Use_TTree                                         --> False
--Apply_RC                                          --> True
--Apply_BC                                          --> False
--Add_Uncertainties                                 --> False
--save_json                                         --> True
--old_json                                          --> False
--background_source                                 --> 'None'
--pass_version                                      --> 'Pass 2'
--smearing_options                                  --> 'smear'
--Q2_y_Bin_List                                     --> ['6', '0']
--Run_5D_Unfold                                     --> False
--run_sec_unfold                                    --> False
--json_name                                         --> 'Fit_Pars_from_Simple_RooUnfold_SelfContained_using_Unfolded_Parallel_SIDIS_epip_from_Only_3D_wFitIntegration_V4_WITHOUT_rho0_Subtraction.json'


The time that this code finished is [1m12:16 a.m.[0m
The total time the code took to run is:
0 Day(s), 2 Hour(s), 18 Minute(s), and 30 Second(s).
Saved 758 Histograms...
Rate = 0.09 Histograms/Seconds
    

[1m[92m[43m
    	                                   	   
    	This code has now finished running.	   
    	                                   	   [0m
    
    
