Full command: ./Simple_RooUnfold_SelfContained.py --root "Unfolded_Parallel_SIDIS_epip_Response_Matrices_from_RDataFrames_Only_3D_rho0_Normalized_Response_Matrices_Final_Analysis_Iterations_I0_All.root" --single_file_input /w/hallb-scshelf2102/clas12/richcap/SIDIS_Analysis/Histo_Files_ROOT/DataFrames/hadd_ROOT_files_From_using_RDataFrames/SIDIS_epip_Response_Matrices_from_RDataFrames_Only_3D_rho0_Normalized_Response_Matrices_Final_Analysis_Iterations_I0_All.root --unfolding_3D --Apply_RC --fit --smear --save_json -em 'Ran in parallel using the histograms in the ROOT files from the newest Final_Analysis_Iterations files. Ran with Harut's exclusive 'lundrho' rho0 events subtracted as background after proper normalization. Saving the fits to the new JSON file formats. Ran in tmuxSIDIS_1.' -ti 'rho0 Normalized Run' 17
TH1D::Sumw2:0: RuntimeWarning: Sum of squares of weights structure already created
Subtract 63498.6 fakes from measured distribution
Using response matrix priors
Priors:

Vector (915)  is as follows

     |        1  |
------------------
   0 |0 
   1 |0.610857 
   2 |0.000354829 
   3 |0.000360464 
   4 |0.000386054 
   5 |0.000342224 
   6 |0.00036018 
   7 |0.000396738 
   8 |0.000364327 
   9 |0.000326626 
  10 |0.000362208 
  11 |0.000332818 
  12 |0.000378601 
  13 |0.000356318 
  14 |0.000340617 
  15 |0.000384776 
  16 |0.000360225 
  17 |0.000364026 
  18 |0.000347212 
  19 |0.000366957 
  20 |0.000355522 
  21 |0.000365139 
  22 |0.000339504 
  23 |0.0003568 
  24 |0.000369286 
  25 |0.000352261 
  26 |0.000395988 
  27 |0.000373028 
  28 |0.000371256 
  29 |0.000399896 
  30 |0.000388956 
  31 |0.00039955 
  32 |0.000392682 
  33 |0.000385786 
  34 |0.000378272 
  35 |0.00038281 
  36 |0.00038248 
  37 |0.000388115 
  38 |0.000389888 
  39 |0.000374636 
  40 |0.000389302 
  41 |0.000384463 
  42 |0.000389632 
  43 |0.000392682 
  44 |0.000372472 
  45 |0.000416801 
  46 |0.000380481 
  47 |0.000377522 
  48 |0.000369047 
  49 |0.000367905 
  50 |0.00038457 
  51 |0.000411018 
  52 |0.000394533 
  53 |0.000402242 
  54 |0.000410399 
  55 |0.000417732 
  56 |0.000387064 
  57 |0.000415675 
  58 |0.000409076 
  59 |0.000378424 
  60 |0.000403923 
  61 |0.000394908 
  62 |0.000402106 
  63 |0.000389183 
  64 |0.000392864 
  65 |0.00041145 
  66 |0.000431121 
  67 |0.000397192 
  68 |0.000404872 
  69 |0.000377959 
  70 |0.000361219 
  71 |0.000392818 
  72 |0.000377658 
  73 |0.000398243 
  74 |0.000308436 
  75 |0.000284438 
  76 |0.000315617 
  77 |0.000319553 
  78 |0.00028809 
  79 |0.000293424 
  80 |0.000292072 
  81 |0.000288374 
  82 |0.000296758 
  83 |0.000272282 
  84 |0.000285324 
  85 |0.000296412 
  86 |0.000320951 
  87 |0.000284108 
  88 |0.000287232 
  89 |0.000281449 
  90 |0.000289232 
  91 |0.000295077 
  92 |0.000289771 
  93 |0.00027945 
  94 |0.000281853 
  95 |0.000298683 
  96 |0.000318531 
  97 |0.000277047 
  98 |0.000207866 
  99 |0.000204515 
 100 |0.000228407 
 101 |0.00022743 
 102 |0.000193802 
 103 |0.000243102 
 104 |0.000222636 
 105 |0.000217302 
 106 |0.000236251 
 107 |0.000198023 
 108 |0.000215558 
 109 |0.000207054 
 110 |0.000209293 
 111 |0.000209218 
 112 |0.000223192 
 113 |0.000226453 
 114 |0.000222891 
 115 |0.000222562 
 116 |0.000235769 
 117 |0.000235047 
 118 |0.000245266 
 119 |0.00021858 
 120 |0.000206634 
 121 |0.000217182 
 122 |9.05448e-05 
 123 |0.000108875 
 124 |0.000113414 
 125 |0.000109688 
 126 |0.000107103 
 127 |0.000107989 
 128 |0.000103632 
 129 |0.000104939 
 130 |0.000103706 
 131 |0.000113579 
 132 |0.000117771 
 133 |9.90485e-05 
 134 |0.000109176 
 135 |9.93041e-05 
 136 |0.000101468 
 137 |0.000113505 
 138 |0.000106081 
 139 |0.000101678 
 140 |0.000110318 
 141 |0.000111505 
 142 |0.00010566 
 143 |0.000110063 
 144 |0.000106262 
 145 |0.000107523 
 146 |0.000521867 
 147 |0.000597881 
 148 |0.000575012 
 149 |0.000553631 
 150 |0.000569468 
 151 |0.000584493 
 152 |0.000557312 
 153 |0.000575177 
 154 |0.000554563 
 155 |0.000573825 
 156 |0.000544855 
 157 |0.000540169 
 158 |0.000581624 
 159 |0.000564254 
 160 |0.000558499 
 161 |0.000552819 
 162 |0.000560226 
 163 |0.000577898 
 164 |0.000590082 
 165 |0.000593104 
 166 |0.00056493 
 167 |0.000569633 
 168 |0.000565606 
 169 |0.000539822 
 170 |0.000669345 
 171 |0.000680269 
 172 |0.000656258 
 173 |0.000653133 
 174 |0.000675656 
 175 |0.000681518 
 176 |0.000650623 
 177 |0.000638467 
 178 |0.000665965 
 179 |0.000680166 
 180 |0.000685767 
 181 |0.000668414 
 182 |0.0006516 
 183 |0.000643022 
 184 |0.000644658 
 185 |0.000651855 
 186 |0.000662915 
 187 |0.000676769 
 188 |0.000684341 
 189 |0.000653735 
 190 |0.000661097 
 191 |0.000664358 
 192 |0.000664403 
 193 |0.000663381 
 194 |0.000790336 
 195 |0.0008221 
 196 |0.000799458 
 197 |0.000787166 
 198 |0.000800464 
 199 |0.000785348 
 200 |0.000788143 
 201 |0.000747211 
 202 |0.000763905 
 203 |0.000795641 
 204 |0.000782718 
 205 |0.00075468 
 206 |0.000786564 
 207 |0.000817277 
 208 |0.000798992 
 209 |0.000780884 
 210 |0.000788774 
 211 |0.000798827 
 212 |0.000802702 
 213 |0.000777413 
 214 |0.000783275 
 215 |0.000804491 
 216 |0.00081346 
 217 |0.000755327 
 218 |0.000682392 
 219 |0.000648674 
 220 |0.000688464 
 221 |0.00064881 
 222 |0.000692372 
 223 |0.000694655 
 224 |0.000672701 
 225 |0.000693901 
 226 |0.000638096 
 227 |0.000653393 
 228 |0.000672235 
 229 |0.000635904 
 230 |0.000652297 
 231 |0.000667037 
 232 |0.000666827 
 233 |0.00066367 
 234 |0.000652581 
 235 |0.00070158 
 236 |0.000634432 
 237 |0.000655331 
 238 |0.000672235 
 239 |0.000656893 
 240 |0.000676052 
 241 |0.000672792 
 242 |0.000601822 
 243 |0.000607861 
 244 |0.000607082 
 245 |0.000592251 
 246 |0.000585173 
 247 |0.00058627 
 248 |0.000564753 
 249 |0.000582333 
 250 |0.000586917 
 251 |0.000587218 
 252 |0.000629724 
 253 |0.000626855 
 254 |0.000612535 
 255 |0.000611814 
 256 |0.000569155 
 257 |0.000613677 
 258 |0.000598335 
 259 |0.000602317 
 260 |0.000571035 
 261 |0.000596097 
 262 |0.000606736 
 263 |0.000616142 
 264 |0.000604225 
 265 |0.000611649 
 266 |0.000367014 
 267 |0.00037959 
 268 |0.000385856 
 269 |0.000385947 
 270 |0.000390514 
 271 |0.000388815 
 272 |0.000397756 
 273 |0.000380942 
 274 |0.000379755 
 275 |0.000371627 
 276 |0.000404232 
 277 |0.000380312 
 278 |0.000360073 
 279 |0.000361214 
 280 |0.000364054 
 281 |0.000394751 
 282 |0.000350757 
 283 |0.000386998 
 284 |0.000370064 
 285 |0.000375563 
 286 |0.000387554 
 287 |0.000359516 
 288 |0.000377727 
 289 |0.000376375 
 290 |0.000503655 
 291 |0.000508688 
 292 |0.000508478 
 293 |0.00055345 
 294 |0.000519237 
 295 |0.000506195 
 296 |0.000528808 
 297 |0.000527576 
 298 |0.0004857 
 299 |0.000528297 
 300 |0.000529274 
 301 |0.000524315 
 302 |0.000528041 
 303 |0.000545832 
 304 |0.000532489 
 305 |0.000542061 
 306 |0.000532279 
 307 |0.000503144 
 308 |0.000522032 
 309 |0.000540408 
 310 |0.000508734 
 311 |0.000504496 
 312 |0.000528763 
 313 |0.00051563 
 314 |0.000640734 
 315 |0.000677099 
 316 |0.000661785 
 317 |0.000672379 
 318 |0.000643772 
 319 |0.000629646 
 320 |0.000648669 
 321 |0.000634514 
 322 |0.000649691 
 323 |0.000674213 
 324 |0.000640046 
 325 |0.000659712 
 326 |0.000641773 
 327 |0.000651043 
 328 |0.000627828 
 329 |0.000654258 
 330 |0.000671464 
 331 |0.000673055 
 332 |0.000641006 
 333 |0.000623772 
 334 |0.000664671 
 335 |0.000663455 
 336 |0.000684279 
 337 |0.000649226 
 338 |0.000822788 
 339 |0.000800822 
 340 |0.000799215 
 341 |0.000824174 
 342 |0.000779964 
 343 |0.000772137 
 344 |0.000769222 
 345 |0.0008044 
 346 |0.000803423 
 347 |0.00080494 
 348 |0.000775352 
 349 |0.000791131 
 350 |0.000806667 
 351 |0.000828753 
 352 |0.0008079 
 353 |0.000796948 
 354 |0.000787314 
 355 |0.000786758 
 356 |0.000733146 
 357 |0.000764701 
 358 |0.000804985 
 359 |0.000816915 
 360 |0.000780628 
 361 |0.000786684 
 362 |0.000666641 
 363 |0.000651571 
 364 |0.000680376 
 365 |0.000666868 
 366 |0.00069348 
 367 |0.000683398 
 368 |0.000680858 
 369 |0.000692441 
 370 |0.000708789 
 371 |0.000667635 
 372 |0.00068517 
 373 |0.000663744 
 374 |0.000664329 
 375 |0.000709045 
 376 |0.000685199 
 377 |0.000689032 
 378 |0.0006835 
 379 |0.000692066 
 380 |0.000707977 
 381 |0.00068158 
 382 |0.000700785 
 383 |0.000667618 
 384 |0.000681864 
 385 |0.000709362 
 386 |0.000630878 
 387 |0.000624056 
 388 |0.000627618 
 389 |0.000637956 
 390 |0.000616047 
 391 |0.000622148 
 392 |0.000639052 
 393 |0.000585486 
 394 |0.000612712 
 395 |0.000624147 
 396 |0.000613463 
 397 |0.000611241 
 398 |0.000596109 
 399 |0.000611059 
 400 |0.000648277 
 401 |0.000611224 
 402 |0.000639172 
 403 |0.000634769 
 404 |0.000637098 
 405 |0.000601323 
 406 |0.000606731 
 407 |0.000638166 
 408 |0.000622539 
 409 |0.000610383 
 410 |0.000392962 
 411 |0.000405283 
 412 |0.000389656 
 413 |0.000406936 
 414 |0.000378267 
 415 |0.000433486 
 416 |0.000414599 
 417 |0.000432043 
 418 |0.000397876 
 419 |0.000381948 
 420 |0.000383135 
 421 |0.000418325 
 422 |0.000399483 
 423 |0.000391519 
 424 |0.000394615 
 425 |0.000401557 
 426 |0.000454867 
 427 |0.000392917 
 428 |0.000405539 
 429 |0.000406425 
 430 |0.00040922 
 431 |0.000406936 
 432 |0.000411384 
 433 |0.000420864 
 434 |0.000586475 
 435 |0.000605573 
 436 |0.000572757 
 437 |0.000568775 
 438 |0.000576484 
 439 |0.000566191 
 440 |0.000584913 
 441 |0.000603965 
 442 |0.000613957 
 443 |0.000591434 
 444 |0.000583005 
 445 |0.00058042 
 446 |0.000570218 
 447 |0.000588083 
 448 |0.00060981 
 449 |0.000573479 
 450 |0.00056251 
 451 |0.000582749 
 452 |0.000589361 
 453 |0.000559085 
 454 |0.000563021 
 455 |0.000582959 
 456 |0.00058906 
 457 |0.000595115 
 458 |0.000765793 
 459 |0.000721468 
 460 |0.000783311 
 461 |0.000827549 
 462 |0.000777602 
 463 |0.000770195 
 464 |0.0007932 
 465 |0.000776341 
 466 |0.000739782 
 467 |0.000827021 
 468 |0.00075287 
 469 |0.000765537 
 470 |0.000774944 
 471 |0.000781885 
 472 |0.000763765 
 473 |0.000748018 
 474 |0.000764531 
 475 |0.000756897 
 476 |0.000753773 
 477 |0.000782817 
 478 |0.000715669 
 479 |0.000745673 
 480 |0.000756431 
 481 |0.000782981 
 482 |0.000930221 
 483 |0.000967893 
 484 |0.00097288 
 485 |0.000948494 
 486 |0.000976982 
 487 |0.00101556 
 488 |0.000969665 
 489 |0.000964541 
 490 |0.000982946 
 491 |0.000985218 
 492 |0.000977101 
 493 |0.000943655 
 494 |0.000994335 
 495 |0.000948869 
 496 |0.000980242 
 497 |0.000965172 
 498 |0.000955481 
 499 |0.000983684 
 500 |0.000964212 
 501 |0.000980263 
 502 |0.00103243 
 503 |0.000956487 
 504 |0.000999311 
 505 |0.000994397 
 506 |0.000789729 
 507 |0.000804214 
 508 |0.000820921 
 509 |0.00079595 
 510 |0.000789008 
 511 |0.000752165 
 512 |0.000798443 
 513 |0.000833411 
 514 |0.000766094 
 515 |0.000785822 
 516 |0.000765793 
 517 |0.000777573 
 518 |0.000826032 
 519 |0.00081395 
 520 |0.000807038 
 521 |0.000793847 
 522 |0.000819375 
 523 |0.000766304 
 524 |0.000781601 
 525 |0.00080564 
 526 |0.000822363 
 527 |0.00080501 
 528 |0.000810525 
 529 |0.000822124 
 530 |0.00068925 
 531 |0.000670619 
 532 |0.00071233 
 533 |0.000706485 
 534 |0.000722997 
 535 |0.000699197 
 536 |0.000707161 
 537 |0.00069789 
 538 |0.000701406 
 539 |0.000713517 
 540 |0.000693067 
 541 |0.0007039 
 542 |0.000731217 
 543 |0.000691835 
 544 |0.000713426 
 545 |0.000701526 
 546 |0.000710421 
 547 |0.000690182 
 548 |0.000695215 
 549 |0.000727326 
 550 |0.000678702 
 551 |0.000716522 
 552 |0.00068641 
 553 |0.000679559 
 554 |0 
 555 |0.000582749 
 556 |0.000600659 
 557 |0.000600659 
 558 |0.000616076 
 559 |0.000558272 
 560 |0.000572246 
 561 |0.000607226 
 562 |0.000579954 
 563 |0.000572502 
 564 |0.000599097 
 565 |0.000599728 
 566 |0.000613537 
 567 |0.00060413 
 568 |0.000597234 
 569 |0.00055946 
 570 |0.000592531 
 571 |0.00058063 
 572 |0.000581397 
 573 |0.000607226 
 574 |0.000618825 
 575 |0.000607856 
 576 |0.000599728 
 577 |0.000590247 
 578 |0.000588339 
 579 |0.000825715 
 580 |0.000822409 
 581 |0.0008344 
 582 |0.000851214 
 583 |0.000856173 
 584 |0.000814087 
 585 |0.000842966 
 586 |0.000845397 
 587 |0.000821914 
 588 |0.000804544 
 589 |0.000818006 
 590 |0.000818097 
 591 |0.000811622 
 592 |0.00086346 
 593 |0.000839359 
 594 |0.000818637 
 595 |0.000803192 
 596 |0.000803868 
 597 |0.000811366 
 598 |0.000788963 
 599 |0.000842347 
 600 |0.000844482 
 601 |0.000808105 
 602 |0.000818563 
 603 |0.00102114 
 604 |0.00106967 
 605 |0.00101334 
 606 |0.00103059 
 607 |0.00103968 
 608 |0.0010627 
 609 |0.00108216 
 610 |0.001045 
 611 |0.00107633 
 612 |0.00103202 
 613 |0.00105079 
 614 |0.00104503 
 615 |0.00102036 
 616 |0.00106734 
 617 |0.00103758 
 618 |0.0010258 
 619 |0.00100922 
 620 |0.00102517 
 621 |0.00105861 
 622 |0.0010389 
 623 |0.00103258 
 624 |0.00105788 
 625 |0.00106311 
 626 |0.00104808 
 627 |0.000826539 
 628 |0.000812025 
 629 |0.00085043 
 630 |0.000841609 
 631 |0.000876078 
 632 |0.000823068 
 633 |0.000812099 
 634 |0.000819688 
 635 |0.000812145 
 636 |0.00081219 
 637 |0.000801386 
 638 |0.000808208 
 639 |0.000833781 
 640 |0.000834202 
 641 |0.000842376 
 642 |0.000823534 
 643 |0.000825908 
 644 |0.000833571 
 645 |0.000795405 
 646 |0.000800784 
 647 |0.000815104 
 648 |0.000829499 
 649 |0.000845307 
 650 |0.000808674 
 651 |0 
 652 |0 
 653 |0 
 654 |0 
 655 |0 
 656 |0 
 657 |0 
 658 |0 
 659 |0 
 660 |0 
 661 |0 
 662 |0 
 663 |0 
 664 |0 
 665 |0 
 666 |0 
 667 |0 
 668 |0 
 669 |0 
 670 |0 
 671 |0 
 672 |0 
 673 |0 
 674 |0 
 675 |0 
 676 |0 
 677 |0 
 678 |0 
 679 |0 
 680 |0 
 681 |0 
 682 |0 
 683 |0 
 684 |0 
 685 |0 
 686 |0 
 687 |0 
 688 |0 
 689 |0 
 690 |0 
 691 |0 
 692 |0 
 693 |0 
 694 |0 
 695 |0 
 696 |0 
 697 |0 
 698 |0 
 699 |0 
 700 |0 
 701 |0 
 702 |0 
 703 |0 
 704 |0 
 705 |0 
 706 |0 
 707 |0 
 708 |0 
 709 |0 
 710 |0 
 711 |0 
 712 |0 
 713 |0 
 714 |0 
 715 |0 
 716 |0 
 717 |0 
 718 |0 
 719 |0 
 720 |0 
 721 |0 
 722 |0 
 723 |0 
 724 |0 
 725 |0 
 726 |0 
 727 |0 
 728 |0 
 729 |0 
 730 |0 
 731 |0 
 732 |0 
 733 |0 
 734 |0 
 735 |0 
 736 |0 
 737 |0 
 738 |0 
 739 |0 
 740 |0 
 741 |0 
 742 |0 
 743 |0 
 744 |0 
 745 |0 
 746 |0 
 747 |0 
 748 |0 
 749 |0 
 750 |0 
 751 |0 
 752 |0 
 753 |0 
 754 |0 
 755 |0 
 756 |0 
 757 |0 
 758 |0 
 759 |0 
 760 |0 
 761 |0 
 762 |0 
 763 |0 
 764 |0 
 765 |0 
 766 |0 
 767 |0 
 768 |0 
 769 |0 
 770 |0 
 771 |0 
 772 |0 
 773 |0 
 774 |0 
 775 |0 
 776 |0 
 777 |0 
 778 |0 
 779 |0 
 780 |0 
 781 |0 
 782 |0 
 783 |0 
 784 |0 
 785 |0 
 786 |0 
 787 |0 
 788 |0 
 789 |0 
 790 |0 
 791 |0 
 792 |0 
 793 |0 
 794 |0 
 795 |0 
 796 |0 
 797 |0 
 798 |0 
 799 |0 
 800 |0 
 801 |0 
 802 |0 
 803 |0 
 804 |0 
 805 |0 
 806 |0 
 807 |0 
 808 |0 
 809 |0 
 810 |0 
 811 |0 
 812 |0 
 813 |0 
 814 |0 
 815 |0 
 816 |0 
 817 |0 
 818 |0 
 819 |0 
 820 |0 
 821 |0 
 822 |0 
 823 |0 
 824 |0 
 825 |0 
 826 |0 
 827 |0 
 828 |0 
 829 |0 
 830 |0 
 831 |0 
 832 |0 
 833 |0 
 834 |0 
 835 |0 
 836 |0 
 837 |0 
 838 |0 
 839 |0 
 840 |0 
 841 |0 
 842 |0 
 843 |0 
 844 |0 
 845 |0 
 846 |0 
 847 |0 
 848 |0 
 849 |0 
 850 |0 
 851 |0 
 852 |0 
 853 |0 
 854 |0 
 855 |0 
 856 |0 
 857 |0 
 858 |0 
 859 |0 
 860 |0 
 861 |0 
 862 |0 
 863 |0 
 864 |0 
 865 |0 
 866 |0 
 867 |0 
 868 |0 
 869 |0 
 870 |0 
 871 |0 
 872 |0 
 873 |0 
 874 |0 
 875 |0 
 876 |0 
 877 |0 
 878 |0 
 879 |0 
 880 |0 
 881 |0 
 882 |0 
 883 |0 
 884 |0 
 885 |0 
 886 |0 
 887 |0 
 888 |0 
 889 |0 
 890 |0 
 891 |0 
 892 |0 
 893 |0 
 894 |0 
 895 |0 
 896 |0 
 897 |0 
 898 |0 
 899 |0 
 900 |0 
 901 |0 
 902 |0 
 903 |0 
 904 |0 
 905 |0 
 906 |0 
 907 |0 
 908 |0 
 909 |0 
 910 |0 
 911 |0 
 912 |0 
 913 |0 
 914 |0 

Now unfolding...
Iteration : 0
Chi^2 of change 87365.6
Iteration : 1
Chi^2 of change 2185.92
Iteration : 2
Chi^2 of change 471.162
Iteration : 3
Chi^2 of change 186.776
Iteration : 4
Chi^2 of change 90.7379
Iteration : 5
Chi^2 of change 49.5418
Iteration : 6
Chi^2 of change 29.6316
Iteration : 7
Chi^2 of change 19.1329
Iteration : 8
Chi^2 of change 13.1794
Iteration : 9
Chi^2 of change 9.58473
Iteration : 10
Chi^2 of change 7.29334
Iteration : 11
Chi^2 of change 5.76297
Iteration : 12
Chi^2 of change 4.69914
Using response matrix priors
Calculating covariances due to number of measured events
Using response matrix priors
Using response matrix priors
Using response matrix priors
Using response matrix priors
Using response matrix priors
Using response matrix priors
Using response matrix priors
Using response matrix priors
Using response matrix priors
Using response matrix priors
Using response matrix priors
Using response matrix priors
Using response matrix priors
Using response matrix priors
Using response matrix priors
Using response matrix priors
Using response matrix priors
Using response matrix priors
Using response matrix priors
Using response matrix priors
Using response matrix priors
Using response matrix priors
Using response matrix priors
Using response matrix priors
Using response matrix priors
Using response matrix priors
Using response matrix priors
Using response matrix priors
Using response matrix priors
Using response matrix priors
Using response matrix priors
Using response matrix priors
Using response matrix priors
Using response matrix priors
Using response matrix priors
Using response matrix priors
Using response matrix priors
Using response matrix priors
Using response matrix priors
Using response matrix priors
Using response matrix priors
Using response matrix priors
Using response matrix priors
Using response matrix priors
Using response matrix priors
Using response matrix priors
Using response matrix priors
Using response matrix priors
Using response matrix priors
Using response matrix priors
Using response matrix priors
Using response matrix priors
Using response matrix priors
Using response matrix priors
Using response matrix priors
Using response matrix priors
Using response matrix priors
Using response matrix priors
Using response matrix priors
Using response matrix priors
Using response matrix priors
Using response matrix priors
Using response matrix priors
Using response matrix priors
Using response matrix priors
Using response matrix priors
Using response matrix priors
Using response matrix priors
Using response matrix priors
Using response matrix priors
Using response matrix priors
Using response matrix priors
Using response matrix priors
Using response matrix priors
Using response matrix priors
Using response matrix priors
Using response matrix priors
Using response matrix priors
Using response matrix priors
Using response matrix priors
Using response matrix priors
Using response matrix priors
Using response matrix priors
Using response matrix priors
Using response matrix priors
Using response matrix priors
Using response matrix priors
Using response matrix priors
Using response matrix priors
Using response matrix priors
Using response matrix priors
Using response matrix priors
Using response matrix priors
Using response matrix priors
Using response matrix priors
Using response matrix priors
Using response matrix priors
Using response matrix priors
Using response matrix priors
Using response matrix priors
Using response matrix priors
Using response matrix priors
Using response matrix priors
Using response matrix priors
Using response matrix priors
Using response matrix priors
Using response matrix priors
Using response matrix priors
Using response matrix priors
Using response matrix priors
Using response matrix priors
Using response matrix priors
Using response matrix priors
Using response matrix priors
Using response matrix priors
Using response matrix priors
Using response matrix priors
Using response matrix priors
Using response matrix priors
Using response matrix priors
Using response matrix priors
Using response matrix priors
Using response matrix priors
Using response matrix priors
Using response matrix priors
Using response matrix priors
Using response matrix priors
Using response matrix priors
Using response matrix priors
Using response matrix priors
Using response matrix priors
Using response matrix priors
Using response matrix priors
Using response matrix priors
Using response matrix priors
Using response matrix priors
Using response matrix priors
Using response matrix priors
Using response matrix priors
Using response matrix priors
Using response matrix priors
Using response matrix priors
Using response matrix priors
Using response matrix priors
Using response matrix priors
Using response matrix priors
Using response matrix priors
Using response matrix priors
Using response matrix priors
Using response matrix priors
Using response matrix priors
Using response matrix priors
Using response matrix priors
Using response matrix priors
Using response matrix priors
Using response matrix priors
Using response matrix priors
Using response matrix priors
Using response matrix priors
Using response matrix priors
Using response matrix priors
Using response matrix priors
Using response matrix priors
Using response matrix priors
Using response matrix priors
Using response matrix priors
Using response matrix priors
Using response matrix priors
Using response matrix priors
Using response matrix priors
Using response matrix priors
Using response matrix priors
Using response matrix priors
Using response matrix priors
Using response matrix priors
Using response matrix priors
Using response matrix priors
Using response matrix priors
Using response matrix priors
Using response matrix priors
Using response matrix priors
Using response matrix priors
Using response matrix priors
Using response matrix priors
Using response matrix priors
Using response matrix priors
Using response matrix priors
Using response matrix priors
Using response matrix priors
Using response matrix priors
Using response matrix priors
Using response matrix priors
Using response matrix priors
Using response matrix priors
Using response matrix priors
Using response matrix priors
Using response matrix priors
Using response matrix priors
Using response matrix priors
Using response matrix priors
Using response matrix priors
Using response matrix priors
Using response matrix priors
Using response matrix priors
Using response matrix priors
Using response matrix priors
Using response matrix priors
Using response matrix priors
Using response matrix priors
Using response matrix priors
Using response matrix priors
Using response matrix priors
Using response matrix priors
Using response matrix priors
Using response matrix priors
Using response matrix priors
Using response matrix priors
Using response matrix priors
Using response matrix priors
Using response matrix priors
Using response matrix priors
Using response matrix priors
Using response matrix priors
Using response matrix priors
Using response matrix priors
Using response matrix priors
Using response matrix priors
Using response matrix priors
Using response matrix priors
Using response matrix priors
Using response matrix priors
Using response matrix priors
Using response matrix priors
Using response matrix priors
Using response matrix priors
Using response matrix priors
Using response matrix priors
Using response matrix priors
Using response matrix priors
Using response matrix priors
Using response matrix priors
Using response matrix priors
Using response matrix priors
Using response matrix priors
Using response matrix priors
Using response matrix priors
Using response matrix priors
Using response matrix priors
Using response matrix priors
Using response matrix priors
Using response matrix priors
Using response matrix priors
Using response matrix priors
Using response matrix priors
Using response matrix priors
Using response matrix priors
Using response matrix priors
Using response matrix priors
Using response matrix priors
Using response matrix priors
Using response matrix priors
Using response matrix priors
Using response matrix priors
Using response matrix priors
Using response matrix priors
Using response matrix priors
Using response matrix priors
Using response matrix priors
Using response matrix priors
Using response matrix priors
Using response matrix priors
Using response matrix priors
Using response matrix priors
Using response matrix priors
Using response matrix priors
Using response matrix priors
Using response matrix priors
Using response matrix priors
Using response matrix priors
Using response matrix priors
Using response matrix priors
Using response matrix priors
Using response matrix priors
Using response matrix priors
Using response matrix priors
Using response matrix priors
Using response matrix priors
Using response matrix priors
Using response matrix priors
Using response matrix priors
Using response matrix priors
Using response matrix priors
Using response matrix priors
Using response matrix priors
Using response matrix priors
Using response matrix priors
Using response matrix priors
Using response matrix priors
Using response matrix priors
Using response matrix priors
Using response matrix priors
Using response matrix priors
Using response matrix priors
Using response matrix priors
Using response matrix priors
Using response matrix priors
Using response matrix priors
Using response matrix priors
Using response matrix priors
Using response matrix priors
Using response matrix priors
Using response matrix priors
Using response matrix priors
Using response matrix priors
Using response matrix priors
Using response matrix priors
Using response matrix priors
Using response matrix priors
Using response matrix priors
Using response matrix priors
Using response matrix priors
Using response matrix priors
Using response matrix priors
Using response matrix priors
Using response matrix priors
Using response matrix priors
Using response matrix priors
Using response matrix priors
Using response matrix priors
Using response matrix priors
Using response matrix priors
Using response matrix priors
Using response matrix priors
Using response matrix priors
Using response matrix priors
Using response matrix priors
Using response matrix priors
Using response matrix priors
Using response matrix priors
Using response matrix priors
Using response matrix priors
Using response matrix priors
Using response matrix priors
Using response matrix priors
Using response matrix priors
Using response matrix priors
Using response matrix priors
Using response matrix priors
Using response matrix priors
Using response matrix priors
Using response matrix priors
Using response matrix priors
Using response matrix priors
Using response matrix priors
Using response matrix priors
Using response matrix priors
Using response matrix priors
Using response matrix priors
Using response matrix priors
Using response matrix priors
Using response matrix priors
Using response matrix priors
Using response matrix priors
Using response matrix priors
Using response matrix priors
Using response matrix priors
Using response matrix priors
Using response matrix priors
Using response matrix priors
Using response matrix priors
Using response matrix priors
Using response matrix priors
Using response matrix priors
Using response matrix priors
Using response matrix priors
Using response matrix priors
Using response matrix priors
Using response matrix priors
Using response matrix priors
Using response matrix priors
Using response matrix priors
Using response matrix priors
Using response matrix priors
Using response matrix priors
Using response matrix priors
Using response matrix priors
Using response matrix priors
Using response matrix priors
Using response matrix priors
Using response matrix priors
Using response matrix priors
Using response matrix priors
Using response matrix priors
Using response matrix priors
Using response matrix priors
Using response matrix priors
Using response matrix priors
Using response matrix priors
Using response matrix priors
Using response matrix priors
Using response matrix priors
Using response matrix priors
Using response matrix priors
Using response matrix priors
Using response matrix priors
Using response matrix priors
Using response matrix priors
Using response matrix priors
Using response matrix priors
Using response matrix priors
Using response matrix priors
Using response matrix priors
Using response matrix priors
Using response matrix priors
Using response matrix priors
Using response matrix priors
Using response matrix priors
Using response matrix priors
Using response matrix priors
Using response matrix priors
Using response matrix priors
Using response matrix priors
Using response matrix priors
Using response matrix priors
Using response matrix priors
Using response matrix priors
Using response matrix priors
Using response matrix priors
Using response matrix priors
Using response matrix priors
Using response matrix priors
Using response matrix priors
Using response matrix priors
Using response matrix priors
Using response matrix priors
Using response matrix priors
Using response matrix priors
Using response matrix priors
Using response matrix priors
Using response matrix priors
Using response matrix priors
Using response matrix priors
Using response matrix priors
Using response matrix priors
Using response matrix priors
Using response matrix priors
Using response matrix priors
Using response matrix priors
Using response matrix priors
Using response matrix priors
Using response matrix priors
Using response matrix priors
Using response matrix priors
Using response matrix priors
Using response matrix priors
Using response matrix priors
Using response matrix priors
Using response matrix priors
Using response matrix priors
Using response matrix priors
Using response matrix priors
Using response matrix priors
Using response matrix priors
Using response matrix priors
Using response matrix priors
Using response matrix priors
Using response matrix priors
Using response matrix priors
Using response matrix priors
Using response matrix priors
Using response matrix priors
Using response matrix priors
Using response matrix priors
Using response matrix priors
Using response matrix priors
Using response matrix priors
Using response matrix priors
Using response matrix priors
Using response matrix priors
Using response matrix priors
Using response matrix priors
Using response matrix priors
Using response matrix priors
Using response matrix priors
Using response matrix priors
Using response matrix priors
Using response matrix priors
Using response matrix priors
Using response matrix priors
Using response matrix priors
Using response matrix priors
Using response matrix priors
Using response matrix priors
Using response matrix priors
Using response matrix priors
Using response matrix priors
Using response matrix priors
Using response matrix priors
Using response matrix priors
TH1D::Sumw2:0: RuntimeWarning: Sum of squares of weights structure already created
Info in <TCanvas::MakeDefCanvas>:  created default TCanvas with name c1

Adding the following extra title to the histograms:
	rho0 Normalized Run



[1m[92m[43m

    Will be Fitting Plots    
[0m



[1m[94mSmear option selected is: Smear[0m


[91mRunning Bin 'All' for Q2-y Bins by default (will skip at end)[0m


Running for Q2-xB/Q2-y Bins: '17', '0'
[1m
Starting RG-A SIDIS Analysis
[0m

Started running on [1m5-26-2026[0m at [1m01:42 a.m.[0m

The total number of histograms available for the[1mRDataFrame[0m in '[1m[94m/w/hallb-scshelf2102/clas12/richcap/SIDIS_Analysis/Histo_Files_ROOT/DataFrames/hadd_ROOT_files_From_using_RDataFrames/SIDIS_epip_Response_Matrices_from_RDataFrames_Only_3D_rho0_Normalized_Response_Matrices_Final_Analysis_Iterations_I0_All.root[0m' is [1m504[0m


[1mDone Loading RDataFrame files...
[0m
[1m[94m

Starting Unfolding Procedures...
[0m
Bin 1 is not in Q2_y_Bin_List = ['17', '0']
Bin 10 is not in Q2_y_Bin_List = ['17', '0']
Bin 11 is not in Q2_y_Bin_List = ['17', '0']
Bin 12 is not in Q2_y_Bin_List = ['17', '0']
Bin 13 is not in Q2_y_Bin_List = ['17', '0']
Bin 14 is not in Q2_y_Bin_List = ['17', '0']
Bin 15 is not in Q2_y_Bin_List = ['17', '0']
Bin 16 is not in Q2_y_Bin_List = ['17', '0']

Unfolding: ((Histo-Group='Response_Matrix_Normal'), (Data-Type='DataFrame_Type'), (Data-Cut='cut_Complete_SIDIS'), (Smear-Type='smear'), (Binning-Type='Y_bin'-[Q2-y-Bin=17, z-PT-Bin=All]), (Var-D1='MultiDim_z_pT_Bin_Y_bin_phi_t'-[NumBins=915, MinBin=-1.5, MaxBin=913.5]), (Var-D2='z_pT_Bin_Y_bin_smeared'-[NumBins=38, MinBin=-0.5, MaxBin=37.5]))
[1m[92mAdding the 'lundrho' files to the 'MC_REC_1D_initial' histogram[0m
[1m[92mAdding the 'lundrho' files to the 'Response_2D_initial' histogram[0m
[1m[92mAdding the 'lundrho' files to the 'MC_GEN_1D_initial' histogram[0m
[1m[92mAdding the 'lundrho' files to the 'MC_BGS_1D_initial' histogram[0m
[1m[96mStarting [4m[95mBin-by-Bin[0m[1m[96m Unfolding Procedure...[0m
	[1mAcceptance Correction of Histogram:[0m
	((Histo-Group='Response_Matrix_Normal_1D'), (Data-Cut='cut_Complete_SIDIS'), (Smear-Type='smear'), (Binning-Type='Y_bin'-[Q2-y-Bin=17, z-PT-Bin=All]), (Var-D1='MultiDim_z_pT_Bin_Y_bin_phi_t'))
[1m[96mFinished [95mBin-by-Bin[0m[1m[96m Unfolding Procedure.[0m

Current Time: [1m01:42 a.m.[0m
Time Elapsed Up To Now:
0 Day(s), 0 Hour(s), 0 Minute(s), and 0 Second(s).

[1m[96mStarting [4m[92mRooUnfold[0m[1m[96m Unfolding Procedure...[0m
	[1mUnfolding Histogram:[0m
	((Histo-Group='Response_Matrix_Normal'), (Data-Cut='cut_Complete_SIDIS'), (Smear-Type='smear'), (Binning-Type='Y_bin'-[Q2-y-Bin=17, z-PT-Bin=All]), (Var-D1='MultiDim_z_pT_Bin_Y_bin_phi_t'))
	[96mUsing [1m[92mRooUnfold (Bin-by-Bin)[0m[96m Unfolding Procedure...[0m
[1m[96mFinished [92mRooUnfold (Bin-by-Bin)[0m[1m[96m Unfolding Procedure.
[0m
[1m[96mStarting [4m[92mRooUnfold[0m[1m[96m Unfolding Procedure...[0m

	[1mBegan Unfolding Histogram:[0m
	((Histo-Group='Response_Matrix_Normal'), (Data-Cut='cut_Complete_SIDIS'), (Smear-Type='smear'), (Binning-Type='Y_bin'-[Q2-y-Bin=17, z-PT-Bin=All]), (Var-D1='MultiDim_z_pT_Bin_Y_bin_phi_t'))
Time Elapsed Up To Now: 0 Day(s), 0 Hour(s), 0 Minute(s), and 2 Second(s). 
	[96mUsing [1m[92mRooUnfold (Bayesian)[0m[96m method to unfold...[0m

Current Time: [1m03:46 a.m.[0m
Time Elapsed Up To Now:
0 Day(s), 2 Hour(s), 3 Minute(s), and 26 Second(s).

[1m[96mFinished [92mRooUnfold (Bayesian)[0m[1m[96m Unfolding Procedure.
[0m

[94mRunning Multi3D_Slice(...)[0m


[94mRunning Multi3D_Slice(...)[0m


[94mRunning Multi3D_Slice(...)[0m


[94mRunning Multi3D_Slice(...)[0m


[94mRunning Multi3D_Slice(...)[0m


[94mRunning Multi3D_Slice(...)[0m


[94mRunning Multi3D_Slice(...)[0m

Bin 2 is not in Q2_y_Bin_List = ['17', '0']
Bin 3 is not in Q2_y_Bin_List = ['17', '0']
Bin 4 is not in Q2_y_Bin_List = ['17', '0']
Bin 5 is not in Q2_y_Bin_List = ['17', '0']
Bin 6 is not in Q2_y_Bin_List = ['17', '0']
Bin 7 is not in Q2_y_Bin_List = ['17', '0']
Bin 8 is not in Q2_y_Bin_List = ['17', '0']
Bin 9 is not in Q2_y_Bin_List = ['17', '0']

Unfolding: ((Histo-Group='Response_Matrix_Normal'), (Data-Type='DataFrame_Type'), (Data-Cut='cut_Complete_SIDIS'), (Smear-Type='smear'), (Binning-Type='Y_bin'-[Q2-y-Bin=All, z-PT-Bin=All]), (Var-D1='MultiDim_z_pT_Bin_Y_bin_phi_t'-[NumBins=915, MinBin=-1.5, MaxBin=913.5]), (Var-D2='z_pT_Bin_Y_bin_smeared'-[NumBins=38, MinBin=-0.5, MaxBin=37.5]))
[1m[92mAdding the 'lundrho' files to the 'MC_REC_1D_initial' histogram[0m
[1m[92mAdding the 'lundrho' files to the 'Response_2D_initial' histogram[0m
[1m[92mAdding the 'lundrho' files to the 'MC_GEN_1D_initial' histogram[0m
[1m[92mAdding the 'lundrho' files to the 'MC_BGS_1D_initial' histogram[0m
Total: 2


Counting Total Number of/Saving collected histograms...
[1m[94mSaving to: [1m[92m"Unfolded_Parallel_SIDIS_epip_Response_Matrices_from_RDataFrames_Only_3D_rho0_Normalized_Response_Matrices_Final_Analysis_Iterations_I0_All.root"[0m

[1m[96mDone Saving![0m

Final Count = 624


Current Time: [1m03:46 a.m.[0m
Time Elapsed Up To Now:
0 Day(s), 2 Hour(s), 3 Minute(s), and 43 Second(s).

[94mNormal Unfolding Fits Already Included? -> [1m[92mTrue[0m
[94mRC Unfolding Fits Already Included?     -> [91m[1mFalse[0m
[1mNot running BC... Did not check for BC fits.[0m

[1m[94mMaking the fits...[0m


[1mLoaded `[92mFind_RC_Fit_Params[0m[1m` and `[92mApply_RC_Factor_Corrections[0m[1m` for applying RC Corrections...[0m

Fitting for: [1m(MultiDim_3D_Histo)_(Bayesian)_(SMEAR=Smear)_(Q2_y_Bin_17)_(z_pT_Bin_1)_(MultiDim_z_pT_Bin_Y_bin_phi_t)[0m (Histo Num   429)
Fitting for: [1m(MultiDim_3D_Histo)_(Bayesian)_(SMEAR=Smear)_(Q2_y_Bin_17)_(z_pT_Bin_2)_(MultiDim_z_pT_Bin_Y_bin_phi_t)[0m (Histo Num   430)
Fitting for: [1m(MultiDim_3D_Histo)_(Bayesian)_(SMEAR=Smear)_(Q2_y_Bin_17)_(z_pT_Bin_3)_(MultiDim_z_pT_Bin_Y_bin_phi_t)[0m (Histo Num   431)
Fitting for: [1m(MultiDim_3D_Histo)_(Bayesian)_(SMEAR=Smear)_(Q2_y_Bin_17)_(z_pT_Bin_4)_(MultiDim_z_pT_Bin_Y_bin_phi_t)[0m (Histo Num   432)
Fitting for: [1m(MultiDim_3D_Histo)_(Bayesian)_(SMEAR=Smear)_(Q2_y_Bin_17)_(z_pT_Bin_5)_(MultiDim_z_pT_Bin_Y_bin_phi_t)[0m (Histo Num   433)
Fitting for: [1m(MultiDim_3D_Histo)_(Bayesian)_(SMEAR=Smear)_(Q2_y_Bin_17)_(z_pT_Bin_6)_(MultiDim_z_pT_Bin_Y_bin_phi_t)[0m (Histo Num   434)
Fitting for: [1m(MultiDim_3D_Histo)_(Bayesian)_(SMEAR=Smear)_(Q2_y_Bin_17)_(z_pT_Bin_7)_(MultiDim_z_pT_Bin_Y_bin_phi_t)[0m (Histo Num   435)
Fitting for: [1m(MultiDim_3D_Histo)_(Bayesian)_(SMEAR=Smear)_(Q2_y_Bin_17)_(z_pT_Bin_8)_(MultiDim_z_pT_Bin_Y_bin_phi_t)[0m (Histo Num   436)
Fitting for: [1m(MultiDim_3D_Histo)_(Bayesian)_(SMEAR=Smear)_(Q2_y_Bin_17)_(z_pT_Bin_9)_(MultiDim_z_pT_Bin_Y_bin_phi_t)[0m (Histo Num   437)
Fitting for: [1m(MultiDim_3D_Histo)_(Bayesian)_(SMEAR=Smear)_(Q2_y_Bin_17)_(z_pT_Bin_10)_(MultiDim_z_pT_Bin_Y_bin_phi_t)[0m (Histo Num   438)
Fitting for: [1m(MultiDim_3D_Histo)_(Bayesian)_(SMEAR=Smear)_(Q2_y_Bin_17)_(z_pT_Bin_11)_(MultiDim_z_pT_Bin_Y_bin_phi_t)[0m (Histo Num   439)
Fitting for: [1m(MultiDim_3D_Histo)_(Bayesian)_(SMEAR=Smear)_(Q2_y_Bin_17)_(z_pT_Bin_12)_(MultiDim_z_pT_Bin_Y_bin_phi_t)[0m (Histo Num   440)
Fitting for: [1m(MultiDim_3D_Histo)_(Bayesian)_(SMEAR=Smear)_(Q2_y_Bin_17)_(z_pT_Bin_13)_(MultiDim_z_pT_Bin_Y_bin_phi_t)[0m (Histo Num   441)
Fitting for: [1m(MultiDim_3D_Histo)_(Bayesian)_(SMEAR=Smear)_(Q2_y_Bin_17)_(z_pT_Bin_14)_(MultiDim_z_pT_Bin_Y_bin_phi_t)[0m (Histo Num   442)
Fitting for: [1m(MultiDim_3D_Histo)_(Bayesian)_(SMEAR=Smear)_(Q2_y_Bin_17)_(z_pT_Bin_15)_(MultiDim_z_pT_Bin_Y_bin_phi_t)[0m (Histo Num   443)
Fitting for: [1m(MultiDim_3D_Histo)_(Bayesian)_(SMEAR=Smear)_(Q2_y_Bin_17)_(z_pT_Bin_16)_(MultiDim_z_pT_Bin_Y_bin_phi_t)[0m (Histo Num   444)
Fitting for: [1m(MultiDim_3D_Histo)_(Bayesian)_(SMEAR=Smear)_(Q2_y_Bin_17)_(z_pT_Bin_17)_(MultiDim_z_pT_Bin_Y_bin_phi_t)[0m (Histo Num   445)
Fitting for: [1m(MultiDim_3D_Histo)_(Bayesian)_(SMEAR=Smear)_(Q2_y_Bin_17)_(z_pT_Bin_18)_(MultiDim_z_pT_Bin_Y_bin_phi_t)[0m (Histo Num   446)
Fitting for: [1m(MultiDim_3D_Histo)_(Bayesian)_(SMEAR=Smear)_(Q2_y_Bin_17)_(z_pT_Bin_19)_(MultiDim_z_pT_Bin_Y_bin_phi_t)[0m (Histo Num   447)
Fitting for: [1m(MultiDim_3D_Histo)_(Bayesian)_(SMEAR=Smear)_(Q2_y_Bin_17)_(z_pT_Bin_20)_(MultiDim_z_pT_Bin_Y_bin_phi_t)[0m (Histo Num   448)
Fitting for: [1m(MultiDim_3D_Histo)_(Bayesian)_(SMEAR=Smear)_(Q2_y_Bin_17)_(z_pT_Bin_21)_(MultiDim_z_pT_Bin_Y_bin_phi_t)[0m (Histo Num   449)
Fitting for: [1m(MultiDim_3D_Histo)_(Bayesian)_(SMEAR=Smear)_(Q2_y_Bin_17)_(z_pT_Bin_22)_(MultiDim_z_pT_Bin_Y_bin_phi_t)[0m (Histo Num   450)
Fitting for: [1m(MultiDim_3D_Histo)_(Bayesian)_(SMEAR=Smear)_(Q2_y_Bin_17)_(z_pT_Bin_23)_(MultiDim_z_pT_Bin_Y_bin_phi_t)[0m (Histo Num   451)
Fitting for: [1m(MultiDim_3D_Histo)_(Bayesian)_(SMEAR=Smear)_(Q2_y_Bin_17)_(z_pT_Bin_25)_(MultiDim_z_pT_Bin_Y_bin_phi_t)[0m (Histo Num   452)
Fitting for: [1m(MultiDim_3D_Histo)_(Bayesian)_(SMEAR=Smear)_(Q2_y_Bin_17)_(z_pT_Bin_26)_(MultiDim_z_pT_Bin_Y_bin_phi_t)[0m (Histo Num   453)
Fitting for: [1m(MultiDim_3D_Histo)_(Bayesian)_(SMEAR=Smear)_(Q2_y_Bin_17)_(z_pT_Bin_27)_(MultiDim_z_pT_Bin_Y_bin_phi_t)[0m (Histo Num   454)
Fitting for: [1m(MultiDim_3D_Histo)_(Bayesian)_(SMEAR=Smear)_(Q2_y_Bin_17)_(z_pT_Bin_28)_(MultiDim_z_pT_Bin_Y_bin_phi_t)[0m (Histo Num   455)

[1m[94mFit/Added [0m[1m27[1m[94m Histograms[0m[94m
Adding to Main List...[0m

[1m[92mLength of Main List of Histograms (After adding Fits): [0m[1m786[0m


Current Time: [1m03:46 a.m.[0m
Time Elapsed Up To Now:
0 Day(s), 2 Hour(s), 3 Minute(s), and 48 Second(s).



Counting Total Number of/Saving collected histograms...
[1m[94mSaving to: [1m[92m"Unfolded_Parallel_SIDIS_epip_Response_Matrices_from_RDataFrames_Only_3D_rho0_Normalized_Response_Matrices_Final_Analysis_Iterations_I0_All.root"[0m

[1m[96mDone Saving![0m

Final Count = 786


Current Time: [1m03:49 a.m.[0m
Time Elapsed Up To Now:
0 Day(s), 2 Hour(s), 6 Minute(s), and 52 Second(s).


[1m[94mSaved Fit Parameters JSON as [1m[92mFit_Pars_from_Simple_RooUnfold_SelfContained_using_"Unfolded_Parallel_SIDIS_epip_Response_Matrices_from_RDataFrames_Only_3D_rho0_Normalized_Response_Matrices_Final_Analysis_Iterations_I0_All".json[1m[94m (total entries now = 3)[0m

[1m[96mDone Saving JSON File.[0m
Time Elapsed Up To Now: 0 Day(s), 2 Hour(s), 6 Minute(s), and 52 Second(s). 

[1m[94mSaved Fit Parameters JSON as [1m[92mFit_Pars_from_Simple_RooUnfold_SelfContained_using_"Unfolded_Parallel_SIDIS_epip_Response_Matrices_from_RDataFrames_Only_3D_rho0_Normalized_Response_Matrices_Final_Analysis_Iterations_I0_All".json[1m[94m (total entries now = 3)[0m

[1m[96mDone Saving JSON File.[0m
Time Elapsed Up To Now: 0 Day(s), 2 Hour(s), 6 Minute(s), and 52 Second(s). 




[1m[43mEMAIL MESSAGE TO SEND:[0m


The 'Simple_RooUnfold_SelfContained.py' script has finished running.
Started running on [1m5-26-2026[0m at [1m01:42 a.m.[0m

Input File:
	/w/hallb-scshelf2102/clas12/richcap/SIDIS_Analysis/Histo_Files_ROOT/DataFrames/hadd_ROOT_files_From_using_RDataFrames/SIDIS_epip_Response_Matrices_from_RDataFrames_Only_3D_rho0_Normalized_Response_Matrices_Final_Analysis_Iterations_I0_All.root
Output File:
	"Unfolded_Parallel_SIDIS_epip_Response_Matrices_from_RDataFrames_Only_3D_rho0_Normalized_Response_Matrices_Final_Analysis_Iterations_I0_All.root"

Ran in parallel using the histograms in the ROOT files from the newest Final_Analysis_Iterations files. Ran with Harut's exclusive 'lundrho' rho0 events subtracted as background after proper normalization. Saving the fits to the new JSON file formats. Ran in tmuxSIDIS_1.

	[1mBegan Unfolding Histogram:[0m
	((Histo-Group='Response_Matrix_Normal'), (Data-Cut='cut_Complete_SIDIS'), (Smear-Type='smear'), (Binning-Type='Y_bin'-[Q2-y-Bin=17, z-PT-Bin=All]), (Var-D1='MultiDim_z_pT_Bin_Y_bin_phi_t'))
Time Elapsed Up To Now: 0 Day(s), 0 Hour(s), 0 Minute(s), and 2 Second(s). 
	Finished Unfolding the histogram at:
Time Elapsed Up To Now: 0 Day(s), 2 Hour(s), 3 Minute(s), and 26 Second(s). 
[1m[96mDone Saving JSON File.[0m
Time Elapsed Up To Now: 0 Day(s), 2 Hour(s), 6 Minute(s), and 52 Second(s). 
[1m[96mDone Saving JSON File.[0m
Time Elapsed Up To Now: 0 Day(s), 2 Hour(s), 6 Minute(s), and 52 Second(s). 

Arguments:
--unfolding_3D (3D Unfolding Only)                  --> True
--run_sectors                                       --> False
--sectors_to_unfold                                 --> None
--allow_other_variables (for unfolding)             --> False
--simulation (unfolding synthetic data)             --> False
--modulation (data unfolded with modulated MC)      --> False
--closure  (modulated MC unfolded with itself)      --> False
--weighed_acceptance (use acceptance weights only)  --> False
--test                                              --> False
--verbose                                           --> False
--fit                                               --> True
--remake_fit                                        --> False
--CrossSection_Norm                                 --> False
--tag_proton                                        --> False
--cut_proton                                        --> False
--Common_Int_Bins                                   --> False
--bayes_iterations                                  --> 13
--Num_Toys                                          --> 500
--Unfold_Methods                                    --> ['Bayesian']
--title                                             --> 'rho0 Normalized Run'
--EvGen                                             --> False
--Min_Allowed_Acceptance_Cut                        --> 0.0005
--Use_TTree                                         --> False
--Apply_RC                                          --> True
--Apply_BC                                          --> False
--Add_Uncertainties                                 --> False
--save_json                                         --> True
--old_json                                          --> False
--pass_version                                      --> 'Pass 2'
--smearing_options                                  --> 'smear'
--Q2_y_Bin_List                                     --> ['17', '0']
--Run_5D_Unfold                                     --> False
--run_sec_unfold                                    --> False
--json_name                                         --> 'Fit_Pars_from_Simple_RooUnfold_SelfContained_using_"Unfolded_Parallel_SIDIS_epip_Response_Matrices_from_RDataFrames_Only_3D_rho0_Normalized_Response_Matrices_Final_Analysis_Iterations_I0_All".json'


The time that this code finished is [1m03:49 a.m.[0m
The total time the code took to run is:
0 Day(s), 2 Hour(s), 6 Minute(s), and 52 Second(s).
Saved 786 Histograms...
Rate = 0.10 Histograms/Seconds
    

[1m[92m[43m
    	                                   	   
    	This code has now finished running.	   
    	                                   	   [0m
    
    
