Full command: ./Simple_RooUnfold_SelfContained.py --root "Unfolded_Parallel_SIDIS_epip_Response_Matrices_from_RDataFrames_Only_3D_rho0_Normalized_Response_Matrices_Final_Analysis_Iterations_I0_All.root" --single_file_input /w/hallb-scshelf2102/clas12/richcap/SIDIS_Analysis/Histo_Files_ROOT/DataFrames/hadd_ROOT_files_From_using_RDataFrames/SIDIS_epip_Response_Matrices_from_RDataFrames_Only_3D_rho0_Normalized_Response_Matrices_Final_Analysis_Iterations_I0_All.root --unfolding_3D --Apply_RC --fit --smear --save_json -em 'Ran in parallel using the histograms in the ROOT files from the newest Final_Analysis_Iterations files. Ran with Harut's exclusive 'lundrho' rho0 events subtracted as background after proper normalization. Saving the fits to the new JSON file formats. Ran in tmuxSIDIS_1.' -ti 'rho0 Normalized Run' 7
TH1D::Sumw2:0: RuntimeWarning: Sum of squares of weights structure already created
Subtract 101688 fakes from measured distribution
Using response matrix priors
Priors:

Vector (915)  is as follows

     |        1  |
------------------
   0 |0 
   1 |0.659824 
   2 |0.000117183 
   3 |0.000123884 
   4 |0.000120066 
   5 |0.000118368 
   6 |0.000115858 
   7 |0.000119589 
   8 |0.000122293 
   9 |0.000118593 
  10 |0.000122078 
  11 |0.000118468 
  12 |0.000117699 
  13 |0.000118742 
  14 |0.000115573 
  15 |0.000115438 
  16 |0.000116357 
  17 |0.000116677 
  18 |0.000123385 
  19 |0.000113687 
  20 |0.000114245 
  21 |0.000115251 
  22 |0.000115976 
  23 |0.00011626 
  24 |0.000110545 
  25 |0.00011704 
  26 |0.000113341 
  27 |0.000104239 
  28 |0.000108869 
  29 |0.00011288 
  30 |0.000113522 
  31 |0.000107939 
  32 |0.000103848 
  33 |0.000108054 
  34 |0.000110865 
  35 |0.000106157 
  36 |0.000111486 
  37 |0.000104888 
  38 |0.000101837 
  39 |0.000115428 
  40 |0.000108317 
  41 |0.000109496 
  42 |0.000103872 
  43 |0.000114287 
  44 |0.000108928 
  45 |0.000110609 
  46 |0.000114264 
  47 |0.000109697 
  48 |0.000105346 
  49 |0.000111704 
  50 |0.000112148 
  51 |0.000104073 
  52 |0.000108459 
  53 |0.000110418 
  54 |0.000101473 
  55 |0.000107398 
  56 |0.000100398 
  57 |9.86781e-05 
  58 |0.000101161 
  59 |0.000101476 
  60 |0.000102332 
  61 |0.000102589 
  62 |0.000104486 
  63 |9.53253e-05 
  64 |0.000100208 
  65 |0.000103553 
  66 |0.000105523 
  67 |0.00010512 
  68 |0.000104697 
  69 |9.942e-05 
  70 |9.89206e-05 
  71 |0.000109048 
  72 |0.000101129 
  73 |0.000107856 
  74 |8.27597e-05 
  75 |8.52736e-05 
  76 |7.39398e-05 
  77 |8.66813e-05 
  78 |7.85823e-05 
  79 |8.3398e-05 
  80 |8.25486e-05 
  81 |7.69977e-05 
  82 |8.31725e-05 
  83 |7.21298e-05 
  84 |8.02915e-05 
  85 |7.92129e-05 
  86 |8.38383e-05 
  87 |8.14567e-05 
  88 |7.75903e-05 
  89 |8.39354e-05 
  90 |8.16678e-05 
  91 |8.11095e-05 
  92 |8.05027e-05 
  93 |7.05556e-05 
  94 |8.73642e-05 
  95 |8.13245e-05 
  96 |7.84815e-05 
  97 |8.39525e-05 
  98 |4.87507e-05 
  99 |4.83103e-05 
 100 |4.23334e-05 
 101 |4.81268e-05 
 102 |4.4268e-05 
 103 |4.79879e-05 
 104 |5.13274e-05 
 105 |5.00823e-05 
 106 |5.1237e-05 
 107 |4.15877e-05 
 108 |4.30372e-05 
 109 |4.77283e-05 
 110 |4.73259e-05 
 111 |4.85291e-05 
 112 |4.72774e-05 
 113 |5.12437e-05 
 114 |4.53428e-05 
 115 |4.80783e-05 
 116 |4.81372e-05 
 117 |4.86851e-05 
 118 |4.72355e-05 
 119 |4.49509e-05 
 120 |4.66706e-05 
 121 |4.1893e-05 
 122 |0 
 123 |0.000354256 
 124 |0.000345099 
 125 |0.000353795 
 126 |0.000345976 
 127 |0.000350699 
 128 |0.000344516 
 129 |0.000337365 
 130 |0.000345654 
 131 |0.000347835 
 132 |0.000334875 
 133 |0.00035928 
 134 |0.000353504 
 135 |0.000355109 
 136 |0.000337614 
 137 |0.000359116 
 138 |0.000345124 
 139 |0.000348047 
 140 |0.000351333 
 141 |0.000342832 
 142 |0.000340686 
 143 |0.000338948 
 144 |0.000343574 
 145 |0.000351188 
 146 |0.000349555 
 147 |0.000370289 
 148 |0.000368607 
 149 |0.000367508 
 150 |0.000378073 
 151 |0.000369477 
 152 |0.00037329 
 153 |0.000368413 
 154 |0.000359305 
 155 |0.000361773 
 156 |0.000358614 
 157 |0.000364963 
 158 |0.000374141 
 159 |0.000374648 
 160 |0.000368111 
 161 |0.000361475 
 162 |0.000367372 
 163 |0.000378343 
 164 |0.000363656 
 165 |0.000382975 
 166 |0.000361288 
 167 |0.000358858 
 168 |0.000355855 
 169 |0.000363701 
 170 |0.000370268 
 171 |0.000414495 
 172 |0.000423061 
 173 |0.000438161 
 174 |0.000424899 
 175 |0.000421546 
 176 |0.000412092 
 177 |0.000424598 
 178 |0.000430301 
 179 |0.0004233 
 180 |0.000433352 
 181 |0.00042294 
 182 |0.000425485 
 183 |0.000413656 
 184 |0.000420891 
 185 |0.000434201 
 186 |0.000427111 
 187 |0.000418963 
 188 |0.000425089 
 189 |0.000429562 
 190 |0.000415766 
 191 |0.000427801 
 192 |0.000434122 
 193 |0.000423599 
 194 |0.000431393 
 195 |0.000454102 
 196 |0.000468241 
 197 |0.000472044 
 198 |0.000467613 
 199 |0.000458131 
 200 |0.000454203 
 201 |0.000465137 
 202 |0.000456269 
 203 |0.000469996 
 204 |0.000453301 
 205 |0.000457718 
 206 |0.000457524 
 207 |0.00047331 
 208 |0.000468757 
 209 |0.000446876 
 210 |0.000455468 
 211 |0.000455385 
 212 |0.000480619 
 213 |0.000452857 
 214 |0.000455031 
 215 |0.000468968 
 216 |0.000481641 
 217 |0.000482155 
 218 |0.000472308 
 219 |0.000429686 
 220 |0.000429634 
 221 |0.000424913 
 222 |0.00041943 
 223 |0.000431711 
 224 |0.000432894 
 225 |0.000429488 
 226 |0.000437391 
 227 |0.000431416 
 228 |0.00042218 
 229 |0.000422987 
 230 |0.000423962 
 231 |0.000425145 
 232 |0.000434207 
 233 |0.00043108 
 234 |0.000420658 
 235 |0.000421514 
 236 |0.000415529 
 237 |0.000425567 
 238 |0.000423223 
 239 |0.000415925 
 240 |0.000425075 
 241 |0.000425331 
 242 |0.000420224 
 243 |0.000275465 
 244 |0.000270213 
 245 |0.000268053 
 246 |0.00026752 
 247 |0.000266181 
 248 |0.000281131 
 249 |0.000262367 
 250 |0.000268106 
 251 |0.000268047 
 252 |0.000284969 
 253 |0.000276672 
 254 |0.000268119 
 255 |0.000277532 
 256 |0.00027479 
 257 |0.00027047 
 258 |0.000287511 
 259 |0.00026427 
 260 |0.000260339 
 261 |0.000274481 
 262 |0.000265436 
 263 |0.000271621 
 264 |0.000278035 
 265 |0.000280469 
 266 |0.000272207 
 267 |0.000350281 
 268 |0.000351984 
 269 |0.000345815 
 270 |0.000351269 
 271 |0.000350555 
 272 |0.000350108 
 273 |0.000348405 
 274 |0.00033841 
 275 |0.00034446 
 276 |0.000363484 
 277 |0.000360228 
 278 |0.000357101 
 279 |0.000347029 
 280 |0.000345434 
 281 |0.000364441 
 282 |0.000349609 
 283 |0.000352552 
 284 |0.00034603 
 285 |0.000347158 
 286 |0.000358734 
 287 |0.000351613 
 288 |0.000350399 
 289 |0.000352861 
 290 |0.000357923 
 291 |0.000373306 
 292 |0.000381093 
 293 |0.00037903 
 294 |0.000375386 
 295 |0.000373909 
 296 |0.000385272 
 297 |0.000382248 
 298 |0.000389713 
 299 |0.000379474 
 300 |0.000391329 
 301 |0.000398252 
 302 |0.00038291 
 303 |0.000375824 
 304 |0.00037963 
 305 |0.000382764 
 306 |0.000387126 
 307 |0.00039119 
 308 |0.000381711 
 309 |0.000395554 
 310 |0.000371882 
 311 |0.000383715 
 312 |0.000378299 
 313 |0.000379821 
 314 |0.00038264 
 315 |0.000458452 
 316 |0.000468215 
 317 |0.000471439 
 318 |0.000469772 
 319 |0.000452561 
 320 |0.000469338 
 321 |0.00046153 
 322 |0.000467147 
 323 |0.000471256 
 324 |0.000457849 
 325 |0.000464089 
 326 |0.000461191 
 327 |0.000463663 
 328 |0.000465091 
 329 |0.000472234 
 330 |0.000470303 
 331 |0.00045658 
 332 |0.000478377 
 333 |0.000460303 
 334 |0.000468101 
 335 |0.000465833 
 336 |0.000480392 
 337 |0.000459364 
 338 |0.000458223 
 339 |0.000516041 
 340 |0.000516929 
 341 |0.000518031 
 342 |0.000523634 
 343 |0.000533752 
 344 |0.000515133 
 345 |0.000516447 
 346 |0.000535689 
 347 |0.00053279 
 348 |0.000541687 
 349 |0.000523295 
 350 |0.000514148 
 351 |0.000539611 
 352 |0.000527236 
 353 |0.000530908 
 354 |0.000523533 
 355 |0.000531008 
 356 |0.000525506 
 357 |0.00052413 
 358 |0.000534705 
 359 |0.000520486 
 360 |0.000527361 
 361 |0.000520219 
 362 |0.000522989 
 363 |0.000498652 
 364 |0.000503447 
 365 |0.000512091 
 366 |0.000510083 
 367 |0.000510859 
 368 |0.00050923 
 369 |0.000512039 
 370 |0.000506484 
 371 |0.00052555 
 372 |0.000506644 
 373 |0.00050699 
 374 |0.000520353 
 375 |0.000513529 
 376 |0.000500189 
 377 |0.000514226 
 378 |0.000510787 
 379 |0.000505483 
 380 |0.000508246 
 381 |0.000499637 
 382 |0.000505691 
 383 |0.000517287 
 384 |0.000510066 
 385 |0.000514833 
 386 |0.000498891 
 387 |0.000422157 
 388 |0.00042206 
 389 |0.00043435 
 390 |0.000425107 
 391 |0.000426064 
 392 |0.000410813 
 393 |0.000412844 
 394 |0.000417369 
 395 |0.000417289 
 396 |0.000423571 
 397 |0.000428827 
 398 |0.000420309 
 399 |0.000428644 
 400 |0.000430068 
 401 |0.000418901 
 402 |0.000419029 
 403 |0.000434683 
 404 |0.000419955 
 405 |0.000431508 
 406 |0.000421449 
 407 |0.000419965 
 408 |0.000419997 
 409 |0.000427794 
 410 |0.000418509 
 411 |0.000370913 
 412 |0.000371451 
 413 |0.000364163 
 414 |0.000377754 
 415 |0.000363158 
 416 |0.000358935 
 417 |0.000371326 
 418 |0.000369634 
 419 |0.000356376 
 420 |0.000363019 
 421 |0.000379553 
 422 |0.000363362 
 423 |0.000371863 
 424 |0.000372449 
 425 |0.000359084 
 426 |0.00036799 
 427 |0.000364184 
 428 |0.000365421 
 429 |0.000369752 
 430 |0.000371881 
 431 |0.000376416 
 432 |0.000353124 
 433 |0.000362443 
 434 |0.000357843 
 435 |0.000405529 
 436 |0.000417782 
 437 |0.000417959 
 438 |0.000404614 
 439 |0.000419689 
 440 |0.000419366 
 441 |0.000409242 
 442 |0.000407935 
 443 |0.0004123 
 444 |0.000417598 
 445 |0.000414568 
 446 |0.000420781 
 447 |0.000425891 
 448 |0.000420999 
 449 |0.000422064 
 450 |0.000406056 
 451 |0.0004269 
 452 |0.00041523 
 453 |0.000423284 
 454 |0.000409291 
 455 |0.000418856 
 456 |0.000420007 
 457 |0.000427556 
 458 |0.000414159 
 459 |0.000513922 
 460 |0.000509685 
 461 |0.00050772 
 462 |0.000521123 
 463 |0.000515368 
 464 |0.000516034 
 465 |0.000526681 
 466 |0.000526341 
 467 |0.000530002 
 468 |0.000511737 
 469 |0.00053106 
 470 |0.000511908 
 471 |0.000516287 
 472 |0.000516539 
 473 |0.000527097 
 474 |0.000515562 
 475 |0.000503881 
 476 |0.000518405 
 477 |0.000527388 
 478 |0.000506898 
 479 |0.000521609 
 480 |0.000525939 
 481 |0.000524289 
 482 |0.000525304 
 483 |0.000582796 
 484 |0.000600932 
 485 |0.000593623 
 486 |0.00059975 
 487 |0.000581382 
 488 |0.000582432 
 489 |0.000597403 
 490 |0.000595222 
 491 |0.000606337 
 492 |0.000581391 
 493 |0.000590341 
 494 |0.000608872 
 495 |0.000592882 
 496 |0.000589369 
 497 |0.000604652 
 498 |0.000585597 
 499 |0.000597704 
 500 |0.000570321 
 501 |0.000581641 
 502 |0.000593551 
 503 |0.000589269 
 504 |0.000596203 
 505 |0.0005937 
 506 |0.000600855 
 507 |0.000555674 
 508 |0.000550994 
 509 |0.000570426 
 510 |0.000562022 
 511 |0.00056525 
 512 |0.000538207 
 513 |0.000560947 
 514 |0.000548757 
 515 |0.000564987 
 516 |0.000571244 
 517 |0.00056127 
 518 |0.000568024 
 519 |0.000564068 
 520 |0.000562435 
 521 |0.000558905 
 522 |0.000567861 
 523 |0.000558184 
 524 |0.000545089 
 525 |0.000552901 
 526 |0.00057648 
 527 |0.000564407 
 528 |0.000562542 
 529 |0.000557071 
 530 |0.000563957 
 531 |0.000459604 
 532 |0.000454306 
 533 |0.000457864 
 534 |0.000461057 
 535 |0.000457316 
 536 |0.000460079 
 537 |0.000454473 
 538 |0.000452382 
 539 |0.000473507 
 540 |0.000454199 
 541 |0.000452996 
 542 |0.000462426 
 543 |0.000463802 
 544 |0.000448873 
 545 |0.000453152 
 546 |0.000466285 
 547 |0.000454494 
 548 |0.000452146 
 549 |0.000469149 
 550 |0.000462974 
 551 |0.000457763 
 552 |0.000455371 
 553 |0.000457402 
 554 |0.000470868 
 555 |0.000317045 
 556 |0.000311048 
 557 |0.000310833 
 558 |0.00030583 
 559 |0.00031776 
 560 |0.00031482 
 561 |0.000323085 
 562 |0.000318952 
 563 |0.000316803 
 564 |0.000324902 
 565 |0.000319791 
 566 |0.000316432 
 567 |0.000318308 
 568 |0.000315208 
 569 |0.00032122 
 570 |0.000323016 
 571 |0.000321962 
 572 |0.000314535 
 573 |0.000318609 
 574 |0.000322312 
 575 |0.000317884 
 576 |0.000314927 
 577 |0.000323397 
 578 |0.000322704 
 579 |0.000379578 
 580 |0.000370238 
 581 |0.000369576 
 582 |0.000381523 
 583 |0.000378174 
 584 |0.000373452 
 585 |0.000378902 
 586 |0.000371077 
 587 |0.000372613 
 588 |0.000381384 
 589 |0.000376267 
 590 |0.00037859 
 591 |0.000360474 
 592 |0.000377068 
 593 |0.000372724 
 594 |0.000402541 
 595 |0.000374392 
 596 |0.000379062 
 597 |0.000375553 
 598 |0.000376984 
 599 |0.000367433 
 600 |0.000374898 
 601 |0.000381749 
 602 |0.00036573 
 603 |0.000478045 
 604 |0.000489503 
 605 |0.000472585 
 606 |0.000493939 
 607 |0.000462113 
 608 |0.000475251 
 609 |0.000477733 
 610 |0.000473649 
 611 |0.000481471 
 612 |0.000478732 
 613 |0.000474155 
 614 |0.000469093 
 615 |0.000478711 
 616 |0.00047929 
 617 |0.000462703 
 618 |0.000473337 
 619 |0.000463268 
 620 |0.000474016 
 621 |0.000470359 
 622 |0.000485333 
 623 |0.000489037 
 624 |0.000483 
 625 |0.000483197 
 626 |0.000473894 
 627 |0.000526944 
 628 |0.000541911 
 629 |0.000530321 
 630 |0.000511265 
 631 |0.000524573 
 632 |0.000533008 
 633 |0.000529756 
 634 |0.000530085 
 635 |0.00051543 
 636 |0.000526767 
 637 |0.00052115 
 638 |0.000527075 
 639 |0.000516428 
 640 |0.000539332 
 641 |0.000535629 
 642 |0.000530491 
 643 |0.000525412 
 644 |0.000540247 
 645 |0.000529233 
 646 |0.00051544 
 647 |0.000537376 
 648 |0.000536988 
 649 |0.000539977 
 650 |0.000531701 
 651 |0.000503144 
 652 |0.000496872 
 653 |0.000497184 
 654 |0.00049526 
 655 |0.000491713 
 656 |0.000496893 
 657 |0.000491782 
 658 |0.000487327 
 659 |0.000497399 
 660 |0.000481169 
 661 |0.000500557 
 662 |0.000486096 
 663 |0.000496522 
 664 |0.000489757 
 665 |0.00048845 
 666 |0.000500848 
 667 |0.000494362 
 668 |0.000503858 
 669 |0.000482088 
 670 |0.000481523 
 671 |0.000506292 
 672 |0.000503352 
 673 |0.000484366 
 674 |0.000474038 
 675 |0 
 676 |0.000519546 
 677 |0.000517563 
 678 |0.00051387 
 679 |0.000521092 
 680 |0.000529923 
 681 |0.000528089 
 682 |0.000537429 
 683 |0.000509776 
 684 |0.000515219 
 685 |0.000523738 
 686 |0.000515445 
 687 |0.000525908 
 688 |0.000518568 
 689 |0.00052664 
 690 |0.000528058 
 691 |0.000528058 
 692 |0.000524871 
 693 |0.000534049 
 694 |0.000505799 
 695 |0.000508867 
 696 |0.000532804 
 697 |0.000522292 
 698 |0.000529777 
 699 |0.000502811 
 700 |0.000637155 
 701 |0.000626972 
 702 |0.000633958 
 703 |0.000632051 
 704 |0.000635681 
 705 |0.000639161 
 706 |0.000647455 
 707 |0.00063541 
 708 |0.000645347 
 709 |0.000645406 
 710 |0.00064111 
 711 |0.000645441 
 712 |0.000639408 
 713 |0.000641037 
 714 |0.000637844 
 715 |0.00064282 
 716 |0.000634748 
 717 |0.000634696 
 718 |0.000645326 
 719 |0.000640202 
 720 |0.000650607 
 721 |0.000638902 
 722 |0.000637716 
 723 |0.000646876 
 724 |0.000818999 
 725 |0.000821425 
 726 |0.000835643 
 727 |0.000824321 
 728 |0.000835877 
 729 |0.000810612 
 730 |0.000844732 
 731 |0.000816197 
 732 |0.000835461 
 733 |0.000829594 
 734 |0.000806299 
 735 |0.000825898 
 736 |0.000842142 
 737 |0.000840249 
 738 |0.000836477 
 739 |0.000817557 
 740 |0.000797018 
 741 |0.000828485 
 742 |0.000819373 
 743 |0.000830842 
 744 |0.000830454 
 745 |0.000813237 
 746 |0.000797884 
 747 |0.000811458 
 748 |0.000864112 
 749 |0.000874863 
 750 |0.000877688 
 751 |0.000899795 
 752 |0.000859271 
 753 |0.000896733 
 754 |0.00086208 
 755 |0.000895654 
 756 |0.000874356 
 757 |0.000875691 
 758 |0.000879273 
 759 |0.000861564 
 760 |0.00088471 
 761 |0.000889972 
 762 |0.000893325 
 763 |0.00089707 
 764 |0.00089448 
 765 |0.000890975 
 766 |0.000883875 
 767 |0.00088232 
 768 |0.000865842 
 769 |0.000879557 
 770 |0.000859324 
 771 |0.000858363 
 772 |0.000773099 
 773 |0.000771417 
 774 |0.000784502 
 775 |0.000792199 
 776 |0.000778774 
 777 |0.000796949 
 778 |0.000788877 
 779 |0.000778629 
 780 |0.000780504 
 781 |0.000787744 
 782 |0.000801785 
 783 |0.000781444 
 784 |0.000793859 
 785 |0.000787979 
 786 |0.000770089 
 787 |0.000786565 
 788 |0.000790334 
 789 |0.000790001 
 790 |0.000791273 
 791 |0.000784894 
 792 |0.000794536 
 793 |0.000796245 
 794 |0.000779392 
 795 |0.000789151 
 796 |0 
 797 |0 
 798 |0 
 799 |0 
 800 |0 
 801 |0 
 802 |0 
 803 |0 
 804 |0 
 805 |0 
 806 |0 
 807 |0 
 808 |0 
 809 |0 
 810 |0 
 811 |0 
 812 |0 
 813 |0 
 814 |0 
 815 |0 
 816 |0 
 817 |0 
 818 |0 
 819 |0 
 820 |0 
 821 |0 
 822 |0 
 823 |0 
 824 |0 
 825 |0 
 826 |0 
 827 |0 
 828 |0 
 829 |0 
 830 |0 
 831 |0 
 832 |0 
 833 |0 
 834 |0 
 835 |0 
 836 |0 
 837 |0 
 838 |0 
 839 |0 
 840 |0 
 841 |0 
 842 |0 
 843 |0 
 844 |0 
 845 |0 
 846 |0 
 847 |0 
 848 |0 
 849 |0 
 850 |0 
 851 |0 
 852 |0 
 853 |0 
 854 |0 
 855 |0 
 856 |0 
 857 |0 
 858 |0 
 859 |0 
 860 |0 
 861 |0 
 862 |0 
 863 |0 
 864 |0 
 865 |0 
 866 |0 
 867 |0 
 868 |0 
 869 |0 
 870 |0 
 871 |0 
 872 |0 
 873 |0 
 874 |0 
 875 |0 
 876 |0 
 877 |0 
 878 |0 
 879 |0 
 880 |0 
 881 |0 
 882 |0 
 883 |0 
 884 |0 
 885 |0 
 886 |0 
 887 |0 
 888 |0 
 889 |0 
 890 |0 
 891 |0 
 892 |0 
 893 |0 
 894 |0 
 895 |0 
 896 |0 
 897 |0 
 898 |0 
 899 |0 
 900 |0 
 901 |0 
 902 |0 
 903 |0 
 904 |0 
 905 |0 
 906 |0 
 907 |0 
 908 |0 
 909 |0 
 910 |0 
 911 |0 
 912 |0 
 913 |0 
 914 |0 

Now unfolding...
Iteration : 0
Chi^2 of change 262337
Iteration : 1
Chi^2 of change 15927.1
Iteration : 2
Chi^2 of change 3263.66
Iteration : 3
Chi^2 of change 1414.71
Iteration : 4
Chi^2 of change 787.29
Iteration : 5
Chi^2 of change 492.463
Iteration : 6
Chi^2 of change 333.374
Iteration : 7
Chi^2 of change 238.784
Iteration : 8
Chi^2 of change 178.24
Iteration : 9
Chi^2 of change 137.325
Iteration : 10
Chi^2 of change 108.549
Iteration : 11
Chi^2 of change 87.6887
Iteration : 12
Chi^2 of change 72.1994
Using response matrix priors
Calculating covariances due to number of measured events
Using response matrix priors
Using response matrix priors
Using response matrix priors
Using response matrix priors
Using response matrix priors
Using response matrix priors
Using response matrix priors
Using response matrix priors
Using response matrix priors
Using response matrix priors
Using response matrix priors
Using response matrix priors
Using response matrix priors
Using response matrix priors
Using response matrix priors
Using response matrix priors
Using response matrix priors
Using response matrix priors
Using response matrix priors
Using response matrix priors
Using response matrix priors
Using response matrix priors
Using response matrix priors
Using response matrix priors
Using response matrix priors
Using response matrix priors
Using response matrix priors
Using response matrix priors
Using response matrix priors
Using response matrix priors
Using response matrix priors
Using response matrix priors
Using response matrix priors
Using response matrix priors
Using response matrix priors
Using response matrix priors
Using response matrix priors
Using response matrix priors
Using response matrix priors
Using response matrix priors
Using response matrix priors
Using response matrix priors
Using response matrix priors
Using response matrix priors
Using response matrix priors
Using response matrix priors
Using response matrix priors
Using response matrix priors
Using response matrix priors
Using response matrix priors
Using response matrix priors
Using response matrix priors
Using response matrix priors
Using response matrix priors
Using response matrix priors
Using response matrix priors
Using response matrix priors
Using response matrix priors
Using response matrix priors
Using response matrix priors
Using response matrix priors
Using response matrix priors
Using response matrix priors
Using response matrix priors
Using response matrix priors
Using response matrix priors
Using response matrix priors
Using response matrix priors
Using response matrix priors
Using response matrix priors
Using response matrix priors
Using response matrix priors
Using response matrix priors
Using response matrix priors
Using response matrix priors
Using response matrix priors
Using response matrix priors
Using response matrix priors
Using response matrix priors
Using response matrix priors
Using response matrix priors
Using response matrix priors
Using response matrix priors
Using response matrix priors
Using response matrix priors
Using response matrix priors
Using response matrix priors
Using response matrix priors
Using response matrix priors
Using response matrix priors
Using response matrix priors
Using response matrix priors
Using response matrix priors
Using response matrix priors
Using response matrix priors
Using response matrix priors
Using response matrix priors
Using response matrix priors
Using response matrix priors
Using response matrix priors
Using response matrix priors
Using response matrix priors
Using response matrix priors
Using response matrix priors
Using response matrix priors
Using response matrix priors
Using response matrix priors
Using response matrix priors
Using response matrix priors
Using response matrix priors
Using response matrix priors
Using response matrix priors
Using response matrix priors
Using response matrix priors
Using response matrix priors
Using response matrix priors
Using response matrix priors
Using response matrix priors
Using response matrix priors
Using response matrix priors
Using response matrix priors
Using response matrix priors
Using response matrix priors
Using response matrix priors
Using response matrix priors
Using response matrix priors
Using response matrix priors
Using response matrix priors
Using response matrix priors
Using response matrix priors
Using response matrix priors
Using response matrix priors
Using response matrix priors
Using response matrix priors
Using response matrix priors
Using response matrix priors
Using response matrix priors
Using response matrix priors
Using response matrix priors
Using response matrix priors
Using response matrix priors
Using response matrix priors
Using response matrix priors
Using response matrix priors
Using response matrix priors
Using response matrix priors
Using response matrix priors
Using response matrix priors
Using response matrix priors
Using response matrix priors
Using response matrix priors
Using response matrix priors
Using response matrix priors
Using response matrix priors
Using response matrix priors
Using response matrix priors
Using response matrix priors
Using response matrix priors
Using response matrix priors
Using response matrix priors
Using response matrix priors
Using response matrix priors
Using response matrix priors
Using response matrix priors
Using response matrix priors
Using response matrix priors
Using response matrix priors
Using response matrix priors
Using response matrix priors
Using response matrix priors
Using response matrix priors
Using response matrix priors
Using response matrix priors
Using response matrix priors
Using response matrix priors
Using response matrix priors
Using response matrix priors
Using response matrix priors
Using response matrix priors
Using response matrix priors
Using response matrix priors
Using response matrix priors
Using response matrix priors
Using response matrix priors
Using response matrix priors
Using response matrix priors
Using response matrix priors
Using response matrix priors
Using response matrix priors
Using response matrix priors
Using response matrix priors
Using response matrix priors
Using response matrix priors
Using response matrix priors
Using response matrix priors
Using response matrix priors
Using response matrix priors
Using response matrix priors
Using response matrix priors
Using response matrix priors
Using response matrix priors
Using response matrix priors
Using response matrix priors
Using response matrix priors
Using response matrix priors
Using response matrix priors
Using response matrix priors
Using response matrix priors
Using response matrix priors
Using response matrix priors
Using response matrix priors
Using response matrix priors
Using response matrix priors
Using response matrix priors
Using response matrix priors
Using response matrix priors
Using response matrix priors
Using response matrix priors
Using response matrix priors
Using response matrix priors
Using response matrix priors
Using response matrix priors
Using response matrix priors
Using response matrix priors
Using response matrix priors
Using response matrix priors
Using response matrix priors
Using response matrix priors
Using response matrix priors
Using response matrix priors
Using response matrix priors
Using response matrix priors
Using response matrix priors
Using response matrix priors
Using response matrix priors
Using response matrix priors
Using response matrix priors
Using response matrix priors
Using response matrix priors
Using response matrix priors
Using response matrix priors
Using response matrix priors
Using response matrix priors
Using response matrix priors
Using response matrix priors
Using response matrix priors
Using response matrix priors
Using response matrix priors
Using response matrix priors
Using response matrix priors
Using response matrix priors
Using response matrix priors
Using response matrix priors
Using response matrix priors
Using response matrix priors
Using response matrix priors
Using response matrix priors
Using response matrix priors
Using response matrix priors
Using response matrix priors
Using response matrix priors
Using response matrix priors
Using response matrix priors
Using response matrix priors
Using response matrix priors
Using response matrix priors
Using response matrix priors
Using response matrix priors
Using response matrix priors
Using response matrix priors
Using response matrix priors
Using response matrix priors
Using response matrix priors
Using response matrix priors
Using response matrix priors
Using response matrix priors
Using response matrix priors
Using response matrix priors
Using response matrix priors
Using response matrix priors
Using response matrix priors
Using response matrix priors
Using response matrix priors
Using response matrix priors
Using response matrix priors
Using response matrix priors
Using response matrix priors
Using response matrix priors
Using response matrix priors
Using response matrix priors
Using response matrix priors
Using response matrix priors
Using response matrix priors
Using response matrix priors
Using response matrix priors
Using response matrix priors
Using response matrix priors
Using response matrix priors
Using response matrix priors
Using response matrix priors
Using response matrix priors
Using response matrix priors
Using response matrix priors
Using response matrix priors
Using response matrix priors
Using response matrix priors
Using response matrix priors
Using response matrix priors
Using response matrix priors
Using response matrix priors
Using response matrix priors
Using response matrix priors
Using response matrix priors
Using response matrix priors
Using response matrix priors
Using response matrix priors
Using response matrix priors
Using response matrix priors
Using response matrix priors
Using response matrix priors
Using response matrix priors
Using response matrix priors
Using response matrix priors
Using response matrix priors
Using response matrix priors
Using response matrix priors
Using response matrix priors
Using response matrix priors
Using response matrix priors
Using response matrix priors
Using response matrix priors
Using response matrix priors
Using response matrix priors
Using response matrix priors
Using response matrix priors
Using response matrix priors
Using response matrix priors
Using response matrix priors
Using response matrix priors
Using response matrix priors
Using response matrix priors
Using response matrix priors
Using response matrix priors
Using response matrix priors
Using response matrix priors
Using response matrix priors
Using response matrix priors
Using response matrix priors
Using response matrix priors
Using response matrix priors
Using response matrix priors
Using response matrix priors
Using response matrix priors
Using response matrix priors
Using response matrix priors
Using response matrix priors
Using response matrix priors
Using response matrix priors
Using response matrix priors
Using response matrix priors
Using response matrix priors
Using response matrix priors
Using response matrix priors
Using response matrix priors
Using response matrix priors
Using response matrix priors
Using response matrix priors
Using response matrix priors
Using response matrix priors
Using response matrix priors
Using response matrix priors
Using response matrix priors
Using response matrix priors
Using response matrix priors
Using response matrix priors
Using response matrix priors
Using response matrix priors
Using response matrix priors
Using response matrix priors
Using response matrix priors
Using response matrix priors
Using response matrix priors
Using response matrix priors
Using response matrix priors
Using response matrix priors
Using response matrix priors
Using response matrix priors
Using response matrix priors
Using response matrix priors
Using response matrix priors
Using response matrix priors
Using response matrix priors
Using response matrix priors
Using response matrix priors
Using response matrix priors
Using response matrix priors
Using response matrix priors
Using response matrix priors
Using response matrix priors
Using response matrix priors
Using response matrix priors
Using response matrix priors
Using response matrix priors
Using response matrix priors
Using response matrix priors
Using response matrix priors
Using response matrix priors
Using response matrix priors
Using response matrix priors
Using response matrix priors
Using response matrix priors
Using response matrix priors
Using response matrix priors
Using response matrix priors
Using response matrix priors
Using response matrix priors
Using response matrix priors
Using response matrix priors
Using response matrix priors
Using response matrix priors
Using response matrix priors
Using response matrix priors
Using response matrix priors
Using response matrix priors
Using response matrix priors
Using response matrix priors
Using response matrix priors
Using response matrix priors
Using response matrix priors
Using response matrix priors
Using response matrix priors
Using response matrix priors
Using response matrix priors
Using response matrix priors
Using response matrix priors
Using response matrix priors
Using response matrix priors
Using response matrix priors
Using response matrix priors
Using response matrix priors
Using response matrix priors
Using response matrix priors
Using response matrix priors
Using response matrix priors
Using response matrix priors
Using response matrix priors
Using response matrix priors
Using response matrix priors
Using response matrix priors
Using response matrix priors
Using response matrix priors
Using response matrix priors
Using response matrix priors
Using response matrix priors
Using response matrix priors
Using response matrix priors
Using response matrix priors
Using response matrix priors
Using response matrix priors
Using response matrix priors
Using response matrix priors
Using response matrix priors
Using response matrix priors
Using response matrix priors
Using response matrix priors
Using response matrix priors
Using response matrix priors
Using response matrix priors
Using response matrix priors
Using response matrix priors
Using response matrix priors
Using response matrix priors
Using response matrix priors
Using response matrix priors
Using response matrix priors
Using response matrix priors
Using response matrix priors
Using response matrix priors
Using response matrix priors
Using response matrix priors
Using response matrix priors
Using response matrix priors
Using response matrix priors
Using response matrix priors
Using response matrix priors
Using response matrix priors
Using response matrix priors
Using response matrix priors
Using response matrix priors
Using response matrix priors
Using response matrix priors
Using response matrix priors
Using response matrix priors
Using response matrix priors
Using response matrix priors
Using response matrix priors
Using response matrix priors
Using response matrix priors
Using response matrix priors
TH1D::Sumw2:0: RuntimeWarning: Sum of squares of weights structure already created
Info in <TCanvas::MakeDefCanvas>:  created default TCanvas with name c1

Adding the following extra title to the histograms:
	rho0 Normalized Run



[1m[92m[43m

    Will be Fitting Plots    
[0m



[1m[94mSmear option selected is: Smear[0m


[91mRunning Bin 'All' for Q2-y Bins by default (will skip at end)[0m


Running for Q2-xB/Q2-y Bins: '7', '0'
[1m
Starting RG-A SIDIS Analysis
[0m

Started running on [1m5-26-2026[0m at [1m01:42 a.m.[0m

The total number of histograms available for the[1mRDataFrame[0m in '[1m[94m/w/hallb-scshelf2102/clas12/richcap/SIDIS_Analysis/Histo_Files_ROOT/DataFrames/hadd_ROOT_files_From_using_RDataFrames/SIDIS_epip_Response_Matrices_from_RDataFrames_Only_3D_rho0_Normalized_Response_Matrices_Final_Analysis_Iterations_I0_All.root[0m' is [1m504[0m


[1mDone Loading RDataFrame files...
[0m
[1m[94m

Starting Unfolding Procedures...
[0m
Bin 1 is not in Q2_y_Bin_List = ['7', '0']
Bin 10 is not in Q2_y_Bin_List = ['7', '0']
Bin 11 is not in Q2_y_Bin_List = ['7', '0']
Bin 12 is not in Q2_y_Bin_List = ['7', '0']
Bin 13 is not in Q2_y_Bin_List = ['7', '0']
Bin 14 is not in Q2_y_Bin_List = ['7', '0']
Bin 15 is not in Q2_y_Bin_List = ['7', '0']
Bin 16 is not in Q2_y_Bin_List = ['7', '0']
Bin 17 is not in Q2_y_Bin_List = ['7', '0']
Bin 2 is not in Q2_y_Bin_List = ['7', '0']
Bin 3 is not in Q2_y_Bin_List = ['7', '0']
Bin 4 is not in Q2_y_Bin_List = ['7', '0']
Bin 5 is not in Q2_y_Bin_List = ['7', '0']
Bin 6 is not in Q2_y_Bin_List = ['7', '0']

Unfolding: ((Histo-Group='Response_Matrix_Normal'), (Data-Type='DataFrame_Type'), (Data-Cut='cut_Complete_SIDIS'), (Smear-Type='smear'), (Binning-Type='Y_bin'-[Q2-y-Bin=7, z-PT-Bin=All]), (Var-D1='MultiDim_z_pT_Bin_Y_bin_phi_t'-[NumBins=915, MinBin=-1.5, MaxBin=913.5]), (Var-D2='z_pT_Bin_Y_bin_smeared'-[NumBins=38, MinBin=-0.5, MaxBin=37.5]))
[1m[92mAdding the 'lundrho' files to the 'MC_REC_1D_initial' histogram[0m
[1m[92mAdding the 'lundrho' files to the 'Response_2D_initial' histogram[0m
[1m[92mAdding the 'lundrho' files to the 'MC_GEN_1D_initial' histogram[0m
[1m[92mAdding the 'lundrho' files to the 'MC_BGS_1D_initial' histogram[0m
[1m[96mStarting [4m[95mBin-by-Bin[0m[1m[96m Unfolding Procedure...[0m
	[1mAcceptance Correction of Histogram:[0m
	((Histo-Group='Response_Matrix_Normal_1D'), (Data-Cut='cut_Complete_SIDIS'), (Smear-Type='smear'), (Binning-Type='Y_bin'-[Q2-y-Bin=7, z-PT-Bin=All]), (Var-D1='MultiDim_z_pT_Bin_Y_bin_phi_t'))
[91m
Bin 507 had a very low acceptance...
	(cut_criteria = 0.0005)
	(Bin_Content  = 0.00017887634323040017)[0m
[91m
Bin 603 had a very low acceptance...
	(cut_criteria = 0.0005)
	(Bin_Content  = 0.00029387434969478204)[0m
[1m[96mFinished [95mBin-by-Bin[0m[1m[96m Unfolding Procedure.[0m

Current Time: [1m01:42 a.m.[0m
Time Elapsed Up To Now:
0 Day(s), 0 Hour(s), 0 Minute(s), and 0 Second(s).

[1m[96mStarting [4m[92mRooUnfold[0m[1m[96m Unfolding Procedure...[0m
	[1mUnfolding Histogram:[0m
	((Histo-Group='Response_Matrix_Normal'), (Data-Cut='cut_Complete_SIDIS'), (Smear-Type='smear'), (Binning-Type='Y_bin'-[Q2-y-Bin=7, z-PT-Bin=All]), (Var-D1='MultiDim_z_pT_Bin_Y_bin_phi_t'))
	[96mUsing [1m[92mRooUnfold (Bin-by-Bin)[0m[96m Unfolding Procedure...[0m
[1m[96mFinished [92mRooUnfold (Bin-by-Bin)[0m[1m[96m Unfolding Procedure.
[0m
[1m[96mStarting [4m[92mRooUnfold[0m[1m[96m Unfolding Procedure...[0m

	[1mBegan Unfolding Histogram:[0m
	((Histo-Group='Response_Matrix_Normal'), (Data-Cut='cut_Complete_SIDIS'), (Smear-Type='smear'), (Binning-Type='Y_bin'-[Q2-y-Bin=7, z-PT-Bin=All]), (Var-D1='MultiDim_z_pT_Bin_Y_bin_phi_t'))
Time Elapsed Up To Now: 0 Day(s), 0 Hour(s), 0 Minute(s), and 2 Second(s). 
	[96mUsing [1m[92mRooUnfold (Bayesian)[0m[96m method to unfold...[0m

Current Time: [1m03:46 a.m.[0m
Time Elapsed Up To Now:
0 Day(s), 2 Hour(s), 3 Minute(s), and 21 Second(s).

[1m[96mFinished [92mRooUnfold (Bayesian)[0m[1m[96m Unfolding Procedure.
[0m

[94mRunning Multi3D_Slice(...)[0m


[94mRunning Multi3D_Slice(...)[0m


[94mRunning Multi3D_Slice(...)[0m


[94mRunning Multi3D_Slice(...)[0m


[94mRunning Multi3D_Slice(...)[0m


[94mRunning Multi3D_Slice(...)[0m


[94mRunning Multi3D_Slice(...)[0m

Bin 8 is not in Q2_y_Bin_List = ['7', '0']
Bin 9 is not in Q2_y_Bin_List = ['7', '0']

Unfolding: ((Histo-Group='Response_Matrix_Normal'), (Data-Type='DataFrame_Type'), (Data-Cut='cut_Complete_SIDIS'), (Smear-Type='smear'), (Binning-Type='Y_bin'-[Q2-y-Bin=All, z-PT-Bin=All]), (Var-D1='MultiDim_z_pT_Bin_Y_bin_phi_t'-[NumBins=915, MinBin=-1.5, MaxBin=913.5]), (Var-D2='z_pT_Bin_Y_bin_smeared'-[NumBins=38, MinBin=-0.5, MaxBin=37.5]))
[1m[92mAdding the 'lundrho' files to the 'MC_REC_1D_initial' histogram[0m
[1m[92mAdding the 'lundrho' files to the 'Response_2D_initial' histogram[0m
[1m[92mAdding the 'lundrho' files to the 'MC_GEN_1D_initial' histogram[0m
[1m[92mAdding the 'lundrho' files to the 'MC_BGS_1D_initial' histogram[0m
Total: 2


Counting Total Number of/Saving collected histograms...
[1m[94mSaving to: [1m[92m"Unfolded_Parallel_SIDIS_epip_Response_Matrices_from_RDataFrames_Only_3D_rho0_Normalized_Response_Matrices_Final_Analysis_Iterations_I0_All.root"[0m

[1m[96mDone Saving![0m

Final Count = 756


Current Time: [1m03:48 a.m.[0m
Time Elapsed Up To Now:
0 Day(s), 2 Hour(s), 5 Minute(s), and 45 Second(s).

[94mNormal Unfolding Fits Already Included? -> [1m[92mTrue[0m
[94mRC Unfolding Fits Already Included?     -> [91m[1mFalse[0m
[1mNot running BC... Did not check for BC fits.[0m

[1m[94mMaking the fits...[0m


[1mLoaded `[92mFind_RC_Fit_Params[0m[1m` and `[92mApply_RC_Factor_Corrections[0m[1m` for applying RC Corrections...[0m

Fitting for: [1m(MultiDim_3D_Histo)_(Bayesian)_(SMEAR=Smear)_(Q2_y_Bin_7)_(z_pT_Bin_1)_(MultiDim_z_pT_Bin_Y_bin_phi_t)[0m (Histo Num   519)
Fitting for: [1m(MultiDim_3D_Histo)_(Bayesian)_(SMEAR=Smear)_(Q2_y_Bin_7)_(z_pT_Bin_2)_(MultiDim_z_pT_Bin_Y_bin_phi_t)[0m (Histo Num   520)
Fitting for: [1m(MultiDim_3D_Histo)_(Bayesian)_(SMEAR=Smear)_(Q2_y_Bin_7)_(z_pT_Bin_3)_(MultiDim_z_pT_Bin_Y_bin_phi_t)[0m (Histo Num   521)
Fitting for: [1m(MultiDim_3D_Histo)_(Bayesian)_(SMEAR=Smear)_(Q2_y_Bin_7)_(z_pT_Bin_4)_(MultiDim_z_pT_Bin_Y_bin_phi_t)[0m (Histo Num   522)
Fitting for: [1m(MultiDim_3D_Histo)_(Bayesian)_(SMEAR=Smear)_(Q2_y_Bin_7)_(z_pT_Bin_5)_(MultiDim_z_pT_Bin_Y_bin_phi_t)[0m (Histo Num   523)
Fitting for: [1m(MultiDim_3D_Histo)_(Bayesian)_(SMEAR=Smear)_(Q2_y_Bin_7)_(z_pT_Bin_7)_(MultiDim_z_pT_Bin_Y_bin_phi_t)[0m (Histo Num   524)
Fitting for: [1m(MultiDim_3D_Histo)_(Bayesian)_(SMEAR=Smear)_(Q2_y_Bin_7)_(z_pT_Bin_8)_(MultiDim_z_pT_Bin_Y_bin_phi_t)[0m (Histo Num   525)
Fitting for: [1m(MultiDim_3D_Histo)_(Bayesian)_(SMEAR=Smear)_(Q2_y_Bin_7)_(z_pT_Bin_9)_(MultiDim_z_pT_Bin_Y_bin_phi_t)[0m (Histo Num   526)
Fitting for: [1m(MultiDim_3D_Histo)_(Bayesian)_(SMEAR=Smear)_(Q2_y_Bin_7)_(z_pT_Bin_10)_(MultiDim_z_pT_Bin_Y_bin_phi_t)[0m (Histo Num   527)
Fitting for: [1m(MultiDim_3D_Histo)_(Bayesian)_(SMEAR=Smear)_(Q2_y_Bin_7)_(z_pT_Bin_11)_(MultiDim_z_pT_Bin_Y_bin_phi_t)[0m (Histo Num   528)
Fitting for: [1m(MultiDim_3D_Histo)_(Bayesian)_(SMEAR=Smear)_(Q2_y_Bin_7)_(z_pT_Bin_12)_(MultiDim_z_pT_Bin_Y_bin_phi_t)[0m (Histo Num   529)
Fitting for: [1m(MultiDim_3D_Histo)_(Bayesian)_(SMEAR=Smear)_(Q2_y_Bin_7)_(z_pT_Bin_13)_(MultiDim_z_pT_Bin_Y_bin_phi_t)[0m (Histo Num   530)
Fitting for: [1m(MultiDim_3D_Histo)_(Bayesian)_(SMEAR=Smear)_(Q2_y_Bin_7)_(z_pT_Bin_14)_(MultiDim_z_pT_Bin_Y_bin_phi_t)[0m (Histo Num   531)
Fitting for: [1m(MultiDim_3D_Histo)_(Bayesian)_(SMEAR=Smear)_(Q2_y_Bin_7)_(z_pT_Bin_15)_(MultiDim_z_pT_Bin_Y_bin_phi_t)[0m (Histo Num   532)
Fitting for: [1m(MultiDim_3D_Histo)_(Bayesian)_(SMEAR=Smear)_(Q2_y_Bin_7)_(z_pT_Bin_16)_(MultiDim_z_pT_Bin_Y_bin_phi_t)[0m (Histo Num   533)
Fitting for: [1m(MultiDim_3D_Histo)_(Bayesian)_(SMEAR=Smear)_(Q2_y_Bin_7)_(z_pT_Bin_17)_(MultiDim_z_pT_Bin_Y_bin_phi_t)[0m (Histo Num   534)
Fitting for: [1m(MultiDim_3D_Histo)_(Bayesian)_(SMEAR=Smear)_(Q2_y_Bin_7)_(z_pT_Bin_18)_(MultiDim_z_pT_Bin_Y_bin_phi_t)[0m (Histo Num   535)
Fitting for: [1m(MultiDim_3D_Histo)_(Bayesian)_(SMEAR=Smear)_(Q2_y_Bin_7)_(z_pT_Bin_19)_(MultiDim_z_pT_Bin_Y_bin_phi_t)[0m (Histo Num   536)
Fitting for: [1m(MultiDim_3D_Histo)_(Bayesian)_(SMEAR=Smear)_(Q2_y_Bin_7)_(z_pT_Bin_20)_(MultiDim_z_pT_Bin_Y_bin_phi_t)[0m (Histo Num   537)
Fitting for: [1m(MultiDim_3D_Histo)_(Bayesian)_(SMEAR=Smear)_(Q2_y_Bin_7)_(z_pT_Bin_21)_(MultiDim_z_pT_Bin_Y_bin_phi_t)[0m (Histo Num   538)
Fitting for: [1m(MultiDim_3D_Histo)_(Bayesian)_(SMEAR=Smear)_(Q2_y_Bin_7)_(z_pT_Bin_22)_(MultiDim_z_pT_Bin_Y_bin_phi_t)[0m (Histo Num   539)
Fitting for: [1m(MultiDim_3D_Histo)_(Bayesian)_(SMEAR=Smear)_(Q2_y_Bin_7)_(z_pT_Bin_23)_(MultiDim_z_pT_Bin_Y_bin_phi_t)[0m (Histo Num   540)
Fitting for: [1m(MultiDim_3D_Histo)_(Bayesian)_(SMEAR=Smear)_(Q2_y_Bin_7)_(z_pT_Bin_24)_(MultiDim_z_pT_Bin_Y_bin_phi_t)[0m (Histo Num   541)
Fitting for: [1m(MultiDim_3D_Histo)_(Bayesian)_(SMEAR=Smear)_(Q2_y_Bin_7)_(z_pT_Bin_25)_(MultiDim_z_pT_Bin_Y_bin_phi_t)[0m (Histo Num   542)
Fitting for: [1m(MultiDim_3D_Histo)_(Bayesian)_(SMEAR=Smear)_(Q2_y_Bin_7)_(z_pT_Bin_26)_(MultiDim_z_pT_Bin_Y_bin_phi_t)[0m (Histo Num   543)
Fitting for: [1m(MultiDim_3D_Histo)_(Bayesian)_(SMEAR=Smear)_(Q2_y_Bin_7)_(z_pT_Bin_27)_(MultiDim_z_pT_Bin_Y_bin_phi_t)[0m (Histo Num   544)
Fitting for: [1m(MultiDim_3D_Histo)_(Bayesian)_(SMEAR=Smear)_(Q2_y_Bin_7)_(z_pT_Bin_28)_(MultiDim_z_pT_Bin_Y_bin_phi_t)[0m (Histo Num   545)
Fitting for: [1m(MultiDim_3D_Histo)_(Bayesian)_(SMEAR=Smear)_(Q2_y_Bin_7)_(z_pT_Bin_29)_(MultiDim_z_pT_Bin_Y_bin_phi_t)[0m (Histo Num   546)
Fitting for: [1m(MultiDim_3D_Histo)_(Bayesian)_(SMEAR=Smear)_(Q2_y_Bin_7)_(z_pT_Bin_31)_(MultiDim_z_pT_Bin_Y_bin_phi_t)[0m (Histo Num   547)
Fitting for: [1m(MultiDim_3D_Histo)_(Bayesian)_(SMEAR=Smear)_(Q2_y_Bin_7)_(z_pT_Bin_32)_(MultiDim_z_pT_Bin_Y_bin_phi_t)[0m (Histo Num   548)
Fitting for: [1m(MultiDim_3D_Histo)_(Bayesian)_(SMEAR=Smear)_(Q2_y_Bin_7)_(z_pT_Bin_33)_(MultiDim_z_pT_Bin_Y_bin_phi_t)[0m (Histo Num   549)
Fitting for: [1m(MultiDim_3D_Histo)_(Bayesian)_(SMEAR=Smear)_(Q2_y_Bin_7)_(z_pT_Bin_34)_(MultiDim_z_pT_Bin_Y_bin_phi_t)[0m (Histo Num   550)
Fitting for: [1m(MultiDim_3D_Histo)_(Bayesian)_(SMEAR=Smear)_(Q2_y_Bin_7)_(z_pT_Bin_35)_(MultiDim_z_pT_Bin_Y_bin_phi_t)[0m (Histo Num   551)

[1m[94mFit/Added [0m[1m33[1m[94m Histograms[0m[94m
Adding to Main List...[0m

[1m[92mLength of Main List of Histograms (After adding Fits): [0m[1m954[0m


Current Time: [1m03:48 a.m.[0m
Time Elapsed Up To Now:
0 Day(s), 2 Hour(s), 5 Minute(s), and 51 Second(s).



Counting Total Number of/Saving collected histograms...
[1m[94mSaving to: [1m[92m"Unfolded_Parallel_SIDIS_epip_Response_Matrices_from_RDataFrames_Only_3D_rho0_Normalized_Response_Matrices_Final_Analysis_Iterations_I0_All.root"[0m

[1m[96mDone Saving![0m

Final Count = 954


Current Time: [1m03:52 a.m.[0m
Time Elapsed Up To Now:
0 Day(s), 2 Hour(s), 9 Minute(s), and 27 Second(s).


[1m[94mSaved Fit Parameters JSON as [1m[92mFit_Pars_from_Simple_RooUnfold_SelfContained_using_"Unfolded_Parallel_SIDIS_epip_Response_Matrices_from_RDataFrames_Only_3D_rho0_Normalized_Response_Matrices_Final_Analysis_Iterations_I0_All".json[1m[94m (total entries now = 3)[0m

[1m[96mDone Saving JSON File.[0m
Time Elapsed Up To Now: 0 Day(s), 2 Hour(s), 9 Minute(s), and 27 Second(s). 

[1m[94mSaved Fit Parameters JSON as [1m[92mFit_Pars_from_Simple_RooUnfold_SelfContained_using_"Unfolded_Parallel_SIDIS_epip_Response_Matrices_from_RDataFrames_Only_3D_rho0_Normalized_Response_Matrices_Final_Analysis_Iterations_I0_All".json[1m[94m (total entries now = 3)[0m

[1m[96mDone Saving JSON File.[0m
Time Elapsed Up To Now: 0 Day(s), 2 Hour(s), 9 Minute(s), and 27 Second(s). 




[1m[43mEMAIL MESSAGE TO SEND:[0m


The 'Simple_RooUnfold_SelfContained.py' script has finished running.
Started running on [1m5-26-2026[0m at [1m01:42 a.m.[0m

Input File:
	/w/hallb-scshelf2102/clas12/richcap/SIDIS_Analysis/Histo_Files_ROOT/DataFrames/hadd_ROOT_files_From_using_RDataFrames/SIDIS_epip_Response_Matrices_from_RDataFrames_Only_3D_rho0_Normalized_Response_Matrices_Final_Analysis_Iterations_I0_All.root
Output File:
	"Unfolded_Parallel_SIDIS_epip_Response_Matrices_from_RDataFrames_Only_3D_rho0_Normalized_Response_Matrices_Final_Analysis_Iterations_I0_All.root"

Ran in parallel using the histograms in the ROOT files from the newest Final_Analysis_Iterations files. Ran with Harut's exclusive 'lundrho' rho0 events subtracted as background after proper normalization. Saving the fits to the new JSON file formats. Ran in tmuxSIDIS_1.

	[1mBegan Unfolding Histogram:[0m
	((Histo-Group='Response_Matrix_Normal'), (Data-Cut='cut_Complete_SIDIS'), (Smear-Type='smear'), (Binning-Type='Y_bin'-[Q2-y-Bin=7, z-PT-Bin=All]), (Var-D1='MultiDim_z_pT_Bin_Y_bin_phi_t'))
Time Elapsed Up To Now: 0 Day(s), 0 Hour(s), 0 Minute(s), and 2 Second(s). 
	Finished Unfolding the histogram at:
Time Elapsed Up To Now: 0 Day(s), 2 Hour(s), 3 Minute(s), and 21 Second(s). 
[1m[96mDone Saving JSON File.[0m
Time Elapsed Up To Now: 0 Day(s), 2 Hour(s), 9 Minute(s), and 27 Second(s). 
[1m[96mDone Saving JSON File.[0m
Time Elapsed Up To Now: 0 Day(s), 2 Hour(s), 9 Minute(s), and 27 Second(s). 

Arguments:
--unfolding_3D (3D Unfolding Only)                  --> True
--run_sectors                                       --> False
--sectors_to_unfold                                 --> None
--allow_other_variables (for unfolding)             --> False
--simulation (unfolding synthetic data)             --> False
--modulation (data unfolded with modulated MC)      --> False
--closure  (modulated MC unfolded with itself)      --> False
--weighed_acceptance (use acceptance weights only)  --> False
--test                                              --> False
--verbose                                           --> False
--fit                                               --> True
--remake_fit                                        --> False
--CrossSection_Norm                                 --> False
--tag_proton                                        --> False
--cut_proton                                        --> False
--Common_Int_Bins                                   --> False
--bayes_iterations                                  --> 13
--Num_Toys                                          --> 500
--Unfold_Methods                                    --> ['Bayesian']
--title                                             --> 'rho0 Normalized Run'
--EvGen                                             --> False
--Min_Allowed_Acceptance_Cut                        --> 0.0005
--Use_TTree                                         --> False
--Apply_RC                                          --> True
--Apply_BC                                          --> False
--Add_Uncertainties                                 --> False
--save_json                                         --> True
--old_json                                          --> False
--pass_version                                      --> 'Pass 2'
--smearing_options                                  --> 'smear'
--Q2_y_Bin_List                                     --> ['7', '0']
--Run_5D_Unfold                                     --> False
--run_sec_unfold                                    --> False
--json_name                                         --> 'Fit_Pars_from_Simple_RooUnfold_SelfContained_using_"Unfolded_Parallel_SIDIS_epip_Response_Matrices_from_RDataFrames_Only_3D_rho0_Normalized_Response_Matrices_Final_Analysis_Iterations_I0_All".json'


The time that this code finished is [1m03:52 a.m.[0m
The total time the code took to run is:
0 Day(s), 2 Hour(s), 9 Minute(s), and 27 Second(s).
Saved 954 Histograms...
Rate = 0.12 Histograms/Seconds
    

[1m[92m[43m
    	                                   	   
    	This code has now finished running.	   
    	                                   	   [0m
    
    
