Full command: ./Simple_RooUnfold_SelfContained.py -r "FULL_Unfolded_Histos_From_Simple_RooUnfold_SelfContained.root" -smear -u3D -e -em "Running default Unfolding as background parallel jobs. Ran in tmuxUnfold (in case there were any local issues)" 4
Subtract 29179.2 fakes from measured distribution
Using response matrix priors
Priors:

Vector (915)  is as follows

     |        1  |
------------------
   0 |0 
   1 |0.700849 
   2 |0.00020884 
   3 |0.000209414 
   4 |0.000209962 
   5 |0.000207697 
   6 |0.000208294 
   7 |0.00020787 
   8 |0.000207857 
   9 |0.000209685 
  10 |0.00020818 
  11 |0.000209502 
  12 |0.000208441 
  13 |0.00020974 
  14 |0.000208712 
  15 |0.000207867 
  16 |0.000209241 
  17 |0.000208079 
  18 |0.000207808 
  19 |0.000208918 
  20 |0.000209923 
  21 |0.000208206 
  22 |0.000208973 
  23 |0.000209636 
  24 |0.000209688 
  25 |0.000209192 
  26 |0.000198884 
  27 |0.000198437 
  28 |0.000197418 
  29 |0.000197552 
  30 |0.000197422 
  31 |0.000197817 
  32 |0.000197608 
  33 |0.000199527 
  34 |0.000198597 
  35 |0.000197317 
  36 |0.000200039 
  37 |0.000198153 
  38 |0.000199028 
  39 |0.000198809 
  40 |0.000198169 
  41 |0.000200346 
  42 |0.000198087 
  43 |0.000198969 
  44 |0.000199331 
  45 |0.000197379 
  46 |0.000198091 
  47 |0.000196811 
  48 |0.000199285 
  49 |0.000198143 
  50 |0.000203894 
  51 |0.000202935 
  52 |0.000203369 
  53 |0.000202804 
  54 |0.00020378 
  55 |0.000203375 
  56 |0.000202889 
  57 |0.000202207 
  58 |0.00020235 
  59 |0.000203764 
  60 |0.000201688 
  61 |0.00020316 
  62 |0.000201156 
  63 |0.00020175 
  64 |0.000201995 
  65 |0.000203225 
  66 |0.000202011 
  67 |0.000203085 
  68 |0.000203865 
  69 |0.000202563 
  70 |0.00020221 
  71 |0.000203604 
  72 |0.00020318 
  73 |0.000201603 
  74 |0.000186692 
  75 |0.000185145 
  76 |0.000183134 
  77 |0.000185299 
  78 |0.000185677 
  79 |0.000184763 
  80 |0.000185233 
  81 |0.000183921 
  82 |0.000185135 
  83 |0.00018444 
  84 |0.000185227 
  85 |0.000183729 
  86 |0.000184336 
  87 |0.000185429 
  88 |0.000186327 
  89 |0.000185707 
  90 |0.000184525 
  91 |0.000184277 
  92 |0.000186033 
  93 |0.000185883 
  94 |0.000185321 
  95 |0.000185837 
  96 |0.000186865 
  97 |0.000184695 
  98 |0.000134179 
  99 |0.000135207 
 100 |0.000134858 
 101 |0.000133634 
 102 |0.000135302 
 103 |0.000134385 
 104 |0.000134355 
 105 |0.000135305 
 106 |0.0001338 
 107 |0.000134182 
 108 |0.000134691 
 109 |0.00013493 
 110 |0.000134567 
 111 |0.000133931 
 112 |0.000135015 
 113 |0.000135047 
 114 |0.000134316 
 115 |0.000134584 
 116 |0.000134515 
 117 |0.000134287 
 118 |0.000134708 
 119 |0.000134323 
 120 |0.000134773 
 121 |0.000134815 
 122 |0 
 123 |0.000366919 
 124 |0.000366866 
 125 |0.000367359 
 126 |0.000368391 
 127 |0.000366621 
 128 |0.000368041 
 129 |0.000366661 
 130 |0.000366086 
 131 |0.000364235 
 132 |0.000367199 
 133 |0.00036714 
 134 |0.000369543 
 135 |0.000368596 
 136 |0.000367594 
 137 |0.000364245 
 138 |0.000366112 
 139 |0.000365195 
 140 |0.00036683 
 141 |0.000366625 
 142 |0.000367219 
 143 |0.000366977 
 144 |0.000366455 
 145 |0.000366559 
 146 |0.000366439 
 147 |0.00035491 
 148 |0.000354665 
 149 |0.000357217 
 150 |0.000354547 
 151 |0.000353627 
 152 |0.000356623 
 153 |0.000355223 
 154 |0.000355011 
 155 |0.000354384 
 156 |0.000354107 
 157 |0.000355977 
 158 |0.000356614 
 159 |0.000353444 
 160 |0.000355223 
 161 |0.000354423 
 162 |0.000353996 
 163 |0.000356705 
 164 |0.000356091 
 165 |0.000355834 
 166 |0.000352821 
 167 |0.000356179 
 168 |0.000354009 
 169 |0.00035443 
 170 |0.000355252 
 171 |0.000371743 
 172 |0.00037157 
 173 |0.00037328 
 174 |0.000372435 
 175 |0.000372487 
 176 |0.000370408 
 177 |0.000372435 
 178 |0.000372716 
 179 |0.000373372 
 180 |0.000372056 
 181 |0.000373195 
 182 |0.00037221 
 183 |0.000371243 
 184 |0.000371531 
 185 |0.000372781 
 186 |0.000372778 
 187 |0.000371351 
 188 |0.000372921 
 189 |0.000373326 
 190 |0.000370692 
 191 |0.000371557 
 192 |0.000372347 
 193 |0.000371955 
 194 |0.000370721 
 195 |0.00035647 
 196 |0.000358543 
 197 |0.00035805 
 198 |0.000355174 
 199 |0.000354972 
 200 |0.000357593 
 201 |0.000356003 
 202 |0.000357593 
 203 |0.000356646 
 204 |0.000357022 
 205 |0.00035771 
 206 |0.000358112 
 207 |0.000357926 
 208 |0.000360508 
 209 |0.000357939 
 210 |0.000355184 
 211 |0.000357413 
 212 |0.000358735 
 213 |0.000356823 
 214 |0.000357939 
 215 |0.000356209 
 216 |0.00035755 
 217 |0.000358216 
 218 |0.000357554 
 219 |0.000308735 
 220 |0.000310309 
 221 |0.000309395 
 222 |0.000309085 
 223 |0.00030819 
 224 |0.000307198 
 225 |0.000308517 
 226 |0.000309264 
 227 |0.000308125 
 228 |0.000308696 
 229 |0.000310834 
 230 |0.000308787 
 231 |0.000307247 
 232 |0.000307381 
 233 |0.00030725 
 234 |0.000307606 
 235 |0.000309091 
 236 |0.000309672 
 237 |0.000308761 
 238 |0.000307942 
 239 |0.000308481 
 240 |0.000307978 
 241 |0.000309927 
 242 |0.000307237 
 243 |0.00015062 
 244 |0.000152954 
 245 |0.000151959 
 246 |0.000151724 
 247 |0.000152758 
 248 |0.000150748 
 249 |0.000152579 
 250 |0.000151688 
 251 |0.000153597 
 252 |0.000152912 
 253 |0.000152556 
 254 |0.000153274 
 255 |0.000151747 
 256 |0.000151218 
 257 |0.000151547 
 258 |0.000150986 
 259 |0.000153388 
 260 |0.000151139 
 261 |0.000152964 
 262 |0.000150369 
 263 |0.000151884 
 264 |0.000151763 
 265 |0.000151276 
 266 |0.000151528 
 267 |0.000411458 
 268 |0.000412078 
 269 |0.00041103 
 270 |0.000411066 
 271 |0.000412851 
 272 |0.000410697 
 273 |0.000412035 
 274 |0.000412068 
 275 |0.000412251 
 276 |0.000410586 
 277 |0.000411941 
 278 |0.000412685 
 279 |0.000413034 
 280 |0.00040883 
 281 |0.000412372 
 282 |0.000412009 
 283 |0.000407009 
 284 |0.000411787 
 285 |0.000412927 
 286 |0.000412019 
 287 |0.000412362 
 288 |0.000411908 
 289 |0.000413625 
 290 |0.000413462 
 291 |0.000406996 
 292 |0.000406196 
 293 |0.000410201 
 294 |0.000407364 
 295 |0.000405899 
 296 |0.00040884 
 297 |0.000408389 
 298 |0.000409261 
 299 |0.000410061 
 300 |0.00040867 
 301 |0.000408716 
 302 |0.0004082 
 303 |0.000409669 
 304 |0.000409411 
 305 |0.000408442 
 306 |0.000408432 
 307 |0.000410116 
 308 |0.000407002 
 309 |0.00040897 
 310 |0.000408416 
 311 |0.000408683 
 312 |0.000409414 
 313 |0.000409042 
 314 |0.000407276 
 315 |0.000441041 
 316 |0.00044263 
 317 |0.00044312 
 318 |0.000439754 
 319 |0.00044154 
 320 |0.00044152 
 321 |0.000439748 
 322 |0.000441488 
 323 |0.000441174 
 324 |0.000440531 
 325 |0.000439647 
 326 |0.000440884 
 327 |0.000441576 
 328 |0.000442245 
 329 |0.00044199 
 330 |0.000443946 
 331 |0.000439242 
 332 |0.000439608 
 333 |0.000438034 
 334 |0.000442026 
 335 |0.000440257 
 336 |0.000439395 
 337 |0.000442036 
 338 |0.000439043 
 339 |0.000433637 
 340 |0.000434702 
 341 |0.000433034 
 342 |0.00043477 
 343 |0.00043493 
 344 |0.000434773 
 345 |0.000434862 
 346 |0.000434281 
 347 |0.000435051 
 348 |0.000433797 
 349 |0.0004346 
 350 |0.000434662 
 351 |0.000436441 
 352 |0.000435181 
 353 |0.00043462 
 354 |0.00043446 
 355 |0.000435097 
 356 |0.000434003 
 357 |0.000433549 
 358 |0.000436441 
 359 |0.000432289 
 360 |0.00043838 
 361 |0.00043429 
 362 |0.000433957 
 363 |0.000371508 
 364 |0.000372915 
 365 |0.000373032 
 366 |0.000373186 
 367 |0.000372497 
 368 |0.000372559 
 369 |0.00037141 
 370 |0.000372223 
 371 |0.000371292 
 372 |0.000371237 
 373 |0.000371139 
 374 |0.000372934 
 375 |0.000371932 
 376 |0.000374015 
 377 |0.000370473 
 378 |0.0003717 
 379 |0.000372007 
 380 |0.000372934 
 381 |0.000370189 
 382 |0.000372973 
 383 |0.000372856 
 384 |0.000370796 
 385 |0.000372324 
 386 |0.000371469 
 387 |0.000203222 
 388 |0.000202073 
 389 |0.000202412 
 390 |0.000200813 
 391 |0.000201786 
 392 |0.000201743 
 393 |0.000202321 
 394 |0.000202308 
 395 |0.000201711 
 396 |0.000202164 
 397 |0.000203108 
 398 |0.00020252 
 399 |0.000203712 
 400 |0.000202102 
 401 |0.000202393 
 402 |0.000202191 
 403 |0.000202099 
 404 |0.000200777 
 405 |0.000201707 
 406 |0.000202442 
 407 |0.000203441 
 408 |0.000202285 
 409 |0.000202579 
 410 |0.000202853 
 411 |0.000366034 
 412 |0.000367274 
 413 |0.000364807 
 414 |0.000363968 
 415 |0.000363919 
 416 |0.000364931 
 417 |0.000364718 
 418 |0.000365446 
 419 |0.000364862 
 420 |0.000364395 
 421 |0.000363746 
 422 |0.000365708 
 423 |0.000364278 
 424 |0.000364921 
 425 |0.000364843 
 426 |0.000364565 
 427 |0.000362359 
 428 |0.000365316 
 429 |0.000364252 
 430 |0.000364503 
 431 |0.000365505 
 432 |0.000363217 
 433 |0.000364787 
 434 |0.000364098 
 435 |0.000362747 
 436 |0.000361356 
 437 |0.000362574 
 438 |0.000362003 
 439 |0.000362695 
 440 |0.000362868 
 441 |0.000361611 
 442 |0.000363377 
 443 |0.000360635 
 444 |0.000363596 
 445 |0.000362835 
 446 |0.000363093 
 447 |0.00036309 
 448 |0.00036291 
 449 |0.000363703 
 450 |0.000362221 
 451 |0.000363472 
 452 |0.00036356 
 453 |0.000361321 
 454 |0.000362466 
 455 |0.000363785 
 456 |0.000362349 
 457 |0.00036372 
 458 |0.000361144 
 459 |0.000392424 
 460 |0.000392473 
 461 |0.000392075 
 462 |0.000391713 
 463 |0.000391308 
 464 |0.000390711 
 465 |0.000391386 
 466 |0.000391001 
 467 |0.000393642 
 468 |0.000389457 
 469 |0.000392434 
 470 |0.00039137 
 471 |0.000391054 
 472 |0.000390326 
 473 |0.000391654 
 474 |0.000391253 
 475 |0.000390822 
 476 |0.000390319 
 477 |0.000388605 
 478 |0.000390773 
 479 |0.000390766 
 480 |0.000391276 
 481 |0.000393433 
 482 |0.000391367 
 483 |0.000387078 
 484 |0.000386236 
 485 |0.000386634 
 486 |0.000386605 
 487 |0.000388051 
 488 |0.000384904 
 489 |0.000386964 
 490 |0.000386056 
 491 |0.000385527 
 492 |0.000388596 
 493 |0.000387068 
 494 |0.000386396 
 495 |0.000386869 
 496 |0.000387032 
 497 |0.000388511 
 498 |0.000385358 
 499 |0.000385981 
 500 |0.000388057 
 501 |0.000386536 
 502 |0.000387887 
 503 |0.000386245 
 504 |0.000386278 
 505 |0.000385815 
 506 |0.000386017 
 507 |0.000332684 
 508 |0.000331248 
 509 |0.00033384 
 510 |0.000332345 
 511 |0.000332893 
 512 |0.000334277 
 513 |0.000334114 
 514 |0.000332217 
 515 |0.000332769 
 516 |0.000332211 
 517 |0.000333951 
 518 |0.00033149 
 519 |0.000333151 
 520 |0.000332792 
 521 |0.000333138 
 522 |0.000333324 
 523 |0.000331584 
 524 |0.000332113 
 525 |0.000334679 
 526 |0.000333559 
 527 |0.000333301 
 528 |0.000331176 
 529 |0.000332893 
 530 |0.00033416 
 531 |0.000178206 
 532 |0.000178463 
 533 |0.000179632 
 534 |0.000180138 
 535 |0.00018129 
 536 |0.000178969 
 537 |0.000179864 
 538 |0.000179231 
 539 |0.000179619 
 540 |0.000179991 
 541 |0.000179844 
 542 |0.000179632 
 543 |0.000179384 
 544 |0.000179795 
 545 |0.00017894 
 546 |0.000179214 
 547 |0.000179847 
 548 |0.000180739 
 549 |0.000177478 
 550 |0.000178953 
 551 |0.000182116 
 552 |0.000180089 
 553 |0.000178979 
 554 |0.000180148 
 555 |0.00043461 
 556 |0.000431291 
 557 |0.00043305 
 558 |0.000433324 
 559 |0.000433856 
 560 |0.000431735 
 561 |0.000432603 
 562 |0.000433128 
 563 |0.00043306 
 564 |0.000434463 
 565 |0.000431278 
 566 |0.000434104 
 567 |0.000430197 
 568 |0.00043351 
 569 |0.000433448 
 570 |0.000431326 
 571 |0.00043287 
 572 |0.000433367 
 573 |0.000432436 
 574 |0.000435015 
 575 |0.000432139 
 576 |0.000433285 
 577 |0.000432436 
 578 |0.000432603 
 579 |0.00043303 
 580 |0.000432045 
 581 |0.000430674 
 582 |0.000429574 
 583 |0.000432913 
 584 |0.000431196 
 585 |0.000431242 
 586 |0.00043114 
 587 |0.000431526 
 588 |0.000430967 
 589 |0.000431444 
 590 |0.000430902 
 591 |0.00043071 
 592 |0.000429773 
 593 |0.000434108 
 594 |0.000431823 
 595 |0.00042815 
 596 |0.000430351 
 597 |0.00043036 
 598 |0.000430827 
 599 |0.000434081 
 600 |0.000429655 
 601 |0.000432005 
 602 |0.000432714 
 603 |0.000465535 
 604 |0.000465212 
 605 |0.000463083 
 606 |0.00046385 
 607 |0.000465479 
 608 |0.000462793 
 609 |0.000465603 
 610 |0.000462907 
 611 |0.000465463 
 612 |0.000465861 
 613 |0.000463289 
 614 |0.000464826 
 615 |0.000466331 
 616 |0.000464715 
 617 |0.000465133 
 618 |0.000466279 
 619 |0.000465972 
 620 |0.000464794 
 621 |0.000463857 
 622 |0.000465159 
 623 |0.000465737 
 624 |0.000464559 
 625 |0.00046483 
 626 |0.000464823 
 627 |0.000454352 
 628 |0.000456173 
 629 |0.000452302 
 630 |0.000455435 
 631 |0.000454479 
 632 |0.000452472 
 633 |0.000455259 
 634 |0.000454107 
 635 |0.000454097 
 636 |0.000451995 
 637 |0.000454858 
 638 |0.000453777 
 639 |0.000454038 
 640 |0.000456261 
 641 |0.00045303 
 642 |0.000455034 
 643 |0.000453575 
 644 |0.000455856 
 645 |0.000454708 
 646 |0.000453562 
 647 |0.000452844 
 648 |0.000454169 
 649 |0.000454685 
 650 |0.000453317 
 651 |0.000387489 
 652 |0.000387045 
 653 |0.000387306 
 654 |0.000387505 
 655 |0.000385828 
 656 |0.000385651 
 657 |0.000385576 
 658 |0.000383807 
 659 |0.000385583 
 660 |0.000386294 
 661 |0.000384163 
 662 |0.000386494 
 663 |0.000383869 
 664 |0.000383987 
 665 |0.000385253 
 666 |0.000385886 
 667 |0.000383037 
 668 |0.000385328 
 669 |0.000386791 
 670 |0.000385583 
 671 |0.000386644 
 672 |0.00038618 
 673 |0.000384901 
 674 |0.000383977 
 675 |0 
 676 |0.00077739 
 677 |0.000778996 
 678 |0.000781151 
 679 |0.000779747 
 680 |0.000779574 
 681 |0.000780723 
 682 |0.000779049 
 683 |0.000778575 
 684 |0.000781644 
 685 |0.000777397 
 686 |0.000779793 
 687 |0.000781732 
 688 |0.000779754 
 689 |0.000778898 
 690 |0.000778177 
 691 |0.000777749 
 692 |0.000781676 
 693 |0.00077944 
 694 |0.000780158 
 695 |0.000778477 
 696 |0.000779604 
 697 |0.00077994 
 698 |0.000782264 
 699 |0.00077739 
 700 |0.000774668 
 701 |0.000777563 
 702 |0.000777417 
 703 |0.000777057 
 704 |0.000778657 
 705 |0.000777061 
 706 |0.000774655 
 707 |0.000777211 
 708 |0.000778174 
 709 |0.000777368 
 710 |0.000778964 
 711 |0.000779062 
 712 |0.000779355 
 713 |0.00077692 
 714 |0.000779639 
 715 |0.000776095 
 716 |0.000778562 
 717 |0.000774737 
 718 |0.000775625 
 719 |0.000777975 
 720 |0.000776294 
 721 |0.000779359 
 722 |0.000776307 
 723 |0.000776333 
 724 |0.00082173 
 725 |0.000822873 
 726 |0.000823196 
 727 |0.000825288 
 728 |0.000823598 
 729 |0.00082602 
 730 |0.000824035 
 731 |0.000823483 
 732 |0.000824975 
 733 |0.00082488 
 734 |0.000826317 
 735 |0.000825543 
 736 |0.000823722 
 737 |0.000825301 
 738 |0.000825494 
 739 |0.000823643 
 740 |0.00082379 
 741 |0.000824192 
 742 |0.000825621 
 743 |0.000825556 
 744 |0.000826591 
 745 |0.000823937 
 746 |0.000823588 
 747 |0.000823689 
 748 |0.000784944 
 749 |0.000783818 
 750 |0.000783204 
 751 |0.00078354 
 752 |0.000785567 
 753 |0.000787539 
 754 |0.000786269 
 755 |0.000782845 
 756 |0.000784953 
 757 |0.000786018 
 758 |0.000787029 
 759 |0.00078432 
 760 |0.000787359 
 761 |0.000784614 
 762 |0.000784601 
 763 |0.00078261 
 764 |0.000786869 
 765 |0.000785091 
 766 |0.000786905 
 767 |0.000785107 
 768 |0.000783857 
 769 |0.000784177 
 770 |0.000782962 
 771 |0.000784167 
 772 |0 
 773 |0 
 774 |0 
 775 |0 
 776 |0 
 777 |0 
 778 |0 
 779 |0 
 780 |0 
 781 |0 
 782 |0 
 783 |0 
 784 |0 
 785 |0 
 786 |0 
 787 |0 
 788 |0 
 789 |0 
 790 |0 
 791 |0 
 792 |0 
 793 |0 
 794 |0 
 795 |0 
 796 |0 
 797 |0 
 798 |0 
 799 |0 
 800 |0 
 801 |0 
 802 |0 
 803 |0 
 804 |0 
 805 |0 
 806 |0 
 807 |0 
 808 |0 
 809 |0 
 810 |0 
 811 |0 
 812 |0 
 813 |0 
 814 |0 
 815 |0 
 816 |0 
 817 |0 
 818 |0 
 819 |0 
 820 |0 
 821 |0 
 822 |0 
 823 |0 
 824 |0 
 825 |0 
 826 |0 
 827 |0 
 828 |0 
 829 |0 
 830 |0 
 831 |0 
 832 |0 
 833 |0 
 834 |0 
 835 |0 
 836 |0 
 837 |0 
 838 |0 
 839 |0 
 840 |0 
 841 |0 
 842 |0 
 843 |0 
 844 |0 
 845 |0 
 846 |0 
 847 |0 
 848 |0 
 849 |0 
 850 |0 
 851 |0 
 852 |0 
 853 |0 
 854 |0 
 855 |0 
 856 |0 
 857 |0 
 858 |0 
 859 |0 
 860 |0 
 861 |0 
 862 |0 
 863 |0 
 864 |0 
 865 |0 
 866 |0 
 867 |0 
 868 |0 
 869 |0 
 870 |0 
 871 |0 
 872 |0 
 873 |0 
 874 |0 
 875 |0 
 876 |0 
 877 |0 
 878 |0 
 879 |0 
 880 |0 
 881 |0 
 882 |0 
 883 |0 
 884 |0 
 885 |0 
 886 |0 
 887 |0 
 888 |0 
 889 |0 
 890 |0 
 891 |0 
 892 |0 
 893 |0 
 894 |0 
 895 |0 
 896 |0 
 897 |0 
 898 |0 
 899 |0 
 900 |0 
 901 |0 
 902 |0 
 903 |0 
 904 |0 
 905 |0 
 906 |0 
 907 |0 
 908 |0 
 909 |0 
 910 |0 
 911 |0 
 912 |0 
 913 |0 
 914 |0 

Now unfolding...
Iteration : 0
Chi^2 of change 272928
Iteration : 1
Chi^2 of change 27940.9
Iteration : 2
Chi^2 of change 8762.86
Iteration : 3
Chi^2 of change 3630.67
Iteration : 4
Chi^2 of change 1647.76
Iteration : 5
Chi^2 of change 810.018
Iteration : 6
Chi^2 of change 437.66
Iteration : 7
Chi^2 of change 263.093
Iteration : 8
Chi^2 of change 175.821
Iteration : 9
Chi^2 of change 128.727
Iteration : 10
Chi^2 of change 101.079
Iteration : 11
Chi^2 of change 83.4215
Iteration : 12
Chi^2 of change 71.2506
Using response matrix priors
Calculating covariances due to number of measured events
Using response matrix priors
Using response matrix priors
Using response matrix priors
Using response matrix priors
Using response matrix priors
Using response matrix priors
Using response matrix priors
Using response matrix priors
Using response matrix priors
Using response matrix priors
Using response matrix priors
Using response matrix priors
Using response matrix priors
Using response matrix priors
Using response matrix priors
Using response matrix priors
Using response matrix priors
Using response matrix priors
Using response matrix priors
Using response matrix priors
Using response matrix priors
Using response matrix priors
Using response matrix priors
Using response matrix priors
Using response matrix priors
Using response matrix priors
Using response matrix priors
Using response matrix priors
Using response matrix priors
Using response matrix priors
Using response matrix priors
Using response matrix priors
Using response matrix priors
Using response matrix priors
Using response matrix priors
Using response matrix priors
Using response matrix priors
Using response matrix priors
Using response matrix priors
Using response matrix priors
Using response matrix priors
Using response matrix priors
Using response matrix priors
Using response matrix priors
Using response matrix priors
Using response matrix priors
Using response matrix priors
Using response matrix priors
Using response matrix priors
Using response matrix priors
Using response matrix priors
Using response matrix priors
Using response matrix priors
Using response matrix priors
Using response matrix priors
Using response matrix priors
Using response matrix priors
Using response matrix priors
Using response matrix priors
Using response matrix priors
Using response matrix priors
Using response matrix priors
Using response matrix priors
Using response matrix priors
Using response matrix priors
Using response matrix priors
Using response matrix priors
Using response matrix priors
Using response matrix priors
Using response matrix priors
Using response matrix priors
Using response matrix priors
Using response matrix priors
Using response matrix priors
Using response matrix priors
Using response matrix priors
Using response matrix priors
Using response matrix priors
Using response matrix priors
Using response matrix priors
Using response matrix priors
Using response matrix priors
Using response matrix priors
Using response matrix priors
Using response matrix priors
Using response matrix priors
Using response matrix priors
Using response matrix priors
Using response matrix priors
Using response matrix priors
Using response matrix priors
Using response matrix priors
Using response matrix priors
Using response matrix priors
Using response matrix priors
Using response matrix priors
Using response matrix priors
Using response matrix priors
Using response matrix priors
Using response matrix priors
Using response matrix priors
Using response matrix priors
Using response matrix priors
Using response matrix priors
Using response matrix priors
Using response matrix priors
Using response matrix priors
Using response matrix priors
Using response matrix priors
Using response matrix priors
Using response matrix priors
Using response matrix priors
Using response matrix priors
Using response matrix priors
Using response matrix priors
Using response matrix priors
Using response matrix priors
Using response matrix priors
Using response matrix priors
Using response matrix priors
Using response matrix priors
Using response matrix priors
Using response matrix priors
Using response matrix priors
Using response matrix priors
Using response matrix priors
Using response matrix priors
Using response matrix priors
Using response matrix priors
Using response matrix priors
Using response matrix priors
Using response matrix priors
Using response matrix priors
Using response matrix priors
Using response matrix priors
Using response matrix priors
Using response matrix priors
Using response matrix priors
Using response matrix priors
Using response matrix priors
Using response matrix priors
Using response matrix priors
Using response matrix priors
Using response matrix priors
Using response matrix priors
Using response matrix priors
Using response matrix priors
Using response matrix priors
Using response matrix priors
Using response matrix priors
Using response matrix priors
Using response matrix priors
Using response matrix priors
Using response matrix priors
Using response matrix priors
Using response matrix priors
Using response matrix priors
Using response matrix priors
Using response matrix priors
Using response matrix priors
Using response matrix priors
Using response matrix priors
Using response matrix priors
Using response matrix priors
Using response matrix priors
Using response matrix priors
Using response matrix priors
Using response matrix priors
Using response matrix priors
Using response matrix priors
Using response matrix priors
Using response matrix priors
Using response matrix priors
Using response matrix priors
Using response matrix priors
Using response matrix priors
Using response matrix priors
Using response matrix priors
Using response matrix priors
Using response matrix priors
Using response matrix priors
Using response matrix priors
Using response matrix priors
Using response matrix priors
Using response matrix priors
Using response matrix priors
Using response matrix priors
Using response matrix priors
Using response matrix priors
Using response matrix priors
Using response matrix priors
Using response matrix priors
Using response matrix priors
Using response matrix priors
Using response matrix priors
Using response matrix priors
Using response matrix priors
Using response matrix priors
Using response matrix priors
Using response matrix priors
Using response matrix priors
Using response matrix priors
Using response matrix priors
Using response matrix priors
Using response matrix priors
Using response matrix priors
Using response matrix priors
Using response matrix priors
Using response matrix priors
Using response matrix priors
Using response matrix priors
Using response matrix priors
Using response matrix priors
Using response matrix priors
Using response matrix priors
Using response matrix priors
Using response matrix priors
Using response matrix priors
Using response matrix priors
Using response matrix priors
Using response matrix priors
Using response matrix priors
Using response matrix priors
Using response matrix priors
Using response matrix priors
Using response matrix priors
Using response matrix priors
Using response matrix priors
Using response matrix priors
Using response matrix priors
Using response matrix priors
Using response matrix priors
Using response matrix priors
Using response matrix priors
Using response matrix priors
Using response matrix priors
Using response matrix priors
Using response matrix priors
Using response matrix priors
Using response matrix priors
Using response matrix priors
Using response matrix priors
Using response matrix priors
Using response matrix priors
Using response matrix priors
Using response matrix priors
Using response matrix priors
Using response matrix priors
Using response matrix priors
Using response matrix priors
Using response matrix priors
Using response matrix priors
Using response matrix priors
Using response matrix priors
Using response matrix priors
Using response matrix priors
Using response matrix priors
Using response matrix priors
Using response matrix priors
Using response matrix priors
Using response matrix priors
Using response matrix priors
Using response matrix priors
Using response matrix priors
Using response matrix priors
Using response matrix priors
Using response matrix priors
Using response matrix priors
Using response matrix priors
Using response matrix priors
Using response matrix priors
Using response matrix priors
Using response matrix priors
Using response matrix priors
Using response matrix priors
Using response matrix priors
Using response matrix priors
Using response matrix priors
Using response matrix priors
Using response matrix priors
Using response matrix priors
Using response matrix priors
Using response matrix priors
Using response matrix priors
Using response matrix priors
Using response matrix priors
Using response matrix priors
Using response matrix priors
Using response matrix priors
Using response matrix priors
Using response matrix priors
Using response matrix priors
Using response matrix priors
Using response matrix priors
Using response matrix priors
Using response matrix priors
Using response matrix priors
Using response matrix priors
Using response matrix priors
Using response matrix priors
Using response matrix priors
Using response matrix priors
Using response matrix priors
Using response matrix priors
Using response matrix priors
Using response matrix priors
Using response matrix priors
Using response matrix priors
Using response matrix priors
Using response matrix priors
Using response matrix priors
Using response matrix priors
Using response matrix priors
Using response matrix priors
Using response matrix priors
Using response matrix priors
Using response matrix priors
Using response matrix priors
Using response matrix priors
Using response matrix priors
Using response matrix priors
Using response matrix priors
Using response matrix priors
Using response matrix priors
Using response matrix priors
Using response matrix priors
Using response matrix priors
Using response matrix priors
Using response matrix priors
Using response matrix priors
Using response matrix priors
Using response matrix priors
Using response matrix priors
Using response matrix priors
Using response matrix priors
Using response matrix priors
Using response matrix priors
Using response matrix priors
Using response matrix priors
Using response matrix priors
Using response matrix priors
Using response matrix priors
Using response matrix priors
Using response matrix priors
Using response matrix priors
Using response matrix priors
Using response matrix priors
Using response matrix priors
Using response matrix priors
Using response matrix priors
Using response matrix priors
Using response matrix priors
Using response matrix priors
Using response matrix priors
Using response matrix priors
Using response matrix priors
Using response matrix priors
Using response matrix priors
Using response matrix priors
Using response matrix priors
Using response matrix priors
Using response matrix priors
Using response matrix priors
Using response matrix priors
Using response matrix priors
Using response matrix priors
Using response matrix priors
Using response matrix priors
Using response matrix priors
Using response matrix priors
Using response matrix priors
Using response matrix priors
Using response matrix priors
Using response matrix priors
Using response matrix priors
Using response matrix priors
Using response matrix priors
Using response matrix priors
Using response matrix priors
Using response matrix priors
Using response matrix priors
Using response matrix priors
Using response matrix priors
Using response matrix priors
Using response matrix priors
Using response matrix priors
Using response matrix priors
Using response matrix priors
Using response matrix priors
Using response matrix priors
Using response matrix priors
Using response matrix priors
Using response matrix priors
Using response matrix priors
Using response matrix priors
Using response matrix priors
Using response matrix priors
Using response matrix priors
Using response matrix priors
Using response matrix priors
Using response matrix priors
Using response matrix priors
Using response matrix priors
Using response matrix priors
Using response matrix priors
Using response matrix priors
Using response matrix priors
Using response matrix priors
Using response matrix priors
Using response matrix priors
Using response matrix priors
Using response matrix priors
Using response matrix priors
Using response matrix priors
Using response matrix priors
Using response matrix priors
Using response matrix priors
Using response matrix priors
Using response matrix priors
Using response matrix priors
Using response matrix priors
Using response matrix priors
Using response matrix priors
Using response matrix priors
Using response matrix priors
Using response matrix priors
Using response matrix priors
Using response matrix priors
Using response matrix priors
Using response matrix priors
Using response matrix priors
Using response matrix priors
Using response matrix priors
Using response matrix priors
Using response matrix priors
Using response matrix priors
Using response matrix priors
Using response matrix priors
Using response matrix priors
Using response matrix priors
Using response matrix priors
Using response matrix priors
Using response matrix priors
Using response matrix priors
Using response matrix priors
Using response matrix priors
Using response matrix priors
Using response matrix priors
Using response matrix priors
Using response matrix priors
Using response matrix priors
Using response matrix priors
Using response matrix priors
Using response matrix priors
Using response matrix priors
Using response matrix priors
Using response matrix priors
Using response matrix priors
Using response matrix priors
Using response matrix priors
Using response matrix priors
Using response matrix priors
Using response matrix priors
Using response matrix priors
Using response matrix priors
Using response matrix priors
Using response matrix priors
Using response matrix priors
Using response matrix priors
Using response matrix priors
Using response matrix priors
Using response matrix priors
Using response matrix priors
Using response matrix priors
Using response matrix priors
Using response matrix priors
Using response matrix priors
Using response matrix priors
Using response matrix priors
Using response matrix priors
Using response matrix priors
Using response matrix priors
Using response matrix priors
Using response matrix priors
Using response matrix priors
Using response matrix priors
Using response matrix priors
Using response matrix priors
Using response matrix priors
Using response matrix priors
Using response matrix priors
Using response matrix priors
Using response matrix priors
Using response matrix priors
Using response matrix priors
Using response matrix priors
Using response matrix priors
Using response matrix priors
Using response matrix priors

[1m[94mSmear option selected is: Smear[0m


[91mRunning Bin 'All' for Q2-y Bins by default (will skip at end)[0m


Running for Q2-xB/Q2-y Bins: 'default', 'Unfolding', 'as', 'background', 'parallel', 'jobs.', 'Ran', 'in', 'tmuxUnfold', '(in', 'case', 'there', 'were', 'any', 'local', 'issues)"', '4', '0'
[1m
Starting RG-A SIDIS Analysis
[0m

Started running on [1m2-18-2026[0m at [1m03:00 p.m.[0m

The total number of histograms available for the[1mRDataFrame[0m in '[1m[94m/w/hallb-scshelf2102/clas12/richcap/SIDIS_Analysis/Histo_Files_ROOT/DataFrames/hadd_ROOT_files_From_using_RDataFrames/SIDIS_epip_Response_Matrices_from_RDataFrames_ZerothOrder.root[0m' is [1m180[0m


[1mDone Loading RDataFrame files...
[0m
[1m[94m

Starting Unfolding Procedures...
[0m
Bin 1 is not in Q2_y_Bin_List = ['default', 'Unfolding', 'as', 'background', 'parallel', 'jobs.', 'Ran', 'in', 'tmuxUnfold', '(in', 'case', 'there', 'were', 'any', 'local', 'issues)"', '4', '0']
Bin 10 is not in Q2_y_Bin_List = ['default', 'Unfolding', 'as', 'background', 'parallel', 'jobs.', 'Ran', 'in', 'tmuxUnfold', '(in', 'case', 'there', 'were', 'any', 'local', 'issues)"', '4', '0']
Bin 11 is not in Q2_y_Bin_List = ['default', 'Unfolding', 'as', 'background', 'parallel', 'jobs.', 'Ran', 'in', 'tmuxUnfold', '(in', 'case', 'there', 'were', 'any', 'local', 'issues)"', '4', '0']
Bin 12 is not in Q2_y_Bin_List = ['default', 'Unfolding', 'as', 'background', 'parallel', 'jobs.', 'Ran', 'in', 'tmuxUnfold', '(in', 'case', 'there', 'were', 'any', 'local', 'issues)"', '4', '0']
Bin 13 is not in Q2_y_Bin_List = ['default', 'Unfolding', 'as', 'background', 'parallel', 'jobs.', 'Ran', 'in', 'tmuxUnfold', '(in', 'case', 'there', 'were', 'any', 'local', 'issues)"', '4', '0']
Bin 14 is not in Q2_y_Bin_List = ['default', 'Unfolding', 'as', 'background', 'parallel', 'jobs.', 'Ran', 'in', 'tmuxUnfold', '(in', 'case', 'there', 'were', 'any', 'local', 'issues)"', '4', '0']
Bin 15 is not in Q2_y_Bin_List = ['default', 'Unfolding', 'as', 'background', 'parallel', 'jobs.', 'Ran', 'in', 'tmuxUnfold', '(in', 'case', 'there', 'were', 'any', 'local', 'issues)"', '4', '0']
Bin 16 is not in Q2_y_Bin_List = ['default', 'Unfolding', 'as', 'background', 'parallel', 'jobs.', 'Ran', 'in', 'tmuxUnfold', '(in', 'case', 'there', 'were', 'any', 'local', 'issues)"', '4', '0']
Bin 17 is not in Q2_y_Bin_List = ['default', 'Unfolding', 'as', 'background', 'parallel', 'jobs.', 'Ran', 'in', 'tmuxUnfold', '(in', 'case', 'there', 'were', 'any', 'local', 'issues)"', '4', '0']
Bin 2 is not in Q2_y_Bin_List = ['default', 'Unfolding', 'as', 'background', 'parallel', 'jobs.', 'Ran', 'in', 'tmuxUnfold', '(in', 'case', 'there', 'were', 'any', 'local', 'issues)"', '4', '0']
Bin 3 is not in Q2_y_Bin_List = ['default', 'Unfolding', 'as', 'background', 'parallel', 'jobs.', 'Ran', 'in', 'tmuxUnfold', '(in', 'case', 'there', 'were', 'any', 'local', 'issues)"', '4', '0']

Unfolding: ((Histo-Group='Response_Matrix_Normal'), (Data-Type='DataFrame_Type'), (Data-Cut='cut_Complete_SIDIS'), (Smear-Type='smear'), (Binning-Type='Y_bin'-[Q2-y-Bin=4, z-PT-Bin=All]), (Var-D1='MultiDim_z_pT_Bin_Y_bin_phi_t'-[NumBins=915, MinBin=-1.5, MaxBin=913.5]), (Var-D2='z_pT_Bin_Y_bin_smeared'-[NumBins=38, MinBin=-0.5, MaxBin=37.5]))
[1m[96mStarting [4m[95mBin-by-Bin[0m[1m[96m Unfolding Procedure...[0m
	[1mAcceptance Correction of Histogram:[0m
	((Histo-Group='Response_Matrix_Normal_1D'), (Data-Cut='cut_Complete_SIDIS'), (Smear-Type='smear'), (Binning-Type='Y_bin'-[Q2-y-Bin=4, z-PT-Bin=All]), (Var-D1='MultiDim_z_pT_Bin_Y_bin_phi_t'))
[91m
Bin 122 had a very low acceptance...
	(cut_criteria = 0.0005)
	(Bin_Content  = 0.00012105951285652027)[0m
[91m
Bin 243 had a very low acceptance...
	(cut_criteria = 0.0005)
	(Bin_Content  = 3.187250996015936e-05)[0m
[91m
Bin 340 had a very low acceptance...
	(cut_criteria = 0.0005)
	(Bin_Content  = 0.00042153121212805514)[0m
[91m
Bin 363 had a very low acceptance...
	(cut_criteria = 0.0005)
	(Bin_Content  = 0.00027078459837378806)[0m
[91m
Bin 364 had a very low acceptance...
	(cut_criteria = 0.0005)
	(Bin_Content  = 0.00031630277204234945)[0m
[91m
Bin 387 had a very low acceptance...
	(cut_criteria = 0.0005)
	(Bin_Content  = 1.7574229150373893e-05)[0m
[91m
Bin 604 had a very low acceptance...
	(cut_criteria = 0.0005)
	(Bin_Content  = 0.0003575910980851347)[0m
[91m
Bin 627 had a very low acceptance...
	(cut_criteria = 0.0005)
	(Bin_Content  = 0.00025280366284418163)[0m
[91m
Bin 651 had a very low acceptance...
	(cut_criteria = 0.0005)
	(Bin_Content  = 0.00034562709716441767)[0m
[91m
Bin 725 had a very low acceptance...
	(cut_criteria = 0.0005)
	(Bin_Content  = 7.944547061510655e-06)[0m
[91m
Bin 748 had a very low acceptance...
	(cut_criteria = 0.0005)
	(Bin_Content  = 7.925657334205155e-06)[0m
[1m[96mFinished [95mBin-by-Bin[0m[1m[96m Unfolding Procedure.[0m

Current Time: [1m03:00 p.m.[0m
Time Elapsed Up To Now:
0 Day(s), 0 Hour(s), 0 Minute(s), and 0 Second(s).

[1m[96mStarting [4m[92mRooUnfold[0m[1m[96m Unfolding Procedure...[0m
	[1mUnfolding Histogram:[0m
	((Histo-Group='Response_Matrix_Normal'), (Data-Cut='cut_Complete_SIDIS'), (Smear-Type='smear'), (Binning-Type='Y_bin'-[Q2-y-Bin=4, z-PT-Bin=All]), (Var-D1='MultiDim_z_pT_Bin_Y_bin_phi_t'))
	[96mUsing [1m[92mRooUnfold (Bin-by-Bin)[0m[96m Unfolding Procedure...[0m
[1m[96mFinished [92mRooUnfold (Bin-by-Bin)[0m[1m[96m Unfolding Procedure.
[0m
[1m[96mStarting [4m[92mRooUnfold[0m[1m[96m Unfolding Procedure...[0m

	[1mBegan Unfolding Histogram:[0m
	((Histo-Group='Response_Matrix_Normal'), (Data-Cut='cut_Complete_SIDIS'), (Smear-Type='smear'), (Binning-Type='Y_bin'-[Q2-y-Bin=4, z-PT-Bin=All]), (Var-D1='MultiDim_z_pT_Bin_Y_bin_phi_t'))
Time Elapsed Up To Now: 0 Day(s), 0 Hour(s), 0 Minute(s), and 4 Second(s). 
	[96mUsing [1m[92mRooUnfold (Bayesian)[0m[96m method to unfold...[0m

Current Time: [1m05:09 p.m.[0m
Time Elapsed Up To Now:
0 Day(s), 2 Hour(s), 9 Minute(s), and 1 Second(s).

[1m[96mFinished [92mRooUnfold (Bayesian)[0m[1m[96m Unfolding Procedure.
[0m

[94mRunning Multi3D_Slice(...)[0m


[94mRunning Multi3D_Slice(...)[0m


[94mRunning Multi3D_Slice(...)[0m


[94mRunning Multi3D_Slice(...)[0m


[94mRunning Multi3D_Slice(...)[0m


[94mRunning Multi3D_Slice(...)[0m


[94mRunning Multi3D_Slice(...)[0m

Bin 5 is not in Q2_y_Bin_List = ['default', 'Unfolding', 'as', 'background', 'parallel', 'jobs.', 'Ran', 'in', 'tmuxUnfold', '(in', 'case', 'there', 'were', 'any', 'local', 'issues)"', '4', '0']
Bin 6 is not in Q2_y_Bin_List = ['default', 'Unfolding', 'as', 'background', 'parallel', 'jobs.', 'Ran', 'in', 'tmuxUnfold', '(in', 'case', 'there', 'were', 'any', 'local', 'issues)"', '4', '0']
Bin 7 is not in Q2_y_Bin_List = ['default', 'Unfolding', 'as', 'background', 'parallel', 'jobs.', 'Ran', 'in', 'tmuxUnfold', '(in', 'case', 'there', 'were', 'any', 'local', 'issues)"', '4', '0']
Bin 8 is not in Q2_y_Bin_List = ['default', 'Unfolding', 'as', 'background', 'parallel', 'jobs.', 'Ran', 'in', 'tmuxUnfold', '(in', 'case', 'there', 'were', 'any', 'local', 'issues)"', '4', '0']
Bin 9 is not in Q2_y_Bin_List = ['default', 'Unfolding', 'as', 'background', 'parallel', 'jobs.', 'Ran', 'in', 'tmuxUnfold', '(in', 'case', 'there', 'were', 'any', 'local', 'issues)"', '4', '0']

Unfolding: ((Histo-Group='Response_Matrix_Normal'), (Data-Type='DataFrame_Type'), (Data-Cut='cut_Complete_SIDIS'), (Smear-Type='smear'), (Binning-Type='Y_bin'-[Q2-y-Bin=All, z-PT-Bin=All]), (Var-D1='MultiDim_z_pT_Bin_Y_bin_phi_t'-[NumBins=915, MinBin=-1.5, MaxBin=913.5]), (Var-D2='z_pT_Bin_Y_bin_smeared'-[NumBins=38, MinBin=-0.5, MaxBin=37.5]))
Total: 2


Counting Total Number of/Saving collected histograms...
[1m[94mSaving to: [1m[92m"FULL_Unfolded_Histos_From_Simple_RooUnfold_SelfContained.root"[0m

Final Count = 239
Conditions for running 'Create_Fits_and_Apply_RC' were not set...
Need to run: '(args.fit and args.Use_TTree) or args.Apply_RC'




[1m[43mEMAIL MESSAGE TO SEND:[0m


The 'Simple_RooUnfold_SelfContained.py' script has finished running.
Started running on [1m2-18-2026[0m at [1m03:00 p.m.[0m

Input File:
	/w/hallb-scshelf2102/clas12/richcap/SIDIS_Analysis/Histo_Files_ROOT/DataFrames/hadd_ROOT_files_From_using_RDataFrames/SIDIS_epip_Response_Matrices_from_RDataFrames_ZerothOrder.root
Output File:
	"FULL_Unfolded_Histos_From_Simple_RooUnfold_SelfContained.root"

"Running

	[1mBegan Unfolding Histogram:[0m
	((Histo-Group='Response_Matrix_Normal'), (Data-Cut='cut_Complete_SIDIS'), (Smear-Type='smear'), (Binning-Type='Y_bin'-[Q2-y-Bin=4, z-PT-Bin=All]), (Var-D1='MultiDim_z_pT_Bin_Y_bin_phi_t'))
Time Elapsed Up To Now: 0 Day(s), 0 Hour(s), 0 Minute(s), and 4 Second(s). 
	Finished Unfolding the histogram at:
Time Elapsed Up To Now: 0 Day(s), 2 Hour(s), 9 Minute(s), and 1 Second(s). 

Arguments:
--unfolding_1D (1D Unfolding Only)                  --> False
--unfolding_3D (3D Unfolding Only)                  --> True
--run_sectors                                       --> False
--sectors_to_unfold                                 --> None
--allow_other_variables (for unfolding)             --> False
--simulation (unfolding synthetic data)             --> False
--modulation (data unfolded with modulated MC)      --> False
--closure  (modulated MC unfolded with itself)      --> False
--weighed_acceptace (use acceptance weights only)   --> False
--test                                              --> False
--verbose                                           --> False
--fit                                               --> False
--tag_proton                                        --> False
--cut_proton                                        --> False
--Common_Int_Bins                                   --> False
--bayes_iterations                                  --> 13
--Num_Toys                                          --> 500
--title                                             --> None
--EvGen                                             --> False
--Min_Allowed_Acceptance_Cut                        --> 0.0005
--Use_TTree                                         --> False
--Apply_RC                                          --> False
--Add_Uncertainties                                 --> False
--pass_version                                      --> 'Pass 2'
--smearing_options                                  --> 'smear'
--Q2_y_Bin_List                                     --> ['default', 'Unfolding', 'as', 'background', 'parallel', 'jobs.', 'Ran', 'in', 'tmuxUnfold', '(in', 'case', 'there', 'were', 'any', 'local', 'issues)"', '4', '0']
--Run_5D_Unfold                                     --> False
--run_sec_unfold                                    --> False


The time that this code finished is [1m05:09 p.m.[0m
The total time the code took to run is:
0 Day(s), 2 Hour(s), 9 Minute(s), and 1 Second(s).
Saved 239 Histograms...
Rate = 0.03 Histograms/Seconds
    

[1m[92m[43m
    	                                   	   
    	This code has now finished running.	   
    	                                   	   [0m
    
    
