Full command: ./Simple_RooUnfold_SelfContained.py -r "FULL_Unfolded_Histos_From_Simple_RooUnfold_SelfContained.root" -smear -u3D -e -em "Running default Unfolding as background parallel jobs. Ran in tmuxUnfold (in case there were any local issues)" 2
Subtract 40957.4 fakes from measured distribution
Using response matrix priors
Priors:

Vector (915)  is as follows

     |        1  |
------------------
   0 |0 
   1 |0.673687 
   2 |0.000526272 
   3 |0.000522387 
   4 |0.000521795 
   5 |0.000524259 
   6 |0.00052 
   7 |0.000521808 
   8 |0.000522821 
   9 |0.000521132 
  10 |0.000521638 
  11 |0.000522051 
  12 |0.000522574 
  13 |0.000522132 
  14 |0.000524451 
  15 |0.000523885 
  16 |0.000525365 
  17 |0.000520446 
  18 |0.000524825 
  19 |0.000523276 
  20 |0.000523021 
  21 |0.000524408 
  22 |0.000522476 
  23 |0.000523936 
  24 |0.000524557 
  25 |0.000522663 
  26 |0.000416686 
  27 |0.00041886 
  28 |0.000416805 
  29 |0.000418047 
  30 |0.000415073 
  31 |0.000417911 
  32 |0.000416154 
  33 |0.00041506 
  34 |0.000417005 
  35 |0.000418409 
  36 |0.000416567 
  37 |0.000418588 
  38 |0.00041989 
  39 |0.000418635 
  40 |0.000415056 
  41 |0.000416422 
  42 |0.000416698 
  43 |0.000416116 
  44 |0.000415299 
  45 |0.000417898 
  46 |0.000419103 
  47 |0.000415639 
  48 |0.000416158 
  49 |0.000415392 
  50 |0.00042357 
  51 |0.00042317 
  52 |0.000427064 
  53 |0.000424511 
  54 |0.000422409 
  55 |0.00042389 
  56 |0.000423732 
  57 |0.000424881 
  58 |0.000426192 
  59 |0.000421366 
  60 |0.000423196 
  61 |0.000423711 
  62 |0.000423736 
  63 |0.000423732 
  64 |0.000422915 
  65 |0.00042477 
  66 |0.000422473 
  67 |0.000425132 
  68 |0.000424668 
  69 |0.0004228 
  70 |0.000424702 
  71 |0.000423792 
  72 |0.000424762 
  73 |0.000423009 
  74 |0.000335132 
  75 |0.000335422 
  76 |0.000336813 
  77 |0.00033569 
  78 |0.000334992 
  79 |0.000335868 
  80 |0.000337256 
  81 |0.000336813 
  82 |0.000336753 
  83 |0.000336188 
  84 |0.000336013 
  85 |0.000336622 
  86 |0.00033769 
  87 |0.000334766 
  88 |0.000338834 
  89 |0.000336196 
  90 |0.000335379 
  91 |0.000336545 
  92 |0.000336834 
  93 |0.000337068 
  94 |0.000337243 
  95 |0.000336583 
  96 |0.000336162 
  97 |0.000335256 
  98 |0.000360927 
  99 |0.000360093 
 100 |0.000357914 
 101 |0.000359412 
 102 |0.000359318 
 103 |0.000359191 
 104 |0.000361212 
 105 |0.000359774 
 106 |0.000360957 
 107 |0.00035805 
 108 |0.000358952 
 109 |0.00036105 
 110 |0.000360182 
 111 |0.000361046 
 112 |0.000360169 
 113 |0.000359667 
 114 |0.000360089 
 115 |0.000358416 
 116 |0.000358186 
 117 |0.000357986 
 118 |0.000360203 
 119 |0.000358144 
 120 |0.000358033 
 121 |0.000361995 
 122 |0.00029913 
 123 |0.000298441 
 124 |0.00029853 
 125 |0.000299211 
 126 |0.00029896 
 127 |0.000302223 
 128 |0.000301406 
 129 |0.000297683 
 130 |0.000298181 
 131 |0.000299028 
 132 |0.000302717 
 133 |0.000301453 
 134 |0.000301755 
 135 |0.000300708 
 136 |0.000301755 
 137 |0.000301198 
 138 |0.000302219 
 139 |0.000299955 
 140 |0.00030173 
 141 |0.000300266 
 142 |0.000301704 
 143 |0.000300487 
 144 |0.000302147 
 145 |0.000300577 
 146 |0.000644279 
 147 |0.00064384 
 148 |0.000643806 
 149 |0.000642147 
 150 |0.00064204 
 151 |0.000645534 
 152 |0.000645653 
 153 |0.000643023 
 154 |0.000643602 
 155 |0.000644113 
 156 |0.000643079 
 157 |0.000644585 
 158 |0.000644342 
 159 |0.00064427 
 160 |0.00064264 
 161 |0.000643981 
 162 |0.000645802 
 163 |0.000642589 
 164 |0.000643866 
 165 |0.000642521 
 166 |0.000646887 
 167 |0.000642781 
 168 |0.000643632 
 169 |0.000642717 
 170 |0.000498954 
 171 |0.000502618 
 172 |0.000501375 
 173 |0.000500852 
 174 |0.000500971 
 175 |0.000504137 
 176 |0.000500626 
 177 |0.000502681 
 178 |0.000502486 
 179 |0.000500494 
 180 |0.000500954 
 181 |0.000501975 
 182 |0.000501694 
 183 |0.000502184 
 184 |0.000504915 
 185 |0.000501711 
 186 |0.000502294 
 187 |0.000502498 
 188 |0.000501984 
 189 |0.000502877 
 190 |0.000501754 
 191 |0.000504226 
 192 |0.000501971 
 193 |0.000504375 
 194 |0.000494609 
 195 |0.000490508 
 196 |0.000493963 
 197 |0.000493065 
 198 |0.000493648 
 199 |0.000493895 
 200 |0.000493865 
 201 |0.000494771 
 202 |0.000492622 
 203 |0.000492605 
 204 |0.000495082 
 205 |0.00049435 
 206 |0.000495397 
 207 |0.000493235 
 208 |0.000493593 
 209 |0.000495005 
 210 |0.000494329 
 211 |0.000496988 
 212 |0.000496277 
 213 |0.000494205 
 214 |0.000494039 
 215 |0.000492669 
 216 |0.000494788 
 217 |0.000497341 
 218 |0.000374415 
 219 |0.000376862 
 220 |0.000374441 
 221 |0.000374462 
 222 |0.00037422 
 223 |0.000374194 
 224 |0.000373258 
 225 |0.000373394 
 226 |0.000375883 
 227 |0.000374556 
 228 |0.000375198 
 229 |0.000374122 
 230 |0.000374467 
 231 |0.0003757 
 232 |0.000377603 
 233 |0.000375896 
 234 |0.000375943 
 235 |0.000373539 
 236 |0.00037402 
 237 |0.000373577 
 238 |0.000374245 
 239 |0.000374215 
 240 |0.00037496 
 241 |0.000376152 
 242 |0.000374139 
 243 |0.000373884 
 244 |0.000375109 
 245 |0.000372952 
 246 |0.000374088 
 247 |0.000372739 
 248 |0.000373922 
 249 |0.000375088 
 250 |0.000372471 
 251 |0.00037325 
 252 |0.000375837 
 253 |0.000375266 
 254 |0.000373428 
 255 |0.000374284 
 256 |0.00037339 
 257 |0.000373837 
 258 |0.000374347 
 259 |0.000373594 
 260 |0.000372513 
 261 |0.000374262 
 262 |0.000372947 
 263 |0.000371624 
 264 |0.000372888 
 265 |0.000374624 
 266 |0.000282701 
 267 |0.000280586 
 268 |0.000281126 
 269 |0.000279046 
 270 |0.000280914 
 271 |0.000282335 
 272 |0.000282156 
 273 |0.000284365 
 274 |0.000282948 
 275 |0.000283041 
 276 |0.000283411 
 277 |0.000282599 
 278 |0.000282846 
 279 |0.000280897 
 280 |0.000281709 
 281 |0.000281437 
 282 |0.000282216 
 283 |0.000282629 
 284 |0.00028368 
 285 |0.00028188 
 286 |0.000281263 
 287 |0.00028242 
 288 |0.000279688 
 289 |0.000280156 
 290 |0.000610855 
 291 |0.000615714 
 292 |0.000609846 
 293 |0.000610276 
 294 |0.000610391 
 295 |0.00060974 
 296 |0.000611523 
 297 |0.000613867 
 298 |0.000609604 
 299 |0.000613497 
 300 |0.000613506 
 301 |0.000607238 
 302 |0.000611144 
 303 |0.000610451 
 304 |0.000611251 
 305 |0.000610365 
 306 |0.000612506 
 307 |0.000612884 
 308 |0.000609685 
 309 |0.000613553 
 310 |0.000608991 
 311 |0.000613365 
 312 |0.000611302 
 313 |0.000609889 
 314 |0.000473598 
 315 |0.000472334 
 316 |0.000472372 
 317 |0.000473862 
 318 |0.000470611 
 319 |0.000471815 
 320 |0.000473636 
 321 |0.000470602 
 322 |0.000473053 
 323 |0.000471674 
 324 |0.0004719 
 325 |0.000472517 
 326 |0.000473781 
 327 |0.000471534 
 328 |0.000475487 
 329 |0.000473091 
 330 |0.000473683 
 331 |0.000471138 
 332 |0.000470934 
 333 |0.00047276 
 334 |0.000472164 
 335 |0.000470747 
 336 |0.000471602 
 337 |0.000471215 
 338 |0.000448782 
 339 |0.000449314 
 340 |0.000450293 
 341 |0.000449318 
 342 |0.00045051 
 343 |0.000450067 
 344 |0.000449812 
 345 |0.000451756 
 346 |0.000450441 
 347 |0.000451629 
 348 |0.000449493 
 349 |0.000449944 
 350 |0.000449756 
 351 |0.000450271 
 352 |0.000451803 
 353 |0.000451722 
 354 |0.000447795 
 355 |0.000449195 
 356 |0.000452416 
 357 |0.000453348 
 358 |0.000447437 
 359 |0.000450288 
 360 |0.000452271 
 361 |0.000450156 
 362 |0.000324354 
 363 |0.000323444 
 364 |0.000325137 
 365 |0.000324826 
 366 |0.000327018 
 367 |0.000323967 
 368 |0.000326792 
 369 |0.000327009 
 370 |0.000325197 
 371 |0.000324716 
 372 |0.000325107 
 373 |0.000323209 
 374 |0.000325669 
 375 |0.000324541 
 376 |0.000322848 
 377 |0.000327724 
 378 |0.00032466 
 379 |0.00032432 
 380 |0.000323916 
 381 |0.000323895 
 382 |0.000324129 
 383 |0.000324967 
 384 |0.000325384 
 385 |0.000324346 
 386 |0.000301649 
 387 |0.000303627 
 388 |0.000305985 
 389 |0.00030287 
 390 |0.000301347 
 391 |0.000302764 
 392 |0.000302287 
 393 |0.000305168 
 394 |0.000304057 
 395 |0.000303202 
 396 |0.000302845 
 397 |0.000303981 
 398 |0.000303372 
 399 |0.000302151 
 400 |0.00030324 
 401 |0.000303955 
 402 |0.000302385 
 403 |0.000304513 
 404 |0.000301394 
 405 |0.000303283 
 406 |0.000302479 
 407 |0.00030441 
 408 |0.000302181 
 409 |0.000300917 
 410 |0.000215262 
 411 |0.000215934 
 412 |0.000215785 
 413 |0.0002151 
 414 |0.000216342 
 415 |0.000216411 
 416 |0.000215687 
 417 |0.000216725 
 418 |0.000216296 
 419 |0.000217487 
 420 |0.000215079 
 421 |0.000216351 
 422 |0.000216096 
 423 |0.00021787 
 424 |0.000217751 
 425 |0.000216249 
 426 |0.000216057 
 427 |0.000215508 
 428 |0.000215691 
 429 |0.000218113 
 430 |0.000216606 
 431 |0.000215947 
 432 |0.000214734 
 433 |0.000217432 
 434 |0.000614829 
 435 |0.000611216 
 436 |0.000613336 
 437 |0.000613689 
 438 |0.000617084 
 439 |0.00061365 
 440 |0.000615229 
 441 |0.000615127 
 442 |0.000613101 
 443 |0.000614833 
 444 |0.000616463 
 445 |0.000616893 
 446 |0.00061505 
 447 |0.000615157 
 448 |0.000614782 
 449 |0.000617127 
 450 |0.000614982 
 451 |0.000615561 
 452 |0.000615127 
 453 |0.000616208 
 454 |0.000613974 
 455 |0.000617067 
 456 |0.000612233 
 457 |0.000613289 
 458 |0.000472002 
 459 |0.000475947 
 460 |0.000471338 
 461 |0.000474998 
 462 |0.000472942 
 463 |0.000475219 
 464 |0.000479559 
 465 |0.000476798 
 466 |0.000472628 
 467 |0.000476083 
 468 |0.000474419 
 469 |0.000476938 
 470 |0.000477568 
 471 |0.000474985 
 472 |0.000475959 
 473 |0.000478108 
 474 |0.00047801 
 475 |0.000478317 
 476 |0.000473194 
 477 |0.000474679 
 478 |0.000477836 
 479 |0.000475823 
 480 |0.000475559 
 481 |0.000473674 
 482 |0.00044351 
 483 |0.000445208 
 484 |0.000443718 
 485 |0.000443429 
 486 |0.000445442 
 487 |0.000445982 
 488 |0.000443625 
 489 |0.000443629 
 490 |0.000441472 
 491 |0.000442752 
 492 |0.00044365 
 493 |0.000442714 
 494 |0.000444578 
 495 |0.000444535 
 496 |0.000444344 
 497 |0.000444974 
 498 |0.000443633 
 499 |0.000443472 
 500 |0.000444016 
 501 |0.000442804 
 502 |0.000442293 
 503 |0.000443918 
 504 |0.000445263 
 505 |0.000443233 
 506 |0.000309785 
 507 |0.000310291 
 508 |0.000310951 
 509 |0.000309168 
 510 |0.000309836 
 511 |0.000309261 
 512 |0.000309508 
 513 |0.000309525 
 514 |0.00030978 
 515 |0.000308036 
 516 |0.000307589 
 517 |0.000309972 
 518 |0.000307461 
 519 |0.000310427 
 520 |0.000308431 
 521 |0.000311878 
 522 |0.000309546 
 523 |0.000309274 
 524 |0.000307819 
 525 |0.000309593 
 526 |0.000310317 
 527 |0.000310185 
 528 |0.000309163 
 529 |0.000309006 
 530 |0.000281484 
 531 |0.000279867 
 532 |0.000280488 
 533 |0.000279373 
 534 |0.000279463 
 535 |0.000278748 
 536 |0.000277948 
 537 |0.000277897 
 538 |0.000278297 
 539 |0.000278029 
 540 |0.000280437 
 541 |0.000279029 
 542 |0.000279961 
 543 |0.000279327 
 544 |0.000279612 
 545 |0.000279441 
 546 |0.000277773 
 547 |0.000278888 
 548 |0.000283011 
 549 |0.000277837 
 550 |0.00027768 
 551 |0.000280518 
 552 |0.000278471 
 553 |0.000279654 
 554 |0 
 555 |0.0004777 
 556 |0.00047941 
 557 |0.000477955 
 558 |0.000480691 
 559 |0.000479866 
 560 |0.000479746 
 561 |0.000477649 
 562 |0.0004797 
 563 |0.000479189 
 564 |0.000478844 
 565 |0.000479725 
 566 |0.000477006 
 567 |0.000479623 
 568 |0.000480117 
 569 |0.000479649 
 570 |0.000479602 
 571 |0.000478512 
 572 |0.000476483 
 573 |0.000480125 
 574 |0.000482236 
 575 |0.000476734 
 576 |0.000476793 
 577 |0.000481857 
 578 |0.000478968 
 579 |0.000369709 
 580 |0.000371424 
 581 |0.000369148 
 582 |0.000369667 
 583 |0.000372024 
 584 |0.000371505 
 585 |0.000373169 
 586 |0.000370977 
 587 |0.000371577 
 588 |0.000373169 
 589 |0.000370382 
 590 |0.000371548 
 591 |0.000370356 
 592 |0.000369284 
 593 |0.000368867 
 594 |0.000370292 
 595 |0.000372186 
 596 |0.000370837 
 597 |0.000373245 
 598 |0.000370148 
 599 |0.000370948 
 600 |0.000371513 
 601 |0.00037156 
 602 |0.000370969 
 603 |0.000339136 
 604 |0.000339579 
 605 |0.000339098 
 606 |0.000337826 
 607 |0.000336941 
 608 |0.000337502 
 609 |0.000339536 
 610 |0.00034046 
 611 |0.000337783 
 612 |0.000337617 
 613 |0.000338187 
 614 |0.000337758 
 615 |0.000340051 
 616 |0.00034103 
 617 |0.00034043 
 618 |0.000339838 
 619 |0.000338987 
 620 |0.00033866 
 621 |0.000338383 
 622 |0.000338724 
 623 |0.000337613 
 624 |0.000339787 
 625 |0.000338587 
 626 |0.000336856 
 627 |0.000230401 
 628 |0.000227963 
 629 |0.000228972 
 630 |0.000228206 
 631 |0.000229091 
 632 |0.000228687 
 633 |0.00022884 
 634 |0.000230337 
 635 |0.000231661 
 636 |0.000231835 
 637 |0.000229929 
 638 |0.000230095 
 639 |0.00023001 
 640 |0.000230376 
 641 |0.00022998 
 642 |0.000230427 
 643 |0.00022998 
 644 |0.000230755 
 645 |0.00023075 
 646 |0.000229091 
 647 |0.000230631 
 648 |0.000231725 
 649 |0.000228984 
 650 |0.000230172 
 651 |0.000204381 
 652 |0.000204475 
 653 |0.000203513 
 654 |0.000206181 
 655 |0.000204769 
 656 |0.000205211 
 657 |0.000204415 
 658 |0.000204535 
 659 |0.000205415 
 660 |0.000204475 
 661 |0.000204756 
 662 |0.000206334 
 663 |0.000204062 
 664 |0.000204666 
 665 |0.000204126 
 666 |0.000203522 
 667 |0.000204777 
 668 |0.000204322 
 669 |0.000204981 
 670 |0.000203684 
 671 |0.00020556 
 672 |0.000205858 
 673 |0.000205173 
 674 |0.000203658 
 675 |0 
 676 |0.000839086 
 677 |0.000838231 
 678 |0.000841797 
 679 |0.000839575 
 680 |0.000840205 
 681 |0.000841043 
 682 |0.000837933 
 683 |0.000838465 
 684 |0.00083749 
 685 |0.000840886 
 686 |0.000840175 
 687 |0.000837035 
 688 |0.000838409 
 689 |0.000838001 
 690 |0.000839192 
 691 |0.000839099 
 692 |0.000838933 
 693 |0.000836541 
 694 |0.000840831 
 695 |0.000837529 
 696 |0.000839443 
 697 |0.00083892 
 698 |0.000838903 
 699 |0.000840286 
 700 |0.000646245 
 701 |0.000646844 
 702 |0.0006467 
 703 |0.00064553 
 704 |0.000645151 
 705 |0.000648717 
 706 |0.000647427 
 707 |0.0006453 
 708 |0.000648985 
 709 |0.000644304 
 710 |0.000648444 
 711 |0.000646547 
 712 |0.000646189 
 713 |0.000648091 
 714 |0.000648657 
 715 |0.000646045 
 716 |0.000646006 
 717 |0.000647172 
 718 |0.000646964 
 719 |0.000647981 
 720 |0.00064633 
 721 |0.000648159 
 722 |0.0006471 
 723 |0.00064344 
 724 |0.000571057 
 725 |0.000574869 
 726 |0.00057344 
 727 |0.000574699 
 728 |0.000575848 
 729 |0.000571976 
 730 |0.000576222 
 731 |0.000576091 
 732 |0.000575686 
 733 |0.000576576 
 734 |0.000575746 
 735 |0.000575865 
 736 |0.000575963 
 737 |0.000572342 
 738 |0.000573623 
 739 |0.000574427 
 740 |0.000576673 
 741 |0.000577261 
 742 |0.000575844 
 743 |0.00057498 
 744 |0.000572755 
 745 |0.000572486 
 746 |0.000573827 
 747 |0.00057372 
 748 |0.000379551 
 749 |0.000381824 
 750 |0.000381462 
 751 |0.000379398 
 752 |0.000379636 
 753 |0.000379645 
 754 |0.000378807 
 755 |0.000382198 
 756 |0.000379862 
 757 |0.000380998 
 758 |0.000379581 
 759 |0.000379505 
 760 |0.000380722 
 761 |0.000379641 
 762 |0.000381479 
 763 |0.000380181 
 764 |0.000379139 
 765 |0.000377964 
 766 |0.000380939 
 767 |0.000380296 
 768 |0.000382636 
 769 |0.0003803 
 770 |0.000378947 
 771 |0.000379471 
 772 |0 
 773 |0 
 774 |0 
 775 |0 
 776 |0 
 777 |0 
 778 |0 
 779 |0 
 780 |0 
 781 |0 
 782 |0 
 783 |0 
 784 |0 
 785 |0 
 786 |0 
 787 |0 
 788 |0 
 789 |0 
 790 |0 
 791 |0 
 792 |0 
 793 |0 
 794 |0 
 795 |0 
 796 |0 
 797 |0 
 798 |0 
 799 |0 
 800 |0 
 801 |0 
 802 |0 
 803 |0 
 804 |0 
 805 |0 
 806 |0 
 807 |0 
 808 |0 
 809 |0 
 810 |0 
 811 |0 
 812 |0 
 813 |0 
 814 |0 
 815 |0 
 816 |0 
 817 |0 
 818 |0 
 819 |0 
 820 |0 
 821 |0 
 822 |0 
 823 |0 
 824 |0 
 825 |0 
 826 |0 
 827 |0 
 828 |0 
 829 |0 
 830 |0 
 831 |0 
 832 |0 
 833 |0 
 834 |0 
 835 |0 
 836 |0 
 837 |0 
 838 |0 
 839 |0 
 840 |0 
 841 |0 
 842 |0 
 843 |0 
 844 |0 
 845 |0 
 846 |0 
 847 |0 
 848 |0 
 849 |0 
 850 |0 
 851 |0 
 852 |0 
 853 |0 
 854 |0 
 855 |0 
 856 |0 
 857 |0 
 858 |0 
 859 |0 
 860 |0 
 861 |0 
 862 |0 
 863 |0 
 864 |0 
 865 |0 
 866 |0 
 867 |0 
 868 |0 
 869 |0 
 870 |0 
 871 |0 
 872 |0 
 873 |0 
 874 |0 
 875 |0 
 876 |0 
 877 |0 
 878 |0 
 879 |0 
 880 |0 
 881 |0 
 882 |0 
 883 |0 
 884 |0 
 885 |0 
 886 |0 
 887 |0 
 888 |0 
 889 |0 
 890 |0 
 891 |0 
 892 |0 
 893 |0 
 894 |0 
 895 |0 
 896 |0 
 897 |0 
 898 |0 
 899 |0 
 900 |0 
 901 |0 
 902 |0 
 903 |0 
 904 |0 
 905 |0 
 906 |0 
 907 |0 
 908 |0 
 909 |0 
 910 |0 
 911 |0 
 912 |0 
 913 |0 
 914 |0 

Now unfolding...
Iteration : 0
Chi^2 of change 178020
Iteration : 1
Chi^2 of change 14153.8
Iteration : 2
Chi^2 of change 4172.6
Iteration : 3
Chi^2 of change 1885.45
Iteration : 4
Chi^2 of change 1097.7
Iteration : 5
Chi^2 of change 782.36
Iteration : 6
Chi^2 of change 640.425
Iteration : 7
Chi^2 of change 566.371
Iteration : 8
Chi^2 of change 519.931
Iteration : 9
Chi^2 of change 485.108
Iteration : 10
Chi^2 of change 455.401
Iteration : 11
Chi^2 of change 428.151
Iteration : 12
Chi^2 of change 402.297
Using response matrix priors
Calculating covariances due to number of measured events
Using response matrix priors
Using response matrix priors
Using response matrix priors
Using response matrix priors
Using response matrix priors
Using response matrix priors
Using response matrix priors
Using response matrix priors
Using response matrix priors
Using response matrix priors
Using response matrix priors
Using response matrix priors
Using response matrix priors
Using response matrix priors
Using response matrix priors
Using response matrix priors
Using response matrix priors
Using response matrix priors
Using response matrix priors
Using response matrix priors
Using response matrix priors
Using response matrix priors
Using response matrix priors
Using response matrix priors
Using response matrix priors
Using response matrix priors
Using response matrix priors
Using response matrix priors
Using response matrix priors
Using response matrix priors
Using response matrix priors
Using response matrix priors
Using response matrix priors
Using response matrix priors
Using response matrix priors
Using response matrix priors
Using response matrix priors
Using response matrix priors
Using response matrix priors
Using response matrix priors
Using response matrix priors
Using response matrix priors
Using response matrix priors
Using response matrix priors
Using response matrix priors
Using response matrix priors
Using response matrix priors
Using response matrix priors
Using response matrix priors
Using response matrix priors
Using response matrix priors
Using response matrix priors
Using response matrix priors
Using response matrix priors
Using response matrix priors
Using response matrix priors
Using response matrix priors
Using response matrix priors
Using response matrix priors
Using response matrix priors
Using response matrix priors
Using response matrix priors
Using response matrix priors
Using response matrix priors
Using response matrix priors
Using response matrix priors
Using response matrix priors
Using response matrix priors
Using response matrix priors
Using response matrix priors
Using response matrix priors
Using response matrix priors
Using response matrix priors
Using response matrix priors
Using response matrix priors
Using response matrix priors
Using response matrix priors
Using response matrix priors
Using response matrix priors
Using response matrix priors
Using response matrix priors
Using response matrix priors
Using response matrix priors
Using response matrix priors
Using response matrix priors
Using response matrix priors
Using response matrix priors
Using response matrix priors
Using response matrix priors
Using response matrix priors
Using response matrix priors
Using response matrix priors
Using response matrix priors
Using response matrix priors
Using response matrix priors
Using response matrix priors
Using response matrix priors
Using response matrix priors
Using response matrix priors
Using response matrix priors
Using response matrix priors
Using response matrix priors
Using response matrix priors
Using response matrix priors
Using response matrix priors
Using response matrix priors
Using response matrix priors
Using response matrix priors
Using response matrix priors
Using response matrix priors
Using response matrix priors
Using response matrix priors
Using response matrix priors
Using response matrix priors
Using response matrix priors
Using response matrix priors
Using response matrix priors
Using response matrix priors
Using response matrix priors
Using response matrix priors
Using response matrix priors
Using response matrix priors
Using response matrix priors
Using response matrix priors
Using response matrix priors
Using response matrix priors
Using response matrix priors
Using response matrix priors
Using response matrix priors
Using response matrix priors
Using response matrix priors
Using response matrix priors
Using response matrix priors
Using response matrix priors
Using response matrix priors
Using response matrix priors
Using response matrix priors
Using response matrix priors
Using response matrix priors
Using response matrix priors
Using response matrix priors
Using response matrix priors
Using response matrix priors
Using response matrix priors
Using response matrix priors
Using response matrix priors
Using response matrix priors
Using response matrix priors
Using response matrix priors
Using response matrix priors
Using response matrix priors
Using response matrix priors
Using response matrix priors
Using response matrix priors
Using response matrix priors
Using response matrix priors
Using response matrix priors
Using response matrix priors
Using response matrix priors
Using response matrix priors
Using response matrix priors
Using response matrix priors
Using response matrix priors
Using response matrix priors
Using response matrix priors
Using response matrix priors
Using response matrix priors
Using response matrix priors
Using response matrix priors
Using response matrix priors
Using response matrix priors
Using response matrix priors
Using response matrix priors
Using response matrix priors
Using response matrix priors
Using response matrix priors
Using response matrix priors
Using response matrix priors
Using response matrix priors
Using response matrix priors
Using response matrix priors
Using response matrix priors
Using response matrix priors
Using response matrix priors
Using response matrix priors
Using response matrix priors
Using response matrix priors
Using response matrix priors
Using response matrix priors
Using response matrix priors
Using response matrix priors
Using response matrix priors
Using response matrix priors
Using response matrix priors
Using response matrix priors
Using response matrix priors
Using response matrix priors
Using response matrix priors
Using response matrix priors
Using response matrix priors
Using response matrix priors
Using response matrix priors
Using response matrix priors
Using response matrix priors
Using response matrix priors
Using response matrix priors
Using response matrix priors
Using response matrix priors
Using response matrix priors
Using response matrix priors
Using response matrix priors
Using response matrix priors
Using response matrix priors
Using response matrix priors
Using response matrix priors
Using response matrix priors
Using response matrix priors
Using response matrix priors
Using response matrix priors
Using response matrix priors
Using response matrix priors
Using response matrix priors
Using response matrix priors
Using response matrix priors
Using response matrix priors
Using response matrix priors
Using response matrix priors
Using response matrix priors
Using response matrix priors
Using response matrix priors
Using response matrix priors
Using response matrix priors
Using response matrix priors
Using response matrix priors
Using response matrix priors
Using response matrix priors
Using response matrix priors
Using response matrix priors
Using response matrix priors
Using response matrix priors
Using response matrix priors
Using response matrix priors
Using response matrix priors
Using response matrix priors
Using response matrix priors
Using response matrix priors
Using response matrix priors
Using response matrix priors
Using response matrix priors
Using response matrix priors
Using response matrix priors
Using response matrix priors
Using response matrix priors
Using response matrix priors
Using response matrix priors
Using response matrix priors
Using response matrix priors
Using response matrix priors
Using response matrix priors
Using response matrix priors
Using response matrix priors
Using response matrix priors
Using response matrix priors
Using response matrix priors
Using response matrix priors
Using response matrix priors
Using response matrix priors
Using response matrix priors
Using response matrix priors
Using response matrix priors
Using response matrix priors
Using response matrix priors
Using response matrix priors
Using response matrix priors
Using response matrix priors
Using response matrix priors
Using response matrix priors
Using response matrix priors
Using response matrix priors
Using response matrix priors
Using response matrix priors
Using response matrix priors
Using response matrix priors
Using response matrix priors
Using response matrix priors
Using response matrix priors
Using response matrix priors
Using response matrix priors
Using response matrix priors
Using response matrix priors
Using response matrix priors
Using response matrix priors
Using response matrix priors
Using response matrix priors
Using response matrix priors
Using response matrix priors
Using response matrix priors
Using response matrix priors
Using response matrix priors
Using response matrix priors
Using response matrix priors
Using response matrix priors
Using response matrix priors
Using response matrix priors
Using response matrix priors
Using response matrix priors
Using response matrix priors
Using response matrix priors
Using response matrix priors
Using response matrix priors
Using response matrix priors
Using response matrix priors
Using response matrix priors
Using response matrix priors
Using response matrix priors
Using response matrix priors
Using response matrix priors
Using response matrix priors
Using response matrix priors
Using response matrix priors
Using response matrix priors
Using response matrix priors
Using response matrix priors
Using response matrix priors
Using response matrix priors
Using response matrix priors
Using response matrix priors
Using response matrix priors
Using response matrix priors
Using response matrix priors
Using response matrix priors
Using response matrix priors
Using response matrix priors
Using response matrix priors
Using response matrix priors
Using response matrix priors
Using response matrix priors
Using response matrix priors
Using response matrix priors
Using response matrix priors
Using response matrix priors
Using response matrix priors
Using response matrix priors
Using response matrix priors
Using response matrix priors
Using response matrix priors
Using response matrix priors
Using response matrix priors
Using response matrix priors
Using response matrix priors
Using response matrix priors
Using response matrix priors
Using response matrix priors
Using response matrix priors
Using response matrix priors
Using response matrix priors
Using response matrix priors
Using response matrix priors
Using response matrix priors
Using response matrix priors
Using response matrix priors
Using response matrix priors
Using response matrix priors
Using response matrix priors
Using response matrix priors
Using response matrix priors
Using response matrix priors
Using response matrix priors
Using response matrix priors
Using response matrix priors
Using response matrix priors
Using response matrix priors
Using response matrix priors
Using response matrix priors
Using response matrix priors
Using response matrix priors
Using response matrix priors
Using response matrix priors
Using response matrix priors
Using response matrix priors
Using response matrix priors
Using response matrix priors
Using response matrix priors
Using response matrix priors
Using response matrix priors
Using response matrix priors
Using response matrix priors
Using response matrix priors
Using response matrix priors
Using response matrix priors
Using response matrix priors
Using response matrix priors
Using response matrix priors
Using response matrix priors
Using response matrix priors
Using response matrix priors
Using response matrix priors
Using response matrix priors
Using response matrix priors
Using response matrix priors
Using response matrix priors
Using response matrix priors
Using response matrix priors
Using response matrix priors
Using response matrix priors
Using response matrix priors
Using response matrix priors
Using response matrix priors
Using response matrix priors
Using response matrix priors
Using response matrix priors
Using response matrix priors
Using response matrix priors
Using response matrix priors
Using response matrix priors
Using response matrix priors
Using response matrix priors
Using response matrix priors
Using response matrix priors
Using response matrix priors
Using response matrix priors
Using response matrix priors
Using response matrix priors
Using response matrix priors
Using response matrix priors
Using response matrix priors
Using response matrix priors
Using response matrix priors
Using response matrix priors
Using response matrix priors
Using response matrix priors
Using response matrix priors
Using response matrix priors
Using response matrix priors
Using response matrix priors
Using response matrix priors
Using response matrix priors
Using response matrix priors
Using response matrix priors
Using response matrix priors
Using response matrix priors
Using response matrix priors
Using response matrix priors
Using response matrix priors
Using response matrix priors
Using response matrix priors
Using response matrix priors
Using response matrix priors
Using response matrix priors
Using response matrix priors
Using response matrix priors
Using response matrix priors
Using response matrix priors
Using response matrix priors
Using response matrix priors
Using response matrix priors
Using response matrix priors
Using response matrix priors
Using response matrix priors
Using response matrix priors
Using response matrix priors
Using response matrix priors
Using response matrix priors
Using response matrix priors
Using response matrix priors
Using response matrix priors
Using response matrix priors
Using response matrix priors
Using response matrix priors
Using response matrix priors
Using response matrix priors
Using response matrix priors
Using response matrix priors
Using response matrix priors
Using response matrix priors
Using response matrix priors
Using response matrix priors
Using response matrix priors
Using response matrix priors
Using response matrix priors
Using response matrix priors
Using response matrix priors
Using response matrix priors
Using response matrix priors
Using response matrix priors
Using response matrix priors
Using response matrix priors
Using response matrix priors
Using response matrix priors
Using response matrix priors
Using response matrix priors
Using response matrix priors
Using response matrix priors
Using response matrix priors
Using response matrix priors
Using response matrix priors
Using response matrix priors
Using response matrix priors
Using response matrix priors

[1m[94mSmear option selected is: Smear[0m


[91mRunning Bin 'All' for Q2-y Bins by default (will skip at end)[0m


Running for Q2-xB/Q2-y Bins: 'default', 'Unfolding', 'as', 'background', 'parallel', 'jobs.', 'Ran', 'in', 'tmuxUnfold', '(in', 'case', 'there', 'were', 'any', 'local', 'issues)"', '2', '0'
[1m
Starting RG-A SIDIS Analysis
[0m

Started running on [1m2-18-2026[0m at [1m03:00 p.m.[0m

The total number of histograms available for the[1mRDataFrame[0m in '[1m[94m/w/hallb-scshelf2102/clas12/richcap/SIDIS_Analysis/Histo_Files_ROOT/DataFrames/hadd_ROOT_files_From_using_RDataFrames/SIDIS_epip_Response_Matrices_from_RDataFrames_ZerothOrder.root[0m' is [1m180[0m


[1mDone Loading RDataFrame files...
[0m
[1m[94m

Starting Unfolding Procedures...
[0m
Bin 1 is not in Q2_y_Bin_List = ['default', 'Unfolding', 'as', 'background', 'parallel', 'jobs.', 'Ran', 'in', 'tmuxUnfold', '(in', 'case', 'there', 'were', 'any', 'local', 'issues)"', '2', '0']
Bin 10 is not in Q2_y_Bin_List = ['default', 'Unfolding', 'as', 'background', 'parallel', 'jobs.', 'Ran', 'in', 'tmuxUnfold', '(in', 'case', 'there', 'were', 'any', 'local', 'issues)"', '2', '0']
Bin 11 is not in Q2_y_Bin_List = ['default', 'Unfolding', 'as', 'background', 'parallel', 'jobs.', 'Ran', 'in', 'tmuxUnfold', '(in', 'case', 'there', 'were', 'any', 'local', 'issues)"', '2', '0']
Bin 12 is not in Q2_y_Bin_List = ['default', 'Unfolding', 'as', 'background', 'parallel', 'jobs.', 'Ran', 'in', 'tmuxUnfold', '(in', 'case', 'there', 'were', 'any', 'local', 'issues)"', '2', '0']
Bin 13 is not in Q2_y_Bin_List = ['default', 'Unfolding', 'as', 'background', 'parallel', 'jobs.', 'Ran', 'in', 'tmuxUnfold', '(in', 'case', 'there', 'were', 'any', 'local', 'issues)"', '2', '0']
Bin 14 is not in Q2_y_Bin_List = ['default', 'Unfolding', 'as', 'background', 'parallel', 'jobs.', 'Ran', 'in', 'tmuxUnfold', '(in', 'case', 'there', 'were', 'any', 'local', 'issues)"', '2', '0']
Bin 15 is not in Q2_y_Bin_List = ['default', 'Unfolding', 'as', 'background', 'parallel', 'jobs.', 'Ran', 'in', 'tmuxUnfold', '(in', 'case', 'there', 'were', 'any', 'local', 'issues)"', '2', '0']
Bin 16 is not in Q2_y_Bin_List = ['default', 'Unfolding', 'as', 'background', 'parallel', 'jobs.', 'Ran', 'in', 'tmuxUnfold', '(in', 'case', 'there', 'were', 'any', 'local', 'issues)"', '2', '0']
Bin 17 is not in Q2_y_Bin_List = ['default', 'Unfolding', 'as', 'background', 'parallel', 'jobs.', 'Ran', 'in', 'tmuxUnfold', '(in', 'case', 'there', 'were', 'any', 'local', 'issues)"', '2', '0']

Unfolding: ((Histo-Group='Response_Matrix_Normal'), (Data-Type='DataFrame_Type'), (Data-Cut='cut_Complete_SIDIS'), (Smear-Type='smear'), (Binning-Type='Y_bin'-[Q2-y-Bin=2, z-PT-Bin=All]), (Var-D1='MultiDim_z_pT_Bin_Y_bin_phi_t'-[NumBins=915, MinBin=-1.5, MaxBin=913.5]), (Var-D2='z_pT_Bin_Y_bin_smeared'-[NumBins=38, MinBin=-0.5, MaxBin=37.5]))
[1m[96mStarting [4m[95mBin-by-Bin[0m[1m[96m Unfolding Procedure...[0m
	[1mAcceptance Correction of Histogram:[0m
	((Histo-Group='Response_Matrix_Normal_1D'), (Data-Cut='cut_Complete_SIDIS'), (Smear-Type='smear'), (Binning-Type='Y_bin'-[Q2-y-Bin=2, z-PT-Bin=All]), (Var-D1='MultiDim_z_pT_Bin_Y_bin_phi_t'))
[91m
Bin 27 had a very low acceptance...
	(cut_criteria = 0.0005)
	(Bin_Content  = 0.0003267773624982129)[0m
[91m
Bin 49 had a very low acceptance...
	(cut_criteria = 0.0005)
	(Bin_Content  = 4.089895912149036e-05)[0m
[91m
Bin 52 had a very low acceptance...
	(cut_criteria = 0.0005)
	(Bin_Content  = 1.0055304172951232e-05)[0m
[91m
Bin 73 had a very low acceptance...
	(cut_criteria = 0.0005)
	(Bin_Content  = 2.003526206122776e-05)[0m
[91m
Bin 100 had a very low acceptance...
	(cut_criteria = 0.0005)
	(Bin_Content  = 1.1816699359534895e-05)[0m
[91m
Bin 172 had a very low acceptance...
	(cut_criteria = 0.0005)
	(Bin_Content  = 6.772716113138223e-05)[0m
[91m
Bin 193 had a very low acceptance...
	(cut_criteria = 0.0005)
	(Bin_Content  = 3.390721291186668e-05)[0m
[91m
Bin 196 had a very low acceptance...
	(cut_criteria = 0.0005)
	(Bin_Content  = 8.674907829104316e-06)[0m
[91m
Bin 217 had a very low acceptance...
	(cut_criteria = 0.0005)
	(Bin_Content  = 5.159914345421866e-05)[0m
[91m
Bin 316 had a very low acceptance...
	(cut_criteria = 0.0005)
	(Bin_Content  = 2.7026053115203057e-05)[0m
[91m
Bin 337 had a very low acceptance...
	(cut_criteria = 0.0005)
	(Bin_Content  = 9.022664934314999e-06)[0m
[91m
Bin 339 had a very low acceptance...
	(cut_criteria = 0.0005)
	(Bin_Content  = 7.585167205529587e-05)[0m
[91m
Bin 362 had a very low acceptance...
	(cut_criteria = 0.0005)
	(Bin_Content  = 1.8905021173623716e-05)[0m
[91m
Bin 458 had a very low acceptance...
	(cut_criteria = 0.0005)
	(Bin_Content  = 0.00017345452022479705)[0m
[91m
Bin 556 had a very low acceptance...
	(cut_criteria = 0.0005)
	(Bin_Content  = 0.0003295773393310471)[0m
[91m
Bin 579 had a very low acceptance...
	(cut_criteria = 0.0005)
	(Bin_Content  = 0.00013325870845659764)[0m
[91m
Bin 677 had a very low acceptance...
	(cut_criteria = 0.0005)
	(Bin_Content  = 3.549785745074672e-05)[0m
[91m
Bin 700 had a very low acceptance...
	(cut_criteria = 0.0005)
	(Bin_Content  = 0.00010634149799723511)[0m
[1m[96mFinished [95mBin-by-Bin[0m[1m[96m Unfolding Procedure.[0m

Current Time: [1m03:00 p.m.[0m
Time Elapsed Up To Now:
0 Day(s), 0 Hour(s), 0 Minute(s), and 0 Second(s).

[1m[96mStarting [4m[92mRooUnfold[0m[1m[96m Unfolding Procedure...[0m
	[1mUnfolding Histogram:[0m
	((Histo-Group='Response_Matrix_Normal'), (Data-Cut='cut_Complete_SIDIS'), (Smear-Type='smear'), (Binning-Type='Y_bin'-[Q2-y-Bin=2, z-PT-Bin=All]), (Var-D1='MultiDim_z_pT_Bin_Y_bin_phi_t'))
	[96mUsing [1m[92mRooUnfold (Bin-by-Bin)[0m[96m Unfolding Procedure...[0m
[1m[96mFinished [92mRooUnfold (Bin-by-Bin)[0m[1m[96m Unfolding Procedure.
[0m
[1m[96mStarting [4m[92mRooUnfold[0m[1m[96m Unfolding Procedure...[0m

	[1mBegan Unfolding Histogram:[0m
	((Histo-Group='Response_Matrix_Normal'), (Data-Cut='cut_Complete_SIDIS'), (Smear-Type='smear'), (Binning-Type='Y_bin'-[Q2-y-Bin=2, z-PT-Bin=All]), (Var-D1='MultiDim_z_pT_Bin_Y_bin_phi_t'))
Time Elapsed Up To Now: 0 Day(s), 0 Hour(s), 0 Minute(s), and 4 Second(s). 
	[96mUsing [1m[92mRooUnfold (Bayesian)[0m[96m method to unfold...[0m

Current Time: [1m05:09 p.m.[0m
Time Elapsed Up To Now:
0 Day(s), 2 Hour(s), 9 Minute(s), and 1 Second(s).

[1m[96mFinished [92mRooUnfold (Bayesian)[0m[1m[96m Unfolding Procedure.
[0m

[94mRunning Multi3D_Slice(...)[0m


[94mRunning Multi3D_Slice(...)[0m


[94mRunning Multi3D_Slice(...)[0m


[94mRunning Multi3D_Slice(...)[0m


[94mRunning Multi3D_Slice(...)[0m


[94mRunning Multi3D_Slice(...)[0m


[94mRunning Multi3D_Slice(...)[0m

Bin 3 is not in Q2_y_Bin_List = ['default', 'Unfolding', 'as', 'background', 'parallel', 'jobs.', 'Ran', 'in', 'tmuxUnfold', '(in', 'case', 'there', 'were', 'any', 'local', 'issues)"', '2', '0']
Bin 4 is not in Q2_y_Bin_List = ['default', 'Unfolding', 'as', 'background', 'parallel', 'jobs.', 'Ran', 'in', 'tmuxUnfold', '(in', 'case', 'there', 'were', 'any', 'local', 'issues)"', '2', '0']
Bin 5 is not in Q2_y_Bin_List = ['default', 'Unfolding', 'as', 'background', 'parallel', 'jobs.', 'Ran', 'in', 'tmuxUnfold', '(in', 'case', 'there', 'were', 'any', 'local', 'issues)"', '2', '0']
Bin 6 is not in Q2_y_Bin_List = ['default', 'Unfolding', 'as', 'background', 'parallel', 'jobs.', 'Ran', 'in', 'tmuxUnfold', '(in', 'case', 'there', 'were', 'any', 'local', 'issues)"', '2', '0']
Bin 7 is not in Q2_y_Bin_List = ['default', 'Unfolding', 'as', 'background', 'parallel', 'jobs.', 'Ran', 'in', 'tmuxUnfold', '(in', 'case', 'there', 'were', 'any', 'local', 'issues)"', '2', '0']
Bin 8 is not in Q2_y_Bin_List = ['default', 'Unfolding', 'as', 'background', 'parallel', 'jobs.', 'Ran', 'in', 'tmuxUnfold', '(in', 'case', 'there', 'were', 'any', 'local', 'issues)"', '2', '0']
Bin 9 is not in Q2_y_Bin_List = ['default', 'Unfolding', 'as', 'background', 'parallel', 'jobs.', 'Ran', 'in', 'tmuxUnfold', '(in', 'case', 'there', 'were', 'any', 'local', 'issues)"', '2', '0']

Unfolding: ((Histo-Group='Response_Matrix_Normal'), (Data-Type='DataFrame_Type'), (Data-Cut='cut_Complete_SIDIS'), (Smear-Type='smear'), (Binning-Type='Y_bin'-[Q2-y-Bin=All, z-PT-Bin=All]), (Var-D1='MultiDim_z_pT_Bin_Y_bin_phi_t'-[NumBins=915, MinBin=-1.5, MaxBin=913.5]), (Var-D2='z_pT_Bin_Y_bin_smeared'-[NumBins=38, MinBin=-0.5, MaxBin=37.5]))
Total: 2


Counting Total Number of/Saving collected histograms...
[1m[94mSaving to: [1m[92m"FULL_Unfolded_Histos_From_Simple_RooUnfold_SelfContained.root"[0m

Final Count = 239
Conditions for running 'Create_Fits_and_Apply_RC' were not set...
Need to run: '(args.fit and args.Use_TTree) or args.Apply_RC'




[1m[43mEMAIL MESSAGE TO SEND:[0m


The 'Simple_RooUnfold_SelfContained.py' script has finished running.
Started running on [1m2-18-2026[0m at [1m03:00 p.m.[0m

Input File:
	/w/hallb-scshelf2102/clas12/richcap/SIDIS_Analysis/Histo_Files_ROOT/DataFrames/hadd_ROOT_files_From_using_RDataFrames/SIDIS_epip_Response_Matrices_from_RDataFrames_ZerothOrder.root
Output File:
	"FULL_Unfolded_Histos_From_Simple_RooUnfold_SelfContained.root"

"Running

	[1mBegan Unfolding Histogram:[0m
	((Histo-Group='Response_Matrix_Normal'), (Data-Cut='cut_Complete_SIDIS'), (Smear-Type='smear'), (Binning-Type='Y_bin'-[Q2-y-Bin=2, z-PT-Bin=All]), (Var-D1='MultiDim_z_pT_Bin_Y_bin_phi_t'))
Time Elapsed Up To Now: 0 Day(s), 0 Hour(s), 0 Minute(s), and 4 Second(s). 
	Finished Unfolding the histogram at:
Time Elapsed Up To Now: 0 Day(s), 2 Hour(s), 9 Minute(s), and 1 Second(s). 

Arguments:
--unfolding_1D (1D Unfolding Only)                  --> False
--unfolding_3D (3D Unfolding Only)                  --> True
--run_sectors                                       --> False
--sectors_to_unfold                                 --> None
--allow_other_variables (for unfolding)             --> False
--simulation (unfolding synthetic data)             --> False
--modulation (data unfolded with modulated MC)      --> False
--closure  (modulated MC unfolded with itself)      --> False
--weighed_acceptace (use acceptance weights only)   --> False
--test                                              --> False
--verbose                                           --> False
--fit                                               --> False
--tag_proton                                        --> False
--cut_proton                                        --> False
--Common_Int_Bins                                   --> False
--bayes_iterations                                  --> 13
--Num_Toys                                          --> 500
--title                                             --> None
--EvGen                                             --> False
--Min_Allowed_Acceptance_Cut                        --> 0.0005
--Use_TTree                                         --> False
--Apply_RC                                          --> False
--Add_Uncertainties                                 --> False
--pass_version                                      --> 'Pass 2'
--smearing_options                                  --> 'smear'
--Q2_y_Bin_List                                     --> ['default', 'Unfolding', 'as', 'background', 'parallel', 'jobs.', 'Ran', 'in', 'tmuxUnfold', '(in', 'case', 'there', 'were', 'any', 'local', 'issues)"', '2', '0']
--Run_5D_Unfold                                     --> False
--run_sec_unfold                                    --> False


The time that this code finished is [1m05:09 p.m.[0m
The total time the code took to run is:
0 Day(s), 2 Hour(s), 9 Minute(s), and 1 Second(s).
Saved 239 Histograms...
Rate = 0.03 Histograms/Seconds
    

[1m[92m[43m
    	                                   	   
    	This code has now finished running.	   
    	                                   	   [0m
    
    
