Full command: ./Simple_RooUnfold_SelfContained.py -r "FULL_Unfolded_Histos_From_Simple_RooUnfold_SelfContained.root" -smear -u3D -e -em "Running default Unfolding as background parallel jobs. Ran in tmuxUnfold (in case there were any local issues)" 7
Subtract 33852.3 fakes from measured distribution
Using response matrix priors
Priors:

Vector (915)  is as follows

     |        1  |
------------------
   0 |0 
   1 |0.666978 
   2 |0.000244687 
   3 |0.000246016 
   4 |0.000243911 
   5 |0.00024603 
   6 |0.00024518 
   7 |0.000244642 
   8 |0.000246582 
   9 |0.000244592 
  10 |0.000245893 
  11 |0.000244149 
  12 |0.000245842 
  13 |0.000246463 
  14 |0.000245473 
  15 |0.000245436 
  16 |0.000244861 
  17 |0.000246326 
  18 |0.00024687 
  19 |0.000246628 
  20 |0.0002456 
  21 |0.000244623 
  22 |0.000244044 
  23 |0.000246641 
  24 |0.000244888 
  25 |0.000247276 
  26 |0.000243925 
  27 |0.000242825 
  28 |0.000243318 
  29 |0.000242852 
  30 |0.000240606 
  31 |0.000242706 
  32 |0.000244249 
  33 |0.000242213 
  34 |0.000243619 
  35 |0.000242035 
  36 |0.000243756 
  37 |0.000243825 
  38 |0.000243268 
  39 |0.000243016 
  40 |0.000243624 
  41 |0.000242386 
  42 |0.000243249 
  43 |0.0002444 
  44 |0.000243108 
  45 |0.000243322 
  46 |0.000244902 
  47 |0.000241597 
  48 |0.000243993 
  49 |0.000244121 
  50 |0.000265323 
  51 |0.000266971 
  52 |0.000265044 
  53 |0.000266427 
  54 |0.000265907 
  55 |0.00026587 
  56 |0.000264035 
  57 |0.000263889 
  58 |0.000264629 
  59 |0.000264172 
  60 |0.000265035 
  61 |0.00026472 
  62 |0.000265259 
  63 |0.000265939 
  64 |0.000264473 
  65 |0.000264209 
  66 |0.000265272 
  67 |0.000264903 
  68 |0.000266834 
  69 |0.000265181 
  70 |0.000267012 
  71 |0.000265345 
  72 |0.000264601 
  73 |0.000265692 
  74 |0.000268477 
  75 |0.000268884 
  76 |0.000267423 
  77 |0.000270194 
  78 |0.000270125 
  79 |0.000271116 
  80 |0.000271554 
  81 |0.000268614 
  82 |0.00027087 
  83 |0.00026871 
  84 |0.000271121 
  85 |0.000268715 
  86 |0.000270258 
  87 |0.000270112 
  88 |0.000268893 
  89 |0.000268372 
  90 |0.000268021 
  91 |0.000270691 
  92 |0.000268719 
  93 |0.00027023 
  94 |0.000269486 
  95 |0.00026845 
  96 |0.000270098 
  97 |0.000268527 
  98 |0.000235735 
  99 |0.000234297 
 100 |0.000236739 
 101 |0.000234562 
 102 |0.000236022 
 103 |0.000234237 
 104 |0.000237575 
 105 |0.000236867 
 106 |0.000236465 
 107 |0.00023531 
 108 |0.000235347 
 109 |0.000237296 
 110 |0.000235484 
 111 |0.000236182 
 112 |0.000237155 
 113 |0.000234425 
 114 |0.00023369 
 115 |0.000234447 
 116 |0.000235575 
 117 |0.000237241 
 118 |0.000235707 
 119 |0.000235388 
 120 |0.000235703 
 121 |0.000236105 
 122 |0 
 123 |0.000452035 
 124 |0.000452067 
 125 |0.000451629 
 126 |0.000455797 
 127 |0.000453857 
 128 |0.00045288 
 129 |0.000453866 
 130 |0.000455267 
 131 |0.000453825 
 132 |0.000454459 
 133 |0.000454761 
 134 |0.000454418 
 135 |0.000454916 
 136 |0.000453409 
 137 |0.000452104 
 138 |0.000450478 
 139 |0.000451095 
 140 |0.000452976 
 141 |0.000453774 
 142 |0.000451939 
 143 |0.000452455 
 144 |0.000452231 
 145 |0.000452186 
 146 |0.000455395 
 147 |0.000450145 
 148 |0.000451387 
 149 |0.00045246 
 150 |0.000451264 
 151 |0.000451236 
 152 |0.000452135 
 153 |0.000450127 
 154 |0.000453318 
 155 |0.00045214 
 156 |0.000451661 
 157 |0.000450341 
 158 |0.000451784 
 159 |0.00045057 
 160 |0.000452231 
 161 |0.000450834 
 162 |0.000451241 
 163 |0.000451318 
 164 |0.000452738 
 165 |0.000454194 
 166 |0.000453427 
 167 |0.000451524 
 168 |0.000451314 
 169 |0.000451551 
 170 |0.000452848 
 171 |0.000494588 
 172 |0.000495848 
 173 |0.000495077 
 174 |0.00049804 
 175 |0.000493863 
 176 |0.000495419 
 177 |0.00049531 
 178 |0.000498857 
 179 |0.000497264 
 180 |0.000495438 
 181 |0.000497766 
 182 |0.000496944 
 183 |0.000494926 
 184 |0.000498305 
 185 |0.000495556 
 186 |0.000495698 
 187 |0.000493255 
 188 |0.000495912 
 189 |0.000493086 
 190 |0.000492319 
 191 |0.000496287 
 192 |0.000494529 
 193 |0.000490379 
 194 |0.000493406 
 195 |0.000511503 
 196 |0.000513553 
 197 |0.00051437 
 198 |0.000514763 
 199 |0.000513142 
 200 |0.000512001 
 201 |0.000511348 
 202 |0.0005087 
 203 |0.000514242 
 204 |0.000511818 
 205 |0.000511485 
 206 |0.000510316 
 207 |0.000515333 
 208 |0.000513557 
 209 |0.000511206 
 210 |0.000512279 
 211 |0.000512809 
 212 |0.000512608 
 213 |0.000512653 
 214 |0.000513585 
 215 |0.000515621 
 216 |0.000511215 
 217 |0.000510772 
 218 |0.000514553 
 219 |0.000473264 
 220 |0.000472721 
 221 |0.000469246 
 222 |0.000472296 
 223 |0.000470127 
 224 |0.000471351 
 225 |0.000472022 
 226 |0.000474569 
 227 |0.000471849 
 228 |0.00047294 
 229 |0.000472625 
 230 |0.00047141 
 231 |0.000472657 
 232 |0.000471579 
 233 |0.000471917 
 234 |0.000474054 
 235 |0.000471744 
 236 |0.000471214 
 237 |0.000474108 
 238 |0.000473396 
 239 |0.000471077 
 240 |0.000473113 
 241 |0.000474606 
 242 |0.000469712 
 243 |0.000405638 
 244 |0.000405839 
 245 |0.000407322 
 246 |0.000404684 
 247 |0.000405852 
 248 |0.00040871 
 249 |0.000405432 
 250 |0.000403848 
 251 |0.000405108 
 252 |0.00040787 
 253 |0.000406254 
 254 |0.000407505 
 255 |0.000408372 
 256 |0.000404569 
 257 |0.000405816 
 258 |0.000405775 
 259 |0.000407213 
 260 |0.000406117 
 261 |0.000405263 
 262 |0.000406172 
 263 |0.000407665 
 264 |0.000405985 
 265 |0.000407245 
 266 |0.000405674 
 267 |0.000433272 
 268 |0.000435755 
 269 |0.000431304 
 270 |0.000431888 
 271 |0.000432459 
 272 |0.000433687 
 273 |0.000434627 
 274 |0.000433121 
 275 |0.000430934 
 276 |0.000435148 
 277 |0.000432975 
 278 |0.000433966 
 279 |0.000435824 
 280 |0.000433157 
 281 |0.000431532 
 282 |0.000434007 
 283 |0.000433783 
 284 |0.000432171 
 285 |0.000431048 
 286 |0.000432957 
 287 |0.000432993 
 288 |0.000433518 
 289 |0.000433354 
 290 |0.00043072 
 291 |0.00043534 
 292 |0.00043476 
 293 |0.000434984 
 294 |0.000432705 
 295 |0.000432053 
 296 |0.000432605 
 297 |0.000433217 
 298 |0.000435518 
 299 |0.000436518 
 300 |0.000437718 
 301 |0.000434134 
 302 |0.000434043 
 303 |0.000434901 
 304 |0.000433381 
 305 |0.0004345 
 306 |0.000431934 
 307 |0.00043828 
 308 |0.000434239 
 309 |0.000434148 
 310 |0.000432212 
 311 |0.000434984 
 312 |0.000430231 
 313 |0.000434915 
 314 |0.000433404 
 315 |0.00047483 
 316 |0.000475094 
 317 |0.000474136 
 318 |0.000476108 
 319 |0.000475729 
 320 |0.000476163 
 321 |0.000477788 
 322 |0.000474903 
 323 |0.000473766 
 324 |0.000475154 
 325 |0.000476756 
 326 |0.000475766 
 327 |0.000475236 
 328 |0.000476893 
 329 |0.000476578 
 330 |0.000474428 
 331 |0.000476017 
 332 |0.000475441 
 333 |0.000475108 
 334 |0.000476145 
 335 |0.000477272 
 336 |0.000476857 
 337 |0.000474789 
 338 |0.000475578 
 339 |0.000485234 
 340 |0.000485618 
 341 |0.000484216 
 342 |0.000481952 
 343 |0.000482445 
 344 |0.000484074 
 345 |0.000482545 
 346 |0.000486083 
 347 |0.000487193 
 348 |0.000483038 
 349 |0.000484216 
 350 |0.000484549 
 351 |0.000482572 
 352 |0.000483362 
 353 |0.000485864 
 354 |0.000481495 
 355 |0.00048381 
 356 |0.000484718 
 357 |0.000484202 
 358 |0.000481244 
 359 |0.000481185 
 360 |0.000485079 
 361 |0.000483787 
 362 |0.000481422 
 363 |0.000423105 
 364 |0.00042678 
 365 |0.000423826 
 366 |0.000425086 
 367 |0.000424136 
 368 |0.000429062 
 369 |0.000424725 
 370 |0.000425342 
 371 |0.000425241 
 372 |0.00042363 
 373 |0.000428524 
 374 |0.000427483 
 375 |0.000424807 
 376 |0.000422297 
 377 |0.000427542 
 378 |0.000426031 
 379 |0.00042567 
 380 |0.000424597 
 381 |0.000424214 
 382 |0.000424698 
 383 |0.000425816 
 384 |0.000426319 
 385 |0.000424858 
 386 |0.000425072 
 387 |0.000345353 
 388 |0.000345115 
 389 |0.000343805 
 390 |0.000344061 
 391 |0.00034507 
 392 |0.000342773 
 393 |0.000341888 
 394 |0.000343755 
 395 |0.000343956 
 396 |0.000344736 
 397 |0.000345175 
 398 |0.000345869 
 399 |0.000346225 
 400 |0.000343997 
 401 |0.000345394 
 402 |0.000343613 
 403 |0.000345234 
 404 |0.000344138 
 405 |0.000345102 
 406 |0.000343814 
 407 |0.000342842 
 408 |0.000345033 
 409 |0.000345056 
 410 |0.000344275 
 411 |0.000425419 
 412 |0.000422908 
 413 |0.00042473 
 414 |0.000424776 
 415 |0.000424912 
 416 |0.000427099 
 417 |0.000426958 
 418 |0.000422749 
 419 |0.000422849 
 420 |0.0004231 
 421 |0.000426191 
 422 |0.000425994 
 423 |0.000426488 
 424 |0.000426565 
 425 |0.000422854 
 426 |0.000426556 
 427 |0.000425401 
 428 |0.000423598 
 429 |0.000426748 
 430 |0.000423657 
 431 |0.000424702 
 432 |0.000424488 
 433 |0.000421767 
 434 |0.000424684 
 435 |0.000425963 
 436 |0.000427857 
 437 |0.000426323 
 438 |0.000426045 
 439 |0.000426127 
 440 |0.000426538 
 441 |0.000426793 
 442 |0.000427049 
 443 |0.000426437 
 444 |0.000426917 
 445 |0.000427323 
 446 |0.000425812 
 447 |0.000427693 
 448 |0.000427848 
 449 |0.000425419 
 450 |0.000428168 
 451 |0.000428966 
 452 |0.00042715 
 453 |0.000429218 
 454 |0.000429455 
 455 |0.000427209 
 456 |0.000426428 
 457 |0.000425657 
 458 |0.000429245 
 459 |0.000466598 
 460 |0.000466023 
 461 |0.000466156 
 462 |0.000464147 
 463 |0.000465781 
 464 |0.000469228 
 465 |0.000466548 
 466 |0.000468539 
 467 |0.00046768 
 468 |0.000465987 
 469 |0.0004681 
 470 |0.00046611 
 471 |0.000465425 
 472 |0.000465886 
 473 |0.000463827 
 474 |0.000467795 
 475 |0.000466781 
 476 |0.000467292 
 477 |0.000468452 
 478 |0.000465959 
 479 |0.000468237 
 480 |0.000465827 
 481 |0.000465863 
 482 |0.000468877 
 483 |0.000468137 
 484 |0.000467826 
 485 |0.000468593 
 486 |0.000466804 
 487 |0.000465297 
 488 |0.000466256 
 489 |0.000467256 
 490 |0.000469242 
 491 |0.000467931 
 492 |0.00046758 
 493 |0.000470967 
 494 |0.000467242 
 495 |0.000466375 
 496 |0.000469803 
 497 |0.000467977 
 498 |0.000469671 
 499 |0.000468854 
 500 |0.000467288 
 501 |0.00046674 
 502 |0.000469255 
 503 |0.000467023 
 504 |0.00046732 
 505 |0.00046742 
 506 |0.000469835 
 507 |0.00039779 
 508 |0.000397717 
 509 |0.000397589 
 510 |0.000397776 
 511 |0.000400739 
 512 |0.000397813 
 513 |0.000397712 
 514 |0.000397393 
 515 |0.000396375 
 516 |0.000397128 
 517 |0.000397498 
 518 |0.000399169 
 519 |0.000399968 
 520 |0.000397087 
 521 |0.000398183 
 522 |0.000398466 
 523 |0.000396667 
 524 |0.000398068 
 525 |0.000397534 
 526 |0.000397671 
 527 |0.000397849 
 528 |0.000398256 
 529 |0.000396073 
 530 |0.000398059 
 531 |0.000309506 
 532 |0.000308091 
 533 |0.00030862 
 534 |0.000311455 
 535 |0.000310994 
 536 |0.000310332 
 537 |0.000307114 
 538 |0.000311382 
 539 |0.000310793 
 540 |0.000307976 
 541 |0.000311154 
 542 |0.0003114 
 543 |0.000311072 
 544 |0.000308953 
 545 |0.000310688 
 546 |0.000311063 
 547 |0.000309314 
 548 |0.000309917 
 549 |0.000311478 
 550 |0.000310647 
 551 |0.000308994 
 552 |0.000310748 
 553 |0.000309419 
 554 |0.000310629 
 555 |0.000360468 
 556 |0.000356953 
 557 |0.000359838 
 558 |0.000357875 
 559 |0.00035678 
 560 |0.000356903 
 561 |0.000360605 
 562 |0.000357729 
 563 |0.000359099 
 564 |0.000358222 
 565 |0.000360044 
 566 |0.000358647 
 567 |0.00035751 
 568 |0.00035725 
 569 |0.000358017 
 570 |0.000360304 
 571 |0.000360564 
 572 |0.000359044 
 573 |0.000361067 
 574 |0.000358414 
 575 |0.000357487 
 576 |0.000357387 
 577 |0.000360551 
 578 |0.000358409 
 579 |0.000361747 
 580 |0.000363057 
 581 |0.000360519 
 582 |0.000362167 
 583 |0.000361957 
 584 |0.000363217 
 585 |0.00036281 
 586 |0.000361523 
 587 |0.000361993 
 588 |0.00036129 
 589 |0.000361815 
 590 |0.000360373 
 591 |0.00036072 
 592 |0.000361441 
 593 |0.000358597 
 594 |0.000363892 
 595 |0.000359076 
 596 |0.000363431 
 597 |0.000360213 
 598 |0.000361683 
 599 |0.00035993 
 600 |0.000361025 
 601 |0.000363564 
 602 |0.00035998 
 603 |0.000393019 
 604 |0.000389718 
 605 |0.000390513 
 606 |0.00039175 
 607 |0.000390271 
 608 |0.00038986 
 609 |0.000391052 
 610 |0.00039164 
 611 |0.000391198 
 612 |0.00039081 
 613 |0.000391138 
 614 |0.000392371 
 615 |0.000388764 
 616 |0.000393001 
 617 |0.000390864 
 618 |0.000388486 
 619 |0.000391608 
 620 |0.000389563 
 621 |0.000389344 
 622 |0.000391371 
 623 |0.000392681 
 624 |0.000393019 
 625 |0.000393964 
 626 |0.000390107 
 627 |0.000383455 
 628 |0.000385925 
 629 |0.000383062 
 630 |0.000382916 
 631 |0.000384003 
 632 |0.000380784 
 633 |0.000380789 
 634 |0.000382706 
 635 |0.000382487 
 636 |0.000383952 
 637 |0.000384779 
 638 |0.000381761 
 639 |0.000382555 
 640 |0.000385331 
 641 |0.000382574 
 642 |0.000383683 
 643 |0.0003824 
 644 |0.000383039 
 645 |0.00038477 
 646 |0.000384596 
 647 |0.000386208 
 648 |0.000382944 
 649 |0.000385258 
 650 |0.00038529 
 651 |0.000316587 
 652 |0.000317673 
 653 |0.000317742 
 654 |0.000318239 
 655 |0.00031634 
 656 |0.000315998 
 657 |0.000317413 
 658 |0.000316294 
 659 |0.000318783 
 660 |0.000318509 
 661 |0.000317057 
 662 |0.000316336 
 663 |0.000318326 
 664 |0.000315505 
 665 |0.000314651 
 666 |0.000316135 
 667 |0.000316304 
 668 |0.000316409 
 669 |0.000317386 
 670 |0.000316765 
 671 |0.000318052 
 672 |0.000317568 
 673 |0.000318121 
 674 |0.00031555 
 675 |0 
 676 |0.000594487 
 677 |0.000591492 
 678 |0.000592026 
 679 |0.000594144 
 680 |0.000593893 
 681 |0.000590921 
 682 |0.000595856 
 683 |0.000596226 
 684 |0.000594016 
 685 |0.000592483 
 686 |0.000594843 
 687 |0.000591204 
 688 |0.000596893 
 689 |0.000594409 
 690 |0.000595596 
 691 |0.000594391 
 692 |0.00059508 
 693 |0.000590319 
 694 |0.000595797 
 695 |0.000589702 
 696 |0.000593752 
 697 |0.0005944 
 698 |0.000595121 
 699 |0.000592784 
 700 |0.000602476 
 701 |0.000602239 
 702 |0.00060238 
 703 |0.000601997 
 704 |0.000598947 
 705 |0.000602677 
 706 |0.000603951 
 707 |0.0005987 
 708 |0.000604083 
 709 |0.000600344 
 710 |0.000599773 
 711 |0.000600997 
 712 |0.000600988 
 713 |0.000597669 
 714 |0.000601586 
 715 |0.000600924 
 716 |0.000599796 
 717 |0.000599801 
 718 |0.000602111 
 719 |0.000601298 
 720 |0.000601892 
 721 |0.000600773 
 722 |0.00060107 
 723 |0.000600148 
 724 |0.000636647 
 725 |0.000640373 
 726 |0.000637369 
 727 |0.000636122 
 728 |0.000640697 
 729 |0.000636638 
 730 |0.000639537 
 731 |0.000637519 
 732 |0.000638706 
 733 |0.000638967 
 734 |0.000635282 
 735 |0.000638611 
 736 |0.000640774 
 737 |0.000637912 
 738 |0.000640076 
 739 |0.000637949 
 740 |0.000634068 
 741 |0.000636972 
 742 |0.000639998 
 743 |0.000640277 
 744 |0.000637894 
 745 |0.000640797 
 746 |0.00063988 
 747 |0.000640606 
 748 |0.000603494 
 749 |0.00060075 
 750 |0.00060474 
 751 |0.000606475 
 752 |0.000601262 
 753 |0.000603097 
 754 |0.000603763 
 755 |0.000606055 
 756 |0.000605302 
 757 |0.000604795 
 758 |0.000606608 
 759 |0.000601239 
 760 |0.00060548 
 761 |0.000605439 
 762 |0.00060532 
 763 |0.00060559 
 764 |0.000603809 
 765 |0.000603544 
 766 |0.000603311 
 767 |0.000603375 
 768 |0.000605914 
 769 |0.000602047 
 770 |0.000605978 
 771 |0.000603206 
 772 |0.000484746 
 773 |0.000482988 
 774 |0.000485996 
 775 |0.000483673 
 776 |0.000485097 
 777 |0.000486188 
 778 |0.000486786 
 779 |0.000485444 
 780 |0.000484102 
 781 |0.000487088 
 782 |0.000485809 
 783 |0.000482714 
 784 |0.000483367 
 785 |0.000486111 
 786 |0.000482814 
 787 |0.000484554 
 788 |0.000483056 
 789 |0.000488037 
 790 |0.000482846 
 791 |0.000483778 
 792 |0.000486321 
 793 |0.000485211 
 794 |0.000483193 
 795 |0.000485156 
 796 |0 
 797 |0 
 798 |0 
 799 |0 
 800 |0 
 801 |0 
 802 |0 
 803 |0 
 804 |0 
 805 |0 
 806 |0 
 807 |0 
 808 |0 
 809 |0 
 810 |0 
 811 |0 
 812 |0 
 813 |0 
 814 |0 
 815 |0 
 816 |0 
 817 |0 
 818 |0 
 819 |0 
 820 |0 
 821 |0 
 822 |0 
 823 |0 
 824 |0 
 825 |0 
 826 |0 
 827 |0 
 828 |0 
 829 |0 
 830 |0 
 831 |0 
 832 |0 
 833 |0 
 834 |0 
 835 |0 
 836 |0 
 837 |0 
 838 |0 
 839 |0 
 840 |0 
 841 |0 
 842 |0 
 843 |0 
 844 |0 
 845 |0 
 846 |0 
 847 |0 
 848 |0 
 849 |0 
 850 |0 
 851 |0 
 852 |0 
 853 |0 
 854 |0 
 855 |0 
 856 |0 
 857 |0 
 858 |0 
 859 |0 
 860 |0 
 861 |0 
 862 |0 
 863 |0 
 864 |0 
 865 |0 
 866 |0 
 867 |0 
 868 |0 
 869 |0 
 870 |0 
 871 |0 
 872 |0 
 873 |0 
 874 |0 
 875 |0 
 876 |0 
 877 |0 
 878 |0 
 879 |0 
 880 |0 
 881 |0 
 882 |0 
 883 |0 
 884 |0 
 885 |0 
 886 |0 
 887 |0 
 888 |0 
 889 |0 
 890 |0 
 891 |0 
 892 |0 
 893 |0 
 894 |0 
 895 |0 
 896 |0 
 897 |0 
 898 |0 
 899 |0 
 900 |0 
 901 |0 
 902 |0 
 903 |0 
 904 |0 
 905 |0 
 906 |0 
 907 |0 
 908 |0 
 909 |0 
 910 |0 
 911 |0 
 912 |0 
 913 |0 
 914 |0 

Now unfolding...
Iteration : 0
Chi^2 of change 402789
Iteration : 1
Chi^2 of change 36197.4
Iteration : 2
Chi^2 of change 6383.69
Iteration : 3
Chi^2 of change 1592.06
Iteration : 4
Chi^2 of change 546.647
Iteration : 5
Chi^2 of change 255.514
Iteration : 6
Chi^2 of change 151.151
Iteration : 7
Chi^2 of change 103.254
Iteration : 8
Chi^2 of change 76.5319
Iteration : 9
Chi^2 of change 59.5957
Iteration : 10
Chi^2 of change 47.9941
Iteration : 11
Chi^2 of change 39.6396
Iteration : 12
Chi^2 of change 33.4035
Using response matrix priors
Calculating covariances due to number of measured events
Using response matrix priors
Using response matrix priors
Using response matrix priors
Using response matrix priors
Using response matrix priors
Using response matrix priors
Using response matrix priors
Using response matrix priors
Using response matrix priors
Using response matrix priors
Using response matrix priors
Using response matrix priors
Using response matrix priors
Using response matrix priors
Using response matrix priors
Using response matrix priors
Using response matrix priors
Using response matrix priors
Using response matrix priors
Using response matrix priors
Using response matrix priors
Using response matrix priors
Using response matrix priors
Using response matrix priors
Using response matrix priors
Using response matrix priors
Using response matrix priors
Using response matrix priors
Using response matrix priors
Using response matrix priors
Using response matrix priors
Using response matrix priors
Using response matrix priors
Using response matrix priors
Using response matrix priors
Using response matrix priors
Using response matrix priors
Using response matrix priors
Using response matrix priors
Using response matrix priors
Using response matrix priors
Using response matrix priors
Using response matrix priors
Using response matrix priors
Using response matrix priors
Using response matrix priors
Using response matrix priors
Using response matrix priors
Using response matrix priors
Using response matrix priors
Using response matrix priors
Using response matrix priors
Using response matrix priors
Using response matrix priors
Using response matrix priors
Using response matrix priors
Using response matrix priors
Using response matrix priors
Using response matrix priors
Using response matrix priors
Using response matrix priors
Using response matrix priors
Using response matrix priors
Using response matrix priors
Using response matrix priors
Using response matrix priors
Using response matrix priors
Using response matrix priors
Using response matrix priors
Using response matrix priors
Using response matrix priors
Using response matrix priors
Using response matrix priors
Using response matrix priors
Using response matrix priors
Using response matrix priors
Using response matrix priors
Using response matrix priors
Using response matrix priors
Using response matrix priors
Using response matrix priors
Using response matrix priors
Using response matrix priors
Using response matrix priors
Using response matrix priors
Using response matrix priors
Using response matrix priors
Using response matrix priors
Using response matrix priors
Using response matrix priors
Using response matrix priors
Using response matrix priors
Using response matrix priors
Using response matrix priors
Using response matrix priors
Using response matrix priors
Using response matrix priors
Using response matrix priors
Using response matrix priors
Using response matrix priors
Using response matrix priors
Using response matrix priors
Using response matrix priors
Using response matrix priors
Using response matrix priors
Using response matrix priors
Using response matrix priors
Using response matrix priors
Using response matrix priors
Using response matrix priors
Using response matrix priors
Using response matrix priors
Using response matrix priors
Using response matrix priors
Using response matrix priors
Using response matrix priors
Using response matrix priors
Using response matrix priors
Using response matrix priors
Using response matrix priors
Using response matrix priors
Using response matrix priors
Using response matrix priors
Using response matrix priors
Using response matrix priors
Using response matrix priors
Using response matrix priors
Using response matrix priors
Using response matrix priors
Using response matrix priors
Using response matrix priors
Using response matrix priors
Using response matrix priors
Using response matrix priors
Using response matrix priors
Using response matrix priors
Using response matrix priors
Using response matrix priors
Using response matrix priors
Using response matrix priors
Using response matrix priors
Using response matrix priors
Using response matrix priors
Using response matrix priors
Using response matrix priors
Using response matrix priors
Using response matrix priors
Using response matrix priors
Using response matrix priors
Using response matrix priors
Using response matrix priors
Using response matrix priors
Using response matrix priors
Using response matrix priors
Using response matrix priors
Using response matrix priors
Using response matrix priors
Using response matrix priors
Using response matrix priors
Using response matrix priors
Using response matrix priors
Using response matrix priors
Using response matrix priors
Using response matrix priors
Using response matrix priors
Using response matrix priors
Using response matrix priors
Using response matrix priors
Using response matrix priors
Using response matrix priors
Using response matrix priors
Using response matrix priors
Using response matrix priors
Using response matrix priors
Using response matrix priors
Using response matrix priors
Using response matrix priors
Using response matrix priors
Using response matrix priors
Using response matrix priors
Using response matrix priors
Using response matrix priors
Using response matrix priors
Using response matrix priors
Using response matrix priors
Using response matrix priors
Using response matrix priors
Using response matrix priors
Using response matrix priors
Using response matrix priors
Using response matrix priors
Using response matrix priors
Using response matrix priors
Using response matrix priors
Using response matrix priors
Using response matrix priors
Using response matrix priors
Using response matrix priors
Using response matrix priors
Using response matrix priors
Using response matrix priors
Using response matrix priors
Using response matrix priors
Using response matrix priors
Using response matrix priors
Using response matrix priors
Using response matrix priors
Using response matrix priors
Using response matrix priors
Using response matrix priors
Using response matrix priors
Using response matrix priors
Using response matrix priors
Using response matrix priors
Using response matrix priors
Using response matrix priors
Using response matrix priors
Using response matrix priors
Using response matrix priors
Using response matrix priors
Using response matrix priors
Using response matrix priors
Using response matrix priors
Using response matrix priors
Using response matrix priors
Using response matrix priors
Using response matrix priors
Using response matrix priors
Using response matrix priors
Using response matrix priors
Using response matrix priors
Using response matrix priors
Using response matrix priors
Using response matrix priors
Using response matrix priors
Using response matrix priors
Using response matrix priors
Using response matrix priors
Using response matrix priors
Using response matrix priors
Using response matrix priors
Using response matrix priors
Using response matrix priors
Using response matrix priors
Using response matrix priors
Using response matrix priors
Using response matrix priors
Using response matrix priors
Using response matrix priors
Using response matrix priors
Using response matrix priors
Using response matrix priors
Using response matrix priors
Using response matrix priors
Using response matrix priors
Using response matrix priors
Using response matrix priors
Using response matrix priors
Using response matrix priors
Using response matrix priors
Using response matrix priors
Using response matrix priors
Using response matrix priors
Using response matrix priors
Using response matrix priors
Using response matrix priors
Using response matrix priors
Using response matrix priors
Using response matrix priors
Using response matrix priors
Using response matrix priors
Using response matrix priors
Using response matrix priors
Using response matrix priors
Using response matrix priors
Using response matrix priors
Using response matrix priors
Using response matrix priors
Using response matrix priors
Using response matrix priors
Using response matrix priors
Using response matrix priors
Using response matrix priors
Using response matrix priors
Using response matrix priors
Using response matrix priors
Using response matrix priors
Using response matrix priors
Using response matrix priors
Using response matrix priors
Using response matrix priors
Using response matrix priors
Using response matrix priors
Using response matrix priors
Using response matrix priors
Using response matrix priors
Using response matrix priors
Using response matrix priors
Using response matrix priors
Using response matrix priors
Using response matrix priors
Using response matrix priors
Using response matrix priors
Using response matrix priors
Using response matrix priors
Using response matrix priors
Using response matrix priors
Using response matrix priors
Using response matrix priors
Using response matrix priors
Using response matrix priors
Using response matrix priors
Using response matrix priors
Using response matrix priors
Using response matrix priors
Using response matrix priors
Using response matrix priors
Using response matrix priors
Using response matrix priors
Using response matrix priors
Using response matrix priors
Using response matrix priors
Using response matrix priors
Using response matrix priors
Using response matrix priors
Using response matrix priors
Using response matrix priors
Using response matrix priors
Using response matrix priors
Using response matrix priors
Using response matrix priors
Using response matrix priors
Using response matrix priors
Using response matrix priors
Using response matrix priors
Using response matrix priors
Using response matrix priors
Using response matrix priors
Using response matrix priors
Using response matrix priors
Using response matrix priors
Using response matrix priors
Using response matrix priors
Using response matrix priors
Using response matrix priors
Using response matrix priors
Using response matrix priors
Using response matrix priors
Using response matrix priors
Using response matrix priors
Using response matrix priors
Using response matrix priors
Using response matrix priors
Using response matrix priors
Using response matrix priors
Using response matrix priors
Using response matrix priors
Using response matrix priors
Using response matrix priors
Using response matrix priors
Using response matrix priors
Using response matrix priors
Using response matrix priors
Using response matrix priors
Using response matrix priors
Using response matrix priors
Using response matrix priors
Using response matrix priors
Using response matrix priors
Using response matrix priors
Using response matrix priors
Using response matrix priors
Using response matrix priors
Using response matrix priors
Using response matrix priors
Using response matrix priors
Using response matrix priors
Using response matrix priors
Using response matrix priors
Using response matrix priors
Using response matrix priors
Using response matrix priors
Using response matrix priors
Using response matrix priors
Using response matrix priors
Using response matrix priors
Using response matrix priors
Using response matrix priors
Using response matrix priors
Using response matrix priors
Using response matrix priors
Using response matrix priors
Using response matrix priors
Using response matrix priors
Using response matrix priors
Using response matrix priors
Using response matrix priors
Using response matrix priors
Using response matrix priors
Using response matrix priors
Using response matrix priors
Using response matrix priors
Using response matrix priors
Using response matrix priors
Using response matrix priors
Using response matrix priors
Using response matrix priors
Using response matrix priors
Using response matrix priors
Using response matrix priors
Using response matrix priors
Using response matrix priors
Using response matrix priors
Using response matrix priors
Using response matrix priors
Using response matrix priors
Using response matrix priors
Using response matrix priors
Using response matrix priors
Using response matrix priors
Using response matrix priors
Using response matrix priors
Using response matrix priors
Using response matrix priors
Using response matrix priors
Using response matrix priors
Using response matrix priors
Using response matrix priors
Using response matrix priors
Using response matrix priors
Using response matrix priors
Using response matrix priors
Using response matrix priors
Using response matrix priors
Using response matrix priors
Using response matrix priors
Using response matrix priors
Using response matrix priors
Using response matrix priors
Using response matrix priors
Using response matrix priors
Using response matrix priors
Using response matrix priors
Using response matrix priors
Using response matrix priors
Using response matrix priors
Using response matrix priors
Using response matrix priors
Using response matrix priors
Using response matrix priors
Using response matrix priors
Using response matrix priors
Using response matrix priors
Using response matrix priors
Using response matrix priors
Using response matrix priors
Using response matrix priors
Using response matrix priors
Using response matrix priors
Using response matrix priors
Using response matrix priors
Using response matrix priors
Using response matrix priors
Using response matrix priors
Using response matrix priors
Using response matrix priors
Using response matrix priors
Using response matrix priors
Using response matrix priors
Using response matrix priors
Using response matrix priors
Using response matrix priors
Using response matrix priors
Using response matrix priors
Using response matrix priors
Using response matrix priors
Using response matrix priors
Using response matrix priors
Using response matrix priors
Using response matrix priors
Using response matrix priors
Using response matrix priors
Using response matrix priors
Using response matrix priors
Using response matrix priors
Using response matrix priors
Using response matrix priors
Using response matrix priors
Using response matrix priors
Using response matrix priors
Using response matrix priors
Using response matrix priors
Using response matrix priors
Using response matrix priors
Using response matrix priors
Using response matrix priors
Using response matrix priors
Using response matrix priors
Using response matrix priors

[1m[94mSmear option selected is: Smear[0m


[91mRunning Bin 'All' for Q2-y Bins by default (will skip at end)[0m


Running for Q2-xB/Q2-y Bins: 'default', 'Unfolding', 'as', 'background', 'parallel', 'jobs.', 'Ran', 'in', 'tmuxUnfold', '(in', 'case', 'there', 'were', 'any', 'local', 'issues)"', '7', '0'
[1m
Starting RG-A SIDIS Analysis
[0m

Started running on [1m2-18-2026[0m at [1m03:00 p.m.[0m

The total number of histograms available for the[1mRDataFrame[0m in '[1m[94m/w/hallb-scshelf2102/clas12/richcap/SIDIS_Analysis/Histo_Files_ROOT/DataFrames/hadd_ROOT_files_From_using_RDataFrames/SIDIS_epip_Response_Matrices_from_RDataFrames_ZerothOrder.root[0m' is [1m180[0m


[1mDone Loading RDataFrame files...
[0m
[1m[94m

Starting Unfolding Procedures...
[0m
Bin 1 is not in Q2_y_Bin_List = ['default', 'Unfolding', 'as', 'background', 'parallel', 'jobs.', 'Ran', 'in', 'tmuxUnfold', '(in', 'case', 'there', 'were', 'any', 'local', 'issues)"', '7', '0']
Bin 10 is not in Q2_y_Bin_List = ['default', 'Unfolding', 'as', 'background', 'parallel', 'jobs.', 'Ran', 'in', 'tmuxUnfold', '(in', 'case', 'there', 'were', 'any', 'local', 'issues)"', '7', '0']
Bin 11 is not in Q2_y_Bin_List = ['default', 'Unfolding', 'as', 'background', 'parallel', 'jobs.', 'Ran', 'in', 'tmuxUnfold', '(in', 'case', 'there', 'were', 'any', 'local', 'issues)"', '7', '0']
Bin 12 is not in Q2_y_Bin_List = ['default', 'Unfolding', 'as', 'background', 'parallel', 'jobs.', 'Ran', 'in', 'tmuxUnfold', '(in', 'case', 'there', 'were', 'any', 'local', 'issues)"', '7', '0']
Bin 13 is not in Q2_y_Bin_List = ['default', 'Unfolding', 'as', 'background', 'parallel', 'jobs.', 'Ran', 'in', 'tmuxUnfold', '(in', 'case', 'there', 'were', 'any', 'local', 'issues)"', '7', '0']
Bin 14 is not in Q2_y_Bin_List = ['default', 'Unfolding', 'as', 'background', 'parallel', 'jobs.', 'Ran', 'in', 'tmuxUnfold', '(in', 'case', 'there', 'were', 'any', 'local', 'issues)"', '7', '0']
Bin 15 is not in Q2_y_Bin_List = ['default', 'Unfolding', 'as', 'background', 'parallel', 'jobs.', 'Ran', 'in', 'tmuxUnfold', '(in', 'case', 'there', 'were', 'any', 'local', 'issues)"', '7', '0']
Bin 16 is not in Q2_y_Bin_List = ['default', 'Unfolding', 'as', 'background', 'parallel', 'jobs.', 'Ran', 'in', 'tmuxUnfold', '(in', 'case', 'there', 'were', 'any', 'local', 'issues)"', '7', '0']
Bin 17 is not in Q2_y_Bin_List = ['default', 'Unfolding', 'as', 'background', 'parallel', 'jobs.', 'Ran', 'in', 'tmuxUnfold', '(in', 'case', 'there', 'were', 'any', 'local', 'issues)"', '7', '0']
Bin 2 is not in Q2_y_Bin_List = ['default', 'Unfolding', 'as', 'background', 'parallel', 'jobs.', 'Ran', 'in', 'tmuxUnfold', '(in', 'case', 'there', 'were', 'any', 'local', 'issues)"', '7', '0']
Bin 3 is not in Q2_y_Bin_List = ['default', 'Unfolding', 'as', 'background', 'parallel', 'jobs.', 'Ran', 'in', 'tmuxUnfold', '(in', 'case', 'there', 'were', 'any', 'local', 'issues)"', '7', '0']
Bin 4 is not in Q2_y_Bin_List = ['default', 'Unfolding', 'as', 'background', 'parallel', 'jobs.', 'Ran', 'in', 'tmuxUnfold', '(in', 'case', 'there', 'were', 'any', 'local', 'issues)"', '7', '0']
Bin 5 is not in Q2_y_Bin_List = ['default', 'Unfolding', 'as', 'background', 'parallel', 'jobs.', 'Ran', 'in', 'tmuxUnfold', '(in', 'case', 'there', 'were', 'any', 'local', 'issues)"', '7', '0']
Bin 6 is not in Q2_y_Bin_List = ['default', 'Unfolding', 'as', 'background', 'parallel', 'jobs.', 'Ran', 'in', 'tmuxUnfold', '(in', 'case', 'there', 'were', 'any', 'local', 'issues)"', '7', '0']

Unfolding: ((Histo-Group='Response_Matrix_Normal'), (Data-Type='DataFrame_Type'), (Data-Cut='cut_Complete_SIDIS'), (Smear-Type='smear'), (Binning-Type='Y_bin'-[Q2-y-Bin=7, z-PT-Bin=All]), (Var-D1='MultiDim_z_pT_Bin_Y_bin_phi_t'-[NumBins=915, MinBin=-1.5, MaxBin=913.5]), (Var-D2='z_pT_Bin_Y_bin_smeared'-[NumBins=38, MinBin=-0.5, MaxBin=37.5]))
[1m[96mStarting [4m[95mBin-by-Bin[0m[1m[96m Unfolding Procedure...[0m
	[1mAcceptance Correction of Histogram:[0m
	((Histo-Group='Response_Matrix_Normal_1D'), (Data-Cut='cut_Complete_SIDIS'), (Smear-Type='smear'), (Binning-Type='Y_bin'-[Q2-y-Bin=7, z-PT-Bin=All]), (Var-D1='MultiDim_z_pT_Bin_Y_bin_phi_t'))
[91m
Bin 99 had a very low acceptance...
	(cut_criteria = 0.0005)
	(Bin_Content  = 0.00019366333565729336)[0m
[91m
Bin 219 had a very low acceptance...
	(cut_criteria = 0.0005)
	(Bin_Content  = 2.661721779094837e-05)[0m
[91m
Bin 339 had a very low acceptance...
	(cut_criteria = 0.0005)
	(Bin_Content  = 6.719655953615174e-05)[0m
[91m
Bin 507 had a very low acceptance...
	(cut_criteria = 0.0005)
	(Bin_Content  = 0.00016518646636997882)[0m
[91m
Bin 603 had a very low acceptance...
	(cut_criteria = 0.0005)
	(Bin_Content  = 0.0004946037463063246)[0m
[91m
Bin 701 had a very low acceptance...
	(cut_criteria = 0.0005)
	(Bin_Content  = 7.5775945683802135e-06)[0m
[91m
Bin 724 had a very low acceptance...
	(cut_criteria = 0.0005)
	(Bin_Content  = 1.5213984694731397e-05)[0m
[1m[96mFinished [95mBin-by-Bin[0m[1m[96m Unfolding Procedure.[0m

Current Time: [1m03:00 p.m.[0m
Time Elapsed Up To Now:
0 Day(s), 0 Hour(s), 0 Minute(s), and 0 Second(s).

[1m[96mStarting [4m[92mRooUnfold[0m[1m[96m Unfolding Procedure...[0m
	[1mUnfolding Histogram:[0m
	((Histo-Group='Response_Matrix_Normal'), (Data-Cut='cut_Complete_SIDIS'), (Smear-Type='smear'), (Binning-Type='Y_bin'-[Q2-y-Bin=7, z-PT-Bin=All]), (Var-D1='MultiDim_z_pT_Bin_Y_bin_phi_t'))
	[96mUsing [1m[92mRooUnfold (Bin-by-Bin)[0m[96m Unfolding Procedure...[0m
[1m[96mFinished [92mRooUnfold (Bin-by-Bin)[0m[1m[96m Unfolding Procedure.
[0m
[1m[96mStarting [4m[92mRooUnfold[0m[1m[96m Unfolding Procedure...[0m

	[1mBegan Unfolding Histogram:[0m
	((Histo-Group='Response_Matrix_Normal'), (Data-Cut='cut_Complete_SIDIS'), (Smear-Type='smear'), (Binning-Type='Y_bin'-[Q2-y-Bin=7, z-PT-Bin=All]), (Var-D1='MultiDim_z_pT_Bin_Y_bin_phi_t'))
Time Elapsed Up To Now: 0 Day(s), 0 Hour(s), 0 Minute(s), and 4 Second(s). 
	[96mUsing [1m[92mRooUnfold (Bayesian)[0m[96m method to unfold...[0m

Current Time: [1m05:09 p.m.[0m
Time Elapsed Up To Now:
0 Day(s), 2 Hour(s), 9 Minute(s), and 0 Second(s).

[1m[96mFinished [92mRooUnfold (Bayesian)[0m[1m[96m Unfolding Procedure.
[0m

[94mRunning Multi3D_Slice(...)[0m


[94mRunning Multi3D_Slice(...)[0m


[94mRunning Multi3D_Slice(...)[0m


[94mRunning Multi3D_Slice(...)[0m


[94mRunning Multi3D_Slice(...)[0m


[94mRunning Multi3D_Slice(...)[0m


[94mRunning Multi3D_Slice(...)[0m

Bin 8 is not in Q2_y_Bin_List = ['default', 'Unfolding', 'as', 'background', 'parallel', 'jobs.', 'Ran', 'in', 'tmuxUnfold', '(in', 'case', 'there', 'were', 'any', 'local', 'issues)"', '7', '0']
Bin 9 is not in Q2_y_Bin_List = ['default', 'Unfolding', 'as', 'background', 'parallel', 'jobs.', 'Ran', 'in', 'tmuxUnfold', '(in', 'case', 'there', 'were', 'any', 'local', 'issues)"', '7', '0']

Unfolding: ((Histo-Group='Response_Matrix_Normal'), (Data-Type='DataFrame_Type'), (Data-Cut='cut_Complete_SIDIS'), (Smear-Type='smear'), (Binning-Type='Y_bin'-[Q2-y-Bin=All, z-PT-Bin=All]), (Var-D1='MultiDim_z_pT_Bin_Y_bin_phi_t'-[NumBins=915, MinBin=-1.5, MaxBin=913.5]), (Var-D2='z_pT_Bin_Y_bin_smeared'-[NumBins=38, MinBin=-0.5, MaxBin=37.5]))
Total: 2


Counting Total Number of/Saving collected histograms...
[1m[94mSaving to: [1m[92m"FULL_Unfolded_Histos_From_Simple_RooUnfold_SelfContained.root"[0m

Final Count = 246
Conditions for running 'Create_Fits_and_Apply_RC' were not set...
Need to run: '(args.fit and args.Use_TTree) or args.Apply_RC'




[1m[43mEMAIL MESSAGE TO SEND:[0m


The 'Simple_RooUnfold_SelfContained.py' script has finished running.
Started running on [1m2-18-2026[0m at [1m03:00 p.m.[0m

Input File:
	/w/hallb-scshelf2102/clas12/richcap/SIDIS_Analysis/Histo_Files_ROOT/DataFrames/hadd_ROOT_files_From_using_RDataFrames/SIDIS_epip_Response_Matrices_from_RDataFrames_ZerothOrder.root
Output File:
	"FULL_Unfolded_Histos_From_Simple_RooUnfold_SelfContained.root"

"Running

	[1mBegan Unfolding Histogram:[0m
	((Histo-Group='Response_Matrix_Normal'), (Data-Cut='cut_Complete_SIDIS'), (Smear-Type='smear'), (Binning-Type='Y_bin'-[Q2-y-Bin=7, z-PT-Bin=All]), (Var-D1='MultiDim_z_pT_Bin_Y_bin_phi_t'))
Time Elapsed Up To Now: 0 Day(s), 0 Hour(s), 0 Minute(s), and 4 Second(s). 
	Finished Unfolding the histogram at:
Time Elapsed Up To Now: 0 Day(s), 2 Hour(s), 9 Minute(s), and 0 Second(s). 

Arguments:
--unfolding_1D (1D Unfolding Only)                  --> False
--unfolding_3D (3D Unfolding Only)                  --> True
--run_sectors                                       --> False
--sectors_to_unfold                                 --> None
--allow_other_variables (for unfolding)             --> False
--simulation (unfolding synthetic data)             --> False
--modulation (data unfolded with modulated MC)      --> False
--closure  (modulated MC unfolded with itself)      --> False
--weighed_acceptace (use acceptance weights only)   --> False
--test                                              --> False
--verbose                                           --> False
--fit                                               --> False
--tag_proton                                        --> False
--cut_proton                                        --> False
--Common_Int_Bins                                   --> False
--bayes_iterations                                  --> 13
--Num_Toys                                          --> 500
--title                                             --> None
--EvGen                                             --> False
--Min_Allowed_Acceptance_Cut                        --> 0.0005
--Use_TTree                                         --> False
--Apply_RC                                          --> False
--Add_Uncertainties                                 --> False
--pass_version                                      --> 'Pass 2'
--smearing_options                                  --> 'smear'
--Q2_y_Bin_List                                     --> ['default', 'Unfolding', 'as', 'background', 'parallel', 'jobs.', 'Ran', 'in', 'tmuxUnfold', '(in', 'case', 'there', 'were', 'any', 'local', 'issues)"', '7', '0']
--Run_5D_Unfold                                     --> False
--run_sec_unfold                                    --> False


The time that this code finished is [1m05:09 p.m.[0m
The total time the code took to run is:
0 Day(s), 2 Hour(s), 9 Minute(s), and 0 Second(s).
Saved 246 Histograms...
Rate = 0.03 Histograms/Seconds
    

[1m[92m[43m
    	                                   	   
    	This code has now finished running.	   
    	                                   	   [0m
    
    
