Full command: ./Simple_RooUnfold_SelfContained.py --root "Unfolded_Parallel_SIDIS_epip_Response_Matrices_from_RDataFrames_Only_3D_rho0_Normalized_Response_Matrices_Final_Analysis_Iterations_I0_All.root" --single_file_input /w/hallb-scshelf2102/clas12/richcap/SIDIS_Analysis/Histo_Files_ROOT/DataFrames/hadd_ROOT_files_From_using_RDataFrames/SIDIS_epip_Response_Matrices_from_RDataFrames_Only_3D_rho0_Normalized_Response_Matrices_Final_Analysis_Iterations_I0_All.root --unfolding_3D --Apply_RC --fit --smear --save_json -em 'Ran in parallel using the histograms in the ROOT files from the newest Final_Analysis_Iterations files. Ran with Harut's exclusive 'lundrho' rho0 events subtracted as background after proper normalization. Saving the fits to the new JSON file formats. Ran in tmuxSIDIS_1.' -ti 'rho0 Normalized Run' 2
TH1D::Sumw2:0: RuntimeWarning: Sum of squares of weights structure already created
Subtract 88336.8 fakes from measured distribution
Using response matrix priors
Priors:

Vector (915)  is as follows

     |        1  |
------------------
   0 |0 
   1 |0.646858 
   2 |0.00051797 
   3 |0.00051859 
   4 |0.000511012 
   5 |0.000505217 
   6 |0.000524038 
   7 |0.000523698 
   8 |0.000497035 
   9 |0.0005207 
  10 |0.0005162 
  11 |0.000507603 
  12 |0.000506973 
  13 |0.000511305 
  14 |0.000516551 
  15 |0.000525037 
  16 |0.000523599 
  17 |0.000535289 
  18 |0.000514514 
  19 |0.000515129 
  20 |0.000530817 
  21 |0.000521587 
  22 |0.000512486 
  23 |0.000522817 
  24 |0.000513399 
  25 |0.000516587 
  26 |0.000429989 
  27 |0.000434137 
  28 |0.000412807 
  29 |0.000425385 
  30 |0.000422986 
  31 |0.000418571 
  32 |0.000427674 
  33 |0.000430892 
  34 |0.000423095 
  35 |0.000439759 
  36 |0.000428468 
  37 |0.000419271 
  38 |0.000418619 
  39 |0.000437517 
  40 |0.000439562 
  41 |0.000416957 
  42 |0.000419595 
  43 |0.000434268 
  44 |0.000440079 
  45 |0.000427433 
  46 |0.00042525 
  47 |0.000413242 
  48 |0.000432026 
  49 |0.000415368 
  50 |0.000435065 
  51 |0.000423621 
  52 |0.000442286 
  53 |0.000437824 
  54 |0.000445793 
  55 |0.000436894 
  56 |0.000435191 
  57 |0.000448655 
  58 |0.000434928 
  59 |0.000423497 
  60 |0.000426527 
  61 |0.000428038 
  62 |0.000431469 
  63 |0.000442782 
  64 |0.000448473 
  65 |0.000434203 
  66 |0.000435384 
  67 |0.000430849 
  68 |0.00043763 
  69 |0.000444313 
  70 |0.000441769 
  71 |0.000441356 
  72 |0.000440076 
  73 |0.00042822 
  74 |0.000356482 
  75 |0.000339583 
  76 |0.000356826 
  77 |0.000353225 
  78 |0.000357929 
  79 |0.000360495 
  80 |0.000354798 
  81 |0.0003591 
  82 |0.00034904 
  83 |0.000355823 
  84 |0.000345237 
  85 |0.000346705 
  86 |0.000346181 
  87 |0.000351052 
  88 |0.00035817 
  89 |0.000352834 
  90 |0.000353059 
  91 |0.000341809 
  92 |0.000340251 
  93 |0.000346563 
  94 |0.000332889 
  95 |0.000341087 
  96 |0.000361883 
  97 |0.00035042 
  98 |0.000374858 
  99 |0.000388296 
 100 |0.000388359 
 101 |0.000378755 
 102 |0.000388798 
 103 |0.000382627 
 104 |0.000379403 
 105 |0.000385594 
 106 |0.000383516 
 107 |0.000366921 
 108 |0.000388093 
 109 |0.000378985 
 110 |0.000390836 
 111 |0.000392806 
 112 |0.000375964 
 113 |0.000394614 
 114 |0.000377151 
 115 |0.000394698 
 116 |0.000368827 
 117 |0.000383678 
 118 |0.000385778 
 119 |0.000383145 
 120 |0.000384012 
 121 |0.000396125 
 122 |0.000309546 
 123 |0.000309452 
 124 |0.000308794 
 125 |0.00030928 
 126 |0.000302555 
 127 |0.000304405 
 128 |0.000305653 
 129 |0.000322264 
 130 |0.000303271 
 131 |0.000292685 
 132 |0.000306672 
 133 |0.000304081 
 134 |0.000306745 
 135 |0.000298881 
 136 |0.000301746 
 137 |0.000308982 
 138 |0.000307336 
 139 |0.000309661 
 140 |0.000302696 
 141 |0.00029165 
 142 |0.000310528 
 143 |0.000310811 
 144 |0.000316731 
 145 |0.000308423 
 146 |0.000563951 
 147 |0.000551561 
 148 |0.000556938 
 149 |0.000548969 
 150 |0.000536084 
 151 |0.000560381 
 152 |0.000548499 
 153 |0.000545793 
 154 |0.000539737 
 155 |0.000531898 
 156 |0.000542166 
 157 |0.000555512 
 158 |0.000536627 
 159 |0.000545432 
 160 |0.000561588 
 161 |0.000550427 
 162 |0.000546765 
 163 |0.000557659 
 164 |0.000553041 
 165 |0.000565472 
 166 |0.000542449 
 167 |0.000536001 
 168 |0.000538535 
 169 |0.000547841 
 170 |0.00048076 
 171 |0.000476194 
 172 |0.000477411 
 173 |0.000472254 
 174 |0.000475833 
 175 |0.000476074 
 176 |0.000478279 
 177 |0.000479413 
 178 |0.000485145 
 179 |0.000489623 
 180 |0.000485092 
 181 |0.00049676 
 182 |0.00047413 
 183 |0.000496426 
 184 |0.000508188 
 185 |0.00047831 
 186 |0.000467817 
 187 |0.000474689 
 188 |0.000460131 
 189 |0.000488118 
 190 |0.000474031 
 191 |0.000471967 
 192 |0.000465451 
 193 |0.000487193 
 194 |0.000529085 
 195 |0.000528103 
 196 |0.000520709 
 197 |0.000547487 
 198 |0.000523457 
 199 |0.000552671 
 200 |0.000531609 
 201 |0.000534325 
 202 |0.000528583 
 203 |0.000538908 
 204 |0.000534859 
 205 |0.000539452 
 206 |0.000536881 
 207 |0.000526869 
 208 |0.000534671 
 209 |0.000521675 
 210 |0.000534969 
 211 |0.000516758 
 212 |0.000535679 
 213 |0.000517898 
 214 |0.000520055 
 215 |0.000525804 
 216 |0.000545806 
 217 |0.00053523 
 218 |0.000439006 
 219 |0.000441019 
 220 |0.000450732 
 221 |0.000443464 
 222 |0.000446066 
 223 |0.000460332 
 224 |0.0004398 
 225 |0.000438808 
 226 |0.000425619 
 227 |0.000451637 
 228 |0.000440177 
 229 |0.000439686 
 230 |0.00044498 
 231 |0.000452259 
 232 |0.000429001 
 233 |0.000454009 
 234 |0.000435934 
 235 |0.000440883 
 236 |0.000435563 
 237 |0.000439383 
 238 |0.000459119 
 239 |0.000443897 
 240 |0.000455534 
 241 |0.000438929 
 242 |0.000481821 
 243 |0.00049246 
 244 |0.000496097 
 245 |0.00047624 
 246 |0.000503897 
 247 |0.000484047 
 248 |0.000493264 
 249 |0.0005 
 250 |0.000483529 
 251 |0.000490939 
 252 |0.000492349 
 253 |0.000496494 
 254 |0.000482249 
 255 |0.000504863 
 256 |0.000500219 
 257 |0.000505136 
 258 |0.000494382 
 259 |0.000482871 
 260 |0.000505533 
 261 |0.000480467 
 262 |0.000495077 
 263 |0.000498708 
 264 |0.000485756 
 265 |0.000499838 
 266 |0.000452579 
 267 |0.000455276 
 268 |0.000445071 
 269 |0.000460637 
 270 |0.000460428 
 271 |0.000472148 
 272 |0.000456352 
 273 |0.000448336 
 274 |0.000471531 
 275 |0.000461488 
 276 |0.000466024 
 277 |0.000455997 
 278 |0.000464054 
 279 |0.000458191 
 280 |0.000456556 
 281 |0.000462387 
 282 |0.000452726 
 283 |0.000453933 
 284 |0.000465433 
 285 |0.000458217 
 286 |0.000473062 
 287 |0.00046037 
 288 |0.000452297 
 289 |0.000460945 
 290 |0.000492563 
 291 |0.000491309 
 292 |0.000488587 
 293 |0.000492077 
 294 |0.000513798 
 295 |0.000484928 
 296 |0.000493227 
 297 |0.00049934 
 298 |0.000499659 
 299 |0.000485744 
 300 |0.000486951 
 301 |0.000483873 
 302 |0.000488822 
 303 |0.000493106 
 304 |0.000474923 
 305 |0.000485995 
 306 |0.000489616 
 307 |0.000508097 
 308 |0.000471118 
 309 |0.000510746 
 310 |0.000487129 
 311 |0.000480545 
 312 |0.0005005 
 313 |0.0005071 
 314 |0.000462849 
 315 |0.000468915 
 316 |0.000436723 
 317 |0.000470462 
 318 |0.000443317 
 319 |0.000461271 
 320 |0.000457802 
 321 |0.000460413 
 322 |0.000460372 
 323 |0.000442659 
 324 |0.000459839 
 325 |0.000453636 
 326 |0.000455904 
 327 |0.000454582 
 328 |0.000452289 
 329 |0.000450167 
 330 |0.000453762 
 331 |0.000452769 
 332 |0.000452079 
 333 |0.000450052 
 334 |0.000448401 
 335 |0.000454316 
 336 |0.000461176 
 337 |0.000443364 
 338 |0.0005009 
 339 |0.000497457 
 340 |0.000518781 
 341 |0.000505044 
 342 |0.000525934 
 343 |0.000493522 
 344 |0.000509355 
 345 |0.000509177 
 346 |0.00049868 
 347 |0.000508948 
 348 |0.000506271 
 349 |0.000509793 
 350 |0.00049302 
 351 |0.000490235 
 352 |0.000514747 
 353 |0.000523014 
 354 |0.000513823 
 355 |0.000500074 
 356 |0.000503498 
 357 |0.000519403 
 358 |0.000499808 
 359 |0.00050043 
 360 |0.000498921 
 361 |0.000513681 
 362 |0.000391995 
 363 |0.000416282 
 364 |0.000421052 
 365 |0.000415796 
 366 |0.000404901 
 367 |0.000415284 
 368 |0.000414662 
 369 |0.000414761 
 370 |0.000405324 
 371 |0.000409542 
 372 |0.000406343 
 373 |0.000420039 
 374 |0.000415953 
 375 |0.000412702 
 376 |0.000417955 
 377 |0.000396431 
 378 |0.000413648 
 379 |0.000400674 
 380 |0.000398924 
 381 |0.000431524 
 382 |0.000404394 
 383 |0.000408183 
 384 |0.00039745 
 385 |0.000417714 
 386 |0.000445583 
 387 |0.000455323 
 388 |0.000439167 
 389 |0.000441507 
 390 |0.000440389 
 391 |0.000430582 
 392 |0.00044064 
 393 |0.00044179 
 394 |0.000449371 
 395 |0.000443775 
 396 |0.000443127 
 397 |0.000431862 
 398 |0.000433335 
 399 |0.000440389 
 400 |0.000441215 
 401 |0.000438681 
 402 |0.00044192 
 403 |0.000441387 
 404 |0.000429359 
 405 |0.000430655 
 406 |0.000431376 
 407 |0.000442511 
 408 |0.000427755 
 409 |0.000434501 
 410 |0.000404554 
 411 |0.000405599 
 412 |0.000407251 
 413 |0.000408766 
 414 |0.000401404 
 415 |0.000415083 
 416 |0.000397662 
 417 |0.00041906 
 418 |0.000407883 
 419 |0.000422534 
 420 |0.000389239 
 421 |0.000401153 
 422 |0.000413552 
 423 |0.000418662 
 424 |0.000410887 
 425 |0.000419383 
 426 |0.000402464 
 427 |0.000401832 
 428 |0.000413641 
 429 |0.000419692 
 430 |0.000410741 
 431 |0.000398901 
 432 |0.000417926 
 433 |0.000424964 
 434 |0.000503206 
 435 |0.000492458 
 436 |0.000495876 
 437 |0.000499852 
 438 |0.000503149 
 439 |0.000490394 
 440 |0.000504696 
 441 |0.00048913 
 442 |0.000500087 
 443 |0.000490044 
 444 |0.000488257 
 445 |0.000496111 
 446 |0.000480414 
 447 |0.000507345 
 448 |0.000489365 
 449 |0.000490175 
 450 |0.00049203 
 451 |0.000500014 
 452 |0.000499674 
 453 |0.000479411 
 454 |0.000484505 
 455 |0.000484756 
 456 |0.000491795 
 457 |0.000512575 
 458 |0.000465806 
 459 |0.000480965 
 460 |0.000466669 
 461 |0.000468232 
 462 |0.0004785 
 463 |0.00047797 
 464 |0.000477684 
 465 |0.000478112 
 466 |0.000474235 
 467 |0.000470614 
 468 |0.000483729 
 469 |0.000482198 
 470 |0.000476169 
 471 |0.000484539 
 472 |0.000468346 
 473 |0.000472437 
 474 |0.000476878 
 475 |0.000476487 
 476 |0.000460963 
 477 |0.00046948 
 478 |0.00046519 
 479 |0.000459358 
 480 |0.000481315 
 481 |0.000480584 
 482 |0.00052003 
 483 |0.000524518 
 484 |0.000506084 
 485 |0.000532654 
 486 |0.000531473 
 487 |0.000529873 
 488 |0.000519397 
 489 |0.000507964 
 490 |0.000509918 
 491 |0.000527157 
 492 |0.000540178 
 493 |0.000526937 
 494 |0.000515917 
 495 |0.000518509 
 496 |0.000505708 
 497 |0.00052932 
 498 |0.00049638 
 499 |0.000516774 
 500 |0.000515259 
 501 |0.000510425 
 502 |0.000512531 
 503 |0.000519591 
 504 |0.000536656 
 505 |0.000528186 
 506 |0.000395689 
 507 |0.000409336 
 508 |0.000403714 
 509 |0.000403312 
 510 |0.000413339 
 511 |0.000395349 
 512 |0.000402612 
 513 |0.000406478 
 514 |0.000399843 
 515 |0.000404137 
 516 |0.000406713 
 517 |0.000404451 
 518 |0.000406614 
 519 |0.000407351 
 520 |0.000400104 
 521 |0.000400339 
 522 |0.000401012 
 523 |0.000407466 
 524 |0.000405538 
 525 |0.000409749 
 526 |0.000409933 
 527 |0.000425096 
 528 |0.000419192 
 529 |0.000407926 
 530 |0.000435435 
 531 |0.000425774 
 532 |0.000425335 
 533 |0.000416175 
 534 |0.000418177 
 535 |0.000424243 
 536 |0.000426187 
 537 |0.000424274 
 538 |0.000425539 
 539 |0.000414629 
 540 |0.000434949 
 541 |0.000421035 
 542 |0.000415277 
 543 |0.000420695 
 544 |0.000427044 
 545 |0.000411755 
 546 |0.000419018 
 547 |0.000428502 
 548 |0.0004352 
 549 |0.000423287 
 550 |0.000417058 
 551 |0.000415042 
 552 |0.000420403 
 553 |0.000422493 
 554 |0 
 555 |0.000390363 
 556 |0.000372844 
 557 |0.000385624 
 558 |0.000376982 
 559 |0.000388686 
 560 |0.000374756 
 561 |0.000371913 
 562 |0.000378789 
 563 |0.000387501 
 564 |0.000381454 
 565 |0.000394857 
 566 |0.000378837 
 567 |0.00038786 
 568 |0.000375331 
 569 |0.000367419 
 570 |0.000385405 
 571 |0.000369468 
 572 |0.000376611 
 573 |0.000386345 
 574 |0.000397611 
 575 |0.000374311 
 576 |0.000388085 
 577 |0.000380822 
 578 |0.000381162 
 579 |0.000370923 
 580 |0.000376174 
 581 |0.000378076 
 582 |0.000380657 
 583 |0.000379794 
 584 |0.000380584 
 585 |0.000400378 
 586 |0.000395947 
 587 |0.000383567 
 588 |0.000378264 
 589 |0.000385282 
 590 |0.000382203 
 591 |0.000357321 
 592 |0.000372663 
 593 |0.000383024 
 594 |0.000374 
 595 |0.000384409 
 596 |0.00037677 
 597 |0.000381916 
 598 |0.000377574 
 599 |0.000374637 
 600 |0.000365797 
 601 |0.000377272 
 602 |0.000363383 
 603 |0.000402205 
 604 |0.000401223 
 605 |0.000403726 
 606 |0.000399363 
 607 |0.000402665 
 608 |0.000409656 
 609 |0.0004029 
 610 |0.000416538 
 611 |0.000410545 
 612 |0.000409192 
 613 |0.000414804 
 614 |0.000400074 
 615 |0.000402227 
 616 |0.000404834 
 617 |0.000395627 
 618 |0.000388478 
 619 |0.000398527 
 620 |0.000402059 
 621 |0.000413204 
 622 |0.000417828 
 623 |0.000398381 
 624 |0.000405622 
 625 |0.000386858 
 626 |0.000388291 
 627 |0.000303939 
 628 |0.000305235 
 629 |0.000301007 
 630 |0.000292495 
 631 |0.000308782 
 632 |0.000307445 
 633 |0.000302481 
 634 |0.000305088 
 635 |0.000312848 
 636 |0.000306013 
 637 |0.000317561 
 638 |0.000301242 
 639 |0.00029678 
 640 |0.000299419 
 641 |0.000294941 
 642 |0.00029793 
 643 |0.000302909 
 644 |0.000326647 
 645 |0.000311447 
 646 |0.000300877 
 647 |0.000298269 
 648 |0.00031173 
 649 |0.000310695 
 650 |0.000306457 
 651 |0.000315303 
 652 |0.000310355 
 653 |0.000311327 
 654 |0.000320722 
 655 |0.000317482 
 656 |0.000321045 
 657 |0.000311504 
 658 |0.000309148 
 659 |0.000329145 
 660 |0.00032243 
 661 |0.000317806 
 662 |0.000314493 
 663 |0.000310517 
 664 |0.000306305 
 665 |0.000305657 
 666 |0.000322179 
 667 |0.000318778 
 668 |0.000315303 
 669 |0.000310517 
 670 |0.000321855 
 671 |0.000319264 
 672 |0.000324933 
 673 |0.000316348 
 674 |0.000324949 
 675 |0 
 676 |0.000665104 
 677 |0.000641146 
 678 |0.000660035 
 679 |0.000671672 
 680 |0.000661886 
 681 |0.000663427 
 682 |0.000648127 
 683 |0.000677487 
 684 |0.000657888 
 685 |0.00067313 
 686 |0.000660365 
 687 |0.0006664 
 688 |0.00066664 
 689 |0.000666238 
 690 |0.000674206 
 691 |0.000646842 
 692 |0.000660924 
 693 |0.000647851 
 694 |0.000640927 
 695 |0.000684484 
 696 |0.000679516 
 697 |0.000660057 
 698 |0.000647584 
 699 |0.000660762 
 700 |0.000665103 
 701 |0.000674876 
 702 |0.000671323 
 703 |0.000670794 
 704 |0.000666315 
 705 |0.000673322 
 706 |0.00066756 
 707 |0.000684562 
 708 |0.000678971 
 709 |0.000671787 
 710 |0.000666075 
 711 |0.000674158 
 712 |0.000658394 
 713 |0.000677393 
 714 |0.000669602 
 715 |0.000673954 
 716 |0.000665527 
 717 |0.000665051 
 718 |0.000662459 
 719 |0.000670912 
 720 |0.000680899 
 721 |0.000665276 
 722 |0.00067303 
 723 |0.000670323 
 724 |0.000686424 
 725 |0.00069086 
 726 |0.000680675 
 727 |0.000691623 
 728 |0.000693233 
 729 |0.000687072 
 730 |0.00068798 
 731 |0.000656702 
 732 |0.00067809 
 733 |0.000687291 
 734 |0.000674688 
 735 |0.000682609 
 736 |0.000677013 
 737 |0.000683022 
 738 |0.000681847 
 739 |0.000667964 
 740 |0.000693598 
 741 |0.000701786 
 742 |0.000687275 
 743 |0.000686011 
 744 |0.000676768 
 745 |0.000666547 
 746 |0.000687862 
 747 |0.000683911 
 748 |0.000499005 
 749 |0.000502406 
 750 |0.000516013 
 751 |0.000500066 
 752 |0.000513656 
 753 |0.00050086 
 754 |0.000503629 
 755 |0.000499992 
 756 |0.000513275 
 757 |0.000520094 
 758 |0.00050354 
 759 |0.000513939 
 760 |0.000512109 
 761 |0.000503775 
 762 |0.000515955 
 763 |0.000498373 
 764 |0.00050388 
 765 |0.000510019 
 766 |0.000517883 
 767 |0.000498592 
 768 |0.000514968 
 769 |0.000529384 
 770 |0.000499224 
 771 |0.000511874 
 772 |0 
 773 |0 
 774 |0 
 775 |0 
 776 |0 
 777 |0 
 778 |0 
 779 |0 
 780 |0 
 781 |0 
 782 |0 
 783 |0 
 784 |0 
 785 |0 
 786 |0 
 787 |0 
 788 |0 
 789 |0 
 790 |0 
 791 |0 
 792 |0 
 793 |0 
 794 |0 
 795 |0 
 796 |0 
 797 |0 
 798 |0 
 799 |0 
 800 |0 
 801 |0 
 802 |0 
 803 |0 
 804 |0 
 805 |0 
 806 |0 
 807 |0 
 808 |0 
 809 |0 
 810 |0 
 811 |0 
 812 |0 
 813 |0 
 814 |0 
 815 |0 
 816 |0 
 817 |0 
 818 |0 
 819 |0 
 820 |0 
 821 |0 
 822 |0 
 823 |0 
 824 |0 
 825 |0 
 826 |0 
 827 |0 
 828 |0 
 829 |0 
 830 |0 
 831 |0 
 832 |0 
 833 |0 
 834 |0 
 835 |0 
 836 |0 
 837 |0 
 838 |0 
 839 |0 
 840 |0 
 841 |0 
 842 |0 
 843 |0 
 844 |0 
 845 |0 
 846 |0 
 847 |0 
 848 |0 
 849 |0 
 850 |0 
 851 |0 
 852 |0 
 853 |0 
 854 |0 
 855 |0 
 856 |0 
 857 |0 
 858 |0 
 859 |0 
 860 |0 
 861 |0 
 862 |0 
 863 |0 
 864 |0 
 865 |0 
 866 |0 
 867 |0 
 868 |0 
 869 |0 
 870 |0 
 871 |0 
 872 |0 
 873 |0 
 874 |0 
 875 |0 
 876 |0 
 877 |0 
 878 |0 
 879 |0 
 880 |0 
 881 |0 
 882 |0 
 883 |0 
 884 |0 
 885 |0 
 886 |0 
 887 |0 
 888 |0 
 889 |0 
 890 |0 
 891 |0 
 892 |0 
 893 |0 
 894 |0 
 895 |0 
 896 |0 
 897 |0 
 898 |0 
 899 |0 
 900 |0 
 901 |0 
 902 |0 
 903 |0 
 904 |0 
 905 |0 
 906 |0 
 907 |0 
 908 |0 
 909 |0 
 910 |0 
 911 |0 
 912 |0 
 913 |0 
 914 |0 

Now unfolding...
Iteration : 0
Chi^2 of change 506161
Iteration : 1
Chi^2 of change 39928.7
Iteration : 2
Chi^2 of change 7578.24
Iteration : 3
Chi^2 of change 2657.63
Iteration : 4
Chi^2 of change 1402.44
Iteration : 5
Chi^2 of change 899.472
Iteration : 6
Chi^2 of change 629.572
Iteration : 7
Chi^2 of change 461.045
Iteration : 8
Chi^2 of change 347.53
Iteration : 9
Chi^2 of change 267.762
Iteration : 10
Chi^2 of change 210.117
Iteration : 11
Chi^2 of change 167.557
Iteration : 12
Chi^2 of change 135.56
Using response matrix priors
Calculating covariances due to number of measured events
Using response matrix priors
Using response matrix priors
Using response matrix priors
Using response matrix priors
Using response matrix priors
Using response matrix priors
Using response matrix priors
Using response matrix priors
Using response matrix priors
Using response matrix priors
Using response matrix priors
Using response matrix priors
Using response matrix priors
Using response matrix priors
Using response matrix priors
Using response matrix priors
Using response matrix priors
Using response matrix priors
Using response matrix priors
Using response matrix priors
Using response matrix priors
Using response matrix priors
Using response matrix priors
Using response matrix priors
Using response matrix priors
Using response matrix priors
Using response matrix priors
Using response matrix priors
Using response matrix priors
Using response matrix priors
Using response matrix priors
Using response matrix priors
Using response matrix priors
Using response matrix priors
Using response matrix priors
Using response matrix priors
Using response matrix priors
Using response matrix priors
Using response matrix priors
Using response matrix priors
Using response matrix priors
Using response matrix priors
Using response matrix priors
Using response matrix priors
Using response matrix priors
Using response matrix priors
Using response matrix priors
Using response matrix priors
Using response matrix priors
Using response matrix priors
Using response matrix priors
Using response matrix priors
Using response matrix priors
Using response matrix priors
Using response matrix priors
Using response matrix priors
Using response matrix priors
Using response matrix priors
Using response matrix priors
Using response matrix priors
Using response matrix priors
Using response matrix priors
Using response matrix priors
Using response matrix priors
Using response matrix priors
Using response matrix priors
Using response matrix priors
Using response matrix priors
Using response matrix priors
Using response matrix priors
Using response matrix priors
Using response matrix priors
Using response matrix priors
Using response matrix priors
Using response matrix priors
Using response matrix priors
Using response matrix priors
Using response matrix priors
Using response matrix priors
Using response matrix priors
Using response matrix priors
Using response matrix priors
Using response matrix priors
Using response matrix priors
Using response matrix priors
Using response matrix priors
Using response matrix priors
Using response matrix priors
Using response matrix priors
Using response matrix priors
Using response matrix priors
Using response matrix priors
Using response matrix priors
Using response matrix priors
Using response matrix priors
Using response matrix priors
Using response matrix priors
Using response matrix priors
Using response matrix priors
Using response matrix priors
Using response matrix priors
Using response matrix priors
Using response matrix priors
Using response matrix priors
Using response matrix priors
Using response matrix priors
Using response matrix priors
Using response matrix priors
Using response matrix priors
Using response matrix priors
Using response matrix priors
Using response matrix priors
Using response matrix priors
Using response matrix priors
Using response matrix priors
Using response matrix priors
Using response matrix priors
Using response matrix priors
Using response matrix priors
Using response matrix priors
Using response matrix priors
Using response matrix priors
Using response matrix priors
Using response matrix priors
Using response matrix priors
Using response matrix priors
Using response matrix priors
Using response matrix priors
Using response matrix priors
Using response matrix priors
Using response matrix priors
Using response matrix priors
Using response matrix priors
Using response matrix priors
Using response matrix priors
Using response matrix priors
Using response matrix priors
Using response matrix priors
Using response matrix priors
Using response matrix priors
Using response matrix priors
Using response matrix priors
Using response matrix priors
Using response matrix priors
Using response matrix priors
Using response matrix priors
Using response matrix priors
Using response matrix priors
Using response matrix priors
Using response matrix priors
Using response matrix priors
Using response matrix priors
Using response matrix priors
Using response matrix priors
Using response matrix priors
Using response matrix priors
Using response matrix priors
Using response matrix priors
Using response matrix priors
Using response matrix priors
Using response matrix priors
Using response matrix priors
Using response matrix priors
Using response matrix priors
Using response matrix priors
Using response matrix priors
Using response matrix priors
Using response matrix priors
Using response matrix priors
Using response matrix priors
Using response matrix priors
Using response matrix priors
Using response matrix priors
Using response matrix priors
Using response matrix priors
Using response matrix priors
Using response matrix priors
Using response matrix priors
Using response matrix priors
Using response matrix priors
Using response matrix priors
Using response matrix priors
Using response matrix priors
Using response matrix priors
Using response matrix priors
Using response matrix priors
Using response matrix priors
Using response matrix priors
Using response matrix priors
Using response matrix priors
Using response matrix priors
Using response matrix priors
Using response matrix priors
Using response matrix priors
Using response matrix priors
Using response matrix priors
Using response matrix priors
Using response matrix priors
Using response matrix priors
Using response matrix priors
Using response matrix priors
Using response matrix priors
Using response matrix priors
Using response matrix priors
Using response matrix priors
Using response matrix priors
Using response matrix priors
Using response matrix priors
Using response matrix priors
Using response matrix priors
Using response matrix priors
Using response matrix priors
Using response matrix priors
Using response matrix priors
Using response matrix priors
Using response matrix priors
Using response matrix priors
Using response matrix priors
Using response matrix priors
Using response matrix priors
Using response matrix priors
Using response matrix priors
Using response matrix priors
Using response matrix priors
Using response matrix priors
Using response matrix priors
Using response matrix priors
Using response matrix priors
Using response matrix priors
Using response matrix priors
Using response matrix priors
Using response matrix priors
Using response matrix priors
Using response matrix priors
Using response matrix priors
Using response matrix priors
Using response matrix priors
Using response matrix priors
Using response matrix priors
Using response matrix priors
Using response matrix priors
Using response matrix priors
Using response matrix priors
Using response matrix priors
Using response matrix priors
Using response matrix priors
Using response matrix priors
Using response matrix priors
Using response matrix priors
Using response matrix priors
Using response matrix priors
Using response matrix priors
Using response matrix priors
Using response matrix priors
Using response matrix priors
Using response matrix priors
Using response matrix priors
Using response matrix priors
Using response matrix priors
Using response matrix priors
Using response matrix priors
Using response matrix priors
Using response matrix priors
Using response matrix priors
Using response matrix priors
Using response matrix priors
Using response matrix priors
Using response matrix priors
Using response matrix priors
Using response matrix priors
Using response matrix priors
Using response matrix priors
Using response matrix priors
Using response matrix priors
Using response matrix priors
Using response matrix priors
Using response matrix priors
Using response matrix priors
Using response matrix priors
Using response matrix priors
Using response matrix priors
Using response matrix priors
Using response matrix priors
Using response matrix priors
Using response matrix priors
Using response matrix priors
Using response matrix priors
Using response matrix priors
Using response matrix priors
Using response matrix priors
Using response matrix priors
Using response matrix priors
Using response matrix priors
Using response matrix priors
Using response matrix priors
Using response matrix priors
Using response matrix priors
Using response matrix priors
Using response matrix priors
Using response matrix priors
Using response matrix priors
Using response matrix priors
Using response matrix priors
Using response matrix priors
Using response matrix priors
Using response matrix priors
Using response matrix priors
Using response matrix priors
Using response matrix priors
Using response matrix priors
Using response matrix priors
Using response matrix priors
Using response matrix priors
Using response matrix priors
Using response matrix priors
Using response matrix priors
Using response matrix priors
Using response matrix priors
Using response matrix priors
Using response matrix priors
Using response matrix priors
Using response matrix priors
Using response matrix priors
Using response matrix priors
Using response matrix priors
Using response matrix priors
Using response matrix priors
Using response matrix priors
Using response matrix priors
Using response matrix priors
Using response matrix priors
Using response matrix priors
Using response matrix priors
Using response matrix priors
Using response matrix priors
Using response matrix priors
Using response matrix priors
Using response matrix priors
Using response matrix priors
Using response matrix priors
Using response matrix priors
Using response matrix priors
Using response matrix priors
Using response matrix priors
Using response matrix priors
Using response matrix priors
Using response matrix priors
Using response matrix priors
Using response matrix priors
Using response matrix priors
Using response matrix priors
Using response matrix priors
Using response matrix priors
Using response matrix priors
Using response matrix priors
Using response matrix priors
Using response matrix priors
Using response matrix priors
Using response matrix priors
Using response matrix priors
Using response matrix priors
Using response matrix priors
Using response matrix priors
Using response matrix priors
Using response matrix priors
Using response matrix priors
Using response matrix priors
Using response matrix priors
Using response matrix priors
Using response matrix priors
Using response matrix priors
Using response matrix priors
Using response matrix priors
Using response matrix priors
Using response matrix priors
Using response matrix priors
Using response matrix priors
Using response matrix priors
Using response matrix priors
Using response matrix priors
Using response matrix priors
Using response matrix priors
Using response matrix priors
Using response matrix priors
Using response matrix priors
Using response matrix priors
Using response matrix priors
Using response matrix priors
Using response matrix priors
Using response matrix priors
Using response matrix priors
Using response matrix priors
Using response matrix priors
Using response matrix priors
Using response matrix priors
Using response matrix priors
Using response matrix priors
Using response matrix priors
Using response matrix priors
Using response matrix priors
Using response matrix priors
Using response matrix priors
Using response matrix priors
Using response matrix priors
Using response matrix priors
Using response matrix priors
Using response matrix priors
Using response matrix priors
Using response matrix priors
Using response matrix priors
Using response matrix priors
Using response matrix priors
Using response matrix priors
Using response matrix priors
Using response matrix priors
Using response matrix priors
Using response matrix priors
Using response matrix priors
Using response matrix priors
Using response matrix priors
Using response matrix priors
Using response matrix priors
Using response matrix priors
Using response matrix priors
Using response matrix priors
Using response matrix priors
Using response matrix priors
Using response matrix priors
Using response matrix priors
Using response matrix priors
Using response matrix priors
Using response matrix priors
Using response matrix priors
Using response matrix priors
Using response matrix priors
Using response matrix priors
Using response matrix priors
Using response matrix priors
Using response matrix priors
Using response matrix priors
Using response matrix priors
Using response matrix priors
Using response matrix priors
Using response matrix priors
Using response matrix priors
Using response matrix priors
Using response matrix priors
Using response matrix priors
Using response matrix priors
Using response matrix priors
Using response matrix priors
Using response matrix priors
Using response matrix priors
Using response matrix priors
Using response matrix priors
Using response matrix priors
Using response matrix priors
Using response matrix priors
Using response matrix priors
Using response matrix priors
Using response matrix priors
Using response matrix priors
Using response matrix priors
Using response matrix priors
Using response matrix priors
Using response matrix priors
Using response matrix priors
Using response matrix priors
Using response matrix priors
Using response matrix priors
Using response matrix priors
Using response matrix priors
Using response matrix priors
Using response matrix priors
Using response matrix priors
Using response matrix priors
Using response matrix priors
Using response matrix priors
Using response matrix priors
Using response matrix priors
Using response matrix priors
Using response matrix priors
Using response matrix priors
Using response matrix priors
Using response matrix priors
Using response matrix priors
Using response matrix priors
Using response matrix priors
Using response matrix priors
Using response matrix priors
Using response matrix priors
Using response matrix priors
Using response matrix priors
Using response matrix priors
Using response matrix priors
Using response matrix priors
Using response matrix priors
Using response matrix priors
Using response matrix priors
TH1D::Sumw2:0: RuntimeWarning: Sum of squares of weights structure already created
Info in <TCanvas::MakeDefCanvas>:  created default TCanvas with name c1
Info in <ROOT::Math::ParameterSettings>: lower/upper bounds outside current parameter value. The value will be set to (low+up)/2 
Info in <ROOT::Math::ParameterSettings>: lower/upper bounds outside current parameter value. The value will be set to (low+up)/2 
Info in <ROOT::Math::ParameterSettings>: lower/upper bounds outside current parameter value. The value will be set to (low+up)/2 
Info in <ROOT::Math::ParameterSettings>: lower/upper bounds outside current parameter value. The value will be set to (low+up)/2 

Adding the following extra title to the histograms:
	rho0 Normalized Run



[1m[92m[43m

    Will be Fitting Plots    
[0m



[1m[94mSmear option selected is: Smear[0m


[91mRunning Bin 'All' for Q2-y Bins by default (will skip at end)[0m


Running for Q2-xB/Q2-y Bins: '2', '0'
[1m
Starting RG-A SIDIS Analysis
[0m

Started running on [1m5-26-2026[0m at [1m01:42 a.m.[0m

The total number of histograms available for the[1mRDataFrame[0m in '[1m[94m/w/hallb-scshelf2102/clas12/richcap/SIDIS_Analysis/Histo_Files_ROOT/DataFrames/hadd_ROOT_files_From_using_RDataFrames/SIDIS_epip_Response_Matrices_from_RDataFrames_Only_3D_rho0_Normalized_Response_Matrices_Final_Analysis_Iterations_I0_All.root[0m' is [1m504[0m


[1mDone Loading RDataFrame files...
[0m
[1m[94m

Starting Unfolding Procedures...
[0m
Bin 1 is not in Q2_y_Bin_List = ['2', '0']
Bin 10 is not in Q2_y_Bin_List = ['2', '0']
Bin 11 is not in Q2_y_Bin_List = ['2', '0']
Bin 12 is not in Q2_y_Bin_List = ['2', '0']
Bin 13 is not in Q2_y_Bin_List = ['2', '0']
Bin 14 is not in Q2_y_Bin_List = ['2', '0']
Bin 15 is not in Q2_y_Bin_List = ['2', '0']
Bin 16 is not in Q2_y_Bin_List = ['2', '0']
Bin 17 is not in Q2_y_Bin_List = ['2', '0']

Unfolding: ((Histo-Group='Response_Matrix_Normal'), (Data-Type='DataFrame_Type'), (Data-Cut='cut_Complete_SIDIS'), (Smear-Type='smear'), (Binning-Type='Y_bin'-[Q2-y-Bin=2, z-PT-Bin=All]), (Var-D1='MultiDim_z_pT_Bin_Y_bin_phi_t'-[NumBins=915, MinBin=-1.5, MaxBin=913.5]), (Var-D2='z_pT_Bin_Y_bin_smeared'-[NumBins=38, MinBin=-0.5, MaxBin=37.5]))
[1m[92mAdding the 'lundrho' files to the 'MC_REC_1D_initial' histogram[0m
[1m[92mAdding the 'lundrho' files to the 'Response_2D_initial' histogram[0m
[1m[92mAdding the 'lundrho' files to the 'MC_GEN_1D_initial' histogram[0m
[1m[92mAdding the 'lundrho' files to the 'MC_BGS_1D_initial' histogram[0m
[1m[96mStarting [4m[95mBin-by-Bin[0m[1m[96m Unfolding Procedure...[0m
	[1mAcceptance Correction of Histogram:[0m
	((Histo-Group='Response_Matrix_Normal_1D'), (Data-Cut='cut_Complete_SIDIS'), (Smear-Type='smear'), (Binning-Type='Y_bin'-[Q2-y-Bin=2, z-PT-Bin=All]), (Var-D1='MultiDim_z_pT_Bin_Y_bin_phi_t'))
[91m
Bin 49 had a very low acceptance...
	(cut_criteria = 0.0005)
	(Bin_Content  = 0.00037493266406193095)[0m
[91m
Bin 458 had a very low acceptance...
	(cut_criteria = 0.0005)
	(Bin_Content  = 0.00031601315158506023)[0m
[1m[96mFinished [95mBin-by-Bin[0m[1m[96m Unfolding Procedure.[0m

Current Time: [1m01:42 a.m.[0m
Time Elapsed Up To Now:
0 Day(s), 0 Hour(s), 0 Minute(s), and 0 Second(s).

[1m[96mStarting [4m[92mRooUnfold[0m[1m[96m Unfolding Procedure...[0m
	[1mUnfolding Histogram:[0m
	((Histo-Group='Response_Matrix_Normal'), (Data-Cut='cut_Complete_SIDIS'), (Smear-Type='smear'), (Binning-Type='Y_bin'-[Q2-y-Bin=2, z-PT-Bin=All]), (Var-D1='MultiDim_z_pT_Bin_Y_bin_phi_t'))
	[96mUsing [1m[92mRooUnfold (Bin-by-Bin)[0m[96m Unfolding Procedure...[0m
[1m[96mFinished [92mRooUnfold (Bin-by-Bin)[0m[1m[96m Unfolding Procedure.
[0m
[1m[96mStarting [4m[92mRooUnfold[0m[1m[96m Unfolding Procedure...[0m

	[1mBegan Unfolding Histogram:[0m
	((Histo-Group='Response_Matrix_Normal'), (Data-Cut='cut_Complete_SIDIS'), (Smear-Type='smear'), (Binning-Type='Y_bin'-[Q2-y-Bin=2, z-PT-Bin=All]), (Var-D1='MultiDim_z_pT_Bin_Y_bin_phi_t'))
Time Elapsed Up To Now: 0 Day(s), 0 Hour(s), 0 Minute(s), and 2 Second(s). 
	[96mUsing [1m[92mRooUnfold (Bayesian)[0m[96m method to unfold...[0m

Current Time: [1m03:46 a.m.[0m
Time Elapsed Up To Now:
0 Day(s), 2 Hour(s), 3 Minute(s), and 32 Second(s).

[1m[96mFinished [92mRooUnfold (Bayesian)[0m[1m[96m Unfolding Procedure.
[0m

[94mRunning Multi3D_Slice(...)[0m


[94mRunning Multi3D_Slice(...)[0m


[94mRunning Multi3D_Slice(...)[0m


[94mRunning Multi3D_Slice(...)[0m


[94mRunning Multi3D_Slice(...)[0m


[94mRunning Multi3D_Slice(...)[0m


[94mRunning Multi3D_Slice(...)[0m

Bin 3 is not in Q2_y_Bin_List = ['2', '0']
Bin 4 is not in Q2_y_Bin_List = ['2', '0']
Bin 5 is not in Q2_y_Bin_List = ['2', '0']
Bin 6 is not in Q2_y_Bin_List = ['2', '0']
Bin 7 is not in Q2_y_Bin_List = ['2', '0']
Bin 8 is not in Q2_y_Bin_List = ['2', '0']
Bin 9 is not in Q2_y_Bin_List = ['2', '0']

Unfolding: ((Histo-Group='Response_Matrix_Normal'), (Data-Type='DataFrame_Type'), (Data-Cut='cut_Complete_SIDIS'), (Smear-Type='smear'), (Binning-Type='Y_bin'-[Q2-y-Bin=All, z-PT-Bin=All]), (Var-D1='MultiDim_z_pT_Bin_Y_bin_phi_t'-[NumBins=915, MinBin=-1.5, MaxBin=913.5]), (Var-D2='z_pT_Bin_Y_bin_smeared'-[NumBins=38, MinBin=-0.5, MaxBin=37.5]))
[1m[92mAdding the 'lundrho' files to the 'MC_REC_1D_initial' histogram[0m
[1m[92mAdding the 'lundrho' files to the 'Response_2D_initial' histogram[0m
[1m[92mAdding the 'lundrho' files to the 'MC_GEN_1D_initial' histogram[0m
[1m[92mAdding the 'lundrho' files to the 'MC_BGS_1D_initial' histogram[0m
Total: 2


Counting Total Number of/Saving collected histograms...
[1m[94mSaving to: [1m[92m"Unfolded_Parallel_SIDIS_epip_Response_Matrices_from_RDataFrames_Only_3D_rho0_Normalized_Response_Matrices_Final_Analysis_Iterations_I0_All.root"[0m

[1m[96mDone Saving![0m

Final Count = 734


Current Time: [1m03:50 a.m.[0m
Time Elapsed Up To Now:
0 Day(s), 2 Hour(s), 7 Minute(s), and 53 Second(s).

[94mNormal Unfolding Fits Already Included? -> [1m[92mTrue[0m
[94mRC Unfolding Fits Already Included?     -> [91m[1mFalse[0m
[1mNot running BC... Did not check for BC fits.[0m

[1m[94mMaking the fits...[0m


[1mLoaded `[92mFind_RC_Fit_Params[0m[1m` and `[92mApply_RC_Factor_Corrections[0m[1m` for applying RC Corrections...[0m

Fitting for: [1m(MultiDim_3D_Histo)_(Bayesian)_(SMEAR=Smear)_(Q2_y_Bin_2)_(z_pT_Bin_1)_(MultiDim_z_pT_Bin_Y_bin_phi_t)[0m (Histo Num   504)
Fitting for: [1m(MultiDim_3D_Histo)_(Bayesian)_(SMEAR=Smear)_(Q2_y_Bin_2)_(z_pT_Bin_2)_(MultiDim_z_pT_Bin_Y_bin_phi_t)[0m (Histo Num   505)
Fitting for: [1m(MultiDim_3D_Histo)_(Bayesian)_(SMEAR=Smear)_(Q2_y_Bin_2)_(z_pT_Bin_3)_(MultiDim_z_pT_Bin_Y_bin_phi_t)[0m (Histo Num   506)
Fitting for: [1m(MultiDim_3D_Histo)_(Bayesian)_(SMEAR=Smear)_(Q2_y_Bin_2)_(z_pT_Bin_4)_(MultiDim_z_pT_Bin_Y_bin_phi_t)[0m (Histo Num   507)
Fitting for: [1m(MultiDim_3D_Histo)_(Bayesian)_(SMEAR=Smear)_(Q2_y_Bin_2)_(z_pT_Bin_5)_(MultiDim_z_pT_Bin_Y_bin_phi_t)[0m (Histo Num   508)
Fitting for: [1m(MultiDim_3D_Histo)_(Bayesian)_(SMEAR=Smear)_(Q2_y_Bin_2)_(z_pT_Bin_6)_(MultiDim_z_pT_Bin_Y_bin_phi_t)[0m (Histo Num   509)
Fitting for: [1m(MultiDim_3D_Histo)_(Bayesian)_(SMEAR=Smear)_(Q2_y_Bin_2)_(z_pT_Bin_7)_(MultiDim_z_pT_Bin_Y_bin_phi_t)[0m (Histo Num   510)
Fitting for: [1m(MultiDim_3D_Histo)_(Bayesian)_(SMEAR=Smear)_(Q2_y_Bin_2)_(z_pT_Bin_8)_(MultiDim_z_pT_Bin_Y_bin_phi_t)[0m (Histo Num   511)
Fitting for: [1m(MultiDim_3D_Histo)_(Bayesian)_(SMEAR=Smear)_(Q2_y_Bin_2)_(z_pT_Bin_9)_(MultiDim_z_pT_Bin_Y_bin_phi_t)[0m (Histo Num   512)
Fitting for: [1m(MultiDim_3D_Histo)_(Bayesian)_(SMEAR=Smear)_(Q2_y_Bin_2)_(z_pT_Bin_10)_(MultiDim_z_pT_Bin_Y_bin_phi_t)[0m (Histo Num   513)
Fitting for: [1m(MultiDim_3D_Histo)_(Bayesian)_(SMEAR=Smear)_(Q2_y_Bin_2)_(z_pT_Bin_11)_(MultiDim_z_pT_Bin_Y_bin_phi_t)[0m (Histo Num   514)
Fitting for: [1m(MultiDim_3D_Histo)_(Bayesian)_(SMEAR=Smear)_(Q2_y_Bin_2)_(z_pT_Bin_12)_(MultiDim_z_pT_Bin_Y_bin_phi_t)[0m (Histo Num   515)
Fitting for: [1m(MultiDim_3D_Histo)_(Bayesian)_(SMEAR=Smear)_(Q2_y_Bin_2)_(z_pT_Bin_13)_(MultiDim_z_pT_Bin_Y_bin_phi_t)[0m (Histo Num   516)
Fitting for: [1m(MultiDim_3D_Histo)_(Bayesian)_(SMEAR=Smear)_(Q2_y_Bin_2)_(z_pT_Bin_14)_(MultiDim_z_pT_Bin_Y_bin_phi_t)[0m (Histo Num   517)
Fitting for: [1m(MultiDim_3D_Histo)_(Bayesian)_(SMEAR=Smear)_(Q2_y_Bin_2)_(z_pT_Bin_15)_(MultiDim_z_pT_Bin_Y_bin_phi_t)[0m (Histo Num   518)
Fitting for: [1m(MultiDim_3D_Histo)_(Bayesian)_(SMEAR=Smear)_(Q2_y_Bin_2)_(z_pT_Bin_16)_(MultiDim_z_pT_Bin_Y_bin_phi_t)[0m (Histo Num   519)
Fitting for: [1m(MultiDim_3D_Histo)_(Bayesian)_(SMEAR=Smear)_(Q2_y_Bin_2)_(z_pT_Bin_17)_(MultiDim_z_pT_Bin_Y_bin_phi_t)[0m (Histo Num   520)
Fitting for: [1m(MultiDim_3D_Histo)_(Bayesian)_(SMEAR=Smear)_(Q2_y_Bin_2)_(z_pT_Bin_18)_(MultiDim_z_pT_Bin_Y_bin_phi_t)[0m (Histo Num   521)
Fitting for: [1m(MultiDim_3D_Histo)_(Bayesian)_(SMEAR=Smear)_(Q2_y_Bin_2)_(z_pT_Bin_19)_(MultiDim_z_pT_Bin_Y_bin_phi_t)[0m (Histo Num   522)
Fitting for: [1m(MultiDim_3D_Histo)_(Bayesian)_(SMEAR=Smear)_(Q2_y_Bin_2)_(z_pT_Bin_20)_(MultiDim_z_pT_Bin_Y_bin_phi_t)[0m (Histo Num   523)
Fitting for: [1m(MultiDim_3D_Histo)_(Bayesian)_(SMEAR=Smear)_(Q2_y_Bin_2)_(z_pT_Bin_21)_(MultiDim_z_pT_Bin_Y_bin_phi_t)[0m (Histo Num   524)
Fitting for: [1m(MultiDim_3D_Histo)_(Bayesian)_(SMEAR=Smear)_(Q2_y_Bin_2)_(z_pT_Bin_22)_(MultiDim_z_pT_Bin_Y_bin_phi_t)[0m (Histo Num   525)
Fitting for: [1m(MultiDim_3D_Histo)_(Bayesian)_(SMEAR=Smear)_(Q2_y_Bin_2)_(z_pT_Bin_23)_(MultiDim_z_pT_Bin_Y_bin_phi_t)[0m (Histo Num   526)
Fitting for: [1m(MultiDim_3D_Histo)_(Bayesian)_(SMEAR=Smear)_(Q2_y_Bin_2)_(z_pT_Bin_25)_(MultiDim_z_pT_Bin_Y_bin_phi_t)[0m (Histo Num   527)
Fitting for: [1m(MultiDim_3D_Histo)_(Bayesian)_(SMEAR=Smear)_(Q2_y_Bin_2)_(z_pT_Bin_26)_(MultiDim_z_pT_Bin_Y_bin_phi_t)[0m (Histo Num   528)
Fitting for: [1m(MultiDim_3D_Histo)_(Bayesian)_(SMEAR=Smear)_(Q2_y_Bin_2)_(z_pT_Bin_27)_(MultiDim_z_pT_Bin_Y_bin_phi_t)[0m (Histo Num   529)
Fitting for: [1m(MultiDim_3D_Histo)_(Bayesian)_(SMEAR=Smear)_(Q2_y_Bin_2)_(z_pT_Bin_28)_(MultiDim_z_pT_Bin_Y_bin_phi_t)[0m (Histo Num   530)
Fitting for: [1m(MultiDim_3D_Histo)_(Bayesian)_(SMEAR=Smear)_(Q2_y_Bin_2)_(z_pT_Bin_29)_(MultiDim_z_pT_Bin_Y_bin_phi_t)[0m (Histo Num   531)
Fitting for: [1m(MultiDim_3D_Histo)_(Bayesian)_(SMEAR=Smear)_(Q2_y_Bin_2)_(z_pT_Bin_31)_(MultiDim_z_pT_Bin_Y_bin_phi_t)[0m (Histo Num   532)
Fitting for: [1m(MultiDim_3D_Histo)_(Bayesian)_(SMEAR=Smear)_(Q2_y_Bin_2)_(z_pT_Bin_32)_(MultiDim_z_pT_Bin_Y_bin_phi_t)[0m (Histo Num   533)
Fitting for: [1m(MultiDim_3D_Histo)_(Bayesian)_(SMEAR=Smear)_(Q2_y_Bin_2)_(z_pT_Bin_33)_(MultiDim_z_pT_Bin_Y_bin_phi_t)[0m (Histo Num   534)
Fitting for: [1m(MultiDim_3D_Histo)_(Bayesian)_(SMEAR=Smear)_(Q2_y_Bin_2)_(z_pT_Bin_34)_(MultiDim_z_pT_Bin_Y_bin_phi_t)[0m (Histo Num   535)

[1m[94mFit/Added [0m[1m32[1m[94m Histograms[0m[94m
Adding to Main List...[0m

[1m[92mLength of Main List of Histograms (After adding Fits): [0m[1m926[0m


Current Time: [1m03:50 a.m.[0m
Time Elapsed Up To Now:
0 Day(s), 2 Hour(s), 7 Minute(s), and 59 Second(s).



Counting Total Number of/Saving collected histograms...
[1m[94mSaving to: [1m[92m"Unfolded_Parallel_SIDIS_epip_Response_Matrices_from_RDataFrames_Only_3D_rho0_Normalized_Response_Matrices_Final_Analysis_Iterations_I0_All.root"[0m

[1m[96mDone Saving![0m

Final Count = 926


Current Time: [1m03:56 a.m.[0m
Time Elapsed Up To Now:
0 Day(s), 2 Hour(s), 13 Minute(s), and 36 Second(s).


[1m[94mSaved Fit Parameters JSON as [1m[92mFit_Pars_from_Simple_RooUnfold_SelfContained_using_"Unfolded_Parallel_SIDIS_epip_Response_Matrices_from_RDataFrames_Only_3D_rho0_Normalized_Response_Matrices_Final_Analysis_Iterations_I0_All".json[1m[94m (total entries now = 3)[0m

[1m[96mDone Saving JSON File.[0m
Time Elapsed Up To Now: 0 Day(s), 2 Hour(s), 13 Minute(s), and 36 Second(s). 

[1m[94mSaved Fit Parameters JSON as [1m[92mFit_Pars_from_Simple_RooUnfold_SelfContained_using_"Unfolded_Parallel_SIDIS_epip_Response_Matrices_from_RDataFrames_Only_3D_rho0_Normalized_Response_Matrices_Final_Analysis_Iterations_I0_All".json[1m[94m (total entries now = 3)[0m

[1m[96mDone Saving JSON File.[0m
Time Elapsed Up To Now: 0 Day(s), 2 Hour(s), 13 Minute(s), and 36 Second(s). 




[1m[43mEMAIL MESSAGE TO SEND:[0m


The 'Simple_RooUnfold_SelfContained.py' script has finished running.
Started running on [1m5-26-2026[0m at [1m01:42 a.m.[0m

Input File:
	/w/hallb-scshelf2102/clas12/richcap/SIDIS_Analysis/Histo_Files_ROOT/DataFrames/hadd_ROOT_files_From_using_RDataFrames/SIDIS_epip_Response_Matrices_from_RDataFrames_Only_3D_rho0_Normalized_Response_Matrices_Final_Analysis_Iterations_I0_All.root
Output File:
	"Unfolded_Parallel_SIDIS_epip_Response_Matrices_from_RDataFrames_Only_3D_rho0_Normalized_Response_Matrices_Final_Analysis_Iterations_I0_All.root"

Ran in parallel using the histograms in the ROOT files from the newest Final_Analysis_Iterations files. Ran with Harut's exclusive 'lundrho' rho0 events subtracted as background after proper normalization. Saving the fits to the new JSON file formats. Ran in tmuxSIDIS_1.

	[1mBegan Unfolding Histogram:[0m
	((Histo-Group='Response_Matrix_Normal'), (Data-Cut='cut_Complete_SIDIS'), (Smear-Type='smear'), (Binning-Type='Y_bin'-[Q2-y-Bin=2, z-PT-Bin=All]), (Var-D1='MultiDim_z_pT_Bin_Y_bin_phi_t'))
Time Elapsed Up To Now: 0 Day(s), 0 Hour(s), 0 Minute(s), and 2 Second(s). 
	Finished Unfolding the histogram at:
Time Elapsed Up To Now: 0 Day(s), 2 Hour(s), 3 Minute(s), and 32 Second(s). 
[1m[96mDone Saving JSON File.[0m
Time Elapsed Up To Now: 0 Day(s), 2 Hour(s), 13 Minute(s), and 36 Second(s). 
[1m[96mDone Saving JSON File.[0m
Time Elapsed Up To Now: 0 Day(s), 2 Hour(s), 13 Minute(s), and 36 Second(s). 

Arguments:
--unfolding_3D (3D Unfolding Only)                  --> True
--run_sectors                                       --> False
--sectors_to_unfold                                 --> None
--allow_other_variables (for unfolding)             --> False
--simulation (unfolding synthetic data)             --> False
--modulation (data unfolded with modulated MC)      --> False
--closure  (modulated MC unfolded with itself)      --> False
--weighed_acceptance (use acceptance weights only)  --> False
--test                                              --> False
--verbose                                           --> False
--fit                                               --> True
--remake_fit                                        --> False
--CrossSection_Norm                                 --> False
--tag_proton                                        --> False
--cut_proton                                        --> False
--Common_Int_Bins                                   --> False
--bayes_iterations                                  --> 13
--Num_Toys                                          --> 500
--Unfold_Methods                                    --> ['Bayesian']
--title                                             --> 'rho0 Normalized Run'
--EvGen                                             --> False
--Min_Allowed_Acceptance_Cut                        --> 0.0005
--Use_TTree                                         --> False
--Apply_RC                                          --> True
--Apply_BC                                          --> False
--Add_Uncertainties                                 --> False
--save_json                                         --> True
--old_json                                          --> False
--pass_version                                      --> 'Pass 2'
--smearing_options                                  --> 'smear'
--Q2_y_Bin_List                                     --> ['2', '0']
--Run_5D_Unfold                                     --> False
--run_sec_unfold                                    --> False
--json_name                                         --> 'Fit_Pars_from_Simple_RooUnfold_SelfContained_using_"Unfolded_Parallel_SIDIS_epip_Response_Matrices_from_RDataFrames_Only_3D_rho0_Normalized_Response_Matrices_Final_Analysis_Iterations_I0_All".json'


The time that this code finished is [1m03:56 a.m.[0m
The total time the code took to run is:
0 Day(s), 2 Hour(s), 13 Minute(s), and 36 Second(s).
Saved 926 Histograms...
Rate = 0.12 Histograms/Seconds
    

[1m[92m[43m
    	                                   	   
    	This code has now finished running.	   
    	                                   	   [0m
    
    
