Full command: ./Simple_RooUnfold_SelfContained.py -r ZerothOrderAcc_Unfolded_Histos_From_Simple_RooUnfold_SelfContained.root -smear -u3D -e -sfin /w/hallb-scshelf2102/clas12/richcap/SIDIS_Analysis/Histo_Files_ROOT/DataFrames/hadd_ROOT_files_From_using_RDataFrames/SIDIS_epip_Response_Matrices_from_RDataFrames_ZerothOrderAcc.root -wa -em 'Running Unfolding with 0th Order Acceptance Weights as background parallel jobs. Ran in tmuxUnfold (in case there were any local issues).' -ti 'Applied the 0th Order Acceptance Weights' 16
Subtract 20413.2 fakes from measured distribution
Using response matrix priors
Priors:

Vector (915)  is as follows

     |        1  |
------------------
   0 |0 
   1 |0.588236 
   2 |0.000902448 
   3 |0.000898697 
   4 |0.000897901 
   5 |0.000896191 
   6 |0.000899809 
   7 |0.000896324 
   8 |0.000901286 
   9 |0.000899959 
  10 |0.000893619 
  11 |0.00090741 
  12 |0.000894482 
  13 |0.000907709 
  14 |0.000884392 
  15 |0.000900257 
  16 |0.00090361 
  17 |0.000902033 
  18 |0.000899627 
  19 |0.00089342 
  20 |0.000897171 
  21 |0.000901004 
  22 |0.000906414 
  23 |0.000895611 
  24 |0.000899428 
  25 |0.000904838 
  26 |0.000863332 
  27 |0.000866916 
  28 |0.000862701 
  29 |0.000869738 
  30 |0.00086617 
  31 |0.00086383 
  32 |0.000859332 
  33 |0.000860461 
  34 |0.000860958 
  35 |0.000867066 
  36 |0.000861407 
  37 |0.000860859 
  38 |0.000863166 
  39 |0.000866004 
  40 |0.000859 
  41 |0.000865954 
  42 |0.000857009 
  43 |0.00086534 
  44 |0.000862369 
  45 |0.00086363 
  46 |0.000867896 
  47 |0.000864145 
  48 |0.000861622 
  49 |0.000864958 
  50 |0.000896523 
  51 |0.000899262 
  52 |0.000902614 
  53 |0.000894781 
  54 |0.00090049 
  55 |0.000902863 
  56 |0.000891727 
  57 |0.00089976 
  58 |0.000896673 
  59 |0.000892391 
  60 |0.000901403 
  61 |0.00089498 
  62 |0.000889536 
  63 |0.000895793 
  64 |0.000894814 
  65 |0.00089108 
  66 |0.000894532 
  67 |0.000896988 
  68 |0.000896025 
  69 |0.000897585 
  70 |0.000899776 
  71 |0.000899843 
  72 |0.000905966 
  73 |0.000898996 
  74 |0.000772552 
  75 |0.000776552 
  76 |0.000776502 
  77 |0.000778162 
  78 |0.000781033 
  79 |0.00078261 
  80 |0.000778527 
  81 |0.000771756 
  82 |0.000775457 
  83 |0.000784452 
  84 |0.000777 
  85 |0.000784053 
  86 |0.000780601 
  87 |0.00077071 
  88 |0.000777581 
  89 |0.000775606 
  90 |0.000774776 
  91 |0.000776386 
  92 |0.000766777 
  93 |0.000777432 
  94 |0.000775357 
  95 |0.000774278 
  96 |0.00077476 
  97 |0.000772901 
  98 |0.000733868 
  99 |0.000733054 
 100 |0.000737369 
 101 |0.000733951 
 102 |0.00073093 
 103 |0.000737386 
 104 |0.000736457 
 105 |0.000728839 
 106 |0.000738332 
 107 |0.000732971 
 108 |0.000737519 
 109 |0.000736623 
 110 |0.000730283 
 111 |0.000728341 
 112 |0.000732523 
 113 |0.000731777 
 114 |0.000733917 
 115 |0.000731013 
 116 |0.000727412 
 117 |0.000733104 
 118 |0.000730333 
 119 |0.000736158 
 120 |0.000730316 
 121 |0.000738299 
 122 |0.00043506 
 123 |0.000437715 
 124 |0.000437516 
 125 |0.000441798 
 126 |0.000432222 
 127 |0.000440321 
 128 |0.000441698 
 129 |0.000437848 
 130 |0.000442959 
 131 |0.000437167 
 132 |0.000436653 
 133 |0.000439059 
 134 |0.000435524 
 135 |0.000437649 
 136 |0.000433998 
 137 |0.00043496 
 138 |0.00043657 
 139 |0.000440238 
 140 |0.000442096 
 141 |0.000438694 
 142 |0.000435425 
 143 |0.000436752 
 144 |0.000436686 
 145 |0.000438296 
 146 |0.000839517 
 147 |0.000845458 
 148 |0.000840064 
 149 |0.000847682 
 150 |0.000847001 
 151 |0.000845524 
 152 |0.000840463 
 153 |0.000841658 
 154 |0.000842039 
 155 |0.000843881 
 156 |0.000841823 
 157 |0.000842371 
 158 |0.000838239 
 159 |0.000843782 
 160 |0.000838836 
 161 |0.000839135 
 162 |0.000842272 
 163 |0.000839417 
 164 |0.000843915 
 165 |0.000843666 
 166 |0.000841093 
 167 |0.000847101 
 168 |0.000843267 
 169 |0.000844081 
 170 |0.00081366 
 171 |0.000810457 
 172 |0.000810789 
 173 |0.000809528 
 174 |0.000806425 
 175 |0.000808151 
 176 |0.000812797 
 177 |0.000813677 
 178 |0.000806574 
 179 |0.000811503 
 180 |0.000802989 
 181 |0.000807918 
 182 |0.000803271 
 183 |0.000817079 
 184 |0.000814357 
 185 |0.000814888 
 186 |0.000807221 
 187 |0.000818307 
 188 |0.000811486 
 189 |0.000813876 
 190 |0.000811271 
 191 |0.000812814 
 192 |0.000808317 
 193 |0.000806474 
 194 |0.000830771 
 195 |0.000833177 
 196 |0.000833443 
 197 |0.000834687 
 198 |0.000834322 
 199 |0.000834837 
 200 |0.000823651 
 201 |0.000827949 
 202 |0.000833011 
 203 |0.000821311 
 204 |0.000831302 
 205 |0.000840894 
 206 |0.000829924 
 207 |0.00083248 
 208 |0.000832082 
 209 |0.000827501 
 210 |0.000831567 
 211 |0.000829775 
 212 |0.000834355 
 213 |0.000833194 
 214 |0.000830273 
 215 |0.000828049 
 216 |0.000828215 
 217 |0.000820531 
 218 |0.000694403 
 219 |0.000694934 
 220 |0.000701506 
 221 |0.000696577 
 222 |0.000690304 
 223 |0.0006951 
 224 |0.000689772 
 225 |0.000689275 
 226 |0.000692776 
 227 |0.000697539 
 228 |0.000687897 
 229 |0.00069344 
 230 |0.000698253 
 231 |0.000700029 
 232 |0.000696295 
 233 |0.000692975 
 234 |0.00069276 
 235 |0.000689158 
 236 |0.000693141 
 237 |0.000690552 
 238 |0.000694054 
 239 |0.00069349 
 240 |0.000692644 
 241 |0.000693141 
 242 |0.00061378 
 243 |0.000616784 
 244 |0.000614295 
 245 |0.000618643 
 246 |0.000618709 
 247 |0.000617182 
 248 |0.00061607 
 249 |0.000618361 
 250 |0.000619522 
 251 |0.000617979 
 252 |0.000613033 
 253 |0.000620186 
 254 |0.000613432 
 255 |0.000618145 
 256 |0.000614062 
 257 |0.000615722 
 258 |0.000616535 
 259 |0.000613548 
 260 |0.000614328 
 261 |0.000615025 
 262 |0.000616485 
 263 |0.000616867 
 264 |0.000614228 
 265 |0.000620584 
 266 |0.000347716 
 267 |0.000350205 
 268 |0.000350255 
 269 |0.00034672 
 270 |0.000346056 
 271 |0.000346272 
 272 |0.000345326 
 273 |0.000349608 
 274 |0.000350089 
 275 |0.000346936 
 276 |0.000346056 
 277 |0.000347716 
 278 |0.000347898 
 279 |0.000343915 
 280 |0.00034526 
 281 |0.000345193 
 282 |0.000350305 
 283 |0.000346239 
 284 |0.000343235 
 285 |0.0003437 
 286 |0.000348147 
 287 |0.000347334 
 288 |0.000346405 
 289 |0.000348994 
 290 |0.000802159 
 291 |0.000810922 
 292 |0.000806126 
 293 |0.000803139 
 294 |0.000804815 
 295 |0.000805844 
 296 |0.00080757 
 297 |0.000810026 
 298 |0.000807951 
 299 |0.000803819 
 300 |0.000804549 
 301 |0.000803155 
 302 |0.000806823 
 303 |0.00080289 
 304 |0.000807669 
 305 |0.000809893 
 306 |0.000805412 
 307 |0.000806441 
 308 |0.000808051 
 309 |0.000807337 
 310 |0.000804898 
 311 |0.000806441 
 312 |0.000804798 
 313 |0.000808184 
 314 |0.000779954 
 315 |0.000782991 
 316 |0.000775838 
 317 |0.000783622 
 318 |0.000783921 
 319 |0.000772735 
 320 |0.00078339 
 321 |0.000779539 
 322 |0.000773465 
 323 |0.000780784 
 324 |0.000777598 
 325 |0.000775125 
 326 |0.000779855 
 327 |0.000779041 
 328 |0.000782062 
 329 |0.000770611 
 330 |0.000774013 
 331 |0.000776519 
 332 |0.000775141 
 333 |0.000782161 
 334 |0.000784568 
 335 |0.000770262 
 336 |0.000782759 
 337 |0.000775656 
 338 |0.000785879 
 339 |0.000776867 
 340 |0.000775357 
 341 |0.000775224 
 342 |0.000779871 
 343 |0.000777598 
 344 |0.000777515 
 345 |0.000779506 
 346 |0.000770976 
 347 |0.000780535 
 348 |0.000772752 
 349 |0.000781166 
 350 |0.000782128 
 351 |0.000778427 
 352 |0.000780485 
 353 |0.00077783 
 354 |0.000781962 
 355 |0.000782427 
 356 |0.00078407 
 357 |0.00077866 
 358 |0.000778776 
 359 |0.000776818 
 360 |0.000784219 
 361 |0.000770893 
 362 |0.00061378 
 363 |0.000615639 
 364 |0.00060603 
 365 |0.000621929 
 366 |0.00061861 
 367 |0.000613448 
 368 |0.000610146 
 369 |0.000612569 
 370 |0.000616635 
 371 |0.00062017 
 372 |0.000619124 
 373 |0.000616253 
 374 |0.000617298 
 375 |0.00062075 
 376 |0.000614311 
 377 |0.000611556 
 378 |0.000615788 
 379 |0.00061841 
 380 |0.000618045 
 381 |0.000619439 
 382 |0.000615357 
 383 |0.000614261 
 384 |0.000620153 
 385 |0.000619489 
 386 |0.000516778 
 387 |0.000523267 
 388 |0.000518039 
 389 |0.000522005 
 390 |0.000524544 
 391 |0.000516197 
 392 |0.000521557 
 393 |0.000509226 
 394 |0.000519333 
 395 |0.000516329 
 396 |0.000521574 
 397 |0.000519848 
 398 |0.000514985 
 399 |0.000524976 
 400 |0.000514919 
 401 |0.000517508 
 402 |0.000515135 
 403 |0.000522636 
 404 |0.000514238 
 405 |0.000515417 
 406 |0.000518653 
 407 |0.000515068 
 408 |0.000519084 
 409 |0.000516164 
 410 |0 
 411 |0.000648914 
 412 |0.000653826 
 413 |0.000649893 
 414 |0.000650656 
 415 |0.000652863 
 416 |0.000647868 
 417 |0.000655801 
 418 |0.000652531 
 419 |0.000653876 
 420 |0.000651868 
 421 |0.000657427 
 422 |0.000653295 
 423 |0.000650706 
 424 |0.000652863 
 425 |0.000648316 
 426 |0.00064352 
 427 |0.000654091 
 428 |0.000652133 
 429 |0.000650042 
 430 |0.00065215 
 431 |0.000652432 
 432 |0.00065278 
 433 |0.000653162 
 434 |0.000651453 
 435 |0.000628866 
 436 |0.00062558 
 437 |0.00063109 
 438 |0.000628401 
 439 |0.000628999 
 440 |0.000626974 
 441 |0.00063016 
 442 |0.00062563 
 443 |0.000638027 
 444 |0.000628136 
 445 |0.000626111 
 446 |0.000629911 
 447 |0.000632285 
 448 |0.000625215 
 449 |0.000625845 
 450 |0.00062855 
 451 |0.00062548 
 452 |0.00063728 
 453 |0.000626493 
 454 |0.000624816 
 455 |0.000626957 
 456 |0.000625115 
 457 |0.000633164 
 458 |0.00062387 
 459 |0.000597898 
 460 |0.000603939 
 461 |0.000607142 
 462 |0.000603955 
 463 |0.000609482 
 464 |0.000608801 
 465 |0.000606976 
 466 |0.000609034 
 467 |0.000607806 
 468 |0.000605781 
 469 |0.000608171 
 470 |0.000604852 
 471 |0.000606561 
 472 |0.000598114 
 473 |0.000605399 
 474 |0.000613183 
 475 |0.000604752 
 476 |0.000604702 
 477 |0.000605184 
 478 |0.00060525 
 479 |0.000603806 
 480 |0.000604138 
 481 |0.000607955 
 482 |0.000606295 
 483 |0.000459024 
 484 |0.000459522 
 485 |0.000457763 
 486 |0.000456419 
 487 |0.000453896 
 488 |0.000455273 
 489 |0.000463372 
 490 |0.00045222 
 491 |0.000458277 
 492 |0.000455506 
 493 |0.00044983 
 494 |0.000455124 
 495 |0.00045612 
 496 |0.000463671 
 497 |0.000459323 
 498 |0.00046226 
 499 |0.000457879 
 500 |0.00045539 
 501 |0.000455854 
 502 |0.000455207 
 503 |0.000457514 
 504 |0.000461065 
 505 |0.000455738 
 506 |0.000457414 
 507 |0 
 508 |0 
 509 |0.000909568 
 510 |0.000904174 
 511 |0.000900324 
 512 |0.000915891 
 513 |0.000905518 
 514 |0.000909451 
 515 |0.000909634 
 516 |0.000906896 
 517 |0.000897768 
 518 |0.000908688 
 519 |0.000904191 
 520 |0.000912289 
 521 |0.000903527 
 522 |0.000904373 
 523 |0.000903577 
 524 |0.000909335 
 525 |0.000903759 
 526 |0.000898432 
 527 |0.000913517 
 528 |0.000901154 
 529 |0.000906531 
 530 |0.000900905 
 531 |0.00090678 
 532 |0.000908522 
 533 |0.000863033 
 534 |0.00086992 
 535 |0.000869588 
 536 |0.000865522 
 537 |0.000868194 
 538 |0.000870534 
 539 |0.00086056 
 540 |0.000863597 
 541 |0.000868593 
 542 |0.000866999 
 543 |0.000865174 
 544 |0.000864327 
 545 |0.000872327 
 546 |0.000865356 
 547 |0.000872974 
 548 |0.000868028 
 549 |0.000871895 
 550 |0.000869489 
 551 |0.000871364 
 552 |0.000872576 
 553 |0.000863348 
 554 |0.00085837 
 555 |0.000862701 
 556 |0.000869439 
 557 |0.000790957 
 558 |0.000799006 
 559 |0.000799604 
 560 |0.000796002 
 561 |0.000790393 
 562 |0.000797629 
 563 |0.000795056 
 564 |0.000793281 
 565 |0.000790011 
 566 |0.000793065 
 567 |0.000799023 
 568 |0.00079738 
 569 |0.000793181 
 570 |0.000792766 
 571 |0.00078963 
 572 |0.000786974 
 573 |0.000794044 
 574 |0.000795272 
 575 |0.000786609 
 576 |0.000790028 
 577 |0.000797015 
 578 |0.000794608 
 579 |0.000793364 
 580 |0.00079343 
 581 |0 
 582 |0 
 583 |0 
 584 |0 
 585 |0 
 586 |0 
 587 |0 
 588 |0 
 589 |0 
 590 |0 
 591 |0 
 592 |0 
 593 |0 
 594 |0 
 595 |0 
 596 |0 
 597 |0 
 598 |0 
 599 |0 
 600 |0 
 601 |0 
 602 |0 
 603 |0 
 604 |0 
 605 |0 
 606 |0 
 607 |0 
 608 |0 
 609 |0 
 610 |0 
 611 |0 
 612 |0 
 613 |0 
 614 |0 
 615 |0 
 616 |0 
 617 |0 
 618 |0 
 619 |0 
 620 |0 
 621 |0 
 622 |0 
 623 |0 
 624 |0 
 625 |0 
 626 |0 
 627 |0 
 628 |0 
 629 |0 
 630 |0 
 631 |0 
 632 |0 
 633 |0 
 634 |0 
 635 |0 
 636 |0 
 637 |0 
 638 |0 
 639 |0 
 640 |0 
 641 |0 
 642 |0 
 643 |0 
 644 |0 
 645 |0 
 646 |0 
 647 |0 
 648 |0 
 649 |0 
 650 |0 
 651 |0 
 652 |0 
 653 |0 
 654 |0 
 655 |0 
 656 |0 
 657 |0 
 658 |0 
 659 |0 
 660 |0 
 661 |0 
 662 |0 
 663 |0 
 664 |0 
 665 |0 
 666 |0 
 667 |0 
 668 |0 
 669 |0 
 670 |0 
 671 |0 
 672 |0 
 673 |0 
 674 |0 
 675 |0 
 676 |0 
 677 |0 
 678 |0 
 679 |0 
 680 |0 
 681 |0 
 682 |0 
 683 |0 
 684 |0 
 685 |0 
 686 |0 
 687 |0 
 688 |0 
 689 |0 
 690 |0 
 691 |0 
 692 |0 
 693 |0 
 694 |0 
 695 |0 
 696 |0 
 697 |0 
 698 |0 
 699 |0 
 700 |0 
 701 |0 
 702 |0 
 703 |0 
 704 |0 
 705 |0 
 706 |0 
 707 |0 
 708 |0 
 709 |0 
 710 |0 
 711 |0 
 712 |0 
 713 |0 
 714 |0 
 715 |0 
 716 |0 
 717 |0 
 718 |0 
 719 |0 
 720 |0 
 721 |0 
 722 |0 
 723 |0 
 724 |0 
 725 |0 
 726 |0 
 727 |0 
 728 |0 
 729 |0 
 730 |0 
 731 |0 
 732 |0 
 733 |0 
 734 |0 
 735 |0 
 736 |0 
 737 |0 
 738 |0 
 739 |0 
 740 |0 
 741 |0 
 742 |0 
 743 |0 
 744 |0 
 745 |0 
 746 |0 
 747 |0 
 748 |0 
 749 |0 
 750 |0 
 751 |0 
 752 |0 
 753 |0 
 754 |0 
 755 |0 
 756 |0 
 757 |0 
 758 |0 
 759 |0 
 760 |0 
 761 |0 
 762 |0 
 763 |0 
 764 |0 
 765 |0 
 766 |0 
 767 |0 
 768 |0 
 769 |0 
 770 |0 
 771 |0 
 772 |0 
 773 |0 
 774 |0 
 775 |0 
 776 |0 
 777 |0 
 778 |0 
 779 |0 
 780 |0 
 781 |0 
 782 |0 
 783 |0 
 784 |0 
 785 |0 
 786 |0 
 787 |0 
 788 |0 
 789 |0 
 790 |0 
 791 |0 
 792 |0 
 793 |0 
 794 |0 
 795 |0 
 796 |0 
 797 |0 
 798 |0 
 799 |0 
 800 |0 
 801 |0 
 802 |0 
 803 |0 
 804 |0 
 805 |0 
 806 |0 
 807 |0 
 808 |0 
 809 |0 
 810 |0 
 811 |0 
 812 |0 
 813 |0 
 814 |0 
 815 |0 
 816 |0 
 817 |0 
 818 |0 
 819 |0 
 820 |0 
 821 |0 
 822 |0 
 823 |0 
 824 |0 
 825 |0 
 826 |0 
 827 |0 
 828 |0 
 829 |0 
 830 |0 
 831 |0 
 832 |0 
 833 |0 
 834 |0 
 835 |0 
 836 |0 
 837 |0 
 838 |0 
 839 |0 
 840 |0 
 841 |0 
 842 |0 
 843 |0 
 844 |0 
 845 |0 
 846 |0 
 847 |0 
 848 |0 
 849 |0 
 850 |0 
 851 |0 
 852 |0 
 853 |0 
 854 |0 
 855 |0 
 856 |0 
 857 |0 
 858 |0 
 859 |0 
 860 |0 
 861 |0 
 862 |0 
 863 |0 
 864 |0 
 865 |0 
 866 |0 
 867 |0 
 868 |0 
 869 |0 
 870 |0 
 871 |0 
 872 |0 
 873 |0 
 874 |0 
 875 |0 
 876 |0 
 877 |0 
 878 |0 
 879 |0 
 880 |0 
 881 |0 
 882 |0 
 883 |0 
 884 |0 
 885 |0 
 886 |0 
 887 |0 
 888 |0 
 889 |0 
 890 |0 
 891 |0 
 892 |0 
 893 |0 
 894 |0 
 895 |0 
 896 |0 
 897 |0 
 898 |0 
 899 |0 
 900 |0 
 901 |0 
 902 |0 
 903 |0 
 904 |0 
 905 |0 
 906 |0 
 907 |0 
 908 |0 
 909 |0 
 910 |0 
 911 |0 
 912 |0 
 913 |0 
 914 |0 

Now unfolding...
Iteration : 0
Chi^2 of change 74752
Iteration : 1
Chi^2 of change 2461.62
Iteration : 2
Chi^2 of change 679.753
Iteration : 3
Chi^2 of change 340.763
Iteration : 4
Chi^2 of change 202.117
Iteration : 5
Chi^2 of change 134.434
Iteration : 6
Chi^2 of change 97.3808
Iteration : 7
Chi^2 of change 75.113
Iteration : 8
Chi^2 of change 60.6883
Iteration : 9
Chi^2 of change 50.7764
Iteration : 10
Chi^2 of change 43.645
Iteration : 11
Chi^2 of change 38.3254
Iteration : 12
Chi^2 of change 34.2402
Using response matrix priors
Calculating covariances due to number of measured events
Using response matrix priors
Using response matrix priors
Using response matrix priors
Using response matrix priors
Using response matrix priors
Using response matrix priors
Using response matrix priors
Using response matrix priors
Using response matrix priors
Using response matrix priors
Using response matrix priors
Using response matrix priors
Using response matrix priors
Using response matrix priors
Using response matrix priors
Using response matrix priors
Using response matrix priors
Using response matrix priors
Using response matrix priors
Using response matrix priors
Using response matrix priors
Using response matrix priors
Using response matrix priors
Using response matrix priors
Using response matrix priors
Using response matrix priors
Using response matrix priors
Using response matrix priors
Using response matrix priors
Using response matrix priors
Using response matrix priors
Using response matrix priors
Using response matrix priors
Using response matrix priors
Using response matrix priors
Using response matrix priors
Using response matrix priors
Using response matrix priors
Using response matrix priors
Using response matrix priors
Using response matrix priors
Using response matrix priors
Using response matrix priors
Using response matrix priors
Using response matrix priors
Using response matrix priors
Using response matrix priors
Using response matrix priors
Using response matrix priors
Using response matrix priors
Using response matrix priors
Using response matrix priors
Using response matrix priors
Using response matrix priors
Using response matrix priors
Using response matrix priors
Using response matrix priors
Using response matrix priors
Using response matrix priors
Using response matrix priors
Using response matrix priors
Using response matrix priors
Using response matrix priors
Using response matrix priors
Using response matrix priors
Using response matrix priors
Using response matrix priors
Using response matrix priors
Using response matrix priors
Using response matrix priors
Using response matrix priors
Using response matrix priors
Using response matrix priors
Using response matrix priors
Using response matrix priors
Using response matrix priors
Using response matrix priors
Using response matrix priors
Using response matrix priors
Using response matrix priors
Using response matrix priors
Using response matrix priors
Using response matrix priors
Using response matrix priors
Using response matrix priors
Using response matrix priors
Using response matrix priors
Using response matrix priors
Using response matrix priors
Using response matrix priors
Using response matrix priors
Using response matrix priors
Using response matrix priors
Using response matrix priors
Using response matrix priors
Using response matrix priors
Using response matrix priors
Using response matrix priors
Using response matrix priors
Using response matrix priors
Using response matrix priors
Using response matrix priors
Using response matrix priors
Using response matrix priors
Using response matrix priors
Using response matrix priors
Using response matrix priors
Using response matrix priors
Using response matrix priors
Using response matrix priors
Using response matrix priors
Using response matrix priors
Using response matrix priors
Using response matrix priors
Using response matrix priors
Using response matrix priors
Using response matrix priors
Using response matrix priors
Using response matrix priors
Using response matrix priors
Using response matrix priors
Using response matrix priors
Using response matrix priors
Using response matrix priors
Using response matrix priors
Using response matrix priors
Using response matrix priors
Using response matrix priors
Using response matrix priors
Using response matrix priors
Using response matrix priors
Using response matrix priors
Using response matrix priors
Using response matrix priors
Using response matrix priors
Using response matrix priors
Using response matrix priors
Using response matrix priors
Using response matrix priors
Using response matrix priors
Using response matrix priors
Using response matrix priors
Using response matrix priors
Using response matrix priors
Using response matrix priors
Using response matrix priors
Using response matrix priors
Using response matrix priors
Using response matrix priors
Using response matrix priors
Using response matrix priors
Using response matrix priors
Using response matrix priors
Using response matrix priors
Using response matrix priors
Using response matrix priors
Using response matrix priors
Using response matrix priors
Using response matrix priors
Using response matrix priors
Using response matrix priors
Using response matrix priors
Using response matrix priors
Using response matrix priors
Using response matrix priors
Using response matrix priors
Using response matrix priors
Using response matrix priors
Using response matrix priors
Using response matrix priors
Using response matrix priors
Using response matrix priors
Using response matrix priors
Using response matrix priors
Using response matrix priors
Using response matrix priors
Using response matrix priors
Using response matrix priors
Using response matrix priors
Using response matrix priors
Using response matrix priors
Using response matrix priors
Using response matrix priors
Using response matrix priors
Using response matrix priors
Using response matrix priors
Using response matrix priors
Using response matrix priors
Using response matrix priors
Using response matrix priors
Using response matrix priors
Using response matrix priors
Using response matrix priors
Using response matrix priors
Using response matrix priors
Using response matrix priors
Using response matrix priors
Using response matrix priors
Using response matrix priors
Using response matrix priors
Using response matrix priors
Using response matrix priors
Using response matrix priors
Using response matrix priors
Using response matrix priors
Using response matrix priors
Using response matrix priors
Using response matrix priors
Using response matrix priors
Using response matrix priors
Using response matrix priors
Using response matrix priors
Using response matrix priors
Using response matrix priors
Using response matrix priors
Using response matrix priors
Using response matrix priors
Using response matrix priors
Using response matrix priors
Using response matrix priors
Using response matrix priors
Using response matrix priors
Using response matrix priors
Using response matrix priors
Using response matrix priors
Using response matrix priors
Using response matrix priors
Using response matrix priors
Using response matrix priors
Using response matrix priors
Using response matrix priors
Using response matrix priors
Using response matrix priors
Using response matrix priors
Using response matrix priors
Using response matrix priors
Using response matrix priors
Using response matrix priors
Using response matrix priors
Using response matrix priors
Using response matrix priors
Using response matrix priors
Using response matrix priors
Using response matrix priors
Using response matrix priors
Using response matrix priors
Using response matrix priors
Using response matrix priors
Using response matrix priors
Using response matrix priors
Using response matrix priors
Using response matrix priors
Using response matrix priors
Using response matrix priors
Using response matrix priors
Using response matrix priors
Using response matrix priors
Using response matrix priors
Using response matrix priors
Using response matrix priors
Using response matrix priors
Using response matrix priors
Using response matrix priors
Using response matrix priors
Using response matrix priors
Using response matrix priors
Using response matrix priors
Using response matrix priors
Using response matrix priors
Using response matrix priors
Using response matrix priors
Using response matrix priors
Using response matrix priors
Using response matrix priors
Using response matrix priors
Using response matrix priors
Using response matrix priors
Using response matrix priors
Using response matrix priors
Using response matrix priors
Using response matrix priors
Using response matrix priors
Using response matrix priors
Using response matrix priors
Using response matrix priors
Using response matrix priors
Using response matrix priors
Using response matrix priors
Using response matrix priors
Using response matrix priors
Using response matrix priors
Using response matrix priors
Using response matrix priors
Using response matrix priors
Using response matrix priors
Using response matrix priors
Using response matrix priors
Using response matrix priors
Using response matrix priors
Using response matrix priors
Using response matrix priors
Using response matrix priors
Using response matrix priors
Using response matrix priors
Using response matrix priors
Using response matrix priors
Using response matrix priors
Using response matrix priors
Using response matrix priors
Using response matrix priors
Using response matrix priors
Using response matrix priors
Using response matrix priors
Using response matrix priors
Using response matrix priors
Using response matrix priors
Using response matrix priors
Using response matrix priors
Using response matrix priors
Using response matrix priors
Using response matrix priors
Using response matrix priors
Using response matrix priors
Using response matrix priors
Using response matrix priors
Using response matrix priors
Using response matrix priors
Using response matrix priors
Using response matrix priors
Using response matrix priors
Using response matrix priors
Using response matrix priors
Using response matrix priors
Using response matrix priors
Using response matrix priors
Using response matrix priors
Using response matrix priors
Using response matrix priors
Using response matrix priors
Using response matrix priors
Using response matrix priors
Using response matrix priors
Using response matrix priors
Using response matrix priors
Using response matrix priors
Using response matrix priors
Using response matrix priors
Using response matrix priors
Using response matrix priors
Using response matrix priors
Using response matrix priors
Using response matrix priors
Using response matrix priors
Using response matrix priors
Using response matrix priors
Using response matrix priors
Using response matrix priors
Using response matrix priors
Using response matrix priors
Using response matrix priors
Using response matrix priors
Using response matrix priors
Using response matrix priors
Using response matrix priors
Using response matrix priors
Using response matrix priors
Using response matrix priors
Using response matrix priors
Using response matrix priors
Using response matrix priors
Using response matrix priors
Using response matrix priors
Using response matrix priors
Using response matrix priors
Using response matrix priors
Using response matrix priors
Using response matrix priors
Using response matrix priors
Using response matrix priors
Using response matrix priors
Using response matrix priors
Using response matrix priors
Using response matrix priors
Using response matrix priors
Using response matrix priors
Using response matrix priors
Using response matrix priors
Using response matrix priors
Using response matrix priors
Using response matrix priors
Using response matrix priors
Using response matrix priors
Using response matrix priors
Using response matrix priors
Using response matrix priors
Using response matrix priors
Using response matrix priors
Using response matrix priors
Using response matrix priors
Using response matrix priors
Using response matrix priors
Using response matrix priors
Using response matrix priors
Using response matrix priors
Using response matrix priors
Using response matrix priors
Using response matrix priors
Using response matrix priors
Using response matrix priors
Using response matrix priors
Using response matrix priors
Using response matrix priors
Using response matrix priors
Using response matrix priors
Using response matrix priors
Using response matrix priors
Using response matrix priors
Using response matrix priors
Using response matrix priors
Using response matrix priors
Using response matrix priors
Using response matrix priors
Using response matrix priors
Using response matrix priors
Using response matrix priors
Using response matrix priors
Using response matrix priors
Using response matrix priors
Using response matrix priors
Using response matrix priors
Using response matrix priors
Using response matrix priors
Using response matrix priors
Using response matrix priors
Using response matrix priors
Using response matrix priors
Using response matrix priors
Using response matrix priors
Using response matrix priors
Using response matrix priors
Using response matrix priors
Using response matrix priors
Using response matrix priors
Using response matrix priors
Using response matrix priors
Using response matrix priors
Using response matrix priors
Using response matrix priors
Using response matrix priors
Using response matrix priors
Using response matrix priors
Using response matrix priors
Using response matrix priors
Using response matrix priors
Using response matrix priors
Using response matrix priors
Using response matrix priors
Using response matrix priors
Using response matrix priors
Using response matrix priors
Using response matrix priors
Using response matrix priors
Using response matrix priors
Using response matrix priors
Using response matrix priors
Using response matrix priors
Using response matrix priors
Using response matrix priors
Using response matrix priors
Using response matrix priors
Using response matrix priors
Using response matrix priors
Using response matrix priors
Using response matrix priors
Using response matrix priors
Using response matrix priors
Using response matrix priors
Using response matrix priors
Using response matrix priors
Using response matrix priors
Using response matrix priors
Using response matrix priors
Using response matrix priors
Using response matrix priors
Using response matrix priors
Using response matrix priors
Using response matrix priors
Using response matrix priors
Using response matrix priors
Using response matrix priors
Using response matrix priors
Using response matrix priors
Using response matrix priors
Using response matrix priors
Using response matrix priors
Using response matrix priors
Using response matrix priors
Using response matrix priors
Using response matrix priors

Adding the following extra title to the histograms:
	Applied the 0th Order Acceptance Weights


[1m[94mSmear option selected is: Smear[0m


[91mRunning Bin 'All' for Q2-y Bins by default (will skip at end)[0m


Running for Q2-xB/Q2-y Bins: '16', '0'
[1m
Starting RG-A SIDIS Analysis
[0m

Started running on [1m2-23-2026[0m at [1m05:45 p.m.[0m

The total number of histograms available for the[1mRDataFrame[0m in '[1m[94m/w/hallb-scshelf2102/clas12/richcap/SIDIS_Analysis/Histo_Files_ROOT/DataFrames/hadd_ROOT_files_From_using_RDataFrames/SIDIS_epip_Response_Matrices_from_RDataFrames_ZerothOrderAcc.root[0m' is [1m180[0m


[1mDone Loading RDataFrame files...
[0m
[1m[94m

Starting Unfolding Procedures...
[0m
Bin 1 is not in Q2_y_Bin_List = ['16', '0']
Bin 10 is not in Q2_y_Bin_List = ['16', '0']
Bin 11 is not in Q2_y_Bin_List = ['16', '0']
Bin 12 is not in Q2_y_Bin_List = ['16', '0']
Bin 13 is not in Q2_y_Bin_List = ['16', '0']
Bin 14 is not in Q2_y_Bin_List = ['16', '0']
Bin 15 is not in Q2_y_Bin_List = ['16', '0']

Unfolding: ((Histo-Group='Response_Matrix_Normal'), (Data-Type='DataFrame_Type'), (Data-Cut='cut_Complete_SIDIS'), (Smear-Type='smear'), (Binning-Type='Y_bin'-[Q2-y-Bin=16, z-PT-Bin=All]), (Var-D1='MultiDim_z_pT_Bin_Y_bin_phi_t'-[NumBins=915, MinBin=-1.5, MaxBin=913.5]), (Var-D2='z_pT_Bin_Y_bin_smeared'-[NumBins=38, MinBin=-0.5, MaxBin=37.5]))
[1m[96mStarting [4m[95mBin-by-Bin[0m[1m[96m Unfolding Procedure...[0m
	[1mAcceptance Correction of Histogram:[0m
	((Histo-Group='Response_Matrix_Normal_1D'), (Data-Cut='cut_Complete_SIDIS'), (Smear-Type='smear'), (Binning-Type='Y_bin'-[Q2-y-Bin=16, z-PT-Bin=All]), (Var-D1='MultiDim_z_pT_Bin_Y_bin_phi_t'))
[91m
Bin 98 had a very low acceptance...
	(cut_criteria = 0.0005)
	(Bin_Content  = 6.441638752898738e-05)[0m
[91m
Bin 195 had a very low acceptance...
	(cut_criteria = 0.0005)
	(Bin_Content  = 9.988213907589046e-05)[0m
[91m
Bin 218 had a very low acceptance...
	(cut_criteria = 0.0005)
	(Bin_Content  = 4.0451438048622626e-05)[0m
[91m
Bin 315 had a very low acceptance...
	(cut_criteria = 0.0005)
	(Bin_Content  = 0.00019150158520756644)[0m
[91m
Bin 338 had a very low acceptance...
	(cut_criteria = 0.0005)
	(Bin_Content  = 8.558346527450897e-05)[0m
[1m[96mFinished [95mBin-by-Bin[0m[1m[96m Unfolding Procedure.[0m

Current Time: [1m05:45 p.m.[0m
Time Elapsed Up To Now:
0 Day(s), 0 Hour(s), 0 Minute(s), and 0 Second(s).

[1m[96mStarting [4m[92mRooUnfold[0m[1m[96m Unfolding Procedure...[0m
	[1mUnfolding Histogram:[0m
	((Histo-Group='Response_Matrix_Normal'), (Data-Cut='cut_Complete_SIDIS'), (Smear-Type='smear'), (Binning-Type='Y_bin'-[Q2-y-Bin=16, z-PT-Bin=All]), (Var-D1='MultiDim_z_pT_Bin_Y_bin_phi_t'))
	[96mUsing [1m[92mRooUnfold (Bin-by-Bin)[0m[96m Unfolding Procedure...[0m
[1m[96mFinished [92mRooUnfold (Bin-by-Bin)[0m[1m[96m Unfolding Procedure.
[0m
[1m[96mStarting [4m[92mRooUnfold[0m[1m[96m Unfolding Procedure...[0m

	[1mBegan Unfolding Histogram:[0m
	((Histo-Group='Response_Matrix_Normal'), (Data-Cut='cut_Complete_SIDIS'), (Smear-Type='smear'), (Binning-Type='Y_bin'-[Q2-y-Bin=16, z-PT-Bin=All]), (Var-D1='MultiDim_z_pT_Bin_Y_bin_phi_t'))
Time Elapsed Up To Now: 0 Day(s), 0 Hour(s), 0 Minute(s), and 3 Second(s). 
	[96mUsing [1m[92mRooUnfold (Bayesian)[0m[96m method to unfold...[0m

Current Time: [1m08:00 p.m.[0m
Time Elapsed Up To Now:
0 Day(s), 2 Hour(s), 14 Minute(s), and 50 Second(s).

[1m[96mFinished [92mRooUnfold (Bayesian)[0m[1m[96m Unfolding Procedure.
[0m

[94mRunning Multi3D_Slice(...)[0m


[94mRunning Multi3D_Slice(...)[0m


[94mRunning Multi3D_Slice(...)[0m


[94mRunning Multi3D_Slice(...)[0m


[94mRunning Multi3D_Slice(...)[0m


[94mRunning Multi3D_Slice(...)[0m


[94mRunning Multi3D_Slice(...)[0m

Bin 17 is not in Q2_y_Bin_List = ['16', '0']
Bin 2 is not in Q2_y_Bin_List = ['16', '0']
Bin 3 is not in Q2_y_Bin_List = ['16', '0']
Bin 4 is not in Q2_y_Bin_List = ['16', '0']
Bin 5 is not in Q2_y_Bin_List = ['16', '0']
Bin 6 is not in Q2_y_Bin_List = ['16', '0']
Bin 7 is not in Q2_y_Bin_List = ['16', '0']
Bin 8 is not in Q2_y_Bin_List = ['16', '0']
Bin 9 is not in Q2_y_Bin_List = ['16', '0']

Unfolding: ((Histo-Group='Response_Matrix_Normal'), (Data-Type='DataFrame_Type'), (Data-Cut='cut_Complete_SIDIS'), (Smear-Type='smear'), (Binning-Type='Y_bin'-[Q2-y-Bin=All, z-PT-Bin=All]), (Var-D1='MultiDim_z_pT_Bin_Y_bin_phi_t'-[NumBins=915, MinBin=-1.5, MaxBin=913.5]), (Var-D2='z_pT_Bin_Y_bin_smeared'-[NumBins=38, MinBin=-0.5, MaxBin=37.5]))
Total: 2


Counting Total Number of/Saving collected histograms...
[1m[94mSaving to: [1m[92mZerothOrderAcc_Unfolded_Histos_From_Simple_RooUnfold_SelfContained.root[0m

Final Count = 183
Conditions for running 'Create_Fits_and_Apply_RC' were not set...
Need to run: '(args.fit and args.Use_TTree) or args.Apply_RC'


Counting Total Number of/Saving collected histograms...
[1m[94mSaving to: [1m[92mZerothOrderAcc_Unfolded_Histos_From_Simple_RooUnfold_SelfContained.root[0m

Final Count = 183




[1m[43mEMAIL MESSAGE TO SEND:[0m


The 'Simple_RooUnfold_SelfContained.py' script has finished running.
Started running on [1m2-23-2026[0m at [1m05:45 p.m.[0m

Input File:
	/w/hallb-scshelf2102/clas12/richcap/SIDIS_Analysis/Histo_Files_ROOT/DataFrames/hadd_ROOT_files_From_using_RDataFrames/SIDIS_epip_Response_Matrices_from_RDataFrames_ZerothOrderAcc.root
Output File:
	ZerothOrderAcc_Unfolded_Histos_From_Simple_RooUnfold_SelfContained.root

Running Unfolding with 0th Order Acceptance Weights as background parallel jobs. Ran in tmuxUnfold (in case there were any local issues).

	[1mBegan Unfolding Histogram:[0m
	((Histo-Group='Response_Matrix_Normal'), (Data-Cut='cut_Complete_SIDIS'), (Smear-Type='smear'), (Binning-Type='Y_bin'-[Q2-y-Bin=16, z-PT-Bin=All]), (Var-D1='MultiDim_z_pT_Bin_Y_bin_phi_t'))
Time Elapsed Up To Now: 0 Day(s), 0 Hour(s), 0 Minute(s), and 3 Second(s). 
	Finished Unfolding the histogram at:
Time Elapsed Up To Now: 0 Day(s), 2 Hour(s), 14 Minute(s), and 50 Second(s). 

Arguments:
--unfolding_1D (1D Unfolding Only)                  --> False
--unfolding_3D (3D Unfolding Only)                  --> True
--run_sectors                                       --> False
--sectors_to_unfold                                 --> None
--allow_other_variables (for unfolding)             --> False
--simulation (unfolding synthetic data)             --> False
--modulation (data unfolded with modulated MC)      --> False
--closure  (modulated MC unfolded with itself)      --> False
--weighed_acceptace (use acceptance weights only)   --> True
--test                                              --> False
--verbose                                           --> False
--fit                                               --> False
--remake_fit                                        --> False
--CrossSection_Norm                                 --> False
--tag_proton                                        --> False
--cut_proton                                        --> False
--Common_Int_Bins                                   --> False
--bayes_iterations                                  --> 13
--Num_Toys                                          --> 500
--title                                             --> 'Applied the 0th Order Acceptance Weights'
--EvGen                                             --> False
--Min_Allowed_Acceptance_Cut                        --> 0.0005
--Use_TTree                                         --> False
--Apply_RC                                          --> False
--Add_Uncertainties                                 --> False
--save_json                                         --> False
--pass_version                                      --> 'Pass 2'
--smearing_options                                  --> 'smear'
--Q2_y_Bin_List                                     --> ['16', '0']
--Run_5D_Unfold                                     --> False
--run_sec_unfold                                    --> False


The time that this code finished is [1m08:00 p.m.[0m
The total time the code took to run is:
0 Day(s), 2 Hour(s), 14 Minute(s), and 51 Second(s).
Saved 183 Histograms...
Rate = 0.02 Histograms/Seconds
    

[1m[92m[43m
    	                                   	   
    	This code has now finished running.	   
    	                                   	   [0m
    
    
