Full command: ./Simple_RooUnfold_SelfContained.py -r ZerothOrderAcc_Unfolded_Histos_From_Simple_RooUnfold_SelfContained.root -smear -u3D -e -sfin /w/hallb-scshelf2102/clas12/richcap/SIDIS_Analysis/Histo_Files_ROOT/DataFrames/hadd_ROOT_files_From_using_RDataFrames/SIDIS_epip_Response_Matrices_from_RDataFrames_ZerothOrderAcc_All_Batches.root -mod -wa -em 'Running Unfolding with 0th Order Acceptance Weights as background parallel jobs. Ran in tmuxTTree.' -ti 'Applied the 0th Order Acceptance Weights' 9
TH1D::Sumw2:0: RuntimeWarning: Sum of squares of weights structure already created
Subtract 56348.9 fakes from measured distribution
Using response matrix priors
Priors:

Vector (915)  is as follows

     |        1  |
------------------
   0 |0 
   1 |0.644134 
   2 |0.000615048 
   3 |0.000614023 
   4 |0.000616464 
   5 |0.000611649 
   6 |0.000616343 
   7 |0.000611841 
   8 |0.000616434 
   9 |0.000615741 
  10 |0.000614668 
  11 |0.000617296 
  12 |0.00062014 
  13 |0.000616572 
  14 |0.000614584 
  15 |0.000613312 
  16 |0.000612137 
  17 |0.000615602 
  18 |0.000616199 
  19 |0.00061556 
  20 |0.000616753 
  21 |0.000615385 
  22 |0.000613704 
  23 |0.000617784 
  24 |0.000616343 
  25 |0.000614174 
  26 |0.000473175 
  27 |0.000472879 
  28 |0.000468245 
  29 |0.000469384 
  30 |0.000471427 
  31 |0.000468601 
  32 |0.000467184 
  33 |0.000469498 
  34 |0.000471041 
  35 |0.000470824 
  36 |0.000472108 
  37 |0.000474531 
  38 |0.000469462 
  39 |0.000470378 
  40 |0.000470541 
  41 |0.000468378 
  42 |0.000468323 
  43 |0.000470644 
  44 |0.000468968 
  45 |0.000470776 
  46 |0.000470927 
  47 |0.000470372 
  48 |0.000469203 
  49 |0.000466829 
  50 |0.000508021 
  51 |0.000507346 
  52 |0.000507641 
  53 |0.000508045 
  54 |0.000510787 
  55 |0.000507629 
  56 |0.000514282 
  57 |0.000509636 
  58 |0.000511287 
  59 |0.000511703 
  60 |0.0005106 
  61 |0.000509413 
  62 |0.000506954 
  63 |0.000510094 
  64 |0.000510365 
  65 |0.000506128 
  66 |0.000507207 
  67 |0.000506267 
  68 |0.000509811 
  69 |0.000508087 
  70 |0.000506508 
  71 |0.000510305 
  72 |0.000508593 
  73 |0.000508774 
  74 |0.000490134 
  75 |0.000492803 
  76 |0.000488127 
  77 |0.000487524 
  78 |0.000486114 
  79 |0.000489736 
  80 |0.000490085 
  81 |0.000488018 
  82 |0.000489615 
  83 |0.000491062 
  84 |0.000492713 
  85 |0.00049105 
  86 |0.000492972 
  87 |0.000491767 
  88 |0.000492725 
  89 |0.000490242 
  90 |0.000489489 
  91 |0.000490899 
  92 |0.000493057 
  93 |0.000491261 
  94 |0.000490586 
  95 |0.000489971 
  96 |0.000490562 
  97 |0.00049472 
  98 |0.000613836 
  99 |0.000615036 
 100 |0.000612788 
 101 |0.000610498 
 102 |0.000614258 
 103 |0.000617338 
 104 |0.000616554 
 105 |0.000615843 
 106 |0.000617344 
 107 |0.000612619 
 108 |0.000612884 
 109 |0.000617778 
 110 |0.000613197 
 111 |0.000615668 
 112 |0.000617958 
 113 |0.000614126 
 114 |0.000615686 
 115 |0.000612854 
 116 |0.000614457 
 117 |0.000613939 
 118 |0.000613017 
 119 |0.000614156 
 120 |0.000614059 
 121 |0.000611606 
 122 |0.000513378 
 123 |0.000509274 
 124 |0.000511781 
 125 |0.000512715 
 126 |0.00051019 
 127 |0.000511516 
 128 |0.000512535 
 129 |0.000512173 
 130 |0.000513463 
 131 |0.000512438 
 132 |0.00051503 
 133 |0.000510636 
 134 |0.000514668 
 135 |0.000515632 
 136 |0.000510932 
 137 |0.000513354 
 138 |0.000508756 
 139 |0.000517856 
 140 |0.00051192 
 141 |0.000509425 
 142 |0.000509057 
 143 |0.000509057 
 144 |0.000511968 
 145 |0.000508708 
 146 |0.000256855 
 147 |0.000254794 
 148 |0.000256777 
 149 |0.00025753 
 150 |0.000255794 
 151 |0.000259217 
 152 |0.000258265 
 153 |0.000258958 
 154 |0.000256554 
 155 |0.000258554 
 156 |0.000257048 
 157 |0.000258193 
 158 |0.000258832 
 159 |0.000259115 
 160 |0.000260079 
 161 |0.000259169 
 162 |0.00025703 
 163 |0.000259784 
 164 |0.000258078 
 165 |0.00025659 
 166 |0.000255993 
 167 |0.000254191 
 168 |0.00025621 
 169 |0.000255824 
 170 |0.000733652 
 171 |0.000732272 
 172 |0.000732567 
 173 |0.00072965 
 174 |0.000731018 
 175 |0.000736834 
 176 |0.000729632 
 177 |0.000734616 
 178 |0.000735972 
 179 |0.000736117 
 180 |0.000735683 
 181 |0.000730885 
 182 |0.0007337 
 183 |0.000733616 
 184 |0.000731892 
 185 |0.000734742 
 186 |0.000738286 
 187 |0.000734375 
 188 |0.000732796 
 189 |0.000732621 
 190 |0.000735146 
 191 |0.000728204 
 192 |0.000732338 
 193 |0.00073056 
 194 |0.000551672 
 195 |0.000552979 
 196 |0.000552443 
 197 |0.000549665 
 198 |0.000550954 
 199 |0.000553733 
 200 |0.000554661 
 201 |0.00054946 
 202 |0.00055049 
 203 |0.000553793 
 204 |0.000552341 
 205 |0.000553793 
 206 |0.000555782 
 207 |0.000553612 
 208 |0.000556529 
 209 |0.000552527 
 210 |0.00055442 
 211 |0.000550882 
 212 |0.000554498 
 213 |0.000552985 
 214 |0.000553226 
 215 |0.000554257 
 216 |0.000552136 
 217 |0.000552274 
 218 |0.0005838 
 219 |0.000577212 
 220 |0.000583275 
 221 |0.000581329 
 222 |0.000581847 
 223 |0.00058471 
 224 |0.000585312 
 225 |0.000579635 
 226 |0.000582425 
 227 |0.000584559 
 228 |0.0005858 
 229 |0.000585391 
 230 |0.000583619 
 231 |0.000582926 
 232 |0.000578538 
 233 |0.00058022 
 234 |0.000581262 
 235 |0.000582058 
 236 |0.000580184 
 237 |0.000581142 
 238 |0.000583004 
 239 |0.000583528 
 240 |0.000580955 
 241 |0.000583378 
 242 |0.000534231 
 243 |0.000535195 
 244 |0.0005364 
 245 |0.000537292 
 246 |0.00053643 
 247 |0.000532591 
 248 |0.000536683 
 249 |0.000532706 
 250 |0.000536509 
 251 |0.000537467 
 252 |0.000534345 
 253 |0.000540119 
 254 |0.000536292 
 255 |0.000538503 
 256 |0.000538431 
 257 |0.000532627 
 258 |0.000536045 
 259 |0.000532423 
 260 |0.000539383 
 261 |0.000536261 
 262 |0.000536822 
 263 |0.000533965 
 264 |0.000535617 
 265 |0.000534936 
 266 |0.000617187 
 267 |0.000616729 
 268 |0.000616584 
 269 |0.000616669 
 270 |0.000620604 
 271 |0.000614722 
 272 |0.000618067 
 273 |0.000615801 
 274 |0.000614686 
 275 |0.000617205 
 276 |0.000617784 
 277 |0.000616205 
 278 |0.000616735 
 279 |0.000614788 
 280 |0.000616169 
 281 |0.000619983 
 282 |0.000616494 
 283 |0.000616844 
 284 |0.000617639 
 285 |0.000614312 
 286 |0.000614132 
 287 |0.000619634 
 288 |0.000619586 
 289 |0.000619339 
 290 |0.000448321 
 291 |0.000447116 
 292 |0.00044714 
 293 |0.00044802 
 294 |0.000448797 
 295 |0.000447869 
 296 |0.000447447 
 297 |0.000446429 
 298 |0.000449442 
 299 |0.000447989 
 300 |0.000448809 
 301 |0.000449773 
 302 |0.000448514 
 303 |0.000448797 
 304 |0.000447568 
 305 |0.000448719 
 306 |0.000446435 
 307 |0.000448068 
 308 |0.000448369 
 309 |0.00044808 
 310 |0.000450918 
 311 |0.000446519 
 312 |0.000446772 
 313 |0.000447465 
 314 |0.000196727 
 315 |0.000198421 
 316 |0.000199662 
 317 |0.000197246 
 318 |0.000198921 
 319 |0.000198698 
 320 |0.000200458 
 321 |0.000198222 
 322 |0.000201006 
 323 |0.000200765 
 324 |0.000199614 
 325 |0.000200681 
 326 |0.000199228 
 327 |0.000202278 
 328 |0.000198963 
 329 |0.000199041 
 330 |0.000197788 
 331 |0.000200024 
 332 |0.000197456 
 333 |0.000196245 
 334 |0.000198192 
 335 |0.000198812 
 336 |0.000197655 
 337 |0.000198565 
 338 |0.00061327 
 339 |0.000619507 
 340 |0.000615036 
 341 |0.000613728 
 342 |0.00061741 
 343 |0.000616277 
 344 |0.000617344 
 345 |0.000616747 
 346 |0.000616856 
 347 |0.000613161 
 348 |0.000613788 
 349 |0.000617832 
 350 |0.000618236 
 351 |0.000614885 
 352 |0.00061506 
 353 |0.00061685 
 354 |0.000617531 
 355 |0.000618977 
 356 |0.000616223 
 357 |0.000616711 
 358 |0.000620255 
 359 |0.000617277 
 360 |0.000614541 
 361 |0.000616874 
 362 |0.000466226 
 363 |0.000466931 
 364 |0.000466991 
 365 |0.000465931 
 366 |0.00046575 
 367 |0.000464527 
 368 |0.000470384 
 369 |0.000466648 
 370 |0.000468769 
 371 |0.000470186 
 372 |0.000467534 
 373 |0.0004703 
 374 |0.000468323 
 375 |0.000468842 
 376 |0.000467757 
 377 |0.000468317 
 378 |0.000466437 
 379 |0.00046675 
 380 |0.00046804 
 381 |0.000465889 
 382 |0.000464261 
 383 |0.000466793 
 384 |0.000468896 
 385 |0.000467407 
 386 |0.000484155 
 387 |0.00048979 
 388 |0.000484083 
 389 |0.000485746 
 390 |0.000487138 
 391 |0.000489175 
 392 |0.000486879 
 393 |0.000483456 
 394 |0.000480557 
 395 |0.000486011 
 396 |0.000483902 
 397 |0.000483444 
 398 |0.000485126 
 399 |0.000485668 
 400 |0.000487783 
 401 |0.000484897 
 402 |0.000487711 
 403 |0.000486084 
 404 |0.000483595 
 405 |0.000484023 
 406 |0.000485686 
 407 |0.000485716 
 408 |0.000485861 
 409 |0.000484836 
 410 |0.000431284 
 411 |0.000429476 
 412 |0.000432188 
 413 |0.00043355 
 414 |0.000433869 
 415 |0.000433272 
 416 |0.000435092 
 417 |0.000432411 
 418 |0.000433122 
 419 |0.000432133 
 420 |0.000431223 
 421 |0.00043549 
 422 |0.000435647 
 423 |0.000432646 
 424 |0.000433929 
 425 |0.000433013 
 426 |0.000433122 
 427 |0.000429626 
 428 |0.000430964 
 429 |0.000435388 
 430 |0.000434411 
 431 |0.000431736 
 432 |0.000432845 
 433 |0.000431368 
 434 |0.00046939 
 435 |0.000475115 
 436 |0.000474434 
 437 |0.000470836 
 438 |0.000473795 
 439 |0.000472976 
 440 |0.000475513 
 441 |0.000470836 
 442 |0.00047247 
 443 |0.000469752 
 444 |0.0004725 
 445 |0.000471921 
 446 |0.00047168 
 447 |0.000474802 
 448 |0.000474229 
 449 |0.000473753 
 450 |0.000472247 
 451 |0.000472433 
 452 |0.000473512 
 453 |0.000471011 
 454 |0.000470511 
 455 |0.000471499 
 456 |0.000474199 
 457 |0.000472825 
 458 |0.000324257 
 459 |0.000325348 
 460 |0.00032416 
 461 |0.000323534 
 462 |0.000323955 
 463 |0.000326336 
 464 |0.000323708 
 465 |0.000326035 
 466 |0.00032639 
 467 |0.000326161 
 468 |0.000324757 
 469 |0.000326113 
 470 |0.000327083 
 471 |0.00032266 
 472 |0.000325685 
 473 |0.000323781 
 474 |0.000324076 
 475 |0.000324805 
 476 |0.000323823 
 477 |0.000325167 
 478 |0.000323889 
 479 |0.000323781 
 480 |0.000324751 
 481 |0.000324456 
 482 |0 
 483 |0.000583426 
 484 |0.000583655 
 485 |0.00058216 
 486 |0.000583595 
 487 |0.000582148 
 488 |0.000587042 
 489 |0.000582058 
 490 |0.000585999 
 491 |0.000583155 
 492 |0.000581606 
 493 |0.000583932 
 494 |0.000580611 
 495 |0.000582793 
 496 |0.000580726 
 497 |0.00058025 
 498 |0.000584565 
 499 |0.000585981 
 500 |0.000587193 
 501 |0.000584818 
 502 |0.000582112 
 503 |0.000583046 
 504 |0.000579701 
 505 |0.000584547 
 506 |0.000583613 
 507 |0.000447429 
 508 |0.000445784 
 509 |0.000445326 
 510 |0.000445874 
 511 |0.000445018 
 512 |0.000446676 
 513 |0.000444825 
 514 |0.000447031 
 515 |0.000443457 
 516 |0.0004462 
 517 |0.000445826 
 518 |0.000442168 
 519 |0.000444548 
 520 |0.000446935 
 521 |0.000444265 
 522 |0.000444512 
 523 |0.000443506 
 524 |0.000444169 
 525 |0.00044259 
 526 |0.000446127 
 527 |0.000445241 
 528 |0.000446543 
 529 |0.000445314 
 530 |0.000445024 
 531 |0.000453245 
 532 |0.000454034 
 533 |0.000458295 
 534 |0.0004558 
 535 |0.00045451 
 536 |0.000456409 
 537 |0.000454432 
 538 |0.000453413 
 539 |0.000456577 
 540 |0.000453853 
 541 |0.000453847 
 542 |0.000454703 
 543 |0.000455655 
 544 |0.00045351 
 545 |0.000454637 
 546 |0.000453251 
 547 |0.000453877 
 548 |0.000457632 
 549 |0.000456583 
 550 |0.000453576 
 551 |0.00045407 
 552 |0.00045454 
 553 |0.000455161 
 554 |0.000455571 
 555 |0.00039114 
 556 |0.000396317 
 557 |0.000392117 
 558 |0.000395745 
 559 |0.000392906 
 560 |0.000394214 
 561 |0.00039255 
 562 |0.000394009 
 563 |0.000394383 
 564 |0.000392478 
 565 |0.000393786 
 566 |0.000394895 
 567 |0.000395992 
 568 |0.00039516 
 569 |0.00039651 
 570 |0.000393147 
 571 |0.000393382 
 572 |0.000394286 
 573 |0.000392478 
 574 |0.000395046 
 575 |0.000393219 
 576 |0.000394678 
 577 |0.000393786 
 578 |0.000395799 
 579 |0.000418905 
 580 |0.000415837 
 581 |0.000415723 
 582 |0.000414819 
 583 |0.000417724 
 584 |0.000414951 
 585 |0.000416169 
 586 |0.000416705 
 587 |0.000414156 
 588 |0.000417682 
 589 |0.000419152 
 590 |0.000415855 
 591 |0.000417489 
 592 |0.000417109 
 593 |0.00041723 
 594 |0.000413903 
 595 |0.000414789 
 596 |0.000417754 
 597 |0.000417067 
 598 |0.000412818 
 599 |0.000417338 
 600 |0.000417181 
 601 |0.000417911 
 602 |0.000418567 
 603 |0 
 604 |0 
 605 |0.000820712 
 606 |0.000819664 
 607 |0.000819875 
 608 |0.000823533 
 609 |0.000822219 
 610 |0.000819712 
 611 |0.000819007 
 612 |0.000819531 
 613 |0.000820845 
 614 |0.000820447 
 615 |0.000819881 
 616 |0.000818501 
 617 |0.000819386 
 618 |0.000820248 
 619 |0.000820899 
 620 |0.000817578 
 621 |0.000818428 
 622 |0.000819477 
 623 |0.000818922 
 624 |0.000819893 
 625 |0.000823864 
 626 |0.000821225 
 627 |0.000820917 
 628 |0.000823497 
 629 |0.000627758 
 630 |0.000625287 
 631 |0.000628282 
 632 |0.000629433 
 633 |0.000628403 
 634 |0.00063141 
 635 |0.000631579 
 636 |0.000628017 
 637 |0.000628589 
 638 |0.00063012 
 639 |0.000630952 
 640 |0.000628921 
 641 |0.000628168 
 642 |0.000627282 
 643 |0.000628113 
 644 |0.00062792 
 645 |0.000625962 
 646 |0.000625046 
 647 |0.000628559 
 648 |0.000626962 
 649 |0.0006288 
 650 |0.000629524 
 651 |0.000626613 
 652 |0.000631681 
 653 |0.000624588 
 654 |0.00062413 
 655 |0.000625757 
 656 |0.000623985 
 657 |0.000625142 
 658 |0.000624582 
 659 |0.000625136 
 660 |0.000623931 
 661 |0.00062363 
 662 |0.000625124 
 663 |0.000621683 
 664 |0.000624473 
 665 |0.000626088 
 666 |0.000628975 
 667 |0.000623069 
 668 |0.000628794 
 669 |0.000623907 
 670 |0.000623961 
 671 |0.000625823 
 672 |0.000626637 
 673 |0.000624973 
 674 |0.000621321 
 675 |0.000625305 
 676 |0.00062971 
 677 |0.000523756 
 678 |0.00052821 
 679 |0.000521231 
 680 |0.000522714 
 681 |0.000524437 
 682 |0.000523865 
 683 |0.000524805 
 684 |0.000525305 
 685 |0.000523009 
 686 |0.000522846 
 687 |0.000524076 
 688 |0.000522159 
 689 |0.000525142 
 690 |0.000519357 
 691 |0.000523907 
 692 |0.000520634 
 693 |0.000522659 
 694 |0.000523877 
 695 |0.000522364 
 696 |0.000520176 
 697 |0.000521346 
 698 |0.000522708 
 699 |0.000521315 
 700 |0.000524745 
 701 |0 
 702 |0 
 703 |0 
 704 |0 
 705 |0 
 706 |0 
 707 |0 
 708 |0 
 709 |0 
 710 |0 
 711 |0 
 712 |0 
 713 |0 
 714 |0 
 715 |0 
 716 |0 
 717 |0 
 718 |0 
 719 |0 
 720 |0 
 721 |0 
 722 |0 
 723 |0 
 724 |0 
 725 |0 
 726 |0 
 727 |0 
 728 |0 
 729 |0 
 730 |0 
 731 |0 
 732 |0 
 733 |0 
 734 |0 
 735 |0 
 736 |0 
 737 |0 
 738 |0 
 739 |0 
 740 |0 
 741 |0 
 742 |0 
 743 |0 
 744 |0 
 745 |0 
 746 |0 
 747 |0 
 748 |0 
 749 |0 
 750 |0 
 751 |0 
 752 |0 
 753 |0 
 754 |0 
 755 |0 
 756 |0 
 757 |0 
 758 |0 
 759 |0 
 760 |0 
 761 |0 
 762 |0 
 763 |0 
 764 |0 
 765 |0 
 766 |0 
 767 |0 
 768 |0 
 769 |0 
 770 |0 
 771 |0 
 772 |0 
 773 |0 
 774 |0 
 775 |0 
 776 |0 
 777 |0 
 778 |0 
 779 |0 
 780 |0 
 781 |0 
 782 |0 
 783 |0 
 784 |0 
 785 |0 
 786 |0 
 787 |0 
 788 |0 
 789 |0 
 790 |0 
 791 |0 
 792 |0 
 793 |0 
 794 |0 
 795 |0 
 796 |0 
 797 |0 
 798 |0 
 799 |0 
 800 |0 
 801 |0 
 802 |0 
 803 |0 
 804 |0 
 805 |0 
 806 |0 
 807 |0 
 808 |0 
 809 |0 
 810 |0 
 811 |0 
 812 |0 
 813 |0 
 814 |0 
 815 |0 
 816 |0 
 817 |0 
 818 |0 
 819 |0 
 820 |0 
 821 |0 
 822 |0 
 823 |0 
 824 |0 
 825 |0 
 826 |0 
 827 |0 
 828 |0 
 829 |0 
 830 |0 
 831 |0 
 832 |0 
 833 |0 
 834 |0 
 835 |0 
 836 |0 
 837 |0 
 838 |0 
 839 |0 
 840 |0 
 841 |0 
 842 |0 
 843 |0 
 844 |0 
 845 |0 
 846 |0 
 847 |0 
 848 |0 
 849 |0 
 850 |0 
 851 |0 
 852 |0 
 853 |0 
 854 |0 
 855 |0 
 856 |0 
 857 |0 
 858 |0 
 859 |0 
 860 |0 
 861 |0 
 862 |0 
 863 |0 
 864 |0 
 865 |0 
 866 |0 
 867 |0 
 868 |0 
 869 |0 
 870 |0 
 871 |0 
 872 |0 
 873 |0 
 874 |0 
 875 |0 
 876 |0 
 877 |0 
 878 |0 
 879 |0 
 880 |0 
 881 |0 
 882 |0 
 883 |0 
 884 |0 
 885 |0 
 886 |0 
 887 |0 
 888 |0 
 889 |0 
 890 |0 
 891 |0 
 892 |0 
 893 |0 
 894 |0 
 895 |0 
 896 |0 
 897 |0 
 898 |0 
 899 |0 
 900 |0 
 901 |0 
 902 |0 
 903 |0 
 904 |0 
 905 |0 
 906 |0 
 907 |0 
 908 |0 
 909 |0 
 910 |0 
 911 |0 
 912 |0 
 913 |0 
 914 |0 

Now unfolding...
Iteration : 0
Chi^2 of change 72040
Iteration : 1
Chi^2 of change 6199.85
Iteration : 2
Chi^2 of change 1337.78
Iteration : 3
Chi^2 of change 434.913
Iteration : 4
Chi^2 of change 205.43
Iteration : 5
Chi^2 of change 128.377
Iteration : 6
Chi^2 of change 93.9935
Iteration : 7
Chi^2 of change 74.4463
Iteration : 8
Chi^2 of change 61.3786
Iteration : 9
Chi^2 of change 51.8039
Iteration : 10
Chi^2 of change 44.4363
Iteration : 11
Chi^2 of change 38.6108
Iteration : 12
Chi^2 of change 33.9271
Using response matrix priors
Calculating covariances due to number of measured events
Using response matrix priors
Using response matrix priors
Using response matrix priors
Using response matrix priors
Using response matrix priors
Using response matrix priors
Using response matrix priors
Using response matrix priors
Using response matrix priors
Using response matrix priors
Using response matrix priors
Using response matrix priors
Using response matrix priors
Using response matrix priors
Using response matrix priors
Using response matrix priors
Using response matrix priors
Using response matrix priors
Using response matrix priors
Using response matrix priors
Using response matrix priors
Using response matrix priors
Using response matrix priors
Using response matrix priors
Using response matrix priors
Using response matrix priors
Using response matrix priors
Using response matrix priors
Using response matrix priors
Using response matrix priors
Using response matrix priors
Using response matrix priors
Using response matrix priors
Using response matrix priors
Using response matrix priors
Using response matrix priors
Using response matrix priors
Using response matrix priors
Using response matrix priors
Using response matrix priors
Using response matrix priors
Using response matrix priors
Using response matrix priors
Using response matrix priors
Using response matrix priors
Using response matrix priors
Using response matrix priors
Using response matrix priors
Using response matrix priors
Using response matrix priors
Using response matrix priors
Using response matrix priors
Using response matrix priors
Using response matrix priors
Using response matrix priors
Using response matrix priors
Using response matrix priors
Using response matrix priors
Using response matrix priors
Using response matrix priors
Using response matrix priors
Using response matrix priors
Using response matrix priors
Using response matrix priors
Using response matrix priors
Using response matrix priors
Using response matrix priors
Using response matrix priors
Using response matrix priors
Using response matrix priors
Using response matrix priors
Using response matrix priors
Using response matrix priors
Using response matrix priors
Using response matrix priors
Using response matrix priors
Using response matrix priors
Using response matrix priors
Using response matrix priors
Using response matrix priors
Using response matrix priors
Using response matrix priors
Using response matrix priors
Using response matrix priors
Using response matrix priors
Using response matrix priors
Using response matrix priors
Using response matrix priors
Using response matrix priors
Using response matrix priors
Using response matrix priors
Using response matrix priors
Using response matrix priors
Using response matrix priors
Using response matrix priors
Using response matrix priors
Using response matrix priors
Using response matrix priors
Using response matrix priors
Using response matrix priors
Using response matrix priors
Using response matrix priors
Using response matrix priors
Using response matrix priors
Using response matrix priors
Using response matrix priors
Using response matrix priors
Using response matrix priors
Using response matrix priors
Using response matrix priors
Using response matrix priors
Using response matrix priors
Using response matrix priors
Using response matrix priors
Using response matrix priors
Using response matrix priors
Using response matrix priors
Using response matrix priors
Using response matrix priors
Using response matrix priors
Using response matrix priors
Using response matrix priors
Using response matrix priors
Using response matrix priors
Using response matrix priors
Using response matrix priors
Using response matrix priors
Using response matrix priors
Using response matrix priors
Using response matrix priors
Using response matrix priors
Using response matrix priors
Using response matrix priors
Using response matrix priors
Using response matrix priors
Using response matrix priors
Using response matrix priors
Using response matrix priors
Using response matrix priors
Using response matrix priors
Using response matrix priors
Using response matrix priors
Using response matrix priors
Using response matrix priors
Using response matrix priors
Using response matrix priors
Using response matrix priors
Using response matrix priors
Using response matrix priors
Using response matrix priors
Using response matrix priors
Using response matrix priors
Using response matrix priors
Using response matrix priors
Using response matrix priors
Using response matrix priors
Using response matrix priors
Using response matrix priors
Using response matrix priors
Using response matrix priors
Using response matrix priors
Using response matrix priors
Using response matrix priors
Using response matrix priors
Using response matrix priors
Using response matrix priors
Using response matrix priors
Using response matrix priors
Using response matrix priors
Using response matrix priors
Using response matrix priors
Using response matrix priors
Using response matrix priors
Using response matrix priors
Using response matrix priors
Using response matrix priors
Using response matrix priors
Using response matrix priors
Using response matrix priors
Using response matrix priors
Using response matrix priors
Using response matrix priors
Using response matrix priors
Using response matrix priors
Using response matrix priors
Using response matrix priors
Using response matrix priors
Using response matrix priors
Using response matrix priors
Using response matrix priors
Using response matrix priors
Using response matrix priors
Using response matrix priors
Using response matrix priors
Using response matrix priors
Using response matrix priors
Using response matrix priors
Using response matrix priors
Using response matrix priors
Using response matrix priors
Using response matrix priors
Using response matrix priors
Using response matrix priors
Using response matrix priors
Using response matrix priors
Using response matrix priors
Using response matrix priors
Using response matrix priors
Using response matrix priors
Using response matrix priors
Using response matrix priors
Using response matrix priors
Using response matrix priors
Using response matrix priors
Using response matrix priors
Using response matrix priors
Using response matrix priors
Using response matrix priors
Using response matrix priors
Using response matrix priors
Using response matrix priors
Using response matrix priors
Using response matrix priors
Using response matrix priors
Using response matrix priors
Using response matrix priors
Using response matrix priors
Using response matrix priors
Using response matrix priors
Using response matrix priors
Using response matrix priors
Using response matrix priors
Using response matrix priors
Using response matrix priors
Using response matrix priors
Using response matrix priors
Using response matrix priors
Using response matrix priors
Using response matrix priors
Using response matrix priors
Using response matrix priors
Using response matrix priors
Using response matrix priors
Using response matrix priors
Using response matrix priors
Using response matrix priors
Using response matrix priors
Using response matrix priors
Using response matrix priors
Using response matrix priors
Using response matrix priors
Using response matrix priors
Using response matrix priors
Using response matrix priors
Using response matrix priors
Using response matrix priors
Using response matrix priors
Using response matrix priors
Using response matrix priors
Using response matrix priors
Using response matrix priors
Using response matrix priors
Using response matrix priors
Using response matrix priors
Using response matrix priors
Using response matrix priors
Using response matrix priors
Using response matrix priors
Using response matrix priors
Using response matrix priors
Using response matrix priors
Using response matrix priors
Using response matrix priors
Using response matrix priors
Using response matrix priors
Using response matrix priors
Using response matrix priors
Using response matrix priors
Using response matrix priors
Using response matrix priors
Using response matrix priors
Using response matrix priors
Using response matrix priors
Using response matrix priors
Using response matrix priors
Using response matrix priors
Using response matrix priors
Using response matrix priors
Using response matrix priors
Using response matrix priors
Using response matrix priors
Using response matrix priors
Using response matrix priors
Using response matrix priors
Using response matrix priors
Using response matrix priors
Using response matrix priors
Using response matrix priors
Using response matrix priors
Using response matrix priors
Using response matrix priors
Using response matrix priors
Using response matrix priors
Using response matrix priors
Using response matrix priors
Using response matrix priors
Using response matrix priors
Using response matrix priors
Using response matrix priors
Using response matrix priors
Using response matrix priors
Using response matrix priors
Using response matrix priors
Using response matrix priors
Using response matrix priors
Using response matrix priors
Using response matrix priors
Using response matrix priors
Using response matrix priors
Using response matrix priors
Using response matrix priors
Using response matrix priors
Using response matrix priors
Using response matrix priors
Using response matrix priors
Using response matrix priors
Using response matrix priors
Using response matrix priors
Using response matrix priors
Using response matrix priors
Using response matrix priors
Using response matrix priors
Using response matrix priors
Using response matrix priors
Using response matrix priors
Using response matrix priors
Using response matrix priors
Using response matrix priors
Using response matrix priors
Using response matrix priors
Using response matrix priors
Using response matrix priors
Using response matrix priors
Using response matrix priors
Using response matrix priors
Using response matrix priors
Using response matrix priors
Using response matrix priors
Using response matrix priors
Using response matrix priors
Using response matrix priors
Using response matrix priors
Using response matrix priors
Using response matrix priors
Using response matrix priors
Using response matrix priors
Using response matrix priors
Using response matrix priors
Using response matrix priors
Using response matrix priors
Using response matrix priors
Using response matrix priors
Using response matrix priors
Using response matrix priors
Using response matrix priors
Using response matrix priors
Using response matrix priors
Using response matrix priors
Using response matrix priors
Using response matrix priors
Using response matrix priors
Using response matrix priors
Using response matrix priors
Using response matrix priors
Using response matrix priors
Using response matrix priors
Using response matrix priors
Using response matrix priors
Using response matrix priors
Using response matrix priors
Using response matrix priors
Using response matrix priors
Using response matrix priors
Using response matrix priors
Using response matrix priors
Using response matrix priors
Using response matrix priors
Using response matrix priors
Using response matrix priors
Using response matrix priors
Using response matrix priors
Using response matrix priors
Using response matrix priors
Using response matrix priors
Using response matrix priors
Using response matrix priors
Using response matrix priors
Using response matrix priors
Using response matrix priors
Using response matrix priors
Using response matrix priors
Using response matrix priors
Using response matrix priors
Using response matrix priors
Using response matrix priors
Using response matrix priors
Using response matrix priors
Using response matrix priors
Using response matrix priors
Using response matrix priors
Using response matrix priors
Using response matrix priors
Using response matrix priors
Using response matrix priors
Using response matrix priors
Using response matrix priors
Using response matrix priors
Using response matrix priors
Using response matrix priors
Using response matrix priors
Using response matrix priors
Using response matrix priors
Using response matrix priors
Using response matrix priors
Using response matrix priors
Using response matrix priors
Using response matrix priors
Using response matrix priors
Using response matrix priors
Using response matrix priors
Using response matrix priors
Using response matrix priors
Using response matrix priors
Using response matrix priors
Using response matrix priors
Using response matrix priors
Using response matrix priors
Using response matrix priors
Using response matrix priors
Using response matrix priors
Using response matrix priors
Using response matrix priors
Using response matrix priors
Using response matrix priors
Using response matrix priors
Using response matrix priors
Using response matrix priors
Using response matrix priors
Using response matrix priors
Using response matrix priors
Using response matrix priors
Using response matrix priors
Using response matrix priors
Using response matrix priors
Using response matrix priors
Using response matrix priors
Using response matrix priors
Using response matrix priors
Using response matrix priors
Using response matrix priors
Using response matrix priors
Using response matrix priors
Using response matrix priors
Using response matrix priors
Using response matrix priors
Using response matrix priors
Using response matrix priors
Using response matrix priors
Using response matrix priors
Using response matrix priors
Using response matrix priors
Using response matrix priors
Using response matrix priors
Using response matrix priors
Using response matrix priors
Using response matrix priors
Using response matrix priors
Using response matrix priors
Using response matrix priors
Using response matrix priors
Using response matrix priors
Using response matrix priors
Using response matrix priors
Using response matrix priors
Using response matrix priors
Using response matrix priors
Using response matrix priors
Using response matrix priors
Using response matrix priors
Using response matrix priors
Using response matrix priors
Using response matrix priors
Using response matrix priors
Using response matrix priors
Using response matrix priors
Using response matrix priors
Using response matrix priors
Using response matrix priors
Using response matrix priors
TH1D::Sumw2:0: RuntimeWarning: Sum of squares of weights structure already created

[94mUsing [1mModulated [0m[94m Monte Carlo Files (to create the response matrices)[0m


Adding the following extra title to the histograms:
	#splitline{Closure Test - Using Weighted Response Matrix}{Applied the 0th Order Acceptance Weights}


[1m[94mSmear option selected is: Smear[0m


[91mRunning Bin 'All' for Q2-y Bins by default (will skip at end)[0m


Running for Q2-xB/Q2-y Bins: '9', '0'
[1m
Starting RG-A SIDIS Analysis
[0m

Started running on [1m2-27-2026[0m at [1m11:06 a.m.[0m

The total number of histograms available for the[1mRDataFrame[0m in '[1m[94m/w/hallb-scshelf2102/clas12/richcap/SIDIS_Analysis/Histo_Files_ROOT/DataFrames/hadd_ROOT_files_From_using_RDataFrames/SIDIS_epip_Response_Matrices_from_RDataFrames_ZerothOrderAcc_All_Batches.root[0m' is [1m180[0m


[1mDone Loading RDataFrame files...
[0m
[1m[94m

Starting Unfolding Procedures...
[0m
Bin 1 is not in Q2_y_Bin_List = ['9', '0']
Bin 10 is not in Q2_y_Bin_List = ['9', '0']
Bin 11 is not in Q2_y_Bin_List = ['9', '0']
Bin 12 is not in Q2_y_Bin_List = ['9', '0']
Bin 13 is not in Q2_y_Bin_List = ['9', '0']
Bin 14 is not in Q2_y_Bin_List = ['9', '0']
Bin 15 is not in Q2_y_Bin_List = ['9', '0']
Bin 16 is not in Q2_y_Bin_List = ['9', '0']
Bin 17 is not in Q2_y_Bin_List = ['9', '0']
Bin 2 is not in Q2_y_Bin_List = ['9', '0']
Bin 3 is not in Q2_y_Bin_List = ['9', '0']
Bin 4 is not in Q2_y_Bin_List = ['9', '0']
Bin 5 is not in Q2_y_Bin_List = ['9', '0']
Bin 6 is not in Q2_y_Bin_List = ['9', '0']
Bin 7 is not in Q2_y_Bin_List = ['9', '0']
Bin 8 is not in Q2_y_Bin_List = ['9', '0']

Unfolding: ((Histo-Group='Response_Matrix_Normal'), (Data-Type='DataFrame_Type'), (Data-Cut='cut_Complete_SIDIS'), (Smear-Type='smear'), (Binning-Type='Y_bin'-[Q2-y-Bin=9, z-PT-Bin=All]), (Var-D1='MultiDim_z_pT_Bin_Y_bin_phi_t'-[NumBins=915, MinBin=-1.5, MaxBin=913.5]), (Var-D2='z_pT_Bin_Y_bin_smeared'-[NumBins=38, MinBin=-0.5, MaxBin=37.5]))_(Weighed)
[1m[96mStarting [4m[95mBin-by-Bin[0m[1m[96m Unfolding Procedure...[0m
	[1mAcceptance Correction of Histogram:[0m
	((Histo-Group='Response_Matrix_Normal_1D'), (Data-Cut='cut_Complete_SIDIS'), (Smear-Type='smear'), (Binning-Type='Y_bin'-[Q2-y-Bin=9, z-PT-Bin=All]), (Var-D1='MultiDim_z_pT_Bin_Y_bin_phi_t'))
[91m
Bin 27 had a very low acceptance...
	(cut_criteria = 0.0005)
	(Bin_Content  = 0.00011124828643933886)[0m
[91m
Bin 49 had a very low acceptance...
	(cut_criteria = 0.0005)
	(Bin_Content  = 3.544399897063781e-05)[0m
[91m
Bin 50 had a very low acceptance...
	(cut_criteria = 0.0005)
	(Bin_Content  = 9.046801727299989e-05)[0m
[91m
Bin 52 had a very low acceptance...
	(cut_criteria = 0.0005)
	(Bin_Content  = 1.6998650442222546e-05)[0m
[91m
Bin 100 had a very low acceptance...
	(cut_criteria = 0.0005)
	(Bin_Content  = 1.0472435893333661e-05)[0m
[91m
Bin 121 had a very low acceptance...
	(cut_criteria = 0.0005)
	(Bin_Content  = 8.38802064471037e-06)[0m
[91m
Bin 243 had a very low acceptance...
	(cut_criteria = 0.0005)
	(Bin_Content  = 1.1759653810883107e-05)[0m
[91m
Bin 266 had a very low acceptance...
	(cut_criteria = 0.0005)
	(Bin_Content  = 1.5368659077642843e-05)[0m
[91m
Bin 387 had a very low acceptance...
	(cut_criteria = 0.0005)
	(Bin_Content  = 0.0001140608310761997)[0m
[91m
Bin 410 had a very low acceptance...
	(cut_criteria = 0.0005)
	(Bin_Content  = 9.26971396877095e-05)[0m
[91m
Bin 484 had a very low acceptance...
	(cut_criteria = 0.0005)
	(Bin_Content  = 0.00044446633617826586)[0m
[91m
Bin 531 had a very low acceptance...
	(cut_criteria = 0.0005)
	(Bin_Content  = 1.3693952944868937e-05)[0m
[91m
Bin 606 had a very low acceptance...
	(cut_criteria = 0.0005)
	(Bin_Content  = 0.00012349554900632008)[0m
[91m
Bin 607 had a very low acceptance...
	(cut_criteria = 0.0005)
	(Bin_Content  = 0.00048067985724792187)[0m
[91m
Bin 629 had a very low acceptance...
	(cut_criteria = 0.0005)
	(Bin_Content  = 0.0003029818644143089)[0m
[1m[96mFinished [95mBin-by-Bin[0m[1m[96m Unfolding Procedure.[0m

Current Time: [1m11:06 a.m.[0m
Time Elapsed Up To Now:
0 Day(s), 0 Hour(s), 0 Minute(s), and 0 Second(s).

[1m[96mStarting [4m[92mRooUnfold[0m[1m[96m Unfolding Procedure...[0m
	[1mUnfolding Histogram:[0m
	((Histo-Group='Response_Matrix_Normal'), (Data-Cut='cut_Complete_SIDIS'), (Smear-Type='smear'), (Binning-Type='Y_bin'-[Q2-y-Bin=9, z-PT-Bin=All]), (Var-D1='MultiDim_z_pT_Bin_Y_bin_phi_t'))
	[96mUsing [1m[92mRooUnfold (Bin-by-Bin)[0m[96m Unfolding Procedure...[0m
[1m[96mFinished [92mRooUnfold (Bin-by-Bin)[0m[1m[96m Unfolding Procedure.
[0m
[1m[96mStarting [4m[92mRooUnfold[0m[1m[96m Unfolding Procedure...[0m

	[1mBegan Unfolding Histogram:[0m
	((Histo-Group='Response_Matrix_Normal'), (Data-Cut='cut_Complete_SIDIS'), (Smear-Type='smear'), (Binning-Type='Y_bin'-[Q2-y-Bin=9, z-PT-Bin=All]), (Var-D1='MultiDim_z_pT_Bin_Y_bin_phi_t'))
Time Elapsed Up To Now: 0 Day(s), 0 Hour(s), 0 Minute(s), and 3 Second(s). 
	[96mUsing [1m[92mRooUnfold (Bayesian)[0m[96m method to unfold...[0m

Current Time: [1m01:14 p.m.[0m
Time Elapsed Up To Now:
0 Day(s), 2 Hour(s), 7 Minute(s), and 36 Second(s).

[1m[96mFinished [92mRooUnfold (Bayesian)[0m[1m[96m Unfolding Procedure.
[0m

[94mRunning Multi3D_Slice(...)[0m


[94mRunning Multi3D_Slice(...)[0m


[94mRunning Multi3D_Slice(...)[0m


[94mRunning Multi3D_Slice(...)[0m


[94mRunning Multi3D_Slice(...)[0m


[94mRunning Multi3D_Slice(...)[0m


[94mRunning Multi3D_Slice(...)[0m


Unfolding: ((Histo-Group='Response_Matrix_Normal'), (Data-Type='DataFrame_Type'), (Data-Cut='cut_Complete_SIDIS'), (Smear-Type='smear'), (Binning-Type='Y_bin'-[Q2-y-Bin=All, z-PT-Bin=All]), (Var-D1='MultiDim_z_pT_Bin_Y_bin_phi_t'-[NumBins=915, MinBin=-1.5, MaxBin=913.5]), (Var-D2='z_pT_Bin_Y_bin_smeared'-[NumBins=38, MinBin=-0.5, MaxBin=37.5]))_(Weighed)
Total: 2


Counting Total Number of/Saving collected histograms...
[1m[94mSaving to: [1m[92mZerothOrderAcc_Unfolded_Histos_From_Simple_RooUnfold_SelfContained.root[0m

Final Count = 218
Conditions for running 'Create_Fits_and_Apply_RC' were not set...
Need to run: '(args.fit and args.Use_TTree) or args.Apply_RC'


Counting Total Number of/Saving collected histograms...
[1m[94mSaving to: [1m[92mZerothOrderAcc_Unfolded_Histos_From_Simple_RooUnfold_SelfContained.root[0m

Final Count = 218




[1m[43mEMAIL MESSAGE TO SEND:[0m


The 'Simple_RooUnfold_SelfContained.py' script has finished running.
Started running on [1m2-27-2026[0m at [1m11:06 a.m.[0m

Input File:
	/w/hallb-scshelf2102/clas12/richcap/SIDIS_Analysis/Histo_Files_ROOT/DataFrames/hadd_ROOT_files_From_using_RDataFrames/SIDIS_epip_Response_Matrices_from_RDataFrames_ZerothOrderAcc_All_Batches.root
Output File:
	ZerothOrderAcc_Unfolded_Histos_From_Simple_RooUnfold_SelfContained.root

Running Unfolding with 0th Order Acceptance Weights as background parallel jobs. Ran in tmuxTTree.

	[1mBegan Unfolding Histogram:[0m
	((Histo-Group='Response_Matrix_Normal'), (Data-Cut='cut_Complete_SIDIS'), (Smear-Type='smear'), (Binning-Type='Y_bin'-[Q2-y-Bin=9, z-PT-Bin=All]), (Var-D1='MultiDim_z_pT_Bin_Y_bin_phi_t'))
Time Elapsed Up To Now: 0 Day(s), 0 Hour(s), 0 Minute(s), and 3 Second(s). 
	Finished Unfolding the histogram at:
Time Elapsed Up To Now: 0 Day(s), 2 Hour(s), 7 Minute(s), and 36 Second(s). 

Arguments:
--unfolding_1D (1D Unfolding Only)                  --> False
--unfolding_3D (3D Unfolding Only)                  --> True
--run_sectors                                       --> False
--sectors_to_unfold                                 --> None
--allow_other_variables (for unfolding)             --> False
--simulation (unfolding synthetic data)             --> False
--modulation (data unfolded with modulated MC)      --> True
--closure  (modulated MC unfolded with itself)      --> False
--weighed_acceptace (use acceptance weights only)   --> True
--test                                              --> False
--verbose                                           --> False
--fit                                               --> False
--remake_fit                                        --> False
--CrossSection_Norm                                 --> False
--tag_proton                                        --> False
--cut_proton                                        --> False
--Common_Int_Bins                                   --> False
--bayes_iterations                                  --> 13
--Num_Toys                                          --> 500
--title                                             --> 'Applied the 0th Order Acceptance Weights'
--EvGen                                             --> False
--Min_Allowed_Acceptance_Cut                        --> 0.0005
--Use_TTree                                         --> False
--Apply_RC                                          --> False
--Add_Uncertainties                                 --> False
--save_json                                         --> False
--pass_version                                      --> 'Pass 2'
--smearing_options                                  --> 'smear'
--Q2_y_Bin_List                                     --> ['9', '0']
--Run_5D_Unfold                                     --> False
--run_sec_unfold                                    --> False


The time that this code finished is [1m01:18 p.m.[0m
The total time the code took to run is:
0 Day(s), 2 Hour(s), 11 Minute(s), and 12 Second(s).
Saved 218 Histograms...
Rate = 0.03 Histograms/Seconds
    

[1m[92m[43m
    	                                   	   
    	This code has now finished running.	   
    	                                   	   [0m
    
    
