Full command: ./Simple_RooUnfold_SelfContained.py -r ZerothOrderAcc_Unfolded_Histos_From_Simple_RooUnfold_SelfContained.root -smear -u3D -e -sfin /w/hallb-scshelf2102/clas12/richcap/SIDIS_Analysis/Histo_Files_ROOT/DataFrames/hadd_ROOT_files_From_using_RDataFrames/SIDIS_epip_Response_Matrices_from_RDataFrames_ZerothOrderAcc.root -wa -em 'Running Unfolding with 0th Order Acceptance Weights as background parallel jobs. Ran in tmuxUnfold (in case there were any local issues).' -ti 'Applied the 0th Order Acceptance Weights' 13
Subtract 48196.2 fakes from measured distribution
Using response matrix priors
Priors:

Vector (915)  is as follows

     |        1  |
------------------
   0 |0 
   1 |0.625045 
   2 |0.000571679 
   3 |0.000569486 
   4 |0.000569262 
   5 |0.000572281 
   6 |0.000567356 
   7 |0.000568281 
   8 |0.000568806 
   9 |0.000568974 
  10 |0.000570929 
  11 |0.000570228 
  12 |0.000571384 
  13 |0.000571959 
  14 |0.000567692 
  15 |0.00057006 
  16 |0.000569388 
  17 |0.000570446 
  18 |0.000569353 
  19 |0.00057563 
  20 |0.000574138 
  21 |0.000573493 
  22 |0.000570397 
  23 |0.000569647 
  24 |0.000567966 
  25 |0.00056985 
  26 |0.000669518 
  27 |0.000671143 
  28 |0.000673231 
  29 |0.000668824 
  30 |0.000671487 
  31 |0.000676027 
  32 |0.000672531 
  33 |0.000671375 
  34 |0.000675452 
  35 |0.000675718 
  36 |0.000669735 
  37 |0.000674191 
  38 |0.00067375 
  39 |0.000668649 
  40 |0.000674555 
  41 |0.000668299 
  42 |0.000669056 
  43 |0.000676111 
  44 |0.000675116 
  45 |0.000671956 
  46 |0.00066867 
  47 |0.000670261 
  48 |0.000674752 
  49 |0.000675361 
  50 |0.00058527 
  51 |0.000583057 
  52 |0.000584079 
  53 |0.000581473 
  54 |0.000583876 
  55 |0.000583834 
  56 |0.00058422 
  57 |0.000582545 
  58 |0.000586475 
  59 |0.000586321 
  60 |0.000585165 
  61 |0.000585824 
  62 |0.000583162 
  63 |0.000584065 
  64 |0.000582286 
  65 |0.000580464 
  66 |0.000584128 
  67 |0.000580653 
  68 |0.00058272 
  69 |0.000585235 
  70 |0.000586917 
  71 |0.000584332 
  72 |0.000583134 
  73 |0.000585081 
  74 |0.000679852 
  75 |0.000682374 
  76 |0.000683341 
  77 |0.000684413 
  78 |0.000680146 
  79 |0.00068264 
  80 |0.000682094 
  81 |0.000681162 
  82 |0.000681863 
  83 |0.000679095 
  84 |0.000681421 
  85 |0.000682745 
  86 |0.000683271 
  87 |0.000680104 
  88 |0.000682815 
  89 |0.000685226 
  90 |0.000683775 
  91 |0.000680286 
  92 |0.000682122 
  93 |0.000682872 
  94 |0.00068304 
  95 |0.00068194 
  96 |0.000678065 
  97 |0.000681512 
  98 |0.000663402 
  99 |0.000673168 
 100 |0.000672376 
 101 |0.000673273 
 102 |0.000670043 
 103 |0.000673392 
 104 |0.000666849 
 105 |0.000674794 
 106 |0.000669441 
 107 |0.000669588 
 108 |0.000671403 
 109 |0.000671459 
 110 |0.000671136 
 111 |0.000669364 
 112 |0.000673 
 113 |0.000672629 
 114 |0.000669546 
 115 |0.000673904 
 116 |0.000665665 
 117 |0.000668502 
 118 |0.000667486 
 119 |0.000670359 
 120 |0.000671865 
 121 |0.00067115 
 122 |0.000574937 
 123 |0.000580436 
 124 |0.000577739 
 125 |0.000577206 
 126 |0.000575371 
 127 |0.000578608 
 128 |0.000577914 
 129 |0.000576093 
 130 |0.000579336 
 131 |0.000575889 
 132 |0.000578383 
 133 |0.000577192 
 134 |0.000576772 
 135 |0.000578909 
 136 |0.000579371 
 137 |0.00057982 
 138 |0.000578145 
 139 |0.000578895 
 140 |0.000581732 
 141 |0.000578243 
 142 |0.000578369 
 143 |0.000575028 
 144 |0.000577431 
 145 |0.00058038 
 146 |0.000666611 
 147 |0.000667465 
 148 |0.000674745 
 149 |0.000672832 
 150 |0.000673112 
 151 |0.000671024 
 152 |0.000670926 
 153 |0.000668558 
 154 |0.000672923 
 155 |0.000668719 
 156 |0.000671038 
 157 |0.000671809 
 158 |0.000675929 
 159 |0.000664425 
 160 |0.000671732 
 161 |0.000667689 
 162 |0.000670387 
 163 |0.000669231 
 164 |0.000671648 
 165 |0.000667017 
 166 |0.000669854 
 167 |0.000670926 
 168 |0.000669868 
 169 |0.000669224 
 170 |0.000566501 
 171 |0.000560952 
 172 |0.000562087 
 173 |0.000560385 
 174 |0.000557428 
 175 |0.000563075 
 176 |0.000564091 
 177 |0.000563671 
 178 |0.000567909 
 179 |0.000563391 
 180 |0.000565023 
 181 |0.000564182 
 182 |0.000563068 
 183 |0.00056482 
 184 |0.000562312 
 185 |0.000563475 
 186 |0.000561429 
 187 |0.000563026 
 188 |0.000560672 
 189 |0.000562228 
 190 |0.000563145 
 191 |0.000559902 
 192 |0.000560651 
 193 |0.000562508 
 194 |0.000611186 
 195 |0.000616377 
 196 |0.000617708 
 197 |0.000613182 
 198 |0.0006167 
 199 |0.000617512 
 200 |0.000614731 
 201 |0.000615852 
 202 |0.000616279 
 203 |0.000614969 
 204 |0.000616833 
 205 |0.000615445 
 206 |0.000616952 
 207 |0.00061609 
 208 |0.000614423 
 209 |0.00061457 
 210 |0.000615726 
 211 |0.000615551 
 212 |0.000614794 
 213 |0.00061595 
 214 |0.000614423 
 215 |0.000614787 
 216 |0.000612797 
 217 |0.000618528 
 218 |0.00052918 
 219 |0.000530098 
 220 |0.000530175 
 221 |0.000531387 
 222 |0.000531177 
 223 |0.000533398 
 224 |0.000535563 
 225 |0.000534196 
 226 |0.000534217 
 227 |0.000532543 
 228 |0.00053199 
 229 |0.000532725 
 230 |0.000534603 
 231 |0.000532256 
 232 |0.000534056 
 233 |0.000534617 
 234 |0.000533601 
 235 |0.000531807 
 236 |0.000532725 
 237 |0.000533265 
 238 |0.000534077 
 239 |0.000532186 
 240 |0.000531639 
 241 |0.000531247 
 242 |0.000480691 
 243 |0.000482359 
 244 |0.000479122 
 245 |0.000481147 
 246 |0.000481392 
 247 |0.000484201 
 248 |0.000476656 
 249 |0.000486037 
 250 |0.000482954 
 251 |0.000479528 
 252 |0.000479297 
 253 |0.000485154 
 254 |0.000481861 
 255 |0.00047873 
 256 |0.000483949 
 257 |0.000484566 
 258 |0.000481644 
 259 |0.000481315 
 260 |0.000483725 
 261 |0.000480972 
 262 |0.000483466 
 263 |0.000479654 
 264 |0.000483571 
 265 |0.000480187 
 266 |0.000557281 
 267 |0.000557127 
 268 |0.000556041 
 269 |0.00055974 
 270 |0.00055904 
 271 |0.000553085 
 272 |0.000559853 
 273 |0.000556616 
 274 |0.000560007 
 275 |0.000557323 
 276 |0.000556567 
 277 |0.000556097 
 278 |0.00055869 
 279 |0.000559362 
 280 |0.000555908 
 281 |0.000556455 
 282 |0.000557421 
 283 |0.000556413 
 284 |0.000557933 
 285 |0.000557786 
 286 |0.00055864 
 287 |0.000556595 
 288 |0.000555971 
 289 |0.000555186 
 290 |0.000453662 
 291 |0.0004528 
 292 |0.000454293 
 293 |0.000458671 
 294 |0.000454391 
 295 |0.000456647 
 296 |0.000454615 
 297 |0.000457277 
 298 |0.000456906 
 299 |0.000458083 
 300 |0.000453998 
 301 |0.00045437 
 302 |0.00045713 
 303 |0.000453066 
 304 |0.000456815 
 305 |0.000453816 
 306 |0.000455939 
 307 |0.000456359 
 308 |0.000454545 
 309 |0.00045376 
 310 |0.000454152 
 311 |0.000451203 
 312 |0.000455498 
 313 |0.000458223 
 314 |0.000471625 
 315 |0.000469075 
 316 |0.000470785 
 317 |0.000473685 
 318 |0.000472487 
 319 |0.000471864 
 320 |0.000470862 
 321 |0.000470448 
 322 |0.000468578 
 323 |0.000472137 
 324 |0.00046918 
 325 |0.000470098 
 326 |0.000470378 
 327 |0.00046911 
 328 |0.000468361 
 329 |0.000467275 
 330 |0.000469734 
 331 |0.000468326 
 332 |0.000472922 
 333 |0.000470056 
 334 |0.000469068 
 335 |0.000469944 
 336 |0.00047213 
 337 |0.000470673 
 338 |0.000382137 
 339 |0.000381192 
 340 |0.000378102 
 341 |0.000376189 
 342 |0.000377997 
 343 |0.000379419 
 344 |0.000378929 
 345 |0.000379832 
 346 |0.000379419 
 347 |0.000377927 
 348 |0.000378697 
 349 |0.000381009 
 350 |0.000382572 
 351 |0.000379517 
 352 |0.000378866 
 353 |0.000375867 
 354 |0.000377632 
 355 |0.000376799 
 356 |0.000375783 
 357 |0.000377948 
 358 |0.000377387 
 359 |0.000378627 
 360 |0.000378767 
 361 |0.000377072 
 362 |0.000552587 
 363 |0.00055443 
 364 |0.000552216 
 365 |0.000550948 
 366 |0.000552447 
 367 |0.000555088 
 368 |0.000552083 
 369 |0.000550794 
 370 |0.000553659 
 371 |0.000550429 
 372 |0.000552713 
 373 |0.000549771 
 374 |0.000553624 
 375 |0.000553939 
 376 |0.000551711 
 377 |0.000551543 
 378 |0.000553414 
 379 |0.000552237 
 380 |0.000554087 
 381 |0.00055174 
 382 |0.00055291 
 383 |0.000550401 
 384 |0.000550471 
 385 |0.000553715 
 386 |0.000644829 
 387 |0.000640541 
 388 |0.000637977 
 389 |0.000642061 
 390 |0.000641606 
 391 |0.00064237 
 392 |0.000642047 
 393 |0.000640177 
 394 |0.000640716 
 395 |0.00064106 
 396 |0.000647645 
 397 |0.000639301 
 398 |0.000643449 
 399 |0.00064279 
 400 |0.000645522 
 401 |0.000643918 
 402 |0.000640492 
 403 |0.000644247 
 404 |0.000644885 
 405 |0.000642629 
 406 |0.000640709 
 407 |0.00064197 
 408 |0.000643329 
 409 |0.00064485 
 410 |0.00051521 
 411 |0.000511175 
 412 |0.000513508 
 413 |0.000512204 
 414 |0.000517039 
 415 |0.000514685 
 416 |0.000516212 
 417 |0.000517494 
 418 |0.000510985 
 419 |0.000513564 
 420 |0.000513459 
 421 |0.000513066 
 422 |0.000516345 
 423 |0.00051563 
 424 |0.000514537 
 425 |0.00051088 
 426 |0.00051453 
 427 |0.000514117 
 428 |0.00051329 
 429 |0.000513634 
 430 |0.000515007 
 431 |0.000515728 
 432 |0.000512183 
 433 |0.000516807 
 434 |0.00050751 
 435 |0.000509535 
 436 |0.000505829 
 437 |0.000506102 
 438 |0.0005062 
 439 |0.000508022 
 440 |0.00050819 
 441 |0.000509521 
 442 |0.000509129 
 443 |0.000505829 
 444 |0.000507363 
 445 |0.00051121 
 446 |0.000508197 
 447 |0.0005066 
 448 |0.000504463 
 449 |0.000507735 
 450 |0.000505654 
 451 |0.000509493 
 452 |0.000509325 
 453 |0.000506186 
 454 |0.000504421 
 455 |0.000509045 
 456 |0.000507412 
 457 |0.000509871 
 458 |0 
 459 |0.000604159 
 460 |0.000607795 
 461 |0.00060535 
 462 |0.00060514 
 463 |0.000603935 
 464 |0.000603094 
 465 |0.000603836 
 466 |0.000601104 
 467 |0.000602183 
 468 |0.00060528 
 469 |0.000603598 
 470 |0.000602316 
 471 |0.000605476 
 472 |0.000602232 
 473 |0.000606064 
 474 |0.000605069 
 475 |0.000603549 
 476 |0.000604138 
 477 |0.000604215 
 478 |0.000602554 
 479 |0.000602309 
 480 |0.000602575 
 481 |0.000605441 
 482 |0.000604306 
 483 |0.000706475 
 484 |0.000702664 
 485 |0.00070424 
 486 |0.000702601 
 487 |0.000705921 
 488 |0.000706867 
 489 |0.0007008 
 490 |0.00070342 
 491 |0.000702033 
 492 |0.00070265 
 493 |0.000704744 
 494 |0.0007059 
 495 |0.000700464 
 496 |0.000704576 
 497 |0.000702566 
 498 |0.000706188 
 499 |0.000708927 
 500 |0.000704023 
 501 |0.000701984 
 502 |0.000703371 
 503 |0.000701816 
 504 |0.000705298 
 505 |0.000706104 
 506 |0.000702608 
 507 |0.000547858 
 508 |0.000544467 
 509 |0.000545721 
 510 |0.000544762 
 511 |0.000546478 
 512 |0.000548012 
 513 |0.000546093 
 514 |0.000545371 
 515 |0.000545371 
 516 |0.000546548 
 517 |0.000545294 
 518 |0.000545336 
 519 |0.000547858 
 520 |0.000545007 
 521 |0.000543676 
 522 |0.000545504 
 523 |0.000546254 
 524 |0.000544425 
 525 |0.000548335 
 526 |0.000545462 
 527 |0.000545014 
 528 |0.000542421 
 529 |0.000545469 
 530 |0.000544306 
 531 |0.000519505 
 532 |0.000515918 
 533 |0.000517879 
 534 |0.000518734 
 535 |0.000518895 
 536 |0.000516576 
 537 |0.000519855 
 538 |0.000518363 
 539 |0.000517907 
 540 |0.000518643 
 541 |0.000516401 
 542 |0.000521081 
 543 |0.000517851 
 544 |0.000520451 
 545 |0.00052099 
 546 |0.000517102 
 547 |0.000516058 
 548 |0.000517564 
 549 |0.000520303 
 550 |0.000517431 
 551 |0.000516436 
 552 |0.000520703 
 553 |0.000518566 
 554 |0.000514888 
 555 |0 
 556 |0.000843989 
 557 |0.000844214 
 558 |0.000848403 
 559 |0.000846245 
 560 |0.000847843 
 561 |0.000850008 
 562 |0.000848158 
 563 |0.000845152 
 564 |0.000847548 
 565 |0.000845503 
 566 |0.000842777 
 567 |0.000848361 
 568 |0.000845685 
 569 |0.000844536 
 570 |0.000842056 
 571 |0.000847233 
 572 |0.000850176 
 573 |0.000846743 
 574 |0.000848424 
 575 |0.000849384 
 576 |0.000842756 
 577 |0.000846582 
 578 |0.000849048 
 579 |0.000847037 
 580 |0.0009777 
 581 |0.000980026 
 582 |0.000981245 
 583 |0.000984439 
 584 |0.000983781 
 585 |0.000983283 
 586 |0.000982674 
 587 |0.000981357 
 588 |0.000983459 
 589 |0.000982408 
 590 |0.000978337 
 591 |0.000979472 
 592 |0.000981833 
 593 |0.00098191 
 594 |0.000978779 
 595 |0.000982639 
 596 |0.000979528 
 597 |0.000976032 
 598 |0.000980404 
 599 |0.000978113 
 600 |0.000977952 
 601 |0.000978702 
 602 |0.000976915 
 603 |0.000984124 
 604 |0.000722547 
 605 |0.000726911 
 606 |0.000726155 
 607 |0.000727255 
 608 |0.00072605 
 609 |0.00072909 
 610 |0.000726484 
 611 |0.000721608 
 612 |0.000727738 
 613 |0.000723128 
 614 |0.000723682 
 615 |0.000731465 
 616 |0.000729027 
 617 |0.000725202 
 618 |0.000727808 
 619 |0.000725545 
 620 |0.000725973 
 621 |0.00071966 
 622 |0.000727381 
 623 |0.00072722 
 624 |0.000719737 
 625 |0.000724158 
 626 |0.000725959 
 627 |0.000728621 
 628 |0 
 629 |0 
 630 |0 
 631 |0 
 632 |0 
 633 |0 
 634 |0 
 635 |0 
 636 |0 
 637 |0 
 638 |0 
 639 |0 
 640 |0 
 641 |0 
 642 |0 
 643 |0 
 644 |0 
 645 |0 
 646 |0 
 647 |0 
 648 |0 
 649 |0 
 650 |0 
 651 |0 
 652 |0 
 653 |0 
 654 |0 
 655 |0 
 656 |0 
 657 |0 
 658 |0 
 659 |0 
 660 |0 
 661 |0 
 662 |0 
 663 |0 
 664 |0 
 665 |0 
 666 |0 
 667 |0 
 668 |0 
 669 |0 
 670 |0 
 671 |0 
 672 |0 
 673 |0 
 674 |0 
 675 |0 
 676 |0 
 677 |0 
 678 |0 
 679 |0 
 680 |0 
 681 |0 
 682 |0 
 683 |0 
 684 |0 
 685 |0 
 686 |0 
 687 |0 
 688 |0 
 689 |0 
 690 |0 
 691 |0 
 692 |0 
 693 |0 
 694 |0 
 695 |0 
 696 |0 
 697 |0 
 698 |0 
 699 |0 
 700 |0 
 701 |0 
 702 |0 
 703 |0 
 704 |0 
 705 |0 
 706 |0 
 707 |0 
 708 |0 
 709 |0 
 710 |0 
 711 |0 
 712 |0 
 713 |0 
 714 |0 
 715 |0 
 716 |0 
 717 |0 
 718 |0 
 719 |0 
 720 |0 
 721 |0 
 722 |0 
 723 |0 
 724 |0 
 725 |0 
 726 |0 
 727 |0 
 728 |0 
 729 |0 
 730 |0 
 731 |0 
 732 |0 
 733 |0 
 734 |0 
 735 |0 
 736 |0 
 737 |0 
 738 |0 
 739 |0 
 740 |0 
 741 |0 
 742 |0 
 743 |0 
 744 |0 
 745 |0 
 746 |0 
 747 |0 
 748 |0 
 749 |0 
 750 |0 
 751 |0 
 752 |0 
 753 |0 
 754 |0 
 755 |0 
 756 |0 
 757 |0 
 758 |0 
 759 |0 
 760 |0 
 761 |0 
 762 |0 
 763 |0 
 764 |0 
 765 |0 
 766 |0 
 767 |0 
 768 |0 
 769 |0 
 770 |0 
 771 |0 
 772 |0 
 773 |0 
 774 |0 
 775 |0 
 776 |0 
 777 |0 
 778 |0 
 779 |0 
 780 |0 
 781 |0 
 782 |0 
 783 |0 
 784 |0 
 785 |0 
 786 |0 
 787 |0 
 788 |0 
 789 |0 
 790 |0 
 791 |0 
 792 |0 
 793 |0 
 794 |0 
 795 |0 
 796 |0 
 797 |0 
 798 |0 
 799 |0 
 800 |0 
 801 |0 
 802 |0 
 803 |0 
 804 |0 
 805 |0 
 806 |0 
 807 |0 
 808 |0 
 809 |0 
 810 |0 
 811 |0 
 812 |0 
 813 |0 
 814 |0 
 815 |0 
 816 |0 
 817 |0 
 818 |0 
 819 |0 
 820 |0 
 821 |0 
 822 |0 
 823 |0 
 824 |0 
 825 |0 
 826 |0 
 827 |0 
 828 |0 
 829 |0 
 830 |0 
 831 |0 
 832 |0 
 833 |0 
 834 |0 
 835 |0 
 836 |0 
 837 |0 
 838 |0 
 839 |0 
 840 |0 
 841 |0 
 842 |0 
 843 |0 
 844 |0 
 845 |0 
 846 |0 
 847 |0 
 848 |0 
 849 |0 
 850 |0 
 851 |0 
 852 |0 
 853 |0 
 854 |0 
 855 |0 
 856 |0 
 857 |0 
 858 |0 
 859 |0 
 860 |0 
 861 |0 
 862 |0 
 863 |0 
 864 |0 
 865 |0 
 866 |0 
 867 |0 
 868 |0 
 869 |0 
 870 |0 
 871 |0 
 872 |0 
 873 |0 
 874 |0 
 875 |0 
 876 |0 
 877 |0 
 878 |0 
 879 |0 
 880 |0 
 881 |0 
 882 |0 
 883 |0 
 884 |0 
 885 |0 
 886 |0 
 887 |0 
 888 |0 
 889 |0 
 890 |0 
 891 |0 
 892 |0 
 893 |0 
 894 |0 
 895 |0 
 896 |0 
 897 |0 
 898 |0 
 899 |0 
 900 |0 
 901 |0 
 902 |0 
 903 |0 
 904 |0 
 905 |0 
 906 |0 
 907 |0 
 908 |0 
 909 |0 
 910 |0 
 911 |0 
 912 |0 
 913 |0 
 914 |0 

Now unfolding...
Iteration : 0
Chi^2 of change 124138
Iteration : 1
Chi^2 of change 3164.06
Iteration : 2
Chi^2 of change 553.126
Iteration : 3
Chi^2 of change 209.704
Iteration : 4
Chi^2 of change 112.294
Iteration : 5
Chi^2 of change 73.7755
Iteration : 6
Chi^2 of change 54.9759
Iteration : 7
Chi^2 of change 44.2536
Iteration : 8
Chi^2 of change 37.3432
Iteration : 9
Chi^2 of change 32.4489
Iteration : 10
Chi^2 of change 28.7323
Iteration : 11
Chi^2 of change 25.7665
Iteration : 12
Chi^2 of change 23.3155
Using response matrix priors
Calculating covariances due to number of measured events
Using response matrix priors
Using response matrix priors
Using response matrix priors
Using response matrix priors
Using response matrix priors
Using response matrix priors
Using response matrix priors
Using response matrix priors
Using response matrix priors
Using response matrix priors
Using response matrix priors
Using response matrix priors
Using response matrix priors
Using response matrix priors
Using response matrix priors
Using response matrix priors
Using response matrix priors
Using response matrix priors
Using response matrix priors
Using response matrix priors
Using response matrix priors
Using response matrix priors
Using response matrix priors
Using response matrix priors
Using response matrix priors
Using response matrix priors
Using response matrix priors
Using response matrix priors
Using response matrix priors
Using response matrix priors
Using response matrix priors
Using response matrix priors
Using response matrix priors
Using response matrix priors
Using response matrix priors
Using response matrix priors
Using response matrix priors
Using response matrix priors
Using response matrix priors
Using response matrix priors
Using response matrix priors
Using response matrix priors
Using response matrix priors
Using response matrix priors
Using response matrix priors
Using response matrix priors
Using response matrix priors
Using response matrix priors
Using response matrix priors
Using response matrix priors
Using response matrix priors
Using response matrix priors
Using response matrix priors
Using response matrix priors
Using response matrix priors
Using response matrix priors
Using response matrix priors
Using response matrix priors
Using response matrix priors
Using response matrix priors
Using response matrix priors
Using response matrix priors
Using response matrix priors
Using response matrix priors
Using response matrix priors
Using response matrix priors
Using response matrix priors
Using response matrix priors
Using response matrix priors
Using response matrix priors
Using response matrix priors
Using response matrix priors
Using response matrix priors
Using response matrix priors
Using response matrix priors
Using response matrix priors
Using response matrix priors
Using response matrix priors
Using response matrix priors
Using response matrix priors
Using response matrix priors
Using response matrix priors
Using response matrix priors
Using response matrix priors
Using response matrix priors
Using response matrix priors
Using response matrix priors
Using response matrix priors
Using response matrix priors
Using response matrix priors
Using response matrix priors
Using response matrix priors
Using response matrix priors
Using response matrix priors
Using response matrix priors
Using response matrix priors
Using response matrix priors
Using response matrix priors
Using response matrix priors
Using response matrix priors
Using response matrix priors
Using response matrix priors
Using response matrix priors
Using response matrix priors
Using response matrix priors
Using response matrix priors
Using response matrix priors
Using response matrix priors
Using response matrix priors
Using response matrix priors
Using response matrix priors
Using response matrix priors
Using response matrix priors
Using response matrix priors
Using response matrix priors
Using response matrix priors
Using response matrix priors
Using response matrix priors
Using response matrix priors
Using response matrix priors
Using response matrix priors
Using response matrix priors
Using response matrix priors
Using response matrix priors
Using response matrix priors
Using response matrix priors
Using response matrix priors
Using response matrix priors
Using response matrix priors
Using response matrix priors
Using response matrix priors
Using response matrix priors
Using response matrix priors
Using response matrix priors
Using response matrix priors
Using response matrix priors
Using response matrix priors
Using response matrix priors
Using response matrix priors
Using response matrix priors
Using response matrix priors
Using response matrix priors
Using response matrix priors
Using response matrix priors
Using response matrix priors
Using response matrix priors
Using response matrix priors
Using response matrix priors
Using response matrix priors
Using response matrix priors
Using response matrix priors
Using response matrix priors
Using response matrix priors
Using response matrix priors
Using response matrix priors
Using response matrix priors
Using response matrix priors
Using response matrix priors
Using response matrix priors
Using response matrix priors
Using response matrix priors
Using response matrix priors
Using response matrix priors
Using response matrix priors
Using response matrix priors
Using response matrix priors
Using response matrix priors
Using response matrix priors
Using response matrix priors
Using response matrix priors
Using response matrix priors
Using response matrix priors
Using response matrix priors
Using response matrix priors
Using response matrix priors
Using response matrix priors
Using response matrix priors
Using response matrix priors
Using response matrix priors
Using response matrix priors
Using response matrix priors
Using response matrix priors
Using response matrix priors
Using response matrix priors
Using response matrix priors
Using response matrix priors
Using response matrix priors
Using response matrix priors
Using response matrix priors
Using response matrix priors
Using response matrix priors
Using response matrix priors
Using response matrix priors
Using response matrix priors
Using response matrix priors
Using response matrix priors
Using response matrix priors
Using response matrix priors
Using response matrix priors
Using response matrix priors
Using response matrix priors
Using response matrix priors
Using response matrix priors
Using response matrix priors
Using response matrix priors
Using response matrix priors
Using response matrix priors
Using response matrix priors
Using response matrix priors
Using response matrix priors
Using response matrix priors
Using response matrix priors
Using response matrix priors
Using response matrix priors
Using response matrix priors
Using response matrix priors
Using response matrix priors
Using response matrix priors
Using response matrix priors
Using response matrix priors
Using response matrix priors
Using response matrix priors
Using response matrix priors
Using response matrix priors
Using response matrix priors
Using response matrix priors
Using response matrix priors
Using response matrix priors
Using response matrix priors
Using response matrix priors
Using response matrix priors
Using response matrix priors
Using response matrix priors
Using response matrix priors
Using response matrix priors
Using response matrix priors
Using response matrix priors
Using response matrix priors
Using response matrix priors
Using response matrix priors
Using response matrix priors
Using response matrix priors
Using response matrix priors
Using response matrix priors
Using response matrix priors
Using response matrix priors
Using response matrix priors
Using response matrix priors
Using response matrix priors
Using response matrix priors
Using response matrix priors
Using response matrix priors
Using response matrix priors
Using response matrix priors
Using response matrix priors
Using response matrix priors
Using response matrix priors
Using response matrix priors
Using response matrix priors
Using response matrix priors
Using response matrix priors
Using response matrix priors
Using response matrix priors
Using response matrix priors
Using response matrix priors
Using response matrix priors
Using response matrix priors
Using response matrix priors
Using response matrix priors
Using response matrix priors
Using response matrix priors
Using response matrix priors
Using response matrix priors
Using response matrix priors
Using response matrix priors
Using response matrix priors
Using response matrix priors
Using response matrix priors
Using response matrix priors
Using response matrix priors
Using response matrix priors
Using response matrix priors
Using response matrix priors
Using response matrix priors
Using response matrix priors
Using response matrix priors
Using response matrix priors
Using response matrix priors
Using response matrix priors
Using response matrix priors
Using response matrix priors
Using response matrix priors
Using response matrix priors
Using response matrix priors
Using response matrix priors
Using response matrix priors
Using response matrix priors
Using response matrix priors
Using response matrix priors
Using response matrix priors
Using response matrix priors
Using response matrix priors
Using response matrix priors
Using response matrix priors
Using response matrix priors
Using response matrix priors
Using response matrix priors
Using response matrix priors
Using response matrix priors
Using response matrix priors
Using response matrix priors
Using response matrix priors
Using response matrix priors
Using response matrix priors
Using response matrix priors
Using response matrix priors
Using response matrix priors
Using response matrix priors
Using response matrix priors
Using response matrix priors
Using response matrix priors
Using response matrix priors
Using response matrix priors
Using response matrix priors
Using response matrix priors
Using response matrix priors
Using response matrix priors
Using response matrix priors
Using response matrix priors
Using response matrix priors
Using response matrix priors
Using response matrix priors
Using response matrix priors
Using response matrix priors
Using response matrix priors
Using response matrix priors
Using response matrix priors
Using response matrix priors
Using response matrix priors
Using response matrix priors
Using response matrix priors
Using response matrix priors
Using response matrix priors
Using response matrix priors
Using response matrix priors
Using response matrix priors
Using response matrix priors
Using response matrix priors
Using response matrix priors
Using response matrix priors
Using response matrix priors
Using response matrix priors
Using response matrix priors
Using response matrix priors
Using response matrix priors
Using response matrix priors
Using response matrix priors
Using response matrix priors
Using response matrix priors
Using response matrix priors
Using response matrix priors
Using response matrix priors
Using response matrix priors
Using response matrix priors
Using response matrix priors
Using response matrix priors
Using response matrix priors
Using response matrix priors
Using response matrix priors
Using response matrix priors
Using response matrix priors
Using response matrix priors
Using response matrix priors
Using response matrix priors
Using response matrix priors
Using response matrix priors
Using response matrix priors
Using response matrix priors
Using response matrix priors
Using response matrix priors
Using response matrix priors
Using response matrix priors
Using response matrix priors
Using response matrix priors
Using response matrix priors
Using response matrix priors
Using response matrix priors
Using response matrix priors
Using response matrix priors
Using response matrix priors
Using response matrix priors
Using response matrix priors
Using response matrix priors
Using response matrix priors
Using response matrix priors
Using response matrix priors
Using response matrix priors
Using response matrix priors
Using response matrix priors
Using response matrix priors
Using response matrix priors
Using response matrix priors
Using response matrix priors
Using response matrix priors
Using response matrix priors
Using response matrix priors
Using response matrix priors
Using response matrix priors
Using response matrix priors
Using response matrix priors
Using response matrix priors
Using response matrix priors
Using response matrix priors
Using response matrix priors
Using response matrix priors
Using response matrix priors
Using response matrix priors
Using response matrix priors
Using response matrix priors
Using response matrix priors
Using response matrix priors
Using response matrix priors
Using response matrix priors
Using response matrix priors
Using response matrix priors
Using response matrix priors
Using response matrix priors
Using response matrix priors
Using response matrix priors
Using response matrix priors
Using response matrix priors
Using response matrix priors
Using response matrix priors
Using response matrix priors
Using response matrix priors
Using response matrix priors
Using response matrix priors
Using response matrix priors
Using response matrix priors
Using response matrix priors
Using response matrix priors
Using response matrix priors
Using response matrix priors
Using response matrix priors
Using response matrix priors
Using response matrix priors
Using response matrix priors
Using response matrix priors
Using response matrix priors
Using response matrix priors
Using response matrix priors
Using response matrix priors
Using response matrix priors
Using response matrix priors
Using response matrix priors
Using response matrix priors
Using response matrix priors
Using response matrix priors
Using response matrix priors
Using response matrix priors
Using response matrix priors
Using response matrix priors
Using response matrix priors
Using response matrix priors
Using response matrix priors
Using response matrix priors
Using response matrix priors
Using response matrix priors
Using response matrix priors
Using response matrix priors
Using response matrix priors
Using response matrix priors
Using response matrix priors
Using response matrix priors
Using response matrix priors
Using response matrix priors
Using response matrix priors
Using response matrix priors
Using response matrix priors
Using response matrix priors
Using response matrix priors
Using response matrix priors
Using response matrix priors
Using response matrix priors
Using response matrix priors
Using response matrix priors
Using response matrix priors
Using response matrix priors
Using response matrix priors
Using response matrix priors
Using response matrix priors
Using response matrix priors
Using response matrix priors
Using response matrix priors
Using response matrix priors
Using response matrix priors
Using response matrix priors
Using response matrix priors
Using response matrix priors

Adding the following extra title to the histograms:
	Applied the 0th Order Acceptance Weights


[1m[94mSmear option selected is: Smear[0m


[91mRunning Bin 'All' for Q2-y Bins by default (will skip at end)[0m


Running for Q2-xB/Q2-y Bins: '13', '0'
[1m
Starting RG-A SIDIS Analysis
[0m

Started running on [1m2-23-2026[0m at [1m05:45 p.m.[0m

The total number of histograms available for the[1mRDataFrame[0m in '[1m[94m/w/hallb-scshelf2102/clas12/richcap/SIDIS_Analysis/Histo_Files_ROOT/DataFrames/hadd_ROOT_files_From_using_RDataFrames/SIDIS_epip_Response_Matrices_from_RDataFrames_ZerothOrderAcc.root[0m' is [1m180[0m


[1mDone Loading RDataFrame files...
[0m
[1m[94m

Starting Unfolding Procedures...
[0m
Bin 1 is not in Q2_y_Bin_List = ['13', '0']
Bin 10 is not in Q2_y_Bin_List = ['13', '0']
Bin 11 is not in Q2_y_Bin_List = ['13', '0']
Bin 12 is not in Q2_y_Bin_List = ['13', '0']

Unfolding: ((Histo-Group='Response_Matrix_Normal'), (Data-Type='DataFrame_Type'), (Data-Cut='cut_Complete_SIDIS'), (Smear-Type='smear'), (Binning-Type='Y_bin'-[Q2-y-Bin=13, z-PT-Bin=All]), (Var-D1='MultiDim_z_pT_Bin_Y_bin_phi_t'-[NumBins=915, MinBin=-1.5, MaxBin=913.5]), (Var-D2='z_pT_Bin_Y_bin_smeared'-[NumBins=38, MinBin=-0.5, MaxBin=37.5]))
[1m[96mStarting [4m[95mBin-by-Bin[0m[1m[96m Unfolding Procedure...[0m
	[1mAcceptance Correction of Histogram:[0m
	((Histo-Group='Response_Matrix_Normal_1D'), (Data-Cut='cut_Complete_SIDIS'), (Smear-Type='smear'), (Binning-Type='Y_bin'-[Q2-y-Bin=13, z-PT-Bin=All]), (Var-D1='MultiDim_z_pT_Bin_Y_bin_phi_t'))
[91m
Bin 51 had a very low acceptance...
	(cut_criteria = 0.0005)
	(Bin_Content  = 0.0001436472024707319)[0m
[91m
Bin 73 had a very low acceptance...
	(cut_criteria = 0.0005)
	(Bin_Content  = 0.00039647735873992286)[0m
[91m
Bin 74 had a very low acceptance...
	(cut_criteria = 0.0005)
	(Bin_Content  = 7.184682257427165e-05)[0m
[91m
Bin 76 had a very low acceptance...
	(cut_criteria = 0.0005)
	(Bin_Content  = 1.0267151276206903e-05)[0m
[91m
Bin 170 had a very low acceptance...
	(cut_criteria = 0.0005)
	(Bin_Content  = 9.42201191361062e-05)[0m
[91m
Bin 172 had a very low acceptance...
	(cut_criteria = 0.0005)
	(Bin_Content  = 3.746862003072427e-05)[0m
[91m
Bin 193 had a very low acceptance...
	(cut_criteria = 0.0005)
	(Bin_Content  = 3.7488753373987805e-05)[0m
[91m
Bin 268 had a very low acceptance...
	(cut_criteria = 0.0005)
	(Bin_Content  = 0.0003143823644068862)[0m
[91m
Bin 289 had a very low acceptance...
	(cut_criteria = 0.0005)
	(Bin_Content  = 0.00030243459851807047)[0m
[91m
Bin 292 had a very low acceptance...
	(cut_criteria = 0.0005)
	(Bin_Content  = 0.00047965341172829954)[0m
[91m
Bin 388 had a very low acceptance...
	(cut_criteria = 0.0005)
	(Bin_Content  = 0.00018594069585571002)[0m
[91m
Bin 409 had a very low acceptance...
	(cut_criteria = 0.0005)
	(Bin_Content  = 0.00010890280424720937)[0m
[91m
Bin 484 had a very low acceptance...
	(cut_criteria = 0.0005)
	(Bin_Content  = 0.00013883654971340168)[0m
[91m
Bin 507 had a very low acceptance...
	(cut_criteria = 0.0005)
	(Bin_Content  = 0.00012962926031549768)[0m
[1m[96mFinished [95mBin-by-Bin[0m[1m[96m Unfolding Procedure.[0m

Current Time: [1m05:45 p.m.[0m
Time Elapsed Up To Now:
0 Day(s), 0 Hour(s), 0 Minute(s), and 0 Second(s).

[1m[96mStarting [4m[92mRooUnfold[0m[1m[96m Unfolding Procedure...[0m
	[1mUnfolding Histogram:[0m
	((Histo-Group='Response_Matrix_Normal'), (Data-Cut='cut_Complete_SIDIS'), (Smear-Type='smear'), (Binning-Type='Y_bin'-[Q2-y-Bin=13, z-PT-Bin=All]), (Var-D1='MultiDim_z_pT_Bin_Y_bin_phi_t'))
	[96mUsing [1m[92mRooUnfold (Bin-by-Bin)[0m[96m Unfolding Procedure...[0m
[1m[96mFinished [92mRooUnfold (Bin-by-Bin)[0m[1m[96m Unfolding Procedure.
[0m
[1m[96mStarting [4m[92mRooUnfold[0m[1m[96m Unfolding Procedure...[0m

	[1mBegan Unfolding Histogram:[0m
	((Histo-Group='Response_Matrix_Normal'), (Data-Cut='cut_Complete_SIDIS'), (Smear-Type='smear'), (Binning-Type='Y_bin'-[Q2-y-Bin=13, z-PT-Bin=All]), (Var-D1='MultiDim_z_pT_Bin_Y_bin_phi_t'))
Time Elapsed Up To Now: 0 Day(s), 0 Hour(s), 0 Minute(s), and 3 Second(s). 
	[96mUsing [1m[92mRooUnfold (Bayesian)[0m[96m method to unfold...[0m

Current Time: [1m08:00 p.m.[0m
Time Elapsed Up To Now:
0 Day(s), 2 Hour(s), 14 Minute(s), and 46 Second(s).

[1m[96mFinished [92mRooUnfold (Bayesian)[0m[1m[96m Unfolding Procedure.
[0m

[94mRunning Multi3D_Slice(...)[0m


[94mRunning Multi3D_Slice(...)[0m


[94mRunning Multi3D_Slice(...)[0m


[94mRunning Multi3D_Slice(...)[0m


[94mRunning Multi3D_Slice(...)[0m


[94mRunning Multi3D_Slice(...)[0m


[94mRunning Multi3D_Slice(...)[0m

Bin 14 is not in Q2_y_Bin_List = ['13', '0']
Bin 15 is not in Q2_y_Bin_List = ['13', '0']
Bin 16 is not in Q2_y_Bin_List = ['13', '0']
Bin 17 is not in Q2_y_Bin_List = ['13', '0']
Bin 2 is not in Q2_y_Bin_List = ['13', '0']
Bin 3 is not in Q2_y_Bin_List = ['13', '0']
Bin 4 is not in Q2_y_Bin_List = ['13', '0']
Bin 5 is not in Q2_y_Bin_List = ['13', '0']
Bin 6 is not in Q2_y_Bin_List = ['13', '0']
Bin 7 is not in Q2_y_Bin_List = ['13', '0']
Bin 8 is not in Q2_y_Bin_List = ['13', '0']
Bin 9 is not in Q2_y_Bin_List = ['13', '0']

Unfolding: ((Histo-Group='Response_Matrix_Normal'), (Data-Type='DataFrame_Type'), (Data-Cut='cut_Complete_SIDIS'), (Smear-Type='smear'), (Binning-Type='Y_bin'-[Q2-y-Bin=All, z-PT-Bin=All]), (Var-D1='MultiDim_z_pT_Bin_Y_bin_phi_t'-[NumBins=915, MinBin=-1.5, MaxBin=913.5]), (Var-D2='z_pT_Bin_Y_bin_smeared'-[NumBins=38, MinBin=-0.5, MaxBin=37.5]))
Total: 2


Counting Total Number of/Saving collected histograms...
[1m[94mSaving to: [1m[92mZerothOrderAcc_Unfolded_Histos_From_Simple_RooUnfold_SelfContained.root[0m

Final Count = 197
Conditions for running 'Create_Fits_and_Apply_RC' were not set...
Need to run: '(args.fit and args.Use_TTree) or args.Apply_RC'


Counting Total Number of/Saving collected histograms...
[1m[94mSaving to: [1m[92mZerothOrderAcc_Unfolded_Histos_From_Simple_RooUnfold_SelfContained.root[0m

Final Count = 197




[1m[43mEMAIL MESSAGE TO SEND:[0m


The 'Simple_RooUnfold_SelfContained.py' script has finished running.
Started running on [1m2-23-2026[0m at [1m05:45 p.m.[0m

Input File:
	/w/hallb-scshelf2102/clas12/richcap/SIDIS_Analysis/Histo_Files_ROOT/DataFrames/hadd_ROOT_files_From_using_RDataFrames/SIDIS_epip_Response_Matrices_from_RDataFrames_ZerothOrderAcc.root
Output File:
	ZerothOrderAcc_Unfolded_Histos_From_Simple_RooUnfold_SelfContained.root

Running Unfolding with 0th Order Acceptance Weights as background parallel jobs. Ran in tmuxUnfold (in case there were any local issues).

	[1mBegan Unfolding Histogram:[0m
	((Histo-Group='Response_Matrix_Normal'), (Data-Cut='cut_Complete_SIDIS'), (Smear-Type='smear'), (Binning-Type='Y_bin'-[Q2-y-Bin=13, z-PT-Bin=All]), (Var-D1='MultiDim_z_pT_Bin_Y_bin_phi_t'))
Time Elapsed Up To Now: 0 Day(s), 0 Hour(s), 0 Minute(s), and 3 Second(s). 
	Finished Unfolding the histogram at:
Time Elapsed Up To Now: 0 Day(s), 2 Hour(s), 14 Minute(s), and 46 Second(s). 

Arguments:
--unfolding_1D (1D Unfolding Only)                  --> False
--unfolding_3D (3D Unfolding Only)                  --> True
--run_sectors                                       --> False
--sectors_to_unfold                                 --> None
--allow_other_variables (for unfolding)             --> False
--simulation (unfolding synthetic data)             --> False
--modulation (data unfolded with modulated MC)      --> False
--closure  (modulated MC unfolded with itself)      --> False
--weighed_acceptace (use acceptance weights only)   --> True
--test                                              --> False
--verbose                                           --> False
--fit                                               --> False
--remake_fit                                        --> False
--CrossSection_Norm                                 --> False
--tag_proton                                        --> False
--cut_proton                                        --> False
--Common_Int_Bins                                   --> False
--bayes_iterations                                  --> 13
--Num_Toys                                          --> 500
--title                                             --> 'Applied the 0th Order Acceptance Weights'
--EvGen                                             --> False
--Min_Allowed_Acceptance_Cut                        --> 0.0005
--Use_TTree                                         --> False
--Apply_RC                                          --> False
--Add_Uncertainties                                 --> False
--save_json                                         --> False
--pass_version                                      --> 'Pass 2'
--smearing_options                                  --> 'smear'
--Q2_y_Bin_List                                     --> ['13', '0']
--Run_5D_Unfold                                     --> False
--run_sec_unfold                                    --> False


The time that this code finished is [1m08:00 p.m.[0m
The total time the code took to run is:
0 Day(s), 2 Hour(s), 14 Minute(s), and 47 Second(s).
Saved 197 Histograms...
Rate = 0.02 Histograms/Seconds
    

[1m[92m[43m
    	                                   	   
    	This code has now finished running.	   
    	                                   	   [0m
    
    
